2025-11-17 11:01:02,360 [INFO] Activator:176 - 


2025-11-17 11:01:02,367 [INFO] Activator:177 - !SESSION log4j initialized
2025-11-17 11:01:04,868 [INFO] LogOutputStream:77 - [STDOUT_REDIRECT] 
2025-11-17 11:01:05,408 [ERROR] LogOutputStream:75 - [STDERR_REDIRECT] Nov 17, 2025 11:01:05 AM java.util.prefs.FileSystemPreferences$6 run
2025-11-17 11:01:05,409 [ERROR] LogOutputStream:75 - [STDERR_REDIRECT] WARNING: Prefs file removed in background /home/kevin/.java/.userPrefs/com/st/library/analyticscore/prefs.xml
2025-11-17 11:01:05,410 [ERROR] LogOutputStream:75 - [STDERR_REDIRECT] 
2025-11-17 11:01:08,241 [INFO] ApplicationProperties:184 - Using Application install path: /opt/st/stm32cubeide_1.19.0/plugins/com.st.stm32cube.common.mx_6.15.0.202507011659
2025-11-17 11:01:08,259 [INFO] DbMcusXml:78 - Set database path to: /opt/st/stm32cubeide_1.19.0/plugins/com.st.stm32cube.common.mx_6.15.0.202507011659//db//mcu/
2025-11-17 11:01:08,259 [INFO] ApiDb:274 - Set plugin database path to: /opt/st/stm32cubeide_1.19.0/plugins/com.st.stm32cube.common.mx_6.15.0.202507011659//db//plugins/boardmanager/
2025-11-17 11:01:08,259 [WARN] ApiDb:259 - Overriding images path with different value:  => /opt/st/stm32cubeide_1.19.0/plugins/com.st.stm32cube.common.mx_6.15.0.202507011659//db//plugins/mcufinder/images/
2025-11-17 11:01:08,266 [INFO] ApiDb:250 - Set database path to: /home/kevin/.stmcufinder/plugins/mcufinder//mcu/
2025-11-17 11:01:08,268 [INFO] DbMcusAds:125 - Set database path to: /home/kevin/.stmcufinder/plugins/mcufinder//mcu/
2025-11-17 11:01:08,270 [INFO] CrossReferenceDbSqlite:203 - Set database path to: /home/kevin/.stmcufinder/plugins/mcufinder//mcu/cs/
2025-11-17 11:01:08,401 [INFO] RulesReader:64 - Compatibility file has been processed (317 Rules)
2025-11-17 11:01:08,474 [INFO] DbMcusXml:78 - Set database path to: /opt/st/stm32cubeide_1.19.0/plugins/com.st.stm32cube.common.mx_6.15.0.202507011659//db//mcu/
2025-11-17 11:01:08,474 [INFO] ApiDb:274 - Set plugin database path to: /opt/st/stm32cubeide_1.19.0/plugins/com.st.stm32cube.common.mx_6.15.0.202507011659//db//plugins/boardmanager/
2025-11-17 11:01:08,474 [INFO] ApiDb:261 - Set plugin images path to: /opt/st/stm32cubeide_1.19.0/plugins/com.st.stm32cube.common.mx_6.15.0.202507011659//db//plugins/mcufinder/images/
2025-11-17 11:01:08,475 [WARN] DbFile:41 - Overriding database path with different value: /home/kevin/.stmcufinder/plugins/mcufinder/ => /home/kevin/.stmcufinder/plugins/mcufinder
2025-11-17 11:01:08,475 [INFO] ApiDb:250 - Set database path to: /home/kevin/.stmcufinder/plugins/mcufinder//mcu/
2025-11-17 11:01:08,475 [WARN] DbFile:41 - Overriding database path with different value: /home/kevin/.stmcufinder/plugins/mcufinder/ => /home/kevin/.stmcufinder/plugins/mcufinder
2025-11-17 11:01:08,475 [INFO] DbMcusAds:125 - Set database path to: /home/kevin/.stmcufinder/plugins/mcufinder//mcu/
2025-11-17 11:01:08,475 [WARN] DbFile:41 - Overriding database path with different value: /home/kevin/.stmcufinder/plugins/mcufinder/ => /home/kevin/.stmcufinder/plugins/mcufinder
2025-11-17 11:01:08,475 [WARN] DbFile:41 - Overriding database path with different value: /home/kevin/.stmcufinder/plugins/mcufinder/ => /home/kevin/.stmcufinder/plugins/mcufinder
2025-11-17 11:01:08,475 [INFO] CrossReferenceDbSqlite:203 - Set database path to: /home/kevin/.stmcufinder/plugins/mcufinder//mcu/cs/
2025-11-17 11:01:08,546 [INFO] MainPanel:274 - HeapMemory: 268435456
2025-11-17 11:01:08,693 [INFO] DbMcusXml:78 - Set database path to: /opt/st/stm32cubeide_1.19.0/plugins/com.st.stm32cube.common.mx_6.15.0.202507011659//db//mcu/
2025-11-17 11:01:08,693 [INFO] ApiDb:274 - Set plugin database path to: /opt/st/stm32cubeide_1.19.0/plugins/com.st.stm32cube.common.mx_6.15.0.202507011659//db//plugins/boardmanager/
2025-11-17 11:01:08,693 [INFO] ApiDb:261 - Set plugin images path to: /opt/st/stm32cubeide_1.19.0/plugins/com.st.stm32cube.common.mx_6.15.0.202507011659//db//plugins/mcufinder/images/
2025-11-17 11:01:08,694 [WARN] DbFile:41 - Overriding database path with different value: /home/kevin/.stmcufinder/plugins/mcufinder/ => /home/kevin/.stmcufinder/plugins/mcufinder
2025-11-17 11:01:08,694 [INFO] ApiDb:250 - Set database path to: /home/kevin/.stmcufinder/plugins/mcufinder//mcu/
2025-11-17 11:01:08,694 [WARN] DbFile:41 - Overriding database path with different value: /home/kevin/.stmcufinder/plugins/mcufinder/ => /home/kevin/.stmcufinder/plugins/mcufinder
2025-11-17 11:01:08,694 [INFO] DbMcusAds:125 - Set database path to: /home/kevin/.stmcufinder/plugins/mcufinder//mcu/
2025-11-17 11:01:08,694 [WARN] DbFile:41 - Overriding database path with different value: /home/kevin/.stmcufinder/plugins/mcufinder/ => /home/kevin/.stmcufinder/plugins/mcufinder
2025-11-17 11:01:08,694 [WARN] DbFile:41 - Overriding database path with different value: /home/kevin/.stmcufinder/plugins/mcufinder/ => /home/kevin/.stmcufinder/plugins/mcufinder
2025-11-17 11:01:08,695 [INFO] CrossReferenceDbSqlite:203 - Set database path to: /home/kevin/.stmcufinder/plugins/mcufinder//mcu/cs/
2025-11-17 11:01:08,714 [INFO] ApplicationProperties:184 - Using Application install path: /opt/st/stm32cubeide_1.19.0/plugins/com.st.stm32cube.common.mx_6.15.0.202507011659
2025-11-17 11:01:08,718 [INFO] PluginManage:196 - Search for loadable plugins [exclusion list=, ]
2025-11-17 11:01:08,720 [INFO] PluginManage:310 - Check plugin analytics
2025-11-17 11:01:08,944 [INFO] AnalyticsPlugin:253 - Accepted Software Licenses: 
2025-11-17 11:01:08,944 [INFO] AnalyticsPlugin:255 - Accepted CMSIS Pack Licenses: 
2025-11-17 11:01:08,944 [INFO] AnalyticsPlugin:257 - Accepted Firmware Licenses: 
2025-11-17 11:01:08,951 [INFO] PluginManage:359 - Loaded plugin analytics (category:tool,tabindex:-1)
2025-11-17 11:01:08,952 [INFO] PluginManage:310 - Check plugin cadmodel
2025-11-17 11:01:08,957 [INFO] CADModel:105 - Init CAD model plugin
2025-11-17 11:01:08,958 [INFO] PluginManage:359 - Loaded plugin cadmodel (category:power,tabindex:5)
2025-11-17 11:01:08,958 [INFO] PluginManage:310 - Check plugin clock
2025-11-17 11:01:08,971 [INFO] PluginManage:359 - Loaded plugin clock (category:base,tabindex:2)
2025-11-17 11:01:08,972 [INFO] PluginManage:310 - Check plugin ddr
2025-11-17 11:01:08,974 [INFO] PluginManage:359 - Loaded plugin ddr (category:tool,tabindex:6)
2025-11-17 11:01:08,975 [INFO] PluginManage:310 - Check plugin filemanager
2025-11-17 11:01:09,137 [INFO] PluginManage:359 - Loaded plugin filemanager (category:base,tabindex:10)
2025-11-17 11:01:09,137 [INFO] PluginManage:310 - Check plugin ipmanager
2025-11-17 11:01:09,143 [INFO] PluginManage:359 - Loaded plugin ipmanager (category:base,tabindex:5)
2025-11-17 11:01:09,143 [INFO] PluginManage:310 - Check plugin lpbam
2025-11-17 11:01:09,155 [INFO] PluginManage:359 - Loaded plugin lpbam (category:base,tabindex:0)
2025-11-17 11:01:09,155 [INFO] PluginManage:310 - Check plugin memorymap
2025-11-17 11:01:09,169 [INFO] PluginManage:359 - Loaded plugin memorymap (category:base,tabindex:4)
2025-11-17 11:01:09,169 [INFO] PluginManage:310 - Check plugin pinoutandconfiguration
2025-11-17 11:01:09,180 [INFO] PluginManage:359 - Loaded plugin pinoutandconfiguration (category:base,tabindex:1)
2025-11-17 11:01:09,180 [INFO] PluginManage:310 - Check plugin pinoutconfig
2025-11-17 11:01:09,282 [WARN] SupportedApi:132 - Cannot load RTOS API schema: s4s-elt-must-match.1: The content of 'definitions' must match (annotation?, (simpleType | complexType)?, (unique | key | keyref)*)). A problem was found starting at: attribute.
2025-11-17 11:01:09,462 [INFO] PluginManage:359 - Loaded plugin pinoutconfig (category:base,tabindex:0)
2025-11-17 11:01:09,462 [INFO] PluginManage:310 - Check plugin power
2025-11-17 11:01:09,475 [INFO] PluginManage:359 - Loaded plugin power (category:power,tabindex:4)
2025-11-17 11:01:09,476 [INFO] PluginManage:310 - Check plugin projectmanager
2025-11-17 11:01:09,494 [INFO] PluginManage:359 - Loaded plugin projectmanager (category:projectmanager,tabindex:4)
2025-11-17 11:01:09,495 [INFO] PluginManage:310 - Check plugin rif
2025-11-17 11:01:09,506 [INFO] PluginManage:359 - Loaded plugin rif (category:base,tabindex:3)
2025-11-17 11:01:09,506 [INFO] PluginManage:310 - Check plugin thirdparty
2025-11-17 11:01:09,670 [INFO] PluginManage:359 - Loaded plugin thirdparty (category:base,tabindex:-1)
2025-11-17 11:01:09,670 [WARN] IntegrityCheckThread:84 - waiting for thirdparty lock release [integrity check]
2025-11-17 11:01:09,670 [INFO] PluginManage:310 - Check plugin tools
2025-11-17 11:01:09,670 [INFO] IntegrityCheckThread:86 - entering critical section [integrity check]
2025-11-17 11:01:09,671 [INFO] ThirdPartyUpdaterWithRetryManager:70 - Updater plugin not ready yet. [1/15]
2025-11-17 11:01:09,673 [INFO] PluginManage:359 - Loaded plugin tools (category:base,tabindex:7)
2025-11-17 11:01:09,673 [INFO] PluginManage:310 - Check plugin tutovideos
2025-11-17 11:01:09,936 [INFO] PluginManage:359 - Loaded plugin tutovideos (category:base,tabindex:-1)
2025-11-17 11:01:09,937 [INFO] PluginManage:310 - Check plugin updater
2025-11-17 11:01:09,965 [INFO] PluginManage:359 - Loaded plugin updater (category:base,tabindex:12)
2025-11-17 11:01:09,965 [INFO] PluginManage:310 - Check plugin userauth
2025-11-17 11:01:09,971 [INFO] UserAuth:118 - Init User Auth plugin
2025-11-17 11:01:09,972 [INFO] PluginManage:359 - Loaded plugin userauth (category:base,tabindex:14)
2025-11-17 11:01:09,975 [INFO] PluginManage:283 - PluginManage : Loaded plugins [18]
2025-11-17 11:01:10,185 [INFO] PinOutPanel:1589 - setPackage(No Configuration,No Configuration)
2025-11-17 11:01:10,264 [INFO] CADModel:165 - CPN selected for project level
2025-11-17 11:01:10,265 [INFO] CADModel:114 - Register for checkConnection events
2025-11-17 11:01:10,283 [INFO] IPUIPlugin:80 - create IPUIPlugin
2025-11-17 11:01:10,283 [INFO] PluginManager:220 - loadIPPluginJar : add adc
2025-11-17 11:01:10,286 [INFO] IPUIPlugin:80 - create IPUIPlugin
2025-11-17 11:01:10,286 [INFO] PluginManager:220 - loadIPPluginJar : add aes
2025-11-17 11:01:10,289 [INFO] IPUIPlugin:80 - create IPUIPlugin
2025-11-17 11:01:10,289 [INFO] PluginManager:220 - loadIPPluginJar : add can
2025-11-17 11:01:10,291 [INFO] IPUIPlugin:80 - create IPUIPlugin
2025-11-17 11:01:10,291 [INFO] PluginManager:220 - loadIPPluginJar : add comp
2025-11-17 11:01:10,294 [INFO] IPUIPlugin:80 - create IPUIPlugin
2025-11-17 11:01:10,294 [INFO] PluginManager:220 - loadIPPluginJar : add cryp
2025-11-17 11:01:10,298 [INFO] IPUIPlugin:80 - create IPUIPlugin
2025-11-17 11:01:10,299 [INFO] PluginManager:220 - loadIPPluginJar : add ddr_ctrl_phy
2025-11-17 11:01:10,302 [INFO] IPUIPlugin:80 - create IPUIPlugin
2025-11-17 11:01:10,302 [INFO] PluginManager:220 - loadIPPluginJar : add dfsdm
2025-11-17 11:01:10,308 [INFO] IPUIPlugin:80 - create IPUIPlugin
2025-11-17 11:01:10,308 [INFO] PluginManager:220 - loadIPPluginJar : add dma
2025-11-17 11:01:10,311 [INFO] IPUIPlugin:80 - create IPUIPlugin
2025-11-17 11:01:10,311 [INFO] PluginManager:220 - loadIPPluginJar : add dma3
2025-11-17 11:01:10,314 [INFO] IPUIPlugin:80 - create IPUIPlugin
2025-11-17 11:01:10,314 [INFO] PluginManager:220 - loadIPPluginJar : add extmemmanager
2025-11-17 11:01:10,316 [INFO] IPUIPlugin:80 - create IPUIPlugin
2025-11-17 11:01:10,316 [INFO] PluginManager:220 - loadIPPluginJar : add fatfs
2025-11-17 11:01:10,321 [INFO] IPUIPlugin:80 - create IPUIPlugin
2025-11-17 11:01:10,322 [INFO] PluginManager:220 - loadIPPluginJar : add fmc
2025-11-17 11:01:10,328 [INFO] IPUIPlugin:80 - create IPUIPlugin
2025-11-17 11:01:10,329 [INFO] PluginManager:220 - loadIPPluginJar : add freertos
2025-11-17 11:01:10,331 [INFO] IPUIPlugin:80 - create IPUIPlugin
2025-11-17 11:01:10,331 [INFO] PluginManager:220 - loadIPPluginJar : add genericplugin
2025-11-17 11:01:10,335 [INFO] IPUIPlugin:80 - create IPUIPlugin
2025-11-17 11:01:10,335 [INFO] PluginManager:220 - loadIPPluginJar : add gfxmmu
2025-11-17 11:01:10,342 [INFO] IPUIPlugin:80 - create IPUIPlugin
2025-11-17 11:01:10,342 [INFO] PluginManager:220 - loadIPPluginJar : add gic
2025-11-17 11:01:10,348 [INFO] IPUIPlugin:80 - create IPUIPlugin
2025-11-17 11:01:10,348 [INFO] PluginManager:220 - loadIPPluginJar : add gpio
2025-11-17 11:01:10,352 [INFO] IPUIPlugin:80 - create IPUIPlugin
2025-11-17 11:01:10,352 [INFO] PluginManager:220 - loadIPPluginJar : add gtzc
2025-11-17 11:01:10,354 [INFO] IPUIPlugin:80 - create IPUIPlugin
2025-11-17 11:01:10,355 [INFO] PluginManager:220 - loadIPPluginJar : add hash
2025-11-17 11:01:10,358 [INFO] IPUIPlugin:80 - create IPUIPlugin
2025-11-17 11:01:10,358 [INFO] PluginManager:220 - loadIPPluginJar : add i2c
2025-11-17 11:01:10,378 [INFO] IPUIPlugin:80 - create IPUIPlugin
2025-11-17 11:01:10,379 [INFO] PluginManager:220 - loadIPPluginJar : add i2s
2025-11-17 11:01:10,384 [INFO] IPUIPlugin:80 - create IPUIPlugin
2025-11-17 11:01:10,384 [INFO] PluginManager:220 - loadIPPluginJar : add i3c
2025-11-17 11:01:10,389 [INFO] IPUIPlugin:80 - create IPUIPlugin
2025-11-17 11:01:10,389 [INFO] PluginManager:220 - loadIPPluginJar : add ipddr
2025-11-17 11:01:10,397 [INFO] IPUIPlugin:80 - create IPUIPlugin
2025-11-17 11:01:10,397 [INFO] PluginManager:220 - loadIPPluginJar : add linkedlist
2025-11-17 11:01:10,402 [INFO] IPUIPlugin:80 - create IPUIPlugin
2025-11-17 11:01:10,402 [INFO] PluginManager:220 - loadIPPluginJar : add lorawan
2025-11-17 11:01:10,404 [INFO] IPUIPlugin:80 - create IPUIPlugin
2025-11-17 11:01:10,404 [INFO] PluginManager:220 - loadIPPluginJar : add ltdc
2025-11-17 11:01:10,411 [INFO] IPUIPlugin:80 - create IPUIPlugin
2025-11-17 11:01:10,411 [INFO] PluginManager:220 - loadIPPluginJar : add mdma
2025-11-17 11:01:10,416 [INFO] IPUIPlugin:80 - create IPUIPlugin
2025-11-17 11:01:10,416 [INFO] PluginManager:220 - loadIPPluginJar : add nvic
2025-11-17 11:01:10,420 [INFO] IPUIPlugin:80 - create IPUIPlugin
2025-11-17 11:01:10,420 [INFO] PluginManager:220 - loadIPPluginJar : add opamp
2025-11-17 11:01:10,424 [INFO] IPUIPlugin:80 - create IPUIPlugin
2025-11-17 11:01:10,424 [INFO] PluginManager:220 - loadIPPluginJar : add openamp
2025-11-17 11:01:10,428 [INFO] IPUIPlugin:80 - create IPUIPlugin
2025-11-17 11:01:10,429 [INFO] PluginManager:220 - loadIPPluginJar : add pdm2pcm
2025-11-17 11:01:10,439 [INFO] IPUIPlugin:80 - create IPUIPlugin
2025-11-17 11:01:10,442 [INFO] PluginManager:220 - loadIPPluginJar : add plateformsettings
2025-11-17 11:01:10,444 [INFO] IPUIPlugin:80 - create IPUIPlugin
2025-11-17 11:01:10,445 [INFO] PluginManager:220 - loadIPPluginJar : add quadspi
2025-11-17 11:01:10,447 [INFO] IPUIPlugin:80 - create IPUIPlugin
2025-11-17 11:01:10,447 [INFO] PluginManager:220 - loadIPPluginJar : add radio
2025-11-17 11:01:10,452 [INFO] IPUIPlugin:80 - create IPUIPlugin
2025-11-17 11:01:10,452 [INFO] PluginManager:220 - loadIPPluginJar : add resmgrutility
2025-11-17 11:01:10,456 [INFO] IPUIPlugin:80 - create IPUIPlugin
2025-11-17 11:01:10,456 [INFO] PluginManager:220 - loadIPPluginJar : add sai
2025-11-17 11:01:10,459 [INFO] IPUIPlugin:80 - create IPUIPlugin
2025-11-17 11:01:10,459 [INFO] PluginManager:220 - loadIPPluginJar : add spi
2025-11-17 11:01:10,466 [INFO] IPUIPlugin:80 - create IPUIPlugin
2025-11-17 11:01:10,466 [INFO] PluginManager:220 - loadIPPluginJar : add stm32_wpan
2025-11-17 11:01:10,468 [INFO] IPUIPlugin:80 - create IPUIPlugin
2025-11-17 11:01:10,468 [INFO] PluginManager:220 - loadIPPluginJar : add tim
2025-11-17 11:01:10,472 [INFO] IPUIPlugin:80 - create IPUIPlugin
2025-11-17 11:01:10,473 [INFO] PluginManager:220 - loadIPPluginJar : add touchsensing
2025-11-17 11:01:10,475 [INFO] IPUIPlugin:80 - create IPUIPlugin
2025-11-17 11:01:10,476 [INFO] PluginManager:220 - loadIPPluginJar : add tracer_emb
2025-11-17 11:01:10,478 [INFO] IPUIPlugin:80 - create IPUIPlugin
2025-11-17 11:01:10,478 [INFO] PluginManager:220 - loadIPPluginJar : add ts
2025-11-17 11:01:10,481 [INFO] IPUIPlugin:80 - create IPUIPlugin
2025-11-17 11:01:10,481 [INFO] PluginManager:220 - loadIPPluginJar : add tsc
2025-11-17 11:01:10,485 [INFO] IPUIPlugin:80 - create IPUIPlugin
2025-11-17 11:01:10,485 [INFO] PluginManager:220 - loadIPPluginJar : add ucpd
2025-11-17 11:01:10,488 [INFO] IPUIPlugin:80 - create IPUIPlugin
2025-11-17 11:01:10,488 [INFO] PluginManager:220 - loadIPPluginJar : add usart
2025-11-17 11:01:10,492 [INFO] IPUIPlugin:80 - create IPUIPlugin
2025-11-17 11:01:10,492 [INFO] PluginManager:220 - loadIPPluginJar : add usbx
2025-11-17 11:01:10,603 [FATAL] Updater:351 - Updater called before beeing initialized
2025-11-17 11:01:10,635 [INFO] RulesReader:64 - Compatibility file has been processed (317 Rules)
2025-11-17 11:01:10,651 [INFO] RulesReader:64 - Compatibility file has been processed (317 Rules)
2025-11-17 11:01:10,659 [INFO] CADModel:165 - CPN selected for project level
2025-11-17 11:01:10,659 [INFO] CADModel:114 - Register for checkConnection events
2025-11-17 11:01:10,659 [FATAL] Updater:351 - Updater called before beeing initialized
2025-11-17 11:01:10,659 [ERROR] CADModel:125 - Updater not yet initialized, retry later 
2025-11-17 11:01:10,790 [FATAL] Updater:351 - Updater called before beeing initialized
2025-11-17 11:01:10,791 [INFO] CADModel:165 - CPN selected for project level
2025-11-17 11:01:10,791 [INFO] CADModel:114 - Register for checkConnection events
2025-11-17 11:01:10,791 [FATAL] Updater:351 - Updater called before beeing initialized
2025-11-17 11:01:10,791 [ERROR] CADModel:125 - Updater not yet initialized, retry later 
2025-11-17 11:01:10,795 [FATAL] Updater:351 - Updater called before beeing initialized
2025-11-17 11:01:10,888 [FATAL] Updater:351 - Updater called before beeing initialized
2025-11-17 11:01:10,892 [INFO] DbMcusAds:53 - JSON generation date=Mon Nov 10 05:43:01 EST 2025 (1762771381223)
2025-11-17 11:01:10,892 [FATAL] Updater:351 - Updater called before beeing initialized
2025-11-17 11:01:10,924 [WARN] DetailPanel:346 - Failed to get advertising image, set to default
2025-11-17 11:01:10,989 [FATAL] Updater:351 - Updater called before beeing initialized
2025-11-17 11:01:10,990 [FATAL] Updater:351 - Updater called before beeing initialized
2025-11-17 11:01:10,990 [FATAL] Updater:351 - Updater called before beeing initialized
2025-11-17 11:01:10,990 [WARN] DetailPanel:346 - Failed to get advertising image, set to default
2025-11-17 11:01:10,991 [FATAL] Updater:351 - Updater called before beeing initialized
2025-11-17 11:01:11,038 [ERROR] Updater:1198 - MainUpdater not yet initialized. External WinMGr cannot be set.
2025-11-17 11:01:11,040 [INFO] Updater:1134 - Updater Version found : 6.15.0
2025-11-17 11:01:11,063 [INFO] ApplicationProperties:184 - Using Application install path: /opt/st/stm32cubeide_1.19.0/plugins/com.st.stm32cube.common.mx_6.15.0.202507011659
2025-11-17 11:01:11,077 [ERROR] LogOutputStream:75 - [STDERR_REDIRECT] Nov 17, 2025 11:01:11 AM java.util.prefs.FileSystemPreferences$2 run
2025-11-17 11:01:11,078 [ERROR] LogOutputStream:75 - [STDERR_REDIRECT] WARNING: Could not create system preferences directory. System preferences are unusable.
2025-11-17 11:01:11,078 [ERROR] LogOutputStream:75 - [STDERR_REDIRECT] 
2025-11-17 11:01:11,797 [INFO] MainUpdater:2872 - connection check result : 10
2025-11-17 11:01:11,797 [INFO] MainUpdater:3604 - Updater definition file requires update
2025-11-17 11:01:11,798 [INFO] MainUpdater:289 - Updater Check For Update Now.
2025-11-17 11:01:11,799 [INFO] MicroXplorer:498 - Change Database Version : DB.6.0.150
2025-11-17 11:01:11,815 [INFO] McuFinderGlobals:63 - Set McuFinder mode to 2 (CubeIDE integrated)
2025-11-17 11:01:11,816 [INFO] UserAuth:171 - activating auth plugin
2025-11-17 11:01:11,819 [INFO] UserAuth:487 - Internet connection configuration mode: 1
2025-11-17 11:01:11,839 [INFO] JxBrowserEngine:152 - Initiate JxBrowser Engine with user profile folder
2025-11-17 11:01:11,956 [INFO] ServerAccessManage:452 - Complete download http(s) 200
2025-11-17 11:01:11,958 [INFO] ServerAccessManage:509 - Download File updaters.zip
2025-11-17 11:01:12,068 [INFO] FileExtend:248 - Unzip File : updaters.zip
2025-11-17 11:01:12,068 [INFO] FileExtend:263 - Standard Zip Deflate
2025-11-17 11:01:12,437 [INFO] ServerAccessManage:452 - Complete download http(s) 200
2025-11-17 11:01:12,438 [INFO] ServerAccessManage:509 - Download File PacksControlFlags.xml
2025-11-17 11:01:12,524 [INFO] ServerAccessManage:452 - Complete download http(s) 200
2025-11-17 11:01:12,525 [INFO] ServerAccessManage:509 - Download File cubemx.pidx
2025-11-17 11:01:12,672 [WARN] MainUpdater:1193 - Updater busy. Cannot search thirdparties
2025-11-17 11:01:12,672 [INFO] ThirdPartyUpdaterWithRetryManager:96 - Updater plugin is busy. [1/15]
2025-11-17 11:01:12,709 [INFO] LoadServerUpdatesThread:375 - End of LoadServerUpdate Thread
2025-11-17 11:01:12,880 [INFO] CheckServerUpdateThread:120 - End of CheckServer Thread
2025-11-17 11:01:13,213 [INFO] WebApp:169 - Instantiating new browser for Auth
2025-11-17 11:01:13,972 [INFO] WebApp:463 - Apply proxy settings
2025-11-17 11:01:13,972 [INFO] WebApp:548 - Chromium requires no authentication
2025-11-17 11:01:13,984 [INFO] WebApp:491 - Direct internet connection detected
2025-11-17 11:01:14,042 [INFO] WebApp:900 - Register for checkConnection events
2025-11-17 11:01:14,042 [INFO] WebApp:463 - Apply proxy settings
2025-11-17 11:01:14,042 [INFO] WebApp:548 - Chromium requires no authentication
2025-11-17 11:01:14,044 [INFO] WebApp:491 - Direct internet connection detected
2025-11-17 11:01:14,246 [INFO] WebApp:225 - Starting web application
2025-11-17 11:01:14,247 [INFO] WebApp:593 - Web application path used /opt/st/stm32cubeide_1.19.0/plugins/com.st.stm32cube.common.mx_6.15.0.202507011659/db/plugins/mcufinder/reactClient1/index.html
2025-11-17 11:01:14,372 [INFO] WebApp:191 - Connection restablished
2025-11-17 11:01:15,858 [WARN] PackLoader:240 - Cannot read IP mode file for STMicroelectronics.FP-SNS-MOTENVWB1.1.4.0
2025-11-17 11:01:15,870 [WARN] PackLoader:240 - Cannot read IP mode file for STMicroelectronics.FP-ATR-ASTRA1.2.0.2
2025-11-17 11:01:15,879 [WARN] PackLoader:240 - Cannot read IP mode file for STMicroelectronics.X-CUBE-SMBUS.2.1.0
2025-11-17 11:01:15,913 [WARN] PackLoader:240 - Cannot read IP mode file for STMicroelectronics.X-CUBE-AZRTOS-F7.1.1.0
2025-11-17 11:01:15,924 [WARN] PackLoader:240 - Cannot read IP mode file for Cesanta.I-CUBE-Mongoose.7.19.0
2025-11-17 11:01:15,928 [WARN] PackLoader:240 - Cannot read IP mode file for STMicroelectronics.FP-SNS-MOTENV1.5.1.0
2025-11-17 11:01:15,944 [WARN] PackLoader:240 - Cannot read IP mode file for WES.I-CUBE-Cesium.1.4.0
2025-11-17 11:01:15,970 [WARN] PackLoader:240 - Cannot read IP mode file for Infineon.AIROC-Wi-Fi-Bluetooth-STM32.1.7.1
2025-11-17 11:01:16,006 [WARN] PackLoader:240 - Cannot read IP mode file for STMicroelectronics.X-CUBE-AZRTOS-H7.3.4.0
2025-11-17 11:01:16,020 [WARN] PackLoader:240 - Cannot read IP mode file for STMicroelectronics.X-CUBE-DISPLAY.3.0.0
2025-11-17 11:01:16,039 [WARN] PackLoader:240 - Cannot read IP mode file for STMicroelectronics.X-CUBE-NFC10.1.0.0
2025-11-17 11:01:16,046 [WARN] PackLoader:240 - Cannot read IP mode file for STMicroelectronics.X-CUBE-ST60.1.1.0
2025-11-17 11:01:16,054 [WARN] PackLoader:240 - Cannot read IP mode file for emotas.I-CUBE-CANOPEN.1.3.0
2025-11-17 11:01:16,060 [WARN] PackLoader:240 - Cannot read IP mode file for STMicroelectronics.X-CUBE-GNSS1.7.1.0
2025-11-17 11:01:16,066 [WARN] PackLoader:240 - Cannot read IP mode file for STMicroelectronics.FP-SNS-SMARTAG2.1.2.0
2025-11-17 11:01:16,071 [WARN] PackLoader:240 - Cannot read IP mode file for STMicroelectronics.FP-SNS-FLIGHT1.5.1.0
2025-11-17 11:01:16,080 [INFO] LogOutputStream:77 - [STDOUT_REDIRECT] 1 : Invalid condition id : UX_CORESTACK_Condition cause : null
2025-11-17 11:01:16,081 [INFO] LogOutputStream:77 - [STDOUT_REDIRECT] 1 : Invalid condition id : UX_CORESTACK_Condition cause : null
2025-11-17 11:01:16,081 [INFO] LogOutputStream:77 - [STDOUT_REDIRECT] 1 : Invalid condition id : UX_CORESTACK_Condition cause : null
2025-11-17 11:01:16,081 [INFO] LogOutputStream:77 - [STDOUT_REDIRECT] 1 : Invalid condition id : UX_CORESTACK_Condition cause : null
2025-11-17 11:01:16,082 [INFO] LogOutputStream:77 - [STDOUT_REDIRECT] 1 : Invalid condition id : UX_CORESTACK_Condition cause : null
2025-11-17 11:01:16,086 [WARN] PackLoader:240 - Cannot read IP mode file for STMicroelectronics.X-CUBE-AZRTOS-WL.2.0.0
2025-11-17 11:01:16,091 [WARN] PackLoader:240 - Cannot read IP mode file for STMicroelectronics.FP-SNS-MOTENV1.5.0.0
2025-11-17 11:01:16,098 [WARN] PackLoader:240 - Cannot read IP mode file for STMicroelectronics.X-CUBE-BLE2.3.3.0
2025-11-17 11:01:16,116 [WARN] PackLoader:240 - Cannot read IP mode file for STMicroelectronics.X-CUBE-NFC9.1.0.0
2025-11-17 11:01:16,123 [WARN] PackLoader:240 - Cannot read IP mode file for wolfSSL.I-CUBE-wolfSSL.5.8.2
2025-11-17 11:01:16,128 [WARN] PackLoader:240 - Cannot read IP mode file for STMicroelectronics.X-CUBE-BLE1.7.1.0
2025-11-17 11:01:16,132 [WARN] PackLoader:240 - Cannot read IP mode file for wolfSSL.I-CUBE-wolfMQTT.1.19.2
2025-11-17 11:01:16,138 [WARN] PackLoader:240 - Cannot read IP mode file for STMicroelectronics.X-CUBE-EEPRMA1.5.2.0
2025-11-17 11:01:16,147 [WARN] PackLoader:240 - Cannot read IP mode file for STMicroelectronics.X-CUBE-ST67W61.1.1.0
2025-11-17 11:01:16,165 [WARN] PackLoader:240 - Cannot read IP mode file for STMicroelectronics.X-CUBE-AZRTOS-G0.1.1.0
2025-11-17 11:01:16,174 [WARN] PackLoader:240 - Cannot read IP mode file for STMicroelectronics.X-CUBE-SAFEA1.1.2.2
2025-11-17 11:01:16,182 [WARN] PackLoader:240 - Cannot read IP mode file for STMicroelectronics.X-CUBE-NFC4.3.0.0
2025-11-17 11:01:16,192 [WARN] PackLoader:240 - Cannot read IP mode file for EmbeddedOffice.I-CUBE-FS-RTOS.1.0.1
2025-11-17 11:01:16,198 [WARN] PackLoader:240 - Cannot read IP mode file for STMicroelectronics.X-CUBE-WB05N.2.0.0
2025-11-17 11:01:16,202 [WARN] PackLoader:240 - Cannot read IP mode file for wolfSSL.I-CUBE-wolfTPM.3.8.0
2025-11-17 11:01:16,207 [WARN] PackLoader:240 - Cannot read IP mode file for STMicroelectronics.X-CUBE-TCPP.4.2.0
2025-11-17 11:01:16,214 [WARN] PackLoader:240 - Cannot read IP mode file for RealThread.X-CUBE-RT-Thread_Nano.4.1.1
2025-11-17 11:01:16,221 [WARN] PackLoader:240 - Cannot read IP mode file for STMicroelectronics.FP-ATR-SIGFOX1.3.2.0
2025-11-17 11:01:16,226 [WARN] PackLoader:240 - Cannot read IP mode file for ITTIA_DB.I-CUBE-ITTIADB.8.9.0
2025-11-17 11:01:16,262 [WARN] PackLoader:240 - Cannot read IP mode file for SEGGER.I-CUBE-embOS.1.3.1
2025-11-17 11:01:16,331 [WARN] PackLoader:240 - Cannot read IP mode file for STMicroelectronics.X-CUBE-ALGOBUILD.1.4.0
2025-11-17 11:01:16,370 [WARN] PackLoader:240 - Cannot read IP mode file for STMicroelectronics.X-CUBE-MEMS1.11.3.0
2025-11-17 11:01:16,606 [WARN] PackLoader:240 - Cannot read IP mode file for STMicroelectronics.X-CUBE-PM33A1.1.0.0
2025-11-17 11:01:16,625 [WARN] PackLoader:240 - Cannot read IP mode file for STMicroelectronics.X-CUBE-AZRTOS-F4.1.1.0
2025-11-17 11:01:16,631 [WARN] PackLoader:240 - Cannot read IP mode file for STMicroelectronics.X-CUBE-ISPU.2.1.0
2025-11-17 11:01:16,643 [WARN] PackLoader:240 - Cannot read IP mode file for STMicroelectronics.X-CUBE-IPS.3.2.0
2025-11-17 11:01:16,666 [WARN] PackLoader:240 - Cannot read IP mode file for STMicroelectronics.X-CUBE-NFC12.1.0.0
2025-11-17 11:01:16,688 [WARN] PackLoader:240 - Cannot read IP mode file for STMicroelectronics.X-CUBE-AZRTOS-L5.2.0.0
2025-11-17 11:01:16,702 [WARN] PackLoader:240 - Cannot read IP mode file for STMicroelectronics.X-CUBE-NFC6.3.1.0
2025-11-17 11:01:16,709 [WARN] PackLoader:240 - Cannot read IP mode file for STMicroelectronics.X-CUBE-FREERTOS.1.3.1
2025-11-17 11:01:16,718 [WARN] PackLoader:240 - Cannot read IP mode file for STMicroelectronics.X-CUBE-TOUCHGFX.4.26.0
2025-11-17 11:01:16,722 [WARN] PackLoader:240 - Cannot read IP mode file for STMicroelectronics.X-CUBE-DPower.1.3.0
2025-11-17 11:01:16,741 [WARN] ConditionMgr:438 - getConditionDescription Invalid condition id : LAN8742 Phy interface Condition cause : null
2025-11-17 11:01:16,742 [WARN] PackLoader:240 - Cannot read IP mode file for STMicroelectronics.X-CUBE-AZRTOS-L4.2.0.0
2025-11-17 11:01:16,743 [WARN] ConditionMgr:1044 - genDependencies : Invalid condition id : LAN8742 Phy interface Condition cause : null
2025-11-17 11:01:16,744 [WARN] ConditionMgr:1044 - genDependencies : Invalid condition id : LAN8742 Phy interface Condition cause : null
2025-11-17 11:01:16,744 [WARN] ConditionMgr:1044 - genDependencies : Invalid condition id : LAN8742 Phy interface Condition cause : null
2025-11-17 11:01:16,754 [WARN] PackLoader:240 - Cannot read IP mode file for STMicroelectronics.X-CUBE-SFXS2LP1.4.0.0
2025-11-17 11:01:16,766 [WARN] PackLoader:240 - Cannot read IP mode file for STMicroelectronics.X-CUBE-BLEMGR.4.1.0
2025-11-17 11:01:16,784 [WARN] ConditionMgr:438 - getConditionDescription Invalid condition id : UX DEVICE CLASS RTOS Condition cause : null
2025-11-17 11:01:16,785 [WARN] ConditionMgr:438 - getConditionDescription Invalid condition id : UX DEVICE CLASS RTOS Condition cause : null
2025-11-17 11:01:16,788 [WARN] PackLoader:240 - Cannot read IP mode file for STMicroelectronics.X-CUBE-AZRTOS-WB.2.0.0
2025-11-17 11:01:16,788 [WARN] ConditionMgr:1044 - genDependencies : Invalid condition id : UX DEVICE CLASS RTOS Condition cause : null
2025-11-17 11:01:16,789 [WARN] ConditionMgr:1044 - genDependencies : Invalid condition id : UX DEVICE CLASS RTOS Condition cause : null
2025-11-17 11:01:16,789 [WARN] ConditionMgr:1044 - genDependencies : Invalid condition id : UX DEVICE CLASS RTOS Condition cause : null
2025-11-17 11:01:16,790 [WARN] ConditionMgr:1044 - genDependencies : Invalid condition id : UX DEVICE CLASS RTOS Condition cause : null
2025-11-17 11:01:16,790 [WARN] ConditionMgr:1044 - genDependencies : Invalid condition id : UX DEVICE CLASS RTOS Condition cause : null
2025-11-17 11:01:16,796 [WARN] PackLoader:240 - Cannot read IP mode file for STMicroelectronics.X-CUBE-GNSS1.7.0.1
2025-11-17 11:01:16,804 [WARN] ConditionMgr:438 - getConditionDescription Invalid condition id : Cortex-A Device cause : null
2025-11-17 11:01:16,811 [WARN] ConditionMgr:1044 - genDependencies : Invalid condition id : Cortex-A Device cause : null
2025-11-17 11:01:16,811 [WARN] ConditionMgr:1044 - genDependencies : Invalid condition id : Cortex-A Device cause : null
2025-11-17 11:01:16,811 [WARN] ConditionMgr:1044 - genDependencies : Invalid condition id : Cortex-A Device cause : null
2025-11-17 11:01:16,822 [WARN] PackLoader:240 - Cannot read IP mode file for STMicroelectronics.X-CUBE-SUBG2.5.0.0
2025-11-17 11:01:16,843 [WARN] PackLoader:240 - Cannot read IP mode file for STMicroelectronics.X-CUBE-AZRTOS-H7RS.1.1.0
2025-11-17 11:01:16,858 [WARN] PackLoader:240 - Cannot read IP mode file for STMicroelectronics.X-CUBE-AZRTOS-G4.2.0.0
2025-11-17 11:01:16,864 [WARN] PackLoader:240 - Cannot read IP mode file for wolfSSL.I-CUBE-wolfSSH.1.4.20
2025-11-17 11:01:16,869 [WARN] PackLoader:240 - Cannot read IP mode file for STMicroelectronics.X-CUBE-NFC7.2.0.0
2025-11-17 11:01:16,873 [WARN] PackLoader:240 - Cannot read IP mode file for STMicroelectronics.X-CUBE-ALS.1.0.2
2025-11-17 11:01:16,878 [WARN] PackLoader:240 - Cannot read IP mode file for STMicroelectronics.X-CUBE-STSE01.1.0.0
2025-11-17 11:01:16,891 [WARN] PackLoader:240 - Cannot read IP mode file for STMicroelectronics.X-CUBE-TOF1.3.4.3
2025-11-17 11:01:16,914 [INFO] ThirdParty:978 - Integrity check success = true
2025-11-17 11:01:16,914 [INFO] IntegrityCheckThread:100 - exiting critical section [integrity check]
2025-11-17 11:01:16,914 [INFO] IntegrityCheckThread:103 - End integrity checks thread
2025-11-17 11:01:36,703 [ERROR] LogOutputStream:75 - [STDERR_REDIRECT] Nov 17, 2025 11:01:36 AM java.util.prefs.FileSystemPreferences checkLockFile0ErrorCode
2025-11-17 11:01:36,704 [ERROR] LogOutputStream:75 - [STDERR_REDIRECT] WARNING: Could not lock System prefs. Unix error code 2.
2025-11-17 11:01:36,704 [ERROR] LogOutputStream:75 - [STDERR_REDIRECT] 
2025-11-17 11:01:36,705 [ERROR] LogOutputStream:75 - [STDERR_REDIRECT] Nov 17, 2025 11:01:36 AM java.util.prefs.FileSystemPreferences syncWorld
2025-11-17 11:01:36,705 [ERROR] LogOutputStream:75 - [STDERR_REDIRECT] WARNING: Couldn't flush system prefs: java.util.prefs.BackingStoreException: Couldn't get file lock.
2025-11-17 11:01:36,706 [ERROR] LogOutputStream:75 - [STDERR_REDIRECT] 
2025-11-17 11:02:06,709 [ERROR] LogOutputStream:75 - [STDERR_REDIRECT] Nov 17, 2025 11:02:06 AM java.util.prefs.FileSystemPreferences checkLockFile0ErrorCode
2025-11-17 11:02:06,710 [ERROR] LogOutputStream:75 - [STDERR_REDIRECT] WARNING: Could not lock System prefs. Unix error code 2.
2025-11-17 11:02:06,711 [ERROR] LogOutputStream:75 - [STDERR_REDIRECT] 
2025-11-17 11:02:06,711 [ERROR] LogOutputStream:75 - [STDERR_REDIRECT] Nov 17, 2025 11:02:06 AM java.util.prefs.FileSystemPreferences syncWorld
2025-11-17 11:02:06,712 [ERROR] LogOutputStream:75 - [STDERR_REDIRECT] WARNING: Couldn't flush system prefs: java.util.prefs.BackingStoreException: Couldn't get file lock.
2025-11-17 11:02:06,712 [ERROR] LogOutputStream:75 - [STDERR_REDIRECT] 
2025-11-17 11:02:36,686 [ERROR] LogOutputStream:75 - [STDERR_REDIRECT] Nov 17, 2025 11:02:36 AM java.util.prefs.FileSystemPreferences checkLockFile0ErrorCode
2025-11-17 11:02:36,686 [ERROR] LogOutputStream:75 - [STDERR_REDIRECT] WARNING: Could not lock System prefs. Unix error code 2.
2025-11-17 11:02:36,686 [ERROR] LogOutputStream:75 - [STDERR_REDIRECT] 
2025-11-17 11:02:36,687 [ERROR] LogOutputStream:75 - [STDERR_REDIRECT] Nov 17, 2025 11:02:36 AM java.util.prefs.FileSystemPreferences syncWorld
2025-11-17 11:02:36,687 [ERROR] LogOutputStream:75 - [STDERR_REDIRECT] WARNING: Couldn't flush system prefs: java.util.prefs.BackingStoreException: Couldn't get file lock.
2025-11-17 11:02:36,687 [ERROR] LogOutputStream:75 - [STDERR_REDIRECT] 
2025-11-17 11:03:06,686 [ERROR] LogOutputStream:75 - [STDERR_REDIRECT] Nov 17, 2025 11:03:06 AM java.util.prefs.FileSystemPreferences checkLockFile0ErrorCode
2025-11-17 11:03:06,687 [ERROR] LogOutputStream:75 - [STDERR_REDIRECT] WARNING: Could not lock System prefs. Unix error code 2.
2025-11-17 11:03:06,687 [ERROR] LogOutputStream:75 - [STDERR_REDIRECT] 
2025-11-17 11:03:06,687 [ERROR] LogOutputStream:75 - [STDERR_REDIRECT] Nov 17, 2025 11:03:06 AM java.util.prefs.FileSystemPreferences syncWorld
2025-11-17 11:03:06,687 [ERROR] LogOutputStream:75 - [STDERR_REDIRECT] WARNING: Couldn't flush system prefs: java.util.prefs.BackingStoreException: Couldn't get file lock.
2025-11-17 11:03:06,687 [ERROR] LogOutputStream:75 - [STDERR_REDIRECT] 
2025-11-17 11:03:36,687 [ERROR] LogOutputStream:75 - [STDERR_REDIRECT] Nov 17, 2025 11:03:36 AM java.util.prefs.FileSystemPreferences checkLockFile0ErrorCode
2025-11-17 11:03:36,688 [ERROR] LogOutputStream:75 - [STDERR_REDIRECT] WARNING: Could not lock System prefs. Unix error code 2.
2025-11-17 11:03:36,688 [ERROR] LogOutputStream:75 - [STDERR_REDIRECT] 
2025-11-17 11:03:36,689 [ERROR] LogOutputStream:75 - [STDERR_REDIRECT] Nov 17, 2025 11:03:36 AM java.util.prefs.FileSystemPreferences syncWorld
2025-11-17 11:03:36,689 [ERROR] LogOutputStream:75 - [STDERR_REDIRECT] WARNING: Couldn't flush system prefs: java.util.prefs.BackingStoreException: Couldn't get file lock.
2025-11-17 11:03:36,689 [ERROR] LogOutputStream:75 - [STDERR_REDIRECT] 
2025-11-17 11:04:06,687 [ERROR] LogOutputStream:75 - [STDERR_REDIRECT] Nov 17, 2025 11:04:06 AM java.util.prefs.FileSystemPreferences checkLockFile0ErrorCode
2025-11-17 11:04:06,687 [ERROR] LogOutputStream:75 - [STDERR_REDIRECT] WARNING: Could not lock System prefs. Unix error code 2.
2025-11-17 11:04:06,688 [ERROR] LogOutputStream:75 - [STDERR_REDIRECT] 
2025-11-17 11:04:06,688 [ERROR] LogOutputStream:75 - [STDERR_REDIRECT] Nov 17, 2025 11:04:06 AM java.util.prefs.FileSystemPreferences syncWorld
2025-11-17 11:04:06,688 [ERROR] LogOutputStream:75 - [STDERR_REDIRECT] WARNING: Couldn't flush system prefs: java.util.prefs.BackingStoreException: Couldn't get file lock.
2025-11-17 11:04:06,688 [ERROR] LogOutputStream:75 - [STDERR_REDIRECT] 
2025-11-17 11:04:19,773 [ERROR] LogOutputStream:75 - [STDERR_REDIRECT] 
