2025-11-04 11:03:46,390 [INFO] Activator:176 - 


2025-11-04 11:03:46,394 [INFO] Activator:177 - !SESSION log4j initialized
2025-11-04 11:03:52,685 [INFO] LogOutputStream:77 - [STDOUT_REDIRECT] 
2025-11-04 11:03:53,174 [ERROR] LogOutputStream:75 - [STDERR_REDIRECT] Nov 04, 2025 11:03:53 AM java.util.prefs.FileSystemPreferences$6 run
2025-11-04 11:03:53,176 [ERROR] LogOutputStream:75 - [STDERR_REDIRECT] WARNING: Prefs file removed in background /home/kevin/.java/.userPrefs/com/st/library/analyticscore/prefs.xml
2025-11-04 11:03:53,176 [ERROR] LogOutputStream:75 - [STDERR_REDIRECT] 
2025-11-04 11:03:54,743 [INFO] ApplicationProperties:184 - Using Application install path: /opt/st/stm32cubeide_1.19.0/plugins/com.st.stm32cube.common.mx_6.15.0.202507011659
2025-11-04 11:03:54,769 [INFO] DbMcusXml:78 - Set database path to: /opt/st/stm32cubeide_1.19.0/plugins/com.st.stm32cube.common.mx_6.15.0.202507011659//db//mcu/
2025-11-04 11:03:54,771 [INFO] ApiDb:274 - Set plugin database path to: /opt/st/stm32cubeide_1.19.0/plugins/com.st.stm32cube.common.mx_6.15.0.202507011659//db//plugins/boardmanager/
2025-11-04 11:03:54,772 [WARN] ApiDb:259 - Overriding images path with different value:  => /opt/st/stm32cubeide_1.19.0/plugins/com.st.stm32cube.common.mx_6.15.0.202507011659//db//plugins/mcufinder/images/
2025-11-04 11:03:54,780 [INFO] ApiDb:250 - Set database path to: /home/kevin/.stmcufinder/plugins/mcufinder//mcu/
2025-11-04 11:03:54,784 [INFO] DbMcusAds:125 - Set database path to: /home/kevin/.stmcufinder/plugins/mcufinder//mcu/
2025-11-04 11:03:54,789 [INFO] CrossReferenceDbSqlite:203 - Set database path to: /home/kevin/.stmcufinder/plugins/mcufinder//mcu/cs/
2025-11-04 11:03:54,974 [INFO] RulesReader:64 - Compatibility file has been processed (317 Rules)
2025-11-04 11:03:55,063 [INFO] DbMcusXml:78 - Set database path to: /opt/st/stm32cubeide_1.19.0/plugins/com.st.stm32cube.common.mx_6.15.0.202507011659//db//mcu/
2025-11-04 11:03:55,063 [INFO] ApiDb:274 - Set plugin database path to: /opt/st/stm32cubeide_1.19.0/plugins/com.st.stm32cube.common.mx_6.15.0.202507011659//db//plugins/boardmanager/
2025-11-04 11:03:55,063 [INFO] ApiDb:261 - Set plugin images path to: /opt/st/stm32cubeide_1.19.0/plugins/com.st.stm32cube.common.mx_6.15.0.202507011659//db//plugins/mcufinder/images/
2025-11-04 11:03:55,063 [WARN] DbFile:41 - Overriding database path with different value: /home/kevin/.stmcufinder/plugins/mcufinder/ => /home/kevin/.stmcufinder/plugins/mcufinder
2025-11-04 11:03:55,063 [INFO] ApiDb:250 - Set database path to: /home/kevin/.stmcufinder/plugins/mcufinder//mcu/
2025-11-04 11:03:55,063 [WARN] DbFile:41 - Overriding database path with different value: /home/kevin/.stmcufinder/plugins/mcufinder/ => /home/kevin/.stmcufinder/plugins/mcufinder
2025-11-04 11:03:55,064 [INFO] DbMcusAds:125 - Set database path to: /home/kevin/.stmcufinder/plugins/mcufinder//mcu/
2025-11-04 11:03:55,064 [WARN] DbFile:41 - Overriding database path with different value: /home/kevin/.stmcufinder/plugins/mcufinder/ => /home/kevin/.stmcufinder/plugins/mcufinder
2025-11-04 11:03:55,064 [WARN] DbFile:41 - Overriding database path with different value: /home/kevin/.stmcufinder/plugins/mcufinder/ => /home/kevin/.stmcufinder/plugins/mcufinder
2025-11-04 11:03:55,064 [INFO] CrossReferenceDbSqlite:203 - Set database path to: /home/kevin/.stmcufinder/plugins/mcufinder//mcu/cs/
2025-11-04 11:03:55,156 [INFO] MainPanel:274 - HeapMemory: 268435456
2025-11-04 11:03:55,343 [INFO] DbMcusXml:78 - Set database path to: /opt/st/stm32cubeide_1.19.0/plugins/com.st.stm32cube.common.mx_6.15.0.202507011659//db//mcu/
2025-11-04 11:03:55,343 [INFO] ApiDb:274 - Set plugin database path to: /opt/st/stm32cubeide_1.19.0/plugins/com.st.stm32cube.common.mx_6.15.0.202507011659//db//plugins/boardmanager/
2025-11-04 11:03:55,343 [INFO] ApiDb:261 - Set plugin images path to: /opt/st/stm32cubeide_1.19.0/plugins/com.st.stm32cube.common.mx_6.15.0.202507011659//db//plugins/mcufinder/images/
2025-11-04 11:03:55,344 [WARN] DbFile:41 - Overriding database path with different value: /home/kevin/.stmcufinder/plugins/mcufinder/ => /home/kevin/.stmcufinder/plugins/mcufinder
2025-11-04 11:03:55,344 [INFO] ApiDb:250 - Set database path to: /home/kevin/.stmcufinder/plugins/mcufinder//mcu/
2025-11-04 11:03:55,344 [WARN] DbFile:41 - Overriding database path with different value: /home/kevin/.stmcufinder/plugins/mcufinder/ => /home/kevin/.stmcufinder/plugins/mcufinder
2025-11-04 11:03:55,344 [INFO] DbMcusAds:125 - Set database path to: /home/kevin/.stmcufinder/plugins/mcufinder//mcu/
2025-11-04 11:03:55,344 [WARN] DbFile:41 - Overriding database path with different value: /home/kevin/.stmcufinder/plugins/mcufinder/ => /home/kevin/.stmcufinder/plugins/mcufinder
2025-11-04 11:03:55,344 [WARN] DbFile:41 - Overriding database path with different value: /home/kevin/.stmcufinder/plugins/mcufinder/ => /home/kevin/.stmcufinder/plugins/mcufinder
2025-11-04 11:03:55,344 [INFO] CrossReferenceDbSqlite:203 - Set database path to: /home/kevin/.stmcufinder/plugins/mcufinder//mcu/cs/
2025-11-04 11:03:55,369 [INFO] ApplicationProperties:184 - Using Application install path: /opt/st/stm32cubeide_1.19.0/plugins/com.st.stm32cube.common.mx_6.15.0.202507011659
2025-11-04 11:03:55,372 [INFO] PluginManage:196 - Search for loadable plugins [exclusion list=, ]
2025-11-04 11:03:55,374 [INFO] PluginManage:310 - Check plugin analytics
2025-11-04 11:03:55,617 [INFO] AnalyticsPlugin:253 - Accepted Software Licenses: 
2025-11-04 11:03:55,618 [INFO] AnalyticsPlugin:255 - Accepted CMSIS Pack Licenses: 
2025-11-04 11:03:55,618 [INFO] AnalyticsPlugin:257 - Accepted Firmware Licenses: 
2025-11-04 11:03:55,624 [INFO] PluginManage:359 - Loaded plugin analytics (category:tool,tabindex:-1)
2025-11-04 11:03:55,625 [INFO] PluginManage:310 - Check plugin cadmodel
2025-11-04 11:03:55,632 [INFO] CADModel:105 - Init CAD model plugin
2025-11-04 11:03:55,633 [INFO] PluginManage:359 - Loaded plugin cadmodel (category:power,tabindex:5)
2025-11-04 11:03:55,633 [INFO] PluginManage:310 - Check plugin clock
2025-11-04 11:03:55,646 [INFO] PluginManage:359 - Loaded plugin clock (category:base,tabindex:2)
2025-11-04 11:03:55,647 [INFO] PluginManage:310 - Check plugin ddr
2025-11-04 11:03:55,653 [INFO] PluginManage:359 - Loaded plugin ddr (category:tool,tabindex:6)
2025-11-04 11:03:55,653 [INFO] PluginManage:310 - Check plugin filemanager
2025-11-04 11:03:55,843 [INFO] PluginManage:359 - Loaded plugin filemanager (category:base,tabindex:10)
2025-11-04 11:03:55,843 [INFO] PluginManage:310 - Check plugin ipmanager
2025-11-04 11:03:55,851 [INFO] PluginManage:359 - Loaded plugin ipmanager (category:base,tabindex:5)
2025-11-04 11:03:55,852 [INFO] PluginManage:310 - Check plugin lpbam
2025-11-04 11:03:55,867 [INFO] PluginManage:359 - Loaded plugin lpbam (category:base,tabindex:0)
2025-11-04 11:03:55,868 [INFO] PluginManage:310 - Check plugin memorymap
2025-11-04 11:03:55,885 [INFO] PluginManage:359 - Loaded plugin memorymap (category:base,tabindex:4)
2025-11-04 11:03:55,886 [INFO] PluginManage:310 - Check plugin pinoutandconfiguration
2025-11-04 11:03:55,902 [INFO] PluginManage:359 - Loaded plugin pinoutandconfiguration (category:base,tabindex:1)
2025-11-04 11:03:55,903 [INFO] PluginManage:310 - Check plugin pinoutconfig
2025-11-04 11:03:56,026 [WARN] SupportedApi:132 - Cannot load RTOS API schema: s4s-elt-must-match.1: The content of 'definitions' must match (annotation?, (simpleType | complexType)?, (unique | key | keyref)*)). A problem was found starting at: attribute.
2025-11-04 11:03:56,238 [INFO] PluginManage:359 - Loaded plugin pinoutconfig (category:base,tabindex:0)
2025-11-04 11:03:56,238 [INFO] PluginManage:310 - Check plugin power
2025-11-04 11:03:56,255 [INFO] PluginManage:359 - Loaded plugin power (category:power,tabindex:4)
2025-11-04 11:03:56,255 [INFO] PluginManage:310 - Check plugin projectmanager
2025-11-04 11:03:56,276 [INFO] PluginManage:359 - Loaded plugin projectmanager (category:projectmanager,tabindex:4)
2025-11-04 11:03:56,277 [INFO] PluginManage:310 - Check plugin rif
2025-11-04 11:03:56,291 [INFO] PluginManage:359 - Loaded plugin rif (category:base,tabindex:3)
2025-11-04 11:03:56,291 [INFO] PluginManage:310 - Check plugin thirdparty
2025-11-04 11:03:56,507 [INFO] PluginManage:359 - Loaded plugin thirdparty (category:base,tabindex:-1)
2025-11-04 11:03:56,506 [WARN] IntegrityCheckThread:84 - waiting for thirdparty lock release [integrity check]
2025-11-04 11:03:56,507 [INFO] IntegrityCheckThread:86 - entering critical section [integrity check]
2025-11-04 11:03:56,508 [INFO] PluginManage:310 - Check plugin tools
2025-11-04 11:03:56,508 [INFO] ThirdPartyUpdaterWithRetryManager:70 - Updater plugin not ready yet. [1/15]
2025-11-04 11:03:56,510 [INFO] PluginManage:359 - Loaded plugin tools (category:base,tabindex:7)
2025-11-04 11:03:56,511 [INFO] PluginManage:310 - Check plugin tutovideos
2025-11-04 11:03:56,905 [INFO] PluginManage:359 - Loaded plugin tutovideos (category:base,tabindex:-1)
2025-11-04 11:03:56,906 [INFO] PluginManage:310 - Check plugin updater
2025-11-04 11:03:56,947 [INFO] PluginManage:359 - Loaded plugin updater (category:base,tabindex:12)
2025-11-04 11:03:56,947 [INFO] PluginManage:310 - Check plugin userauth
2025-11-04 11:03:56,957 [INFO] UserAuth:118 - Init User Auth plugin
2025-11-04 11:03:56,959 [INFO] PluginManage:359 - Loaded plugin userauth (category:base,tabindex:14)
2025-11-04 11:03:56,959 [INFO] PluginManage:283 - PluginManage : Loaded plugins [18]
2025-11-04 11:03:57,257 [INFO] PinOutPanel:1589 - setPackage(No Configuration,No Configuration)
2025-11-04 11:03:57,402 [INFO] CADModel:165 - CPN selected for project level
2025-11-04 11:03:57,403 [INFO] CADModel:114 - Register for checkConnection events
2025-11-04 11:03:57,433 [INFO] IPUIPlugin:80 - create IPUIPlugin
2025-11-04 11:03:57,434 [INFO] PluginManager:220 - loadIPPluginJar : add adc
2025-11-04 11:03:57,439 [INFO] IPUIPlugin:80 - create IPUIPlugin
2025-11-04 11:03:57,440 [INFO] PluginManager:220 - loadIPPluginJar : add aes
2025-11-04 11:03:57,443 [INFO] IPUIPlugin:80 - create IPUIPlugin
2025-11-04 11:03:57,443 [INFO] PluginManager:220 - loadIPPluginJar : add can
2025-11-04 11:03:57,445 [INFO] IPUIPlugin:80 - create IPUIPlugin
2025-11-04 11:03:57,446 [INFO] PluginManager:220 - loadIPPluginJar : add comp
2025-11-04 11:03:57,451 [INFO] IPUIPlugin:80 - create IPUIPlugin
2025-11-04 11:03:57,452 [INFO] PluginManager:220 - loadIPPluginJar : add cryp
2025-11-04 11:03:57,458 [INFO] IPUIPlugin:80 - create IPUIPlugin
2025-11-04 11:03:57,458 [INFO] PluginManager:220 - loadIPPluginJar : add ddr_ctrl_phy
2025-11-04 11:03:57,461 [INFO] IPUIPlugin:80 - create IPUIPlugin
2025-11-04 11:03:57,462 [INFO] PluginManager:220 - loadIPPluginJar : add dfsdm
2025-11-04 11:03:57,474 [INFO] IPUIPlugin:80 - create IPUIPlugin
2025-11-04 11:03:57,475 [INFO] PluginManager:220 - loadIPPluginJar : add dma
2025-11-04 11:03:57,479 [INFO] IPUIPlugin:80 - create IPUIPlugin
2025-11-04 11:03:57,479 [INFO] PluginManager:220 - loadIPPluginJar : add dma3
2025-11-04 11:03:57,484 [INFO] IPUIPlugin:80 - create IPUIPlugin
2025-11-04 11:03:57,485 [INFO] PluginManager:220 - loadIPPluginJar : add extmemmanager
2025-11-04 11:03:57,489 [INFO] IPUIPlugin:80 - create IPUIPlugin
2025-11-04 11:03:57,489 [INFO] PluginManager:220 - loadIPPluginJar : add fatfs
2025-11-04 11:03:57,496 [INFO] IPUIPlugin:80 - create IPUIPlugin
2025-11-04 11:03:57,496 [INFO] PluginManager:220 - loadIPPluginJar : add fmc
2025-11-04 11:03:57,506 [INFO] IPUIPlugin:80 - create IPUIPlugin
2025-11-04 11:03:57,507 [INFO] PluginManager:220 - loadIPPluginJar : add freertos
2025-11-04 11:03:57,508 [INFO] IPUIPlugin:80 - create IPUIPlugin
2025-11-04 11:03:57,508 [INFO] PluginManager:220 - loadIPPluginJar : add genericplugin
2025-11-04 11:03:57,511 [INFO] IPUIPlugin:80 - create IPUIPlugin
2025-11-04 11:03:57,511 [INFO] PluginManager:220 - loadIPPluginJar : add gfxmmu
2025-11-04 11:03:57,523 [INFO] IPUIPlugin:80 - create IPUIPlugin
2025-11-04 11:03:57,523 [INFO] PluginManager:220 - loadIPPluginJar : add gic
2025-11-04 11:03:57,529 [INFO] IPUIPlugin:80 - create IPUIPlugin
2025-11-04 11:03:57,529 [INFO] PluginManager:220 - loadIPPluginJar : add gpio
2025-11-04 11:03:57,536 [INFO] IPUIPlugin:80 - create IPUIPlugin
2025-11-04 11:03:57,536 [INFO] PluginManager:220 - loadIPPluginJar : add gtzc
2025-11-04 11:03:57,540 [INFO] IPUIPlugin:80 - create IPUIPlugin
2025-11-04 11:03:57,540 [INFO] PluginManager:220 - loadIPPluginJar : add hash
2025-11-04 11:03:57,544 [INFO] IPUIPlugin:80 - create IPUIPlugin
2025-11-04 11:03:57,544 [INFO] PluginManager:220 - loadIPPluginJar : add i2c
2025-11-04 11:03:57,548 [INFO] IPUIPlugin:80 - create IPUIPlugin
2025-11-04 11:03:57,548 [INFO] PluginManager:220 - loadIPPluginJar : add i2s
2025-11-04 11:03:57,554 [INFO] IPUIPlugin:80 - create IPUIPlugin
2025-11-04 11:03:57,555 [INFO] PluginManager:220 - loadIPPluginJar : add i3c
2025-11-04 11:03:57,559 [INFO] IPUIPlugin:80 - create IPUIPlugin
2025-11-04 11:03:57,559 [INFO] PluginManager:220 - loadIPPluginJar : add ipddr
2025-11-04 11:03:57,571 [INFO] IPUIPlugin:80 - create IPUIPlugin
2025-11-04 11:03:57,571 [INFO] PluginManager:220 - loadIPPluginJar : add linkedlist
2025-11-04 11:03:57,575 [INFO] IPUIPlugin:80 - create IPUIPlugin
2025-11-04 11:03:57,575 [INFO] PluginManager:220 - loadIPPluginJar : add lorawan
2025-11-04 11:03:57,577 [INFO] IPUIPlugin:80 - create IPUIPlugin
2025-11-04 11:03:57,577 [INFO] PluginManager:220 - loadIPPluginJar : add ltdc
2025-11-04 11:03:57,590 [INFO] IPUIPlugin:80 - create IPUIPlugin
2025-11-04 11:03:57,590 [INFO] PluginManager:220 - loadIPPluginJar : add mdma
2025-11-04 11:03:57,595 [INFO] IPUIPlugin:80 - create IPUIPlugin
2025-11-04 11:03:57,596 [INFO] PluginManager:220 - loadIPPluginJar : add nvic
2025-11-04 11:03:57,602 [INFO] IPUIPlugin:80 - create IPUIPlugin
2025-11-04 11:03:57,603 [INFO] PluginManager:220 - loadIPPluginJar : add opamp
2025-11-04 11:03:57,608 [INFO] IPUIPlugin:80 - create IPUIPlugin
2025-11-04 11:03:57,609 [INFO] PluginManager:220 - loadIPPluginJar : add openamp
2025-11-04 11:03:57,614 [INFO] IPUIPlugin:80 - create IPUIPlugin
2025-11-04 11:03:57,614 [INFO] PluginManager:220 - loadIPPluginJar : add pdm2pcm
2025-11-04 11:03:57,627 [INFO] IPUIPlugin:80 - create IPUIPlugin
2025-11-04 11:03:57,631 [INFO] PluginManager:220 - loadIPPluginJar : add plateformsettings
2025-11-04 11:03:57,635 [INFO] IPUIPlugin:80 - create IPUIPlugin
2025-11-04 11:03:57,635 [INFO] PluginManager:220 - loadIPPluginJar : add quadspi
2025-11-04 11:03:57,638 [INFO] IPUIPlugin:80 - create IPUIPlugin
2025-11-04 11:03:57,640 [INFO] PluginManager:220 - loadIPPluginJar : add radio
2025-11-04 11:03:57,644 [INFO] IPUIPlugin:80 - create IPUIPlugin
2025-11-04 11:03:57,645 [INFO] PluginManager:220 - loadIPPluginJar : add resmgrutility
2025-11-04 11:03:57,653 [INFO] IPUIPlugin:80 - create IPUIPlugin
2025-11-04 11:03:57,653 [INFO] PluginManager:220 - loadIPPluginJar : add sai
2025-11-04 11:03:57,656 [INFO] IPUIPlugin:80 - create IPUIPlugin
2025-11-04 11:03:57,657 [INFO] PluginManager:220 - loadIPPluginJar : add spi
2025-11-04 11:03:57,666 [INFO] IPUIPlugin:80 - create IPUIPlugin
2025-11-04 11:03:57,666 [INFO] PluginManager:220 - loadIPPluginJar : add stm32_wpan
2025-11-04 11:03:57,672 [INFO] IPUIPlugin:80 - create IPUIPlugin
2025-11-04 11:03:57,672 [INFO] PluginManager:220 - loadIPPluginJar : add tim
2025-11-04 11:03:57,676 [INFO] IPUIPlugin:80 - create IPUIPlugin
2025-11-04 11:03:57,676 [INFO] PluginManager:220 - loadIPPluginJar : add touchsensing
2025-11-04 11:03:57,679 [INFO] IPUIPlugin:80 - create IPUIPlugin
2025-11-04 11:03:57,679 [INFO] PluginManager:220 - loadIPPluginJar : add tracer_emb
2025-11-04 11:03:57,683 [INFO] IPUIPlugin:80 - create IPUIPlugin
2025-11-04 11:03:57,683 [INFO] PluginManager:220 - loadIPPluginJar : add ts
2025-11-04 11:03:57,687 [INFO] IPUIPlugin:80 - create IPUIPlugin
2025-11-04 11:03:57,688 [INFO] PluginManager:220 - loadIPPluginJar : add tsc
2025-11-04 11:03:57,690 [INFO] IPUIPlugin:80 - create IPUIPlugin
2025-11-04 11:03:57,691 [INFO] PluginManager:220 - loadIPPluginJar : add ucpd
2025-11-04 11:03:57,694 [INFO] IPUIPlugin:80 - create IPUIPlugin
2025-11-04 11:03:57,694 [INFO] PluginManager:220 - loadIPPluginJar : add usart
2025-11-04 11:03:57,700 [INFO] IPUIPlugin:80 - create IPUIPlugin
2025-11-04 11:03:57,700 [INFO] PluginManager:220 - loadIPPluginJar : add usbx
2025-11-04 11:03:57,821 [FATAL] Updater:351 - Updater called before beeing initialized
2025-11-04 11:03:57,857 [INFO] RulesReader:64 - Compatibility file has been processed (317 Rules)
2025-11-04 11:03:57,875 [INFO] RulesReader:64 - Compatibility file has been processed (317 Rules)
2025-11-04 11:03:57,889 [INFO] CADModel:165 - CPN selected for project level
2025-11-04 11:03:57,889 [INFO] CADModel:114 - Register for checkConnection events
2025-11-04 11:03:57,889 [FATAL] Updater:351 - Updater called before beeing initialized
2025-11-04 11:03:57,889 [ERROR] CADModel:125 - Updater not yet initialized, retry later 
2025-11-04 11:03:58,040 [FATAL] Updater:351 - Updater called before beeing initialized
2025-11-04 11:03:58,042 [INFO] CADModel:165 - CPN selected for project level
2025-11-04 11:03:58,042 [INFO] CADModel:114 - Register for checkConnection events
2025-11-04 11:03:58,042 [FATAL] Updater:351 - Updater called before beeing initialized
2025-11-04 11:03:58,042 [ERROR] CADModel:125 - Updater not yet initialized, retry later 
2025-11-04 11:03:58,046 [FATAL] Updater:351 - Updater called before beeing initialized
2025-11-04 11:03:58,169 [FATAL] Updater:351 - Updater called before beeing initialized
2025-11-04 11:03:58,177 [INFO] DbMcusAds:53 - JSON generation date=Thu Oct 02 05:36:05 EDT 2025 (1759397765645)
2025-11-04 11:03:58,177 [FATAL] Updater:351 - Updater called before beeing initialized
2025-11-04 11:03:58,219 [WARN] DetailPanel:346 - Failed to get advertising image, set to default
2025-11-04 11:03:58,293 [FATAL] Updater:351 - Updater called before beeing initialized
2025-11-04 11:03:58,294 [FATAL] Updater:351 - Updater called before beeing initialized
2025-11-04 11:03:58,294 [FATAL] Updater:351 - Updater called before beeing initialized
2025-11-04 11:03:58,294 [WARN] DetailPanel:346 - Failed to get advertising image, set to default
2025-11-04 11:03:58,296 [FATAL] Updater:351 - Updater called before beeing initialized
2025-11-04 11:03:58,344 [ERROR] Updater:1198 - MainUpdater not yet initialized. External WinMGr cannot be set.
2025-11-04 11:03:58,348 [INFO] Updater:1134 - Updater Version found : 6.15.0
2025-11-04 11:03:58,376 [INFO] ApplicationProperties:184 - Using Application install path: /opt/st/stm32cubeide_1.19.0/plugins/com.st.stm32cube.common.mx_6.15.0.202507011659
2025-11-04 11:03:58,394 [ERROR] LogOutputStream:75 - [STDERR_REDIRECT] Nov 04, 2025 11:03:58 AM java.util.prefs.FileSystemPreferences$2 run
2025-11-04 11:03:58,394 [ERROR] LogOutputStream:75 - [STDERR_REDIRECT] WARNING: Could not create system preferences directory. System preferences are unusable.
2025-11-04 11:03:58,394 [ERROR] LogOutputStream:75 - [STDERR_REDIRECT] 
2025-11-04 11:03:59,509 [INFO] ThirdPartyUpdaterWithRetryManager:70 - Updater plugin not ready yet. [2/15]
2025-11-04 11:03:59,831 [INFO] MainUpdater:2872 - connection check result : 10
2025-11-04 11:03:59,833 [INFO] MainUpdater:289 - Updater Check For Update Now.
2025-11-04 11:03:59,834 [INFO] MicroXplorer:498 - Change Database Version : DB.6.0.150
2025-11-04 11:03:59,855 [INFO] McuFinderGlobals:63 - Set McuFinder mode to 2 (CubeIDE integrated)
2025-11-04 11:03:59,856 [INFO] UserAuth:171 - activating auth plugin
2025-11-04 11:03:59,859 [INFO] UserAuth:487 - Internet connection configuration mode: 1
2025-11-04 11:03:59,894 [INFO] JxBrowserEngine:152 - Initiate JxBrowser Engine with user profile folder
2025-11-04 11:04:00,053 [INFO] CheckServerUpdateThread:120 - End of CheckServer Thread
2025-11-04 11:04:01,373 [INFO] WebApp:169 - Instantiating new browser for Auth
2025-11-04 11:04:02,447 [INFO] WebApp:463 - Apply proxy settings
2025-11-04 11:04:02,448 [INFO] WebApp:548 - Chromium requires no authentication
2025-11-04 11:04:02,463 [INFO] WebApp:491 - Direct internet connection detected
2025-11-04 11:04:02,509 [INFO] WebApp:900 - Register for checkConnection events
2025-11-04 11:04:02,509 [INFO] WebApp:463 - Apply proxy settings
2025-11-04 11:04:02,510 [INFO] WebApp:548 - Chromium requires no authentication
2025-11-04 11:04:02,510 [INFO] WebApp:491 - Direct internet connection detected
2025-11-04 11:04:02,731 [WARN] PackLoader:240 - Cannot read IP mode file for STMicroelectronics.FP-SNS-MOTENVWB1.1.4.0
2025-11-04 11:04:02,747 [WARN] PackLoader:240 - Cannot read IP mode file for STMicroelectronics.FP-ATR-ASTRA1.2.0.2
2025-11-04 11:04:02,761 [WARN] PackLoader:240 - Cannot read IP mode file for STMicroelectronics.X-CUBE-SMBUS.2.1.0
2025-11-04 11:04:02,809 [WARN] PackLoader:240 - Cannot read IP mode file for STMicroelectronics.X-CUBE-AZRTOS-F7.1.1.0
2025-11-04 11:04:02,826 [WARN] PackLoader:240 - Cannot read IP mode file for Cesanta.I-CUBE-Mongoose.7.19.0
2025-11-04 11:04:02,832 [INFO] WebApp:225 - Starting web application
2025-11-04 11:04:02,833 [INFO] WebApp:593 - Web application path used /opt/st/stm32cubeide_1.19.0/plugins/com.st.stm32cube.common.mx_6.15.0.202507011659/db/plugins/mcufinder/reactClient1/index.html
2025-11-04 11:04:02,835 [WARN] PackLoader:240 - Cannot read IP mode file for STMicroelectronics.FP-SNS-MOTENV1.5.1.0
2025-11-04 11:04:02,861 [WARN] PackLoader:240 - Cannot read IP mode file for WES.I-CUBE-Cesium.1.4.0
2025-11-04 11:04:02,911 [WARN] PackLoader:240 - Cannot read IP mode file for Infineon.AIROC-Wi-Fi-Bluetooth-STM32.1.7.1
2025-11-04 11:04:03,035 [WARN] PackLoader:240 - Cannot read IP mode file for STMicroelectronics.X-CUBE-AZRTOS-H7.3.4.0
2025-11-04 11:04:03,090 [WARN] PackLoader:240 - Cannot read IP mode file for STMicroelectronics.X-CUBE-DISPLAY.3.0.0
2025-11-04 11:04:03,129 [WARN] PackLoader:240 - Cannot read IP mode file for STMicroelectronics.X-CUBE-NFC10.1.0.0
2025-11-04 11:04:03,146 [WARN] PackLoader:240 - Cannot read IP mode file for STMicroelectronics.X-CUBE-ST60.1.1.0
2025-11-04 11:04:03,160 [WARN] PackLoader:240 - Cannot read IP mode file for emotas.I-CUBE-CANOPEN.1.3.0
2025-11-04 11:04:03,172 [WARN] PackLoader:240 - Cannot read IP mode file for STMicroelectronics.X-CUBE-GNSS1.7.1.0
2025-11-04 11:04:03,231 [WARN] PackLoader:240 - Cannot read IP mode file for STMicroelectronics.FP-SNS-SMARTAG2.1.2.0
2025-11-04 11:04:03,247 [WARN] PackLoader:240 - Cannot read IP mode file for STMicroelectronics.FP-SNS-FLIGHT1.5.1.0
2025-11-04 11:04:03,275 [INFO] LogOutputStream:77 - [STDOUT_REDIRECT] 1 : Invalid condition id : UX_CORESTACK_Condition cause : null
2025-11-04 11:04:03,276 [INFO] LogOutputStream:77 - [STDOUT_REDIRECT] 1 : Invalid condition id : UX_CORESTACK_Condition cause : null
2025-11-04 11:04:03,277 [INFO] LogOutputStream:77 - [STDOUT_REDIRECT] 1 : Invalid condition id : UX_CORESTACK_Condition cause : null
2025-11-04 11:04:03,279 [INFO] LogOutputStream:77 - [STDOUT_REDIRECT] 1 : Invalid condition id : UX_CORESTACK_Condition cause : null
2025-11-04 11:04:03,280 [INFO] LogOutputStream:77 - [STDOUT_REDIRECT] 1 : Invalid condition id : UX_CORESTACK_Condition cause : null
2025-11-04 11:04:03,291 [WARN] PackLoader:240 - Cannot read IP mode file for STMicroelectronics.X-CUBE-AZRTOS-WL.2.0.0
2025-11-04 11:04:03,306 [WARN] PackLoader:240 - Cannot read IP mode file for STMicroelectronics.FP-SNS-MOTENV1.5.0.0
2025-11-04 11:04:03,325 [WARN] PackLoader:240 - Cannot read IP mode file for STMicroelectronics.X-CUBE-BLE2.3.3.0
2025-11-04 11:04:03,338 [WARN] PackLoader:240 - Cannot read IP mode file for STMicroelectronics.X-CUBE-NFC9.1.0.0
2025-11-04 11:04:03,347 [WARN] PackLoader:240 - Cannot read IP mode file for wolfSSL.I-CUBE-wolfSSL.5.8.2
2025-11-04 11:04:03,363 [INFO] WebApp:191 - Connection restablished
2025-11-04 11:04:03,370 [WARN] PackLoader:240 - Cannot read IP mode file for STMicroelectronics.X-CUBE-BLE1.7.1.0
2025-11-04 11:04:03,387 [WARN] PackLoader:240 - Cannot read IP mode file for wolfSSL.I-CUBE-wolfMQTT.1.19.2
2025-11-04 11:04:03,402 [WARN] PackLoader:240 - Cannot read IP mode file for STMicroelectronics.X-CUBE-EEPRMA1.5.2.0
2025-11-04 11:04:03,422 [WARN] PackLoader:240 - Cannot read IP mode file for STMicroelectronics.X-CUBE-ST67W61.1.1.0
2025-11-04 11:04:03,469 [WARN] PackLoader:240 - Cannot read IP mode file for STMicroelectronics.X-CUBE-AZRTOS-G0.1.1.0
2025-11-04 11:04:03,489 [WARN] PackLoader:240 - Cannot read IP mode file for STMicroelectronics.X-CUBE-SAFEA1.1.2.2
2025-11-04 11:04:03,503 [WARN] PackLoader:240 - Cannot read IP mode file for STMicroelectronics.X-CUBE-NFC4.3.0.0
2025-11-04 11:04:03,529 [WARN] PackLoader:240 - Cannot read IP mode file for EmbeddedOffice.I-CUBE-FS-RTOS.1.0.1
2025-11-04 11:04:03,540 [WARN] PackLoader:240 - Cannot read IP mode file for STMicroelectronics.X-CUBE-WB05N.2.0.0
2025-11-04 11:04:03,549 [WARN] PackLoader:240 - Cannot read IP mode file for wolfSSL.I-CUBE-wolfTPM.3.8.0
2025-11-04 11:04:03,568 [WARN] PackLoader:240 - Cannot read IP mode file for STMicroelectronics.X-CUBE-TCPP.4.2.0
2025-11-04 11:04:03,586 [WARN] PackLoader:240 - Cannot read IP mode file for RealThread.X-CUBE-RT-Thread_Nano.4.1.1
2025-11-04 11:04:03,598 [WARN] PackLoader:240 - Cannot read IP mode file for STMicroelectronics.FP-ATR-SIGFOX1.3.2.0
2025-11-04 11:04:03,620 [WARN] PackLoader:240 - Cannot read IP mode file for ITTIA_DB.I-CUBE-ITTIADB.8.9.0
2025-11-04 11:04:03,677 [WARN] PackLoader:240 - Cannot read IP mode file for SEGGER.I-CUBE-embOS.1.3.1
2025-11-04 11:04:03,802 [WARN] PackLoader:240 - Cannot read IP mode file for STMicroelectronics.X-CUBE-ALGOBUILD.1.4.0
2025-11-04 11:04:03,920 [WARN] PackLoader:240 - Cannot read IP mode file for STMicroelectronics.X-CUBE-MEMS1.11.3.0
2025-11-04 11:04:04,192 [WARN] PackLoader:240 - Cannot read IP mode file for STMicroelectronics.X-CUBE-PM33A1.1.0.0
2025-11-04 11:04:04,214 [WARN] PackLoader:240 - Cannot read IP mode file for STMicroelectronics.X-CUBE-AZRTOS-F4.1.1.0
2025-11-04 11:04:04,226 [WARN] PackLoader:240 - Cannot read IP mode file for STMicroelectronics.X-CUBE-ISPU.2.1.0
2025-11-04 11:04:04,244 [WARN] PackLoader:240 - Cannot read IP mode file for STMicroelectronics.X-CUBE-IPS.3.2.0
2025-11-04 11:04:04,260 [WARN] PackLoader:240 - Cannot read IP mode file for STMicroelectronics.X-CUBE-NFC12.1.0.0
2025-11-04 11:04:04,294 [WARN] PackLoader:240 - Cannot read IP mode file for STMicroelectronics.X-CUBE-AZRTOS-L5.2.0.0
2025-11-04 11:04:04,307 [WARN] PackLoader:240 - Cannot read IP mode file for STMicroelectronics.X-CUBE-NFC6.3.1.0
2025-11-04 11:04:04,314 [WARN] PackLoader:240 - Cannot read IP mode file for STMicroelectronics.X-CUBE-FREERTOS.1.3.1
2025-11-04 11:04:04,323 [WARN] PackLoader:240 - Cannot read IP mode file for STMicroelectronics.X-CUBE-TOUCHGFX.4.26.0
2025-11-04 11:04:04,332 [WARN] PackLoader:240 - Cannot read IP mode file for STMicroelectronics.X-CUBE-DPower.1.3.0
2025-11-04 11:04:04,358 [WARN] ConditionMgr:438 - getConditionDescription Invalid condition id : LAN8742 Phy interface Condition cause : null
2025-11-04 11:04:04,359 [WARN] PackLoader:240 - Cannot read IP mode file for STMicroelectronics.X-CUBE-AZRTOS-L4.2.0.0
2025-11-04 11:04:04,360 [WARN] ConditionMgr:1044 - genDependencies : Invalid condition id : LAN8742 Phy interface Condition cause : null
2025-11-04 11:04:04,360 [WARN] ConditionMgr:1044 - genDependencies : Invalid condition id : LAN8742 Phy interface Condition cause : null
2025-11-04 11:04:04,361 [WARN] ConditionMgr:1044 - genDependencies : Invalid condition id : LAN8742 Phy interface Condition cause : null
2025-11-04 11:04:04,371 [WARN] PackLoader:240 - Cannot read IP mode file for STMicroelectronics.X-CUBE-SFXS2LP1.4.0.0
2025-11-04 11:04:04,383 [WARN] PackLoader:240 - Cannot read IP mode file for STMicroelectronics.X-CUBE-BLEMGR.4.1.0
2025-11-04 11:04:04,405 [WARN] ConditionMgr:438 - getConditionDescription Invalid condition id : UX DEVICE CLASS RTOS Condition cause : null
2025-11-04 11:04:04,405 [WARN] ConditionMgr:438 - getConditionDescription Invalid condition id : UX DEVICE CLASS RTOS Condition cause : null
2025-11-04 11:04:04,420 [WARN] PackLoader:240 - Cannot read IP mode file for STMicroelectronics.X-CUBE-AZRTOS-WB.2.0.0
2025-11-04 11:04:04,421 [WARN] ConditionMgr:1044 - genDependencies : Invalid condition id : UX DEVICE CLASS RTOS Condition cause : null
2025-11-04 11:04:04,422 [WARN] ConditionMgr:1044 - genDependencies : Invalid condition id : UX DEVICE CLASS RTOS Condition cause : null
2025-11-04 11:04:04,423 [WARN] ConditionMgr:1044 - genDependencies : Invalid condition id : UX DEVICE CLASS RTOS Condition cause : null
2025-11-04 11:04:04,424 [WARN] ConditionMgr:1044 - genDependencies : Invalid condition id : UX DEVICE CLASS RTOS Condition cause : null
2025-11-04 11:04:04,425 [WARN] ConditionMgr:1044 - genDependencies : Invalid condition id : UX DEVICE CLASS RTOS Condition cause : null
2025-11-04 11:04:04,439 [WARN] PackLoader:240 - Cannot read IP mode file for STMicroelectronics.X-CUBE-GNSS1.7.0.1
2025-11-04 11:04:04,447 [WARN] ConditionMgr:438 - getConditionDescription Invalid condition id : Cortex-A Device cause : null
2025-11-04 11:04:04,468 [WARN] ConditionMgr:1044 - genDependencies : Invalid condition id : Cortex-A Device cause : null
2025-11-04 11:04:04,470 [WARN] ConditionMgr:1044 - genDependencies : Invalid condition id : Cortex-A Device cause : null
2025-11-04 11:04:04,470 [WARN] ConditionMgr:1044 - genDependencies : Invalid condition id : Cortex-A Device cause : null
2025-11-04 11:04:04,490 [WARN] PackLoader:240 - Cannot read IP mode file for STMicroelectronics.X-CUBE-SUBG2.5.0.0
2025-11-04 11:04:04,536 [WARN] PackLoader:240 - Cannot read IP mode file for STMicroelectronics.X-CUBE-AZRTOS-H7RS.1.1.0
2025-11-04 11:04:04,610 [WARN] PackLoader:240 - Cannot read IP mode file for STMicroelectronics.X-CUBE-AZRTOS-G4.2.0.0
2025-11-04 11:04:04,626 [WARN] PackLoader:240 - Cannot read IP mode file for wolfSSL.I-CUBE-wolfSSH.1.4.20
2025-11-04 11:04:04,640 [WARN] PackLoader:240 - Cannot read IP mode file for STMicroelectronics.X-CUBE-NFC7.2.0.0
2025-11-04 11:04:04,651 [WARN] PackLoader:240 - Cannot read IP mode file for STMicroelectronics.X-CUBE-ALS.1.0.2
2025-11-04 11:04:04,667 [WARN] PackLoader:240 - Cannot read IP mode file for STMicroelectronics.X-CUBE-STSE01.1.0.0
2025-11-04 11:04:04,696 [WARN] PackLoader:240 - Cannot read IP mode file for STMicroelectronics.X-CUBE-TOF1.3.4.3
2025-11-04 11:04:04,734 [INFO] ThirdParty:978 - Integrity check success = true
2025-11-04 11:04:04,735 [INFO] IntegrityCheckThread:100 - exiting critical section [integrity check]
2025-11-04 11:04:04,736 [INFO] IntegrityCheckThread:103 - End integrity checks thread
2025-11-04 11:04:24,563 [ERROR] LogOutputStream:75 - [STDERR_REDIRECT] Nov 04, 2025 11:04:24 AM java.util.prefs.FileSystemPreferences checkLockFile0ErrorCode
2025-11-04 11:04:24,563 [ERROR] LogOutputStream:75 - [STDERR_REDIRECT] WARNING: Could not lock System prefs. Unix error code 2.
2025-11-04 11:04:24,564 [ERROR] LogOutputStream:75 - [STDERR_REDIRECT] 
2025-11-04 11:04:24,565 [ERROR] LogOutputStream:75 - [STDERR_REDIRECT] Nov 04, 2025 11:04:24 AM java.util.prefs.FileSystemPreferences syncWorld
2025-11-04 11:04:24,565 [ERROR] LogOutputStream:75 - [STDERR_REDIRECT] WARNING: Couldn't flush system prefs: java.util.prefs.BackingStoreException: Couldn't get file lock.
2025-11-04 11:04:24,566 [ERROR] LogOutputStream:75 - [STDERR_REDIRECT] 
2025-11-04 11:04:54,555 [ERROR] LogOutputStream:75 - [STDERR_REDIRECT] Nov 04, 2025 11:04:54 AM java.util.prefs.FileSystemPreferences checkLockFile0ErrorCode
2025-11-04 11:04:54,556 [ERROR] LogOutputStream:75 - [STDERR_REDIRECT] WARNING: Could not lock System prefs. Unix error code 2.
2025-11-04 11:04:54,556 [ERROR] LogOutputStream:75 - [STDERR_REDIRECT] 
2025-11-04 11:04:54,557 [ERROR] LogOutputStream:75 - [STDERR_REDIRECT] Nov 04, 2025 11:04:54 AM java.util.prefs.FileSystemPreferences syncWorld
2025-11-04 11:04:54,557 [ERROR] LogOutputStream:75 - [STDERR_REDIRECT] WARNING: Couldn't flush system prefs: java.util.prefs.BackingStoreException: Couldn't get file lock.
2025-11-04 11:04:54,557 [ERROR] LogOutputStream:75 - [STDERR_REDIRECT] 
2025-11-04 11:05:24,560 [ERROR] LogOutputStream:75 - [STDERR_REDIRECT] Nov 04, 2025 11:05:24 AM java.util.prefs.FileSystemPreferences checkLockFile0ErrorCode
2025-11-04 11:05:24,561 [ERROR] LogOutputStream:75 - [STDERR_REDIRECT] WARNING: Could not lock System prefs. Unix error code 2.
2025-11-04 11:05:24,562 [ERROR] LogOutputStream:75 - [STDERR_REDIRECT] 
2025-11-04 11:05:24,563 [ERROR] LogOutputStream:75 - [STDERR_REDIRECT] Nov 04, 2025 11:05:24 AM java.util.prefs.FileSystemPreferences syncWorld
2025-11-04 11:05:24,563 [ERROR] LogOutputStream:75 - [STDERR_REDIRECT] WARNING: Couldn't flush system prefs: java.util.prefs.BackingStoreException: Couldn't get file lock.
2025-11-04 11:05:24,563 [ERROR] LogOutputStream:75 - [STDERR_REDIRECT] 
2025-11-04 11:05:54,554 [ERROR] LogOutputStream:75 - [STDERR_REDIRECT] Nov 04, 2025 11:05:54 AM java.util.prefs.FileSystemPreferences checkLockFile0ErrorCode
2025-11-04 11:05:54,555 [ERROR] LogOutputStream:75 - [STDERR_REDIRECT] WARNING: Could not lock System prefs. Unix error code 2.
2025-11-04 11:05:54,555 [ERROR] LogOutputStream:75 - [STDERR_REDIRECT] 
2025-11-04 11:05:54,556 [ERROR] LogOutputStream:75 - [STDERR_REDIRECT] Nov 04, 2025 11:05:54 AM java.util.prefs.FileSystemPreferences syncWorld
2025-11-04 11:05:54,557 [ERROR] LogOutputStream:75 - [STDERR_REDIRECT] WARNING: Couldn't flush system prefs: java.util.prefs.BackingStoreException: Couldn't get file lock.
2025-11-04 11:05:54,557 [ERROR] LogOutputStream:75 - [STDERR_REDIRECT] 
2025-11-04 11:06:24,554 [ERROR] LogOutputStream:75 - [STDERR_REDIRECT] Nov 04, 2025 11:06:24 AM java.util.prefs.FileSystemPreferences checkLockFile0ErrorCode
2025-11-04 11:06:24,555 [ERROR] LogOutputStream:75 - [STDERR_REDIRECT] WARNING: Could not lock System prefs. Unix error code 2.
2025-11-04 11:06:24,555 [ERROR] LogOutputStream:75 - [STDERR_REDIRECT] 
2025-11-04 11:06:24,556 [ERROR] LogOutputStream:75 - [STDERR_REDIRECT] Nov 04, 2025 11:06:24 AM java.util.prefs.FileSystemPreferences syncWorld
2025-11-04 11:06:24,557 [ERROR] LogOutputStream:75 - [STDERR_REDIRECT] WARNING: Couldn't flush system prefs: java.util.prefs.BackingStoreException: Couldn't get file lock.
2025-11-04 11:06:24,557 [ERROR] LogOutputStream:75 - [STDERR_REDIRECT] 
2025-11-04 11:06:54,554 [ERROR] LogOutputStream:75 - [STDERR_REDIRECT] Nov 04, 2025 11:06:54 AM java.util.prefs.FileSystemPreferences checkLockFile0ErrorCode
2025-11-04 11:06:54,555 [ERROR] LogOutputStream:75 - [STDERR_REDIRECT] WARNING: Could not lock System prefs. Unix error code 2.
2025-11-04 11:06:54,556 [ERROR] LogOutputStream:75 - [STDERR_REDIRECT] 
2025-11-04 11:06:54,557 [ERROR] LogOutputStream:75 - [STDERR_REDIRECT] Nov 04, 2025 11:06:54 AM java.util.prefs.FileSystemPreferences syncWorld
2025-11-04 11:06:54,557 [ERROR] LogOutputStream:75 - [STDERR_REDIRECT] WARNING: Couldn't flush system prefs: java.util.prefs.BackingStoreException: Couldn't get file lock.
2025-11-04 11:06:54,558 [ERROR] LogOutputStream:75 - [STDERR_REDIRECT] 
2025-11-04 11:07:24,554 [ERROR] LogOutputStream:75 - [STDERR_REDIRECT] Nov 04, 2025 11:07:24 AM java.util.prefs.FileSystemPreferences checkLockFile0ErrorCode
2025-11-04 11:07:24,554 [ERROR] LogOutputStream:75 - [STDERR_REDIRECT] WARNING: Could not lock System prefs. Unix error code 2.
2025-11-04 11:07:24,554 [ERROR] LogOutputStream:75 - [STDERR_REDIRECT] 
2025-11-04 11:07:24,555 [ERROR] LogOutputStream:75 - [STDERR_REDIRECT] Nov 04, 2025 11:07:24 AM java.util.prefs.FileSystemPreferences syncWorld
2025-11-04 11:07:24,555 [ERROR] LogOutputStream:75 - [STDERR_REDIRECT] WARNING: Couldn't flush system prefs: java.util.prefs.BackingStoreException: Couldn't get file lock.
2025-11-04 11:07:24,555 [ERROR] LogOutputStream:75 - [STDERR_REDIRECT] 
2025-11-04 11:07:54,554 [ERROR] LogOutputStream:75 - [STDERR_REDIRECT] Nov 04, 2025 11:07:54 AM java.util.prefs.FileSystemPreferences checkLockFile0ErrorCode
2025-11-04 11:07:54,554 [ERROR] LogOutputStream:75 - [STDERR_REDIRECT] WARNING: Could not lock System prefs. Unix error code 2.
2025-11-04 11:07:54,554 [ERROR] LogOutputStream:75 - [STDERR_REDIRECT] 
2025-11-04 11:07:54,554 [ERROR] LogOutputStream:75 - [STDERR_REDIRECT] Nov 04, 2025 11:07:54 AM java.util.prefs.FileSystemPreferences syncWorld
2025-11-04 11:07:54,554 [ERROR] LogOutputStream:75 - [STDERR_REDIRECT] WARNING: Couldn't flush system prefs: java.util.prefs.BackingStoreException: Couldn't get file lock.
2025-11-04 11:07:54,554 [ERROR] LogOutputStream:75 - [STDERR_REDIRECT] 
2025-11-04 11:08:24,554 [ERROR] LogOutputStream:75 - [STDERR_REDIRECT] Nov 04, 2025 11:08:24 AM java.util.prefs.FileSystemPreferences checkLockFile0ErrorCode
2025-11-04 11:08:24,555 [ERROR] LogOutputStream:75 - [STDERR_REDIRECT] WARNING: Could not lock System prefs. Unix error code 2.
2025-11-04 11:08:24,555 [ERROR] LogOutputStream:75 - [STDERR_REDIRECT] 
2025-11-04 11:08:24,556 [ERROR] LogOutputStream:75 - [STDERR_REDIRECT] Nov 04, 2025 11:08:24 AM java.util.prefs.FileSystemPreferences syncWorld
2025-11-04 11:08:24,556 [ERROR] LogOutputStream:75 - [STDERR_REDIRECT] WARNING: Couldn't flush system prefs: java.util.prefs.BackingStoreException: Couldn't get file lock.
2025-11-04 11:08:24,556 [ERROR] LogOutputStream:75 - [STDERR_REDIRECT] 
2025-11-04 11:08:54,554 [ERROR] LogOutputStream:75 - [STDERR_REDIRECT] Nov 04, 2025 11:08:54 AM java.util.prefs.FileSystemPreferences checkLockFile0ErrorCode
2025-11-04 11:08:54,554 [ERROR] LogOutputStream:75 - [STDERR_REDIRECT] WARNING: Could not lock System prefs. Unix error code 2.
2025-11-04 11:08:54,554 [ERROR] LogOutputStream:75 - [STDERR_REDIRECT] 
2025-11-04 11:08:54,554 [ERROR] LogOutputStream:75 - [STDERR_REDIRECT] Nov 04, 2025 11:08:54 AM java.util.prefs.FileSystemPreferences syncWorld
2025-11-04 11:08:54,554 [ERROR] LogOutputStream:75 - [STDERR_REDIRECT] WARNING: Couldn't flush system prefs: java.util.prefs.BackingStoreException: Couldn't get file lock.
2025-11-04 11:08:54,554 [ERROR] LogOutputStream:75 - [STDERR_REDIRECT] 
2025-11-04 11:09:24,555 [ERROR] LogOutputStream:75 - [STDERR_REDIRECT] Nov 04, 2025 11:09:24 AM java.util.prefs.FileSystemPreferences checkLockFile0ErrorCode
2025-11-04 11:09:24,555 [ERROR] LogOutputStream:75 - [STDERR_REDIRECT] WARNING: Could not lock System prefs. Unix error code 2.
2025-11-04 11:09:24,555 [ERROR] LogOutputStream:75 - [STDERR_REDIRECT] 
2025-11-04 11:09:24,556 [ERROR] LogOutputStream:75 - [STDERR_REDIRECT] Nov 04, 2025 11:09:24 AM java.util.prefs.FileSystemPreferences syncWorld
2025-11-04 11:09:24,556 [ERROR] LogOutputStream:75 - [STDERR_REDIRECT] WARNING: Couldn't flush system prefs: java.util.prefs.BackingStoreException: Couldn't get file lock.
2025-11-04 11:09:24,556 [ERROR] LogOutputStream:75 - [STDERR_REDIRECT] 
2025-11-04 11:09:54,556 [ERROR] LogOutputStream:75 - [STDERR_REDIRECT] Nov 04, 2025 11:09:54 AM java.util.prefs.FileSystemPreferences checkLockFile0ErrorCode
2025-11-04 11:09:54,556 [ERROR] LogOutputStream:75 - [STDERR_REDIRECT] WARNING: Could not lock System prefs. Unix error code 2.
2025-11-04 11:09:54,556 [ERROR] LogOutputStream:75 - [STDERR_REDIRECT] 
2025-11-04 11:09:54,567 [ERROR] LogOutputStream:75 - [STDERR_REDIRECT] Nov 04, 2025 11:09:54 AM java.util.prefs.FileSystemPreferences syncWorld
2025-11-04 11:09:54,567 [ERROR] LogOutputStream:75 - [STDERR_REDIRECT] WARNING: Couldn't flush system prefs: java.util.prefs.BackingStoreException: Couldn't get file lock.
2025-11-04 11:09:54,567 [ERROR] LogOutputStream:75 - [STDERR_REDIRECT] 
2025-11-04 11:10:24,557 [ERROR] LogOutputStream:75 - [STDERR_REDIRECT] Nov 04, 2025 11:10:24 AM java.util.prefs.FileSystemPreferences checkLockFile0ErrorCode
2025-11-04 11:10:24,558 [ERROR] LogOutputStream:75 - [STDERR_REDIRECT] WARNING: Could not lock System prefs. Unix error code 2.
2025-11-04 11:10:24,558 [ERROR] LogOutputStream:75 - [STDERR_REDIRECT] 
2025-11-04 11:10:24,558 [ERROR] LogOutputStream:75 - [STDERR_REDIRECT] Nov 04, 2025 11:10:24 AM java.util.prefs.FileSystemPreferences syncWorld
2025-11-04 11:10:24,558 [ERROR] LogOutputStream:75 - [STDERR_REDIRECT] WARNING: Couldn't flush system prefs: java.util.prefs.BackingStoreException: Couldn't get file lock.
2025-11-04 11:10:24,559 [ERROR] LogOutputStream:75 - [STDERR_REDIRECT] 
2025-11-04 11:10:54,556 [ERROR] LogOutputStream:75 - [STDERR_REDIRECT] Nov 04, 2025 11:10:54 AM java.util.prefs.FileSystemPreferences checkLockFile0ErrorCode
2025-11-04 11:10:54,556 [ERROR] LogOutputStream:75 - [STDERR_REDIRECT] WARNING: Could not lock System prefs. Unix error code 2.
2025-11-04 11:10:54,556 [ERROR] LogOutputStream:75 - [STDERR_REDIRECT] 
2025-11-04 11:10:54,556 [ERROR] LogOutputStream:75 - [STDERR_REDIRECT] Nov 04, 2025 11:10:54 AM java.util.prefs.FileSystemPreferences syncWorld
2025-11-04 11:10:54,556 [ERROR] LogOutputStream:75 - [STDERR_REDIRECT] WARNING: Couldn't flush system prefs: java.util.prefs.BackingStoreException: Couldn't get file lock.
2025-11-04 11:10:54,556 [ERROR] LogOutputStream:75 - [STDERR_REDIRECT] 
2025-11-04 11:11:24,556 [ERROR] LogOutputStream:75 - [STDERR_REDIRECT] Nov 04, 2025 11:11:24 AM java.util.prefs.FileSystemPreferences checkLockFile0ErrorCode
2025-11-04 11:11:24,557 [ERROR] LogOutputStream:75 - [STDERR_REDIRECT] WARNING: Could not lock System prefs. Unix error code 2.
2025-11-04 11:11:24,557 [ERROR] LogOutputStream:75 - [STDERR_REDIRECT] 
2025-11-04 11:11:24,558 [ERROR] LogOutputStream:75 - [STDERR_REDIRECT] Nov 04, 2025 11:11:24 AM java.util.prefs.FileSystemPreferences syncWorld
2025-11-04 11:11:24,558 [ERROR] LogOutputStream:75 - [STDERR_REDIRECT] WARNING: Couldn't flush system prefs: java.util.prefs.BackingStoreException: Couldn't get file lock.
2025-11-04 11:11:24,558 [ERROR] LogOutputStream:75 - [STDERR_REDIRECT] 
2025-11-04 11:11:54,557 [ERROR] LogOutputStream:75 - [STDERR_REDIRECT] Nov 04, 2025 11:11:54 AM java.util.prefs.FileSystemPreferences checkLockFile0ErrorCode
2025-11-04 11:11:54,557 [ERROR] LogOutputStream:75 - [STDERR_REDIRECT] WARNING: Could not lock System prefs. Unix error code 2.
2025-11-04 11:11:54,557 [ERROR] LogOutputStream:75 - [STDERR_REDIRECT] 
2025-11-04 11:11:54,558 [ERROR] LogOutputStream:75 - [STDERR_REDIRECT] Nov 04, 2025 11:11:54 AM java.util.prefs.FileSystemPreferences syncWorld
2025-11-04 11:11:54,558 [ERROR] LogOutputStream:75 - [STDERR_REDIRECT] WARNING: Couldn't flush system prefs: java.util.prefs.BackingStoreException: Couldn't get file lock.
2025-11-04 11:11:54,558 [ERROR] LogOutputStream:75 - [STDERR_REDIRECT] 
2025-11-04 11:12:24,557 [ERROR] LogOutputStream:75 - [STDERR_REDIRECT] Nov 04, 2025 11:12:24 AM java.util.prefs.FileSystemPreferences checkLockFile0ErrorCode
2025-11-04 11:12:24,557 [ERROR] LogOutputStream:75 - [STDERR_REDIRECT] WARNING: Could not lock System prefs. Unix error code 2.
2025-11-04 11:12:24,557 [ERROR] LogOutputStream:75 - [STDERR_REDIRECT] 
2025-11-04 11:12:24,557 [ERROR] LogOutputStream:75 - [STDERR_REDIRECT] Nov 04, 2025 11:12:24 AM java.util.prefs.FileSystemPreferences syncWorld
2025-11-04 11:12:24,557 [ERROR] LogOutputStream:75 - [STDERR_REDIRECT] WARNING: Couldn't flush system prefs: java.util.prefs.BackingStoreException: Couldn't get file lock.
2025-11-04 11:12:24,557 [ERROR] LogOutputStream:75 - [STDERR_REDIRECT] 
2025-11-04 11:12:54,558 [ERROR] LogOutputStream:75 - [STDERR_REDIRECT] Nov 04, 2025 11:12:54 AM java.util.prefs.FileSystemPreferences checkLockFile0ErrorCode
2025-11-04 11:12:54,558 [ERROR] LogOutputStream:75 - [STDERR_REDIRECT] WARNING: Could not lock System prefs. Unix error code 2.
2025-11-04 11:12:54,558 [ERROR] LogOutputStream:75 - [STDERR_REDIRECT] 
2025-11-04 11:12:54,559 [ERROR] LogOutputStream:75 - [STDERR_REDIRECT] Nov 04, 2025 11:12:54 AM java.util.prefs.FileSystemPreferences syncWorld
2025-11-04 11:12:54,570 [ERROR] LogOutputStream:75 - [STDERR_REDIRECT] WARNING: Couldn't flush system prefs: java.util.prefs.BackingStoreException: Couldn't get file lock.
2025-11-04 11:12:54,570 [ERROR] LogOutputStream:75 - [STDERR_REDIRECT] 
2025-11-04 11:13:24,558 [ERROR] LogOutputStream:75 - [STDERR_REDIRECT] Nov 04, 2025 11:13:24 AM java.util.prefs.FileSystemPreferences checkLockFile0ErrorCode
2025-11-04 11:13:24,558 [ERROR] LogOutputStream:75 - [STDERR_REDIRECT] WARNING: Could not lock System prefs. Unix error code 2.
2025-11-04 11:13:24,558 [ERROR] LogOutputStream:75 - [STDERR_REDIRECT] 
2025-11-04 11:13:24,559 [ERROR] LogOutputStream:75 - [STDERR_REDIRECT] Nov 04, 2025 11:13:24 AM java.util.prefs.FileSystemPreferences syncWorld
2025-11-04 11:13:24,559 [ERROR] LogOutputStream:75 - [STDERR_REDIRECT] WARNING: Couldn't flush system prefs: java.util.prefs.BackingStoreException: Couldn't get file lock.
2025-11-04 11:13:24,559 [ERROR] LogOutputStream:75 - [STDERR_REDIRECT] 
2025-11-04 11:13:54,557 [ERROR] LogOutputStream:75 - [STDERR_REDIRECT] Nov 04, 2025 11:13:54 AM java.util.prefs.FileSystemPreferences checkLockFile0ErrorCode
2025-11-04 11:13:54,558 [ERROR] LogOutputStream:75 - [STDERR_REDIRECT] WARNING: Could not lock System prefs. Unix error code 2.
2025-11-04 11:13:54,558 [ERROR] LogOutputStream:75 - [STDERR_REDIRECT] 
2025-11-04 11:13:54,558 [ERROR] LogOutputStream:75 - [STDERR_REDIRECT] Nov 04, 2025 11:13:54 AM java.util.prefs.FileSystemPreferences syncWorld
2025-11-04 11:13:54,558 [ERROR] LogOutputStream:75 - [STDERR_REDIRECT] WARNING: Couldn't flush system prefs: java.util.prefs.BackingStoreException: Couldn't get file lock.
2025-11-04 11:13:54,559 [ERROR] LogOutputStream:75 - [STDERR_REDIRECT] 
2025-11-04 11:14:24,557 [ERROR] LogOutputStream:75 - [STDERR_REDIRECT] Nov 04, 2025 11:14:24 AM java.util.prefs.FileSystemPreferences checkLockFile0ErrorCode
2025-11-04 11:14:24,557 [ERROR] LogOutputStream:75 - [STDERR_REDIRECT] WARNING: Could not lock System prefs. Unix error code 2.
2025-11-04 11:14:24,558 [ERROR] LogOutputStream:75 - [STDERR_REDIRECT] 
2025-11-04 11:14:24,559 [ERROR] LogOutputStream:75 - [STDERR_REDIRECT] Nov 04, 2025 11:14:24 AM java.util.prefs.FileSystemPreferences syncWorld
2025-11-04 11:14:24,559 [ERROR] LogOutputStream:75 - [STDERR_REDIRECT] WARNING: Couldn't flush system prefs: java.util.prefs.BackingStoreException: Couldn't get file lock.
2025-11-04 11:14:24,559 [ERROR] LogOutputStream:75 - [STDERR_REDIRECT] 
2025-11-04 11:14:54,557 [ERROR] LogOutputStream:75 - [STDERR_REDIRECT] Nov 04, 2025 11:14:54 AM java.util.prefs.FileSystemPreferences checkLockFile0ErrorCode
2025-11-04 11:14:54,558 [ERROR] LogOutputStream:75 - [STDERR_REDIRECT] WARNING: Could not lock System prefs. Unix error code 2.
2025-11-04 11:14:54,558 [ERROR] LogOutputStream:75 - [STDERR_REDIRECT] 
2025-11-04 11:14:54,558 [ERROR] LogOutputStream:75 - [STDERR_REDIRECT] Nov 04, 2025 11:14:54 AM java.util.prefs.FileSystemPreferences syncWorld
2025-11-04 11:14:54,559 [ERROR] LogOutputStream:75 - [STDERR_REDIRECT] WARNING: Couldn't flush system prefs: java.util.prefs.BackingStoreException: Couldn't get file lock.
2025-11-04 11:14:54,559 [ERROR] LogOutputStream:75 - [STDERR_REDIRECT] 
2025-11-04 11:15:24,557 [ERROR] LogOutputStream:75 - [STDERR_REDIRECT] Nov 04, 2025 11:15:24 AM java.util.prefs.FileSystemPreferences checkLockFile0ErrorCode
2025-11-04 11:15:24,558 [ERROR] LogOutputStream:75 - [STDERR_REDIRECT] WARNING: Could not lock System prefs. Unix error code 2.
2025-11-04 11:15:24,558 [ERROR] LogOutputStream:75 - [STDERR_REDIRECT] 
2025-11-04 11:15:24,558 [ERROR] LogOutputStream:75 - [STDERR_REDIRECT] Nov 04, 2025 11:15:24 AM java.util.prefs.FileSystemPreferences syncWorld
2025-11-04 11:15:24,558 [ERROR] LogOutputStream:75 - [STDERR_REDIRECT] WARNING: Couldn't flush system prefs: java.util.prefs.BackingStoreException: Couldn't get file lock.
2025-11-04 11:15:24,558 [ERROR] LogOutputStream:75 - [STDERR_REDIRECT] 
2025-11-04 11:15:54,558 [ERROR] LogOutputStream:75 - [STDERR_REDIRECT] Nov 04, 2025 11:15:54 AM java.util.prefs.FileSystemPreferences checkLockFile0ErrorCode
2025-11-04 11:15:54,558 [ERROR] LogOutputStream:75 - [STDERR_REDIRECT] WARNING: Could not lock System prefs. Unix error code 2.
2025-11-04 11:15:54,568 [ERROR] LogOutputStream:75 - [STDERR_REDIRECT] 
2025-11-04 11:15:54,569 [ERROR] LogOutputStream:75 - [STDERR_REDIRECT] Nov 04, 2025 11:15:54 AM java.util.prefs.FileSystemPreferences syncWorld
2025-11-04 11:15:54,569 [ERROR] LogOutputStream:75 - [STDERR_REDIRECT] WARNING: Couldn't flush system prefs: java.util.prefs.BackingStoreException: Couldn't get file lock.
2025-11-04 11:15:54,570 [ERROR] LogOutputStream:75 - [STDERR_REDIRECT] 
2025-11-04 11:16:24,557 [ERROR] LogOutputStream:75 - [STDERR_REDIRECT] Nov 04, 2025 11:16:24 AM java.util.prefs.FileSystemPreferences checkLockFile0ErrorCode
2025-11-04 11:16:24,558 [ERROR] LogOutputStream:75 - [STDERR_REDIRECT] WARNING: Could not lock System prefs. Unix error code 2.
2025-11-04 11:16:24,558 [ERROR] LogOutputStream:75 - [STDERR_REDIRECT] 
2025-11-04 11:16:24,558 [ERROR] LogOutputStream:75 - [STDERR_REDIRECT] Nov 04, 2025 11:16:24 AM java.util.prefs.FileSystemPreferences syncWorld
2025-11-04 11:16:24,559 [ERROR] LogOutputStream:75 - [STDERR_REDIRECT] WARNING: Couldn't flush system prefs: java.util.prefs.BackingStoreException: Couldn't get file lock.
2025-11-04 11:16:24,559 [ERROR] LogOutputStream:75 - [STDERR_REDIRECT] 
2025-11-04 11:16:54,578 [ERROR] LogOutputStream:75 - [STDERR_REDIRECT] Nov 04, 2025 11:16:54 AM java.util.prefs.FileSystemPreferences checkLockFile0ErrorCode
2025-11-04 11:16:54,579 [ERROR] LogOutputStream:75 - [STDERR_REDIRECT] WARNING: Could not lock System prefs. Unix error code 2.
2025-11-04 11:16:54,579 [ERROR] LogOutputStream:75 - [STDERR_REDIRECT] 
2025-11-04 11:16:54,579 [ERROR] LogOutputStream:75 - [STDERR_REDIRECT] Nov 04, 2025 11:16:54 AM java.util.prefs.FileSystemPreferences syncWorld
2025-11-04 11:16:54,579 [ERROR] LogOutputStream:75 - [STDERR_REDIRECT] WARNING: Couldn't flush system prefs: java.util.prefs.BackingStoreException: Couldn't get file lock.
2025-11-04 11:16:54,579 [ERROR] LogOutputStream:75 - [STDERR_REDIRECT] 
2025-11-04 11:17:24,558 [ERROR] LogOutputStream:75 - [STDERR_REDIRECT] Nov 04, 2025 11:17:24 AM java.util.prefs.FileSystemPreferences checkLockFile0ErrorCode
2025-11-04 11:17:24,558 [ERROR] LogOutputStream:75 - [STDERR_REDIRECT] WARNING: Could not lock System prefs. Unix error code 2.
2025-11-04 11:17:24,558 [ERROR] LogOutputStream:75 - [STDERR_REDIRECT] 
2025-11-04 11:17:24,559 [ERROR] LogOutputStream:75 - [STDERR_REDIRECT] Nov 04, 2025 11:17:24 AM java.util.prefs.FileSystemPreferences syncWorld
2025-11-04 11:17:24,597 [ERROR] LogOutputStream:75 - [STDERR_REDIRECT] WARNING: Couldn't flush system prefs: java.util.prefs.BackingStoreException: Couldn't get file lock.
2025-11-04 11:17:24,597 [ERROR] LogOutputStream:75 - [STDERR_REDIRECT] 
2025-11-04 11:17:54,594 [ERROR] LogOutputStream:75 - [STDERR_REDIRECT] Nov 04, 2025 11:17:54 AM java.util.prefs.FileSystemPreferences checkLockFile0ErrorCode
2025-11-04 11:17:54,595 [ERROR] LogOutputStream:75 - [STDERR_REDIRECT] WARNING: Could not lock System prefs. Unix error code 2.
2025-11-04 11:17:54,595 [ERROR] LogOutputStream:75 - [STDERR_REDIRECT] 
2025-11-04 11:17:54,595 [ERROR] LogOutputStream:75 - [STDERR_REDIRECT] Nov 04, 2025 11:17:54 AM java.util.prefs.FileSystemPreferences syncWorld
2025-11-04 11:17:54,595 [ERROR] LogOutputStream:75 - [STDERR_REDIRECT] WARNING: Couldn't flush system prefs: java.util.prefs.BackingStoreException: Couldn't get file lock.
2025-11-04 11:17:54,595 [ERROR] LogOutputStream:75 - [STDERR_REDIRECT] 
2025-11-04 11:18:24,558 [ERROR] LogOutputStream:75 - [STDERR_REDIRECT] Nov 04, 2025 11:18:24 AM java.util.prefs.FileSystemPreferences checkLockFile0ErrorCode
2025-11-04 11:18:24,558 [ERROR] LogOutputStream:75 - [STDERR_REDIRECT] WARNING: Could not lock System prefs. Unix error code 2.
2025-11-04 11:18:24,558 [ERROR] LogOutputStream:75 - [STDERR_REDIRECT] 
2025-11-04 11:18:24,559 [ERROR] LogOutputStream:75 - [STDERR_REDIRECT] Nov 04, 2025 11:18:24 AM java.util.prefs.FileSystemPreferences syncWorld
2025-11-04 11:18:24,559 [ERROR] LogOutputStream:75 - [STDERR_REDIRECT] WARNING: Couldn't flush system prefs: java.util.prefs.BackingStoreException: Couldn't get file lock.
2025-11-04 11:18:24,559 [ERROR] LogOutputStream:75 - [STDERR_REDIRECT] 
2025-11-04 11:18:54,557 [ERROR] LogOutputStream:75 - [STDERR_REDIRECT] Nov 04, 2025 11:18:54 AM java.util.prefs.FileSystemPreferences checkLockFile0ErrorCode
2025-11-04 11:18:54,558 [ERROR] LogOutputStream:75 - [STDERR_REDIRECT] WARNING: Could not lock System prefs. Unix error code 2.
2025-11-04 11:18:54,558 [ERROR] LogOutputStream:75 - [STDERR_REDIRECT] 
2025-11-04 11:18:54,558 [ERROR] LogOutputStream:75 - [STDERR_REDIRECT] Nov 04, 2025 11:18:54 AM java.util.prefs.FileSystemPreferences syncWorld
2025-11-04 11:18:54,559 [ERROR] LogOutputStream:75 - [STDERR_REDIRECT] WARNING: Couldn't flush system prefs: java.util.prefs.BackingStoreException: Couldn't get file lock.
2025-11-04 11:18:54,559 [ERROR] LogOutputStream:75 - [STDERR_REDIRECT] 
2025-11-04 11:19:24,558 [ERROR] LogOutputStream:75 - [STDERR_REDIRECT] Nov 04, 2025 11:19:24 AM java.util.prefs.FileSystemPreferences checkLockFile0ErrorCode
2025-11-04 11:19:24,558 [ERROR] LogOutputStream:75 - [STDERR_REDIRECT] WARNING: Could not lock System prefs. Unix error code 2.
2025-11-04 11:19:24,558 [ERROR] LogOutputStream:75 - [STDERR_REDIRECT] 
2025-11-04 11:19:24,558 [ERROR] LogOutputStream:75 - [STDERR_REDIRECT] Nov 04, 2025 11:19:24 AM java.util.prefs.FileSystemPreferences syncWorld
2025-11-04 11:19:24,558 [ERROR] LogOutputStream:75 - [STDERR_REDIRECT] WARNING: Couldn't flush system prefs: java.util.prefs.BackingStoreException: Couldn't get file lock.
2025-11-04 11:19:24,559 [ERROR] LogOutputStream:75 - [STDERR_REDIRECT] 
2025-11-04 11:19:54,558 [ERROR] LogOutputStream:75 - [STDERR_REDIRECT] Nov 04, 2025 11:19:54 AM java.util.prefs.FileSystemPreferences checkLockFile0ErrorCode
2025-11-04 11:19:54,558 [ERROR] LogOutputStream:75 - [STDERR_REDIRECT] WARNING: Could not lock System prefs. Unix error code 2.
2025-11-04 11:19:54,558 [ERROR] LogOutputStream:75 - [STDERR_REDIRECT] 
2025-11-04 11:19:54,558 [ERROR] LogOutputStream:75 - [STDERR_REDIRECT] Nov 04, 2025 11:19:54 AM java.util.prefs.FileSystemPreferences syncWorld
2025-11-04 11:19:54,558 [ERROR] LogOutputStream:75 - [STDERR_REDIRECT] WARNING: Couldn't flush system prefs: java.util.prefs.BackingStoreException: Couldn't get file lock.
2025-11-04 11:19:54,601 [ERROR] LogOutputStream:75 - [STDERR_REDIRECT] 
2025-11-04 11:20:24,559 [ERROR] LogOutputStream:75 - [STDERR_REDIRECT] Nov 04, 2025 11:20:24 AM java.util.prefs.FileSystemPreferences checkLockFile0ErrorCode
2025-11-04 11:20:24,559 [ERROR] LogOutputStream:75 - [STDERR_REDIRECT] WARNING: Could not lock System prefs. Unix error code 2.
2025-11-04 11:20:24,559 [ERROR] LogOutputStream:75 - [STDERR_REDIRECT] 
2025-11-04 11:20:24,559 [ERROR] LogOutputStream:75 - [STDERR_REDIRECT] Nov 04, 2025 11:20:24 AM java.util.prefs.FileSystemPreferences syncWorld
2025-11-04 11:20:24,559 [ERROR] LogOutputStream:75 - [STDERR_REDIRECT] WARNING: Couldn't flush system prefs: java.util.prefs.BackingStoreException: Couldn't get file lock.
2025-11-04 11:20:24,559 [ERROR] LogOutputStream:75 - [STDERR_REDIRECT] 
2025-11-04 11:20:54,559 [ERROR] LogOutputStream:75 - [STDERR_REDIRECT] Nov 04, 2025 11:20:54 AM java.util.prefs.FileSystemPreferences checkLockFile0ErrorCode
2025-11-04 11:20:54,559 [ERROR] LogOutputStream:75 - [STDERR_REDIRECT] WARNING: Could not lock System prefs. Unix error code 2.
2025-11-04 11:20:54,559 [ERROR] LogOutputStream:75 - [STDERR_REDIRECT] 
2025-11-04 11:20:54,560 [ERROR] LogOutputStream:75 - [STDERR_REDIRECT] Nov 04, 2025 11:20:54 AM java.util.prefs.FileSystemPreferences syncWorld
2025-11-04 11:20:54,560 [ERROR] LogOutputStream:75 - [STDERR_REDIRECT] WARNING: Couldn't flush system prefs: java.util.prefs.BackingStoreException: Couldn't get file lock.
2025-11-04 11:20:54,560 [ERROR] LogOutputStream:75 - [STDERR_REDIRECT] 
2025-11-04 11:21:24,558 [ERROR] LogOutputStream:75 - [STDERR_REDIRECT] Nov 04, 2025 11:21:24 AM java.util.prefs.FileSystemPreferences checkLockFile0ErrorCode
2025-11-04 11:21:24,558 [ERROR] LogOutputStream:75 - [STDERR_REDIRECT] WARNING: Could not lock System prefs. Unix error code 2.
2025-11-04 11:21:24,558 [ERROR] LogOutputStream:75 - [STDERR_REDIRECT] 
2025-11-04 11:21:24,559 [ERROR] LogOutputStream:75 - [STDERR_REDIRECT] Nov 04, 2025 11:21:24 AM java.util.prefs.FileSystemPreferences syncWorld
2025-11-04 11:21:24,559 [ERROR] LogOutputStream:75 - [STDERR_REDIRECT] WARNING: Couldn't flush system prefs: java.util.prefs.BackingStoreException: Couldn't get file lock.
2025-11-04 11:21:24,559 [ERROR] LogOutputStream:75 - [STDERR_REDIRECT] 
2025-11-04 11:21:54,559 [ERROR] LogOutputStream:75 - [STDERR_REDIRECT] Nov 04, 2025 11:21:54 AM java.util.prefs.FileSystemPreferences checkLockFile0ErrorCode
2025-11-04 11:21:54,559 [ERROR] LogOutputStream:75 - [STDERR_REDIRECT] WARNING: Could not lock System prefs. Unix error code 2.
2025-11-04 11:21:54,559 [ERROR] LogOutputStream:75 - [STDERR_REDIRECT] 
2025-11-04 11:21:54,559 [ERROR] LogOutputStream:75 - [STDERR_REDIRECT] Nov 04, 2025 11:21:54 AM java.util.prefs.FileSystemPreferences syncWorld
2025-11-04 11:21:54,559 [ERROR] LogOutputStream:75 - [STDERR_REDIRECT] WARNING: Couldn't flush system prefs: java.util.prefs.BackingStoreException: Couldn't get file lock.
2025-11-04 11:21:54,559 [ERROR] LogOutputStream:75 - [STDERR_REDIRECT] 
2025-11-04 11:22:24,560 [ERROR] LogOutputStream:75 - [STDERR_REDIRECT] Nov 04, 2025 11:22:24 AM java.util.prefs.FileSystemPreferences checkLockFile0ErrorCode
2025-11-04 11:22:24,570 [ERROR] LogOutputStream:75 - [STDERR_REDIRECT] WARNING: Could not lock System prefs. Unix error code 2.
2025-11-04 11:22:24,571 [ERROR] LogOutputStream:75 - [STDERR_REDIRECT] 
2025-11-04 11:22:24,571 [ERROR] LogOutputStream:75 - [STDERR_REDIRECT] Nov 04, 2025 11:22:24 AM java.util.prefs.FileSystemPreferences syncWorld
2025-11-04 11:22:24,571 [ERROR] LogOutputStream:75 - [STDERR_REDIRECT] WARNING: Couldn't flush system prefs: java.util.prefs.BackingStoreException: Couldn't get file lock.
2025-11-04 11:22:24,571 [ERROR] LogOutputStream:75 - [STDERR_REDIRECT] 
2025-11-04 11:22:54,560 [ERROR] LogOutputStream:75 - [STDERR_REDIRECT] Nov 04, 2025 11:22:54 AM java.util.prefs.FileSystemPreferences checkLockFile0ErrorCode
2025-11-04 11:22:54,560 [ERROR] LogOutputStream:75 - [STDERR_REDIRECT] WARNING: Could not lock System prefs. Unix error code 2.
2025-11-04 11:22:54,560 [ERROR] LogOutputStream:75 - [STDERR_REDIRECT] 
2025-11-04 11:22:54,560 [ERROR] LogOutputStream:75 - [STDERR_REDIRECT] Nov 04, 2025 11:22:54 AM java.util.prefs.FileSystemPreferences syncWorld
2025-11-04 11:22:54,561 [ERROR] LogOutputStream:75 - [STDERR_REDIRECT] WARNING: Couldn't flush system prefs: java.util.prefs.BackingStoreException: Couldn't get file lock.
2025-11-04 11:22:54,561 [ERROR] LogOutputStream:75 - [STDERR_REDIRECT] 
2025-11-04 11:23:24,561 [ERROR] LogOutputStream:75 - [STDERR_REDIRECT] Nov 04, 2025 11:23:24 AM java.util.prefs.FileSystemPreferences checkLockFile0ErrorCode
2025-11-04 11:23:24,562 [ERROR] LogOutputStream:75 - [STDERR_REDIRECT] WARNING: Could not lock System prefs. Unix error code 2.
2025-11-04 11:23:24,562 [ERROR] LogOutputStream:75 - [STDERR_REDIRECT] 
2025-11-04 11:23:24,563 [ERROR] LogOutputStream:75 - [STDERR_REDIRECT] Nov 04, 2025 11:23:24 AM java.util.prefs.FileSystemPreferences syncWorld
2025-11-04 11:23:24,563 [ERROR] LogOutputStream:75 - [STDERR_REDIRECT] WARNING: Couldn't flush system prefs: java.util.prefs.BackingStoreException: Couldn't get file lock.
2025-11-04 11:23:24,563 [ERROR] LogOutputStream:75 - [STDERR_REDIRECT] 
2025-11-04 11:23:54,561 [ERROR] LogOutputStream:75 - [STDERR_REDIRECT] Nov 04, 2025 11:23:54 AM java.util.prefs.FileSystemPreferences checkLockFile0ErrorCode
2025-11-04 11:23:54,561 [ERROR] LogOutputStream:75 - [STDERR_REDIRECT] WARNING: Could not lock System prefs. Unix error code 2.
2025-11-04 11:23:54,561 [ERROR] LogOutputStream:75 - [STDERR_REDIRECT] 
2025-11-04 11:23:54,561 [ERROR] LogOutputStream:75 - [STDERR_REDIRECT] Nov 04, 2025 11:23:54 AM java.util.prefs.FileSystemPreferences syncWorld
2025-11-04 11:23:54,562 [ERROR] LogOutputStream:75 - [STDERR_REDIRECT] WARNING: Couldn't flush system prefs: java.util.prefs.BackingStoreException: Couldn't get file lock.
2025-11-04 11:23:54,562 [ERROR] LogOutputStream:75 - [STDERR_REDIRECT] 
2025-11-04 11:24:24,560 [ERROR] LogOutputStream:75 - [STDERR_REDIRECT] Nov 04, 2025 11:24:24 AM java.util.prefs.FileSystemPreferences checkLockFile0ErrorCode
2025-11-04 11:24:24,561 [ERROR] LogOutputStream:75 - [STDERR_REDIRECT] WARNING: Could not lock System prefs. Unix error code 2.
2025-11-04 11:24:24,561 [ERROR] LogOutputStream:75 - [STDERR_REDIRECT] 
2025-11-04 11:24:24,561 [ERROR] LogOutputStream:75 - [STDERR_REDIRECT] Nov 04, 2025 11:24:24 AM java.util.prefs.FileSystemPreferences syncWorld
2025-11-04 11:24:24,561 [ERROR] LogOutputStream:75 - [STDERR_REDIRECT] WARNING: Couldn't flush system prefs: java.util.prefs.BackingStoreException: Couldn't get file lock.
2025-11-04 11:24:24,562 [ERROR] LogOutputStream:75 - [STDERR_REDIRECT] 
2025-11-04 11:24:54,561 [ERROR] LogOutputStream:75 - [STDERR_REDIRECT] Nov 04, 2025 11:24:54 AM java.util.prefs.FileSystemPreferences checkLockFile0ErrorCode
2025-11-04 11:24:54,561 [ERROR] LogOutputStream:75 - [STDERR_REDIRECT] WARNING: Could not lock System prefs. Unix error code 2.
2025-11-04 11:24:54,561 [ERROR] LogOutputStream:75 - [STDERR_REDIRECT] 
2025-11-04 11:24:54,561 [ERROR] LogOutputStream:75 - [STDERR_REDIRECT] Nov 04, 2025 11:24:54 AM java.util.prefs.FileSystemPreferences syncWorld
2025-11-04 11:24:54,562 [ERROR] LogOutputStream:75 - [STDERR_REDIRECT] WARNING: Couldn't flush system prefs: java.util.prefs.BackingStoreException: Couldn't get file lock.
2025-11-04 11:24:54,562 [ERROR] LogOutputStream:75 - [STDERR_REDIRECT] 
2025-11-04 11:25:24,570 [ERROR] LogOutputStream:75 - [STDERR_REDIRECT] Nov 04, 2025 11:25:24 AM java.util.prefs.FileSystemPreferences checkLockFile0ErrorCode
2025-11-04 11:25:24,571 [ERROR] LogOutputStream:75 - [STDERR_REDIRECT] WARNING: Could not lock System prefs. Unix error code 2.
2025-11-04 11:25:24,582 [ERROR] LogOutputStream:75 - [STDERR_REDIRECT] 
2025-11-04 11:25:24,583 [ERROR] LogOutputStream:75 - [STDERR_REDIRECT] Nov 04, 2025 11:25:24 AM java.util.prefs.FileSystemPreferences syncWorld
2025-11-04 11:25:24,583 [ERROR] LogOutputStream:75 - [STDERR_REDIRECT] WARNING: Couldn't flush system prefs: java.util.prefs.BackingStoreException: Couldn't get file lock.
2025-11-04 11:25:24,583 [ERROR] LogOutputStream:75 - [STDERR_REDIRECT] 
2025-11-04 11:25:54,562 [ERROR] LogOutputStream:75 - [STDERR_REDIRECT] Nov 04, 2025 11:25:54 AM java.util.prefs.FileSystemPreferences checkLockFile0ErrorCode
2025-11-04 11:25:54,563 [ERROR] LogOutputStream:75 - [STDERR_REDIRECT] WARNING: Could not lock System prefs. Unix error code 2.
2025-11-04 11:25:54,563 [ERROR] LogOutputStream:75 - [STDERR_REDIRECT] 
2025-11-04 11:25:54,563 [ERROR] LogOutputStream:75 - [STDERR_REDIRECT] Nov 04, 2025 11:25:54 AM java.util.prefs.FileSystemPreferences syncWorld
2025-11-04 11:25:54,563 [ERROR] LogOutputStream:75 - [STDERR_REDIRECT] WARNING: Couldn't flush system prefs: java.util.prefs.BackingStoreException: Couldn't get file lock.
2025-11-04 11:25:54,564 [ERROR] LogOutputStream:75 - [STDERR_REDIRECT] 
2025-11-04 11:26:24,572 [ERROR] LogOutputStream:75 - [STDERR_REDIRECT] Nov 04, 2025 11:26:24 AM java.util.prefs.FileSystemPreferences checkLockFile0ErrorCode
2025-11-04 11:26:24,573 [ERROR] LogOutputStream:75 - [STDERR_REDIRECT] WARNING: Could not lock System prefs. Unix error code 2.
2025-11-04 11:26:24,573 [ERROR] LogOutputStream:75 - [STDERR_REDIRECT] 
2025-11-04 11:26:24,573 [ERROR] LogOutputStream:75 - [STDERR_REDIRECT] Nov 04, 2025 11:26:24 AM java.util.prefs.FileSystemPreferences syncWorld
2025-11-04 11:26:24,573 [ERROR] LogOutputStream:75 - [STDERR_REDIRECT] WARNING: Couldn't flush system prefs: java.util.prefs.BackingStoreException: Couldn't get file lock.
2025-11-04 11:26:24,573 [ERROR] LogOutputStream:75 - [STDERR_REDIRECT] 
2025-11-04 11:26:54,561 [ERROR] LogOutputStream:75 - [STDERR_REDIRECT] Nov 04, 2025 11:26:54 AM java.util.prefs.FileSystemPreferences checkLockFile0ErrorCode
2025-11-04 11:26:54,561 [ERROR] LogOutputStream:75 - [STDERR_REDIRECT] WARNING: Could not lock System prefs. Unix error code 2.
2025-11-04 11:26:54,561 [ERROR] LogOutputStream:75 - [STDERR_REDIRECT] 
2025-11-04 11:26:54,562 [ERROR] LogOutputStream:75 - [STDERR_REDIRECT] Nov 04, 2025 11:26:54 AM java.util.prefs.FileSystemPreferences syncWorld
2025-11-04 11:26:54,562 [ERROR] LogOutputStream:75 - [STDERR_REDIRECT] WARNING: Couldn't flush system prefs: java.util.prefs.BackingStoreException: Couldn't get file lock.
2025-11-04 11:26:54,562 [ERROR] LogOutputStream:75 - [STDERR_REDIRECT] 
2025-11-04 11:27:24,561 [ERROR] LogOutputStream:75 - [STDERR_REDIRECT] Nov 04, 2025 11:27:24 AM java.util.prefs.FileSystemPreferences checkLockFile0ErrorCode
2025-11-04 11:27:24,562 [ERROR] LogOutputStream:75 - [STDERR_REDIRECT] WARNING: Could not lock System prefs. Unix error code 2.
2025-11-04 11:27:24,562 [ERROR] LogOutputStream:75 - [STDERR_REDIRECT] 
2025-11-04 11:27:24,562 [ERROR] LogOutputStream:75 - [STDERR_REDIRECT] Nov 04, 2025 11:27:24 AM java.util.prefs.FileSystemPreferences syncWorld
2025-11-04 11:27:24,563 [ERROR] LogOutputStream:75 - [STDERR_REDIRECT] WARNING: Couldn't flush system prefs: java.util.prefs.BackingStoreException: Couldn't get file lock.
2025-11-04 11:27:24,563 [ERROR] LogOutputStream:75 - [STDERR_REDIRECT] 
2025-11-04 11:27:54,561 [ERROR] LogOutputStream:75 - [STDERR_REDIRECT] Nov 04, 2025 11:27:54 AM java.util.prefs.FileSystemPreferences checkLockFile0ErrorCode
2025-11-04 11:27:54,561 [ERROR] LogOutputStream:75 - [STDERR_REDIRECT] WARNING: Could not lock System prefs. Unix error code 2.
2025-11-04 11:27:54,561 [ERROR] LogOutputStream:75 - [STDERR_REDIRECT] 
2025-11-04 11:27:54,561 [ERROR] LogOutputStream:75 - [STDERR_REDIRECT] Nov 04, 2025 11:27:54 AM java.util.prefs.FileSystemPreferences syncWorld
2025-11-04 11:27:54,561 [ERROR] LogOutputStream:75 - [STDERR_REDIRECT] WARNING: Couldn't flush system prefs: java.util.prefs.BackingStoreException: Couldn't get file lock.
2025-11-04 11:27:54,561 [ERROR] LogOutputStream:75 - [STDERR_REDIRECT] 
2025-11-04 11:28:24,562 [ERROR] LogOutputStream:75 - [STDERR_REDIRECT] Nov 04, 2025 11:28:24 AM java.util.prefs.FileSystemPreferences checkLockFile0ErrorCode
2025-11-04 11:28:24,563 [ERROR] LogOutputStream:75 - [STDERR_REDIRECT] WARNING: Could not lock System prefs. Unix error code 2.
2025-11-04 11:28:24,563 [ERROR] LogOutputStream:75 - [STDERR_REDIRECT] 
2025-11-04 11:28:24,563 [ERROR] LogOutputStream:75 - [STDERR_REDIRECT] Nov 04, 2025 11:28:24 AM java.util.prefs.FileSystemPreferences syncWorld
2025-11-04 11:28:24,563 [ERROR] LogOutputStream:75 - [STDERR_REDIRECT] WARNING: Couldn't flush system prefs: java.util.prefs.BackingStoreException: Couldn't get file lock.
2025-11-04 11:28:24,563 [ERROR] LogOutputStream:75 - [STDERR_REDIRECT] 
2025-11-04 11:28:54,561 [ERROR] LogOutputStream:75 - [STDERR_REDIRECT] Nov 04, 2025 11:28:54 AM java.util.prefs.FileSystemPreferences checkLockFile0ErrorCode
2025-11-04 11:28:54,561 [ERROR] LogOutputStream:75 - [STDERR_REDIRECT] WARNING: Could not lock System prefs. Unix error code 2.
2025-11-04 11:28:54,561 [ERROR] LogOutputStream:75 - [STDERR_REDIRECT] 
2025-11-04 11:28:54,561 [ERROR] LogOutputStream:75 - [STDERR_REDIRECT] Nov 04, 2025 11:28:54 AM java.util.prefs.FileSystemPreferences syncWorld
2025-11-04 11:28:54,562 [ERROR] LogOutputStream:75 - [STDERR_REDIRECT] WARNING: Couldn't flush system prefs: java.util.prefs.BackingStoreException: Couldn't get file lock.
2025-11-04 11:28:54,562 [ERROR] LogOutputStream:75 - [STDERR_REDIRECT] 
2025-11-04 11:29:24,561 [ERROR] LogOutputStream:75 - [STDERR_REDIRECT] Nov 04, 2025 11:29:24 AM java.util.prefs.FileSystemPreferences checkLockFile0ErrorCode
2025-11-04 11:29:24,562 [ERROR] LogOutputStream:75 - [STDERR_REDIRECT] WARNING: Could not lock System prefs. Unix error code 2.
2025-11-04 11:29:24,562 [ERROR] LogOutputStream:75 - [STDERR_REDIRECT] 
2025-11-04 11:29:24,563 [ERROR] LogOutputStream:75 - [STDERR_REDIRECT] Nov 04, 2025 11:29:24 AM java.util.prefs.FileSystemPreferences syncWorld
2025-11-04 11:29:24,563 [ERROR] LogOutputStream:75 - [STDERR_REDIRECT] WARNING: Couldn't flush system prefs: java.util.prefs.BackingStoreException: Couldn't get file lock.
2025-11-04 11:29:24,563 [ERROR] LogOutputStream:75 - [STDERR_REDIRECT] 
2025-11-04 11:29:54,561 [ERROR] LogOutputStream:75 - [STDERR_REDIRECT] Nov 04, 2025 11:29:54 AM java.util.prefs.FileSystemPreferences checkLockFile0ErrorCode
2025-11-04 11:29:54,561 [ERROR] LogOutputStream:75 - [STDERR_REDIRECT] WARNING: Could not lock System prefs. Unix error code 2.
2025-11-04 11:29:54,561 [ERROR] LogOutputStream:75 - [STDERR_REDIRECT] 
2025-11-04 11:29:54,562 [ERROR] LogOutputStream:75 - [STDERR_REDIRECT] Nov 04, 2025 11:29:54 AM java.util.prefs.FileSystemPreferences syncWorld
2025-11-04 11:29:54,562 [ERROR] LogOutputStream:75 - [STDERR_REDIRECT] WARNING: Couldn't flush system prefs: java.util.prefs.BackingStoreException: Couldn't get file lock.
2025-11-04 11:29:54,562 [ERROR] LogOutputStream:75 - [STDERR_REDIRECT] 
2025-11-04 11:30:24,561 [ERROR] LogOutputStream:75 - [STDERR_REDIRECT] Nov 04, 2025 11:30:24 AM java.util.prefs.FileSystemPreferences checkLockFile0ErrorCode
2025-11-04 11:30:24,562 [ERROR] LogOutputStream:75 - [STDERR_REDIRECT] WARNING: Could not lock System prefs. Unix error code 2.
2025-11-04 11:30:24,562 [ERROR] LogOutputStream:75 - [STDERR_REDIRECT] 
2025-11-04 11:30:24,563 [ERROR] LogOutputStream:75 - [STDERR_REDIRECT] Nov 04, 2025 11:30:24 AM java.util.prefs.FileSystemPreferences syncWorld
2025-11-04 11:30:24,563 [ERROR] LogOutputStream:75 - [STDERR_REDIRECT] WARNING: Couldn't flush system prefs: java.util.prefs.BackingStoreException: Couldn't get file lock.
2025-11-04 11:30:24,563 [ERROR] LogOutputStream:75 - [STDERR_REDIRECT] 
2025-11-04 11:30:54,561 [ERROR] LogOutputStream:75 - [STDERR_REDIRECT] Nov 04, 2025 11:30:54 AM java.util.prefs.FileSystemPreferences checkLockFile0ErrorCode
2025-11-04 11:30:54,561 [ERROR] LogOutputStream:75 - [STDERR_REDIRECT] WARNING: Could not lock System prefs. Unix error code 2.
2025-11-04 11:30:54,562 [ERROR] LogOutputStream:75 - [STDERR_REDIRECT] 
2025-11-04 11:30:54,562 [ERROR] LogOutputStream:75 - [STDERR_REDIRECT] Nov 04, 2025 11:30:54 AM java.util.prefs.FileSystemPreferences syncWorld
2025-11-04 11:30:54,563 [ERROR] LogOutputStream:75 - [STDERR_REDIRECT] WARNING: Couldn't flush system prefs: java.util.prefs.BackingStoreException: Couldn't get file lock.
2025-11-04 11:30:54,563 [ERROR] LogOutputStream:75 - [STDERR_REDIRECT] 
2025-11-04 11:31:24,561 [ERROR] LogOutputStream:75 - [STDERR_REDIRECT] Nov 04, 2025 11:31:24 AM java.util.prefs.FileSystemPreferences checkLockFile0ErrorCode
2025-11-04 11:31:24,561 [ERROR] LogOutputStream:75 - [STDERR_REDIRECT] WARNING: Could not lock System prefs. Unix error code 2.
2025-11-04 11:31:24,561 [ERROR] LogOutputStream:75 - [STDERR_REDIRECT] 
2025-11-04 11:31:24,562 [ERROR] LogOutputStream:75 - [STDERR_REDIRECT] Nov 04, 2025 11:31:24 AM java.util.prefs.FileSystemPreferences syncWorld
2025-11-04 11:31:24,562 [ERROR] LogOutputStream:75 - [STDERR_REDIRECT] WARNING: Couldn't flush system prefs: java.util.prefs.BackingStoreException: Couldn't get file lock.
2025-11-04 11:31:24,563 [ERROR] LogOutputStream:75 - [STDERR_REDIRECT] 
2025-11-04 11:31:54,561 [ERROR] LogOutputStream:75 - [STDERR_REDIRECT] Nov 04, 2025 11:31:54 AM java.util.prefs.FileSystemPreferences checkLockFile0ErrorCode
2025-11-04 11:31:54,561 [ERROR] LogOutputStream:75 - [STDERR_REDIRECT] WARNING: Could not lock System prefs. Unix error code 2.
2025-11-04 11:31:54,561 [ERROR] LogOutputStream:75 - [STDERR_REDIRECT] 
2025-11-04 11:31:54,562 [ERROR] LogOutputStream:75 - [STDERR_REDIRECT] Nov 04, 2025 11:31:54 AM java.util.prefs.FileSystemPreferences syncWorld
2025-11-04 11:31:54,562 [ERROR] LogOutputStream:75 - [STDERR_REDIRECT] WARNING: Couldn't flush system prefs: java.util.prefs.BackingStoreException: Couldn't get file lock.
2025-11-04 11:31:54,562 [ERROR] LogOutputStream:75 - [STDERR_REDIRECT] 
