2025-10-28 14:17:46,810 [INFO] Activator:176 - 


2025-10-28 14:17:46,819 [INFO] Activator:177 - !SESSION log4j initialized
2025-10-28 14:17:51,256 [ERROR] LogOutputStream:75 - [STDERR_REDIRECT] Oct 28, 2025 2:17:51 PM java.util.prefs.FileSystemPreferences$6 run
2025-10-28 14:17:51,257 [ERROR] LogOutputStream:75 - [STDERR_REDIRECT] WARNING: Invalid preferences format in /home/kevin/.java/.userPrefs/com/st/library/analyticscore/prefs.xml
2025-10-28 14:17:51,258 [ERROR] LogOutputStream:75 - [STDERR_REDIRECT] 
2025-10-28 14:18:21,309 [ERROR] LogOutputStream:75 - [STDERR_REDIRECT] Oct 28, 2025 2:18:21 PM java.util.prefs.FileSystemPreferences$6 run
2025-10-28 14:18:21,310 [ERROR] LogOutputStream:75 - [STDERR_REDIRECT] WARNING: Prefs file removed in background /home/kevin/.java/.userPrefs/com/st/library/analyticscore/prefs.xml
2025-10-28 14:18:21,311 [ERROR] LogOutputStream:75 - [STDERR_REDIRECT] 
2025-10-28 14:18:46,159 [INFO] LogOutputStream:77 - [STDOUT_REDIRECT] 
2025-10-28 14:18:48,676 [INFO] ApplicationProperties:184 - Using Application install path: /opt/st/stm32cubeide_1.19.0/plugins/com.st.stm32cube.common.mx_6.15.0.202507011659
2025-10-28 14:18:48,703 [INFO] DbMcusXml:78 - Set database path to: /opt/st/stm32cubeide_1.19.0/plugins/com.st.stm32cube.common.mx_6.15.0.202507011659//db//mcu/
2025-10-28 14:18:48,703 [INFO] ApiDb:274 - Set plugin database path to: /opt/st/stm32cubeide_1.19.0/plugins/com.st.stm32cube.common.mx_6.15.0.202507011659//db//plugins/boardmanager/
2025-10-28 14:18:48,703 [WARN] ApiDb:259 - Overriding images path with different value:  => /opt/st/stm32cubeide_1.19.0/plugins/com.st.stm32cube.common.mx_6.15.0.202507011659//db//plugins/mcufinder/images/
2025-10-28 14:18:48,711 [INFO] ApiDb:250 - Set database path to: /home/kevin/.stmcufinder/plugins/mcufinder//mcu/
2025-10-28 14:18:48,714 [INFO] DbMcusAds:125 - Set database path to: /home/kevin/.stmcufinder/plugins/mcufinder//mcu/
2025-10-28 14:18:48,717 [INFO] CrossReferenceDbSqlite:203 - Set database path to: /home/kevin/.stmcufinder/plugins/mcufinder//mcu/cs/
2025-10-28 14:18:48,873 [INFO] RulesReader:64 - Compatibility file has been processed (317 Rules)
2025-10-28 14:18:48,954 [INFO] DbMcusXml:78 - Set database path to: /opt/st/stm32cubeide_1.19.0/plugins/com.st.stm32cube.common.mx_6.15.0.202507011659//db//mcu/
2025-10-28 14:18:48,954 [INFO] ApiDb:274 - Set plugin database path to: /opt/st/stm32cubeide_1.19.0/plugins/com.st.stm32cube.common.mx_6.15.0.202507011659//db//plugins/boardmanager/
2025-10-28 14:18:48,954 [INFO] ApiDb:261 - Set plugin images path to: /opt/st/stm32cubeide_1.19.0/plugins/com.st.stm32cube.common.mx_6.15.0.202507011659//db//plugins/mcufinder/images/
2025-10-28 14:18:48,954 [WARN] DbFile:41 - Overriding database path with different value: /home/kevin/.stmcufinder/plugins/mcufinder/ => /home/kevin/.stmcufinder/plugins/mcufinder
2025-10-28 14:18:48,954 [INFO] ApiDb:250 - Set database path to: /home/kevin/.stmcufinder/plugins/mcufinder//mcu/
2025-10-28 14:18:48,954 [WARN] DbFile:41 - Overriding database path with different value: /home/kevin/.stmcufinder/plugins/mcufinder/ => /home/kevin/.stmcufinder/plugins/mcufinder
2025-10-28 14:18:48,954 [INFO] DbMcusAds:125 - Set database path to: /home/kevin/.stmcufinder/plugins/mcufinder//mcu/
2025-10-28 14:18:48,954 [WARN] DbFile:41 - Overriding database path with different value: /home/kevin/.stmcufinder/plugins/mcufinder/ => /home/kevin/.stmcufinder/plugins/mcufinder
2025-10-28 14:18:48,955 [WARN] DbFile:41 - Overriding database path with different value: /home/kevin/.stmcufinder/plugins/mcufinder/ => /home/kevin/.stmcufinder/plugins/mcufinder
2025-10-28 14:18:48,955 [INFO] CrossReferenceDbSqlite:203 - Set database path to: /home/kevin/.stmcufinder/plugins/mcufinder//mcu/cs/
2025-10-28 14:18:49,049 [INFO] MainPanel:274 - HeapMemory: 271581184
2025-10-28 14:18:49,243 [INFO] DbMcusXml:78 - Set database path to: /opt/st/stm32cubeide_1.19.0/plugins/com.st.stm32cube.common.mx_6.15.0.202507011659//db//mcu/
2025-10-28 14:18:49,243 [INFO] ApiDb:274 - Set plugin database path to: /opt/st/stm32cubeide_1.19.0/plugins/com.st.stm32cube.common.mx_6.15.0.202507011659//db//plugins/boardmanager/
2025-10-28 14:18:49,243 [INFO] ApiDb:261 - Set plugin images path to: /opt/st/stm32cubeide_1.19.0/plugins/com.st.stm32cube.common.mx_6.15.0.202507011659//db//plugins/mcufinder/images/
2025-10-28 14:18:49,244 [WARN] DbFile:41 - Overriding database path with different value: /home/kevin/.stmcufinder/plugins/mcufinder/ => /home/kevin/.stmcufinder/plugins/mcufinder
2025-10-28 14:18:49,244 [INFO] ApiDb:250 - Set database path to: /home/kevin/.stmcufinder/plugins/mcufinder//mcu/
2025-10-28 14:18:49,244 [WARN] DbFile:41 - Overriding database path with different value: /home/kevin/.stmcufinder/plugins/mcufinder/ => /home/kevin/.stmcufinder/plugins/mcufinder
2025-10-28 14:18:49,244 [INFO] DbMcusAds:125 - Set database path to: /home/kevin/.stmcufinder/plugins/mcufinder//mcu/
2025-10-28 14:18:49,244 [WARN] DbFile:41 - Overriding database path with different value: /home/kevin/.stmcufinder/plugins/mcufinder/ => /home/kevin/.stmcufinder/plugins/mcufinder
2025-10-28 14:18:49,244 [WARN] DbFile:41 - Overriding database path with different value: /home/kevin/.stmcufinder/plugins/mcufinder/ => /home/kevin/.stmcufinder/plugins/mcufinder
2025-10-28 14:18:49,244 [INFO] CrossReferenceDbSqlite:203 - Set database path to: /home/kevin/.stmcufinder/plugins/mcufinder//mcu/cs/
2025-10-28 14:18:49,268 [INFO] ApplicationProperties:184 - Using Application install path: /opt/st/stm32cubeide_1.19.0/plugins/com.st.stm32cube.common.mx_6.15.0.202507011659
2025-10-28 14:18:49,270 [INFO] PluginManage:196 - Search for loadable plugins [exclusion list=, ]
2025-10-28 14:18:49,272 [INFO] PluginManage:310 - Check plugin analytics
2025-10-28 14:18:49,588 [INFO] AnalyticsPlugin:253 - Accepted Software Licenses: 
2025-10-28 14:18:49,588 [INFO] AnalyticsPlugin:255 - Accepted CMSIS Pack Licenses: 
2025-10-28 14:18:49,588 [INFO] AnalyticsPlugin:257 - Accepted Firmware Licenses: 
2025-10-28 14:18:49,592 [INFO] PluginManage:359 - Loaded plugin analytics (category:tool,tabindex:-1)
2025-10-28 14:18:49,592 [INFO] PluginManage:310 - Check plugin cadmodel
2025-10-28 14:18:49,601 [INFO] CADModel:105 - Init CAD model plugin
2025-10-28 14:18:49,602 [INFO] PluginManage:359 - Loaded plugin cadmodel (category:power,tabindex:5)
2025-10-28 14:18:49,602 [INFO] PluginManage:310 - Check plugin clock
2025-10-28 14:18:49,616 [INFO] PluginManage:359 - Loaded plugin clock (category:base,tabindex:2)
2025-10-28 14:18:49,616 [INFO] PluginManage:310 - Check plugin ddr
2025-10-28 14:18:49,619 [INFO] PluginManage:359 - Loaded plugin ddr (category:tool,tabindex:6)
2025-10-28 14:18:49,619 [INFO] PluginManage:310 - Check plugin filemanager
2025-10-28 14:18:49,818 [INFO] PluginManage:359 - Loaded plugin filemanager (category:base,tabindex:10)
2025-10-28 14:18:49,818 [INFO] PluginManage:310 - Check plugin ipmanager
2025-10-28 14:18:49,827 [INFO] PluginManage:359 - Loaded plugin ipmanager (category:base,tabindex:5)
2025-10-28 14:18:49,827 [INFO] PluginManage:310 - Check plugin lpbam
2025-10-28 14:18:49,843 [INFO] PluginManage:359 - Loaded plugin lpbam (category:base,tabindex:0)
2025-10-28 14:18:49,844 [INFO] PluginManage:310 - Check plugin memorymap
2025-10-28 14:18:49,861 [INFO] PluginManage:359 - Loaded plugin memorymap (category:base,tabindex:4)
2025-10-28 14:18:49,862 [INFO] PluginManage:310 - Check plugin pinoutandconfiguration
2025-10-28 14:18:49,877 [INFO] PluginManage:359 - Loaded plugin pinoutandconfiguration (category:base,tabindex:1)
2025-10-28 14:18:49,877 [INFO] PluginManage:310 - Check plugin pinoutconfig
2025-10-28 14:18:49,989 [WARN] SupportedApi:132 - Cannot load RTOS API schema: s4s-elt-must-match.1: The content of 'definitions' must match (annotation?, (simpleType | complexType)?, (unique | key | keyref)*)). A problem was found starting at: attribute.
2025-10-28 14:18:50,182 [INFO] PluginManage:359 - Loaded plugin pinoutconfig (category:base,tabindex:0)
2025-10-28 14:18:50,182 [INFO] PluginManage:310 - Check plugin power
2025-10-28 14:18:50,194 [INFO] PluginManage:359 - Loaded plugin power (category:power,tabindex:4)
2025-10-28 14:18:50,194 [INFO] PluginManage:310 - Check plugin projectmanager
2025-10-28 14:18:50,217 [INFO] PluginManage:359 - Loaded plugin projectmanager (category:projectmanager,tabindex:4)
2025-10-28 14:18:50,218 [INFO] PluginManage:310 - Check plugin rif
2025-10-28 14:18:50,232 [INFO] PluginManage:359 - Loaded plugin rif (category:base,tabindex:3)
2025-10-28 14:18:50,232 [INFO] PluginManage:310 - Check plugin thirdparty
2025-10-28 14:18:50,428 [WARN] IntegrityCheckThread:84 - waiting for thirdparty lock release [integrity check]
2025-10-28 14:18:50,429 [INFO] PluginManage:359 - Loaded plugin thirdparty (category:base,tabindex:-1)
2025-10-28 14:18:50,429 [INFO] IntegrityCheckThread:86 - entering critical section [integrity check]
2025-10-28 14:18:50,429 [INFO] PluginManage:310 - Check plugin tools
2025-10-28 14:18:50,430 [INFO] ThirdPartyUpdaterWithRetryManager:70 - Updater plugin not ready yet. [1/15]
2025-10-28 14:18:50,434 [INFO] PluginManage:359 - Loaded plugin tools (category:base,tabindex:7)
2025-10-28 14:18:50,435 [INFO] PluginManage:310 - Check plugin tutovideos
2025-10-28 14:18:50,767 [INFO] PluginManage:359 - Loaded plugin tutovideos (category:base,tabindex:-1)
2025-10-28 14:18:50,767 [INFO] PluginManage:310 - Check plugin updater
2025-10-28 14:18:50,800 [INFO] PluginManage:359 - Loaded plugin updater (category:base,tabindex:12)
2025-10-28 14:18:50,801 [INFO] PluginManage:310 - Check plugin userauth
2025-10-28 14:18:50,807 [INFO] UserAuth:118 - Init User Auth plugin
2025-10-28 14:18:50,808 [INFO] PluginManage:359 - Loaded plugin userauth (category:base,tabindex:14)
2025-10-28 14:18:50,810 [INFO] PluginManage:283 - PluginManage : Loaded plugins [18]
2025-10-28 14:18:51,083 [INFO] PinOutPanel:1589 - setPackage(No Configuration,No Configuration)
2025-10-28 14:18:51,189 [INFO] CADModel:165 - CPN selected for project level
2025-10-28 14:18:51,189 [INFO] CADModel:114 - Register for checkConnection events
2025-10-28 14:18:51,216 [INFO] IPUIPlugin:80 - create IPUIPlugin
2025-10-28 14:18:51,216 [INFO] PluginManager:220 - loadIPPluginJar : add adc
2025-10-28 14:18:51,219 [INFO] IPUIPlugin:80 - create IPUIPlugin
2025-10-28 14:18:51,219 [INFO] PluginManager:220 - loadIPPluginJar : add aes
2025-10-28 14:18:51,222 [INFO] IPUIPlugin:80 - create IPUIPlugin
2025-10-28 14:18:51,222 [INFO] PluginManager:220 - loadIPPluginJar : add can
2025-10-28 14:18:51,225 [INFO] IPUIPlugin:80 - create IPUIPlugin
2025-10-28 14:18:51,226 [INFO] PluginManager:220 - loadIPPluginJar : add comp
2025-10-28 14:18:51,231 [INFO] IPUIPlugin:80 - create IPUIPlugin
2025-10-28 14:18:51,231 [INFO] PluginManager:220 - loadIPPluginJar : add cryp
2025-10-28 14:18:51,236 [INFO] IPUIPlugin:80 - create IPUIPlugin
2025-10-28 14:18:51,236 [INFO] PluginManager:220 - loadIPPluginJar : add ddr_ctrl_phy
2025-10-28 14:18:51,239 [INFO] IPUIPlugin:80 - create IPUIPlugin
2025-10-28 14:18:51,239 [INFO] PluginManager:220 - loadIPPluginJar : add dfsdm
2025-10-28 14:18:51,250 [INFO] IPUIPlugin:80 - create IPUIPlugin
2025-10-28 14:18:51,252 [INFO] PluginManager:220 - loadIPPluginJar : add dma
2025-10-28 14:18:51,254 [INFO] IPUIPlugin:80 - create IPUIPlugin
2025-10-28 14:18:51,255 [INFO] PluginManager:220 - loadIPPluginJar : add dma3
2025-10-28 14:18:51,260 [INFO] IPUIPlugin:80 - create IPUIPlugin
2025-10-28 14:18:51,261 [INFO] PluginManager:220 - loadIPPluginJar : add extmemmanager
2025-10-28 14:18:51,265 [INFO] IPUIPlugin:80 - create IPUIPlugin
2025-10-28 14:18:51,265 [INFO] PluginManager:220 - loadIPPluginJar : add fatfs
2025-10-28 14:18:51,271 [INFO] IPUIPlugin:80 - create IPUIPlugin
2025-10-28 14:18:51,271 [INFO] PluginManager:220 - loadIPPluginJar : add fmc
2025-10-28 14:18:51,281 [INFO] IPUIPlugin:80 - create IPUIPlugin
2025-10-28 14:18:51,281 [INFO] PluginManager:220 - loadIPPluginJar : add freertos
2025-10-28 14:18:51,283 [INFO] IPUIPlugin:80 - create IPUIPlugin
2025-10-28 14:18:51,284 [INFO] PluginManager:220 - loadIPPluginJar : add genericplugin
2025-10-28 14:18:51,286 [INFO] IPUIPlugin:80 - create IPUIPlugin
2025-10-28 14:18:51,287 [INFO] PluginManager:220 - loadIPPluginJar : add gfxmmu
2025-10-28 14:18:51,297 [INFO] IPUIPlugin:80 - create IPUIPlugin
2025-10-28 14:18:51,298 [INFO] PluginManager:220 - loadIPPluginJar : add gic
2025-10-28 14:18:51,304 [INFO] IPUIPlugin:80 - create IPUIPlugin
2025-10-28 14:18:51,304 [INFO] PluginManager:220 - loadIPPluginJar : add gpio
2025-10-28 14:18:51,309 [INFO] IPUIPlugin:80 - create IPUIPlugin
2025-10-28 14:18:51,310 [INFO] PluginManager:220 - loadIPPluginJar : add gtzc
2025-10-28 14:18:51,315 [INFO] IPUIPlugin:80 - create IPUIPlugin
2025-10-28 14:18:51,316 [INFO] PluginManager:220 - loadIPPluginJar : add hash
2025-10-28 14:18:51,319 [INFO] IPUIPlugin:80 - create IPUIPlugin
2025-10-28 14:18:51,319 [INFO] PluginManager:220 - loadIPPluginJar : add i2c
2025-10-28 14:18:51,322 [INFO] IPUIPlugin:80 - create IPUIPlugin
2025-10-28 14:18:51,322 [INFO] PluginManager:220 - loadIPPluginJar : add i2s
2025-10-28 14:18:51,327 [INFO] IPUIPlugin:80 - create IPUIPlugin
2025-10-28 14:18:51,328 [INFO] PluginManager:220 - loadIPPluginJar : add i3c
2025-10-28 14:18:51,335 [INFO] IPUIPlugin:80 - create IPUIPlugin
2025-10-28 14:18:51,335 [INFO] PluginManager:220 - loadIPPluginJar : add ipddr
2025-10-28 14:18:51,347 [INFO] IPUIPlugin:80 - create IPUIPlugin
2025-10-28 14:18:51,347 [INFO] PluginManager:220 - loadIPPluginJar : add linkedlist
2025-10-28 14:18:51,352 [INFO] IPUIPlugin:80 - create IPUIPlugin
2025-10-28 14:18:51,352 [INFO] PluginManager:220 - loadIPPluginJar : add lorawan
2025-10-28 14:18:51,353 [INFO] IPUIPlugin:80 - create IPUIPlugin
2025-10-28 14:18:51,354 [INFO] PluginManager:220 - loadIPPluginJar : add ltdc
2025-10-28 14:18:51,365 [INFO] IPUIPlugin:80 - create IPUIPlugin
2025-10-28 14:18:51,365 [INFO] PluginManager:220 - loadIPPluginJar : add mdma
2025-10-28 14:18:51,370 [INFO] IPUIPlugin:80 - create IPUIPlugin
2025-10-28 14:18:51,370 [INFO] PluginManager:220 - loadIPPluginJar : add nvic
2025-10-28 14:18:51,374 [INFO] IPUIPlugin:80 - create IPUIPlugin
2025-10-28 14:18:51,375 [INFO] PluginManager:220 - loadIPPluginJar : add opamp
2025-10-28 14:18:51,380 [INFO] IPUIPlugin:80 - create IPUIPlugin
2025-10-28 14:18:51,381 [INFO] PluginManager:220 - loadIPPluginJar : add openamp
2025-10-28 14:18:51,385 [INFO] IPUIPlugin:80 - create IPUIPlugin
2025-10-28 14:18:51,385 [INFO] PluginManager:220 - loadIPPluginJar : add pdm2pcm
2025-10-28 14:18:51,397 [INFO] IPUIPlugin:80 - create IPUIPlugin
2025-10-28 14:18:51,401 [INFO] PluginManager:220 - loadIPPluginJar : add plateformsettings
2025-10-28 14:18:51,403 [INFO] IPUIPlugin:80 - create IPUIPlugin
2025-10-28 14:18:51,404 [INFO] PluginManager:220 - loadIPPluginJar : add quadspi
2025-10-28 14:18:51,407 [INFO] IPUIPlugin:80 - create IPUIPlugin
2025-10-28 14:18:51,409 [INFO] PluginManager:220 - loadIPPluginJar : add radio
2025-10-28 14:18:51,416 [INFO] IPUIPlugin:80 - create IPUIPlugin
2025-10-28 14:18:51,416 [INFO] PluginManager:220 - loadIPPluginJar : add resmgrutility
2025-10-28 14:18:51,420 [INFO] IPUIPlugin:80 - create IPUIPlugin
2025-10-28 14:18:51,421 [INFO] PluginManager:220 - loadIPPluginJar : add sai
2025-10-28 14:18:51,425 [INFO] IPUIPlugin:80 - create IPUIPlugin
2025-10-28 14:18:51,425 [INFO] PluginManager:220 - loadIPPluginJar : add spi
2025-10-28 14:18:51,435 [INFO] IPUIPlugin:80 - create IPUIPlugin
2025-10-28 14:18:51,435 [INFO] PluginManager:220 - loadIPPluginJar : add stm32_wpan
2025-10-28 14:18:51,437 [INFO] IPUIPlugin:80 - create IPUIPlugin
2025-10-28 14:18:51,438 [INFO] PluginManager:220 - loadIPPluginJar : add tim
2025-10-28 14:18:51,443 [INFO] IPUIPlugin:80 - create IPUIPlugin
2025-10-28 14:18:51,444 [INFO] PluginManager:220 - loadIPPluginJar : add touchsensing
2025-10-28 14:18:51,448 [INFO] IPUIPlugin:80 - create IPUIPlugin
2025-10-28 14:18:51,448 [INFO] PluginManager:220 - loadIPPluginJar : add tracer_emb
2025-10-28 14:18:51,451 [INFO] IPUIPlugin:80 - create IPUIPlugin
2025-10-28 14:18:51,451 [INFO] PluginManager:220 - loadIPPluginJar : add ts
2025-10-28 14:18:51,452 [INFO] IPUIPlugin:80 - create IPUIPlugin
2025-10-28 14:18:51,452 [INFO] PluginManager:220 - loadIPPluginJar : add tsc
2025-10-28 14:18:51,454 [INFO] IPUIPlugin:80 - create IPUIPlugin
2025-10-28 14:18:51,454 [INFO] PluginManager:220 - loadIPPluginJar : add ucpd
2025-10-28 14:18:51,458 [INFO] IPUIPlugin:80 - create IPUIPlugin
2025-10-28 14:18:51,458 [INFO] PluginManager:220 - loadIPPluginJar : add usart
2025-10-28 14:18:51,465 [INFO] IPUIPlugin:80 - create IPUIPlugin
2025-10-28 14:18:51,465 [INFO] PluginManager:220 - loadIPPluginJar : add usbx
2025-10-28 14:18:51,588 [FATAL] Updater:351 - Updater called before beeing initialized
2025-10-28 14:18:51,619 [INFO] RulesReader:64 - Compatibility file has been processed (317 Rules)
2025-10-28 14:18:51,632 [INFO] RulesReader:64 - Compatibility file has been processed (317 Rules)
2025-10-28 14:18:51,641 [INFO] CADModel:165 - CPN selected for project level
2025-10-28 14:18:51,641 [INFO] CADModel:114 - Register for checkConnection events
2025-10-28 14:18:51,641 [FATAL] Updater:351 - Updater called before beeing initialized
2025-10-28 14:18:51,641 [ERROR] CADModel:125 - Updater not yet initialized, retry later 
2025-10-28 14:18:51,823 [FATAL] Updater:351 - Updater called before beeing initialized
2025-10-28 14:18:51,825 [INFO] CADModel:165 - CPN selected for project level
2025-10-28 14:18:51,826 [INFO] CADModel:114 - Register for checkConnection events
2025-10-28 14:18:51,826 [FATAL] Updater:351 - Updater called before beeing initialized
2025-10-28 14:18:51,826 [ERROR] CADModel:125 - Updater not yet initialized, retry later 
2025-10-28 14:18:51,832 [FATAL] Updater:351 - Updater called before beeing initialized
2025-10-28 14:18:51,948 [FATAL] Updater:351 - Updater called before beeing initialized
2025-10-28 14:18:51,957 [INFO] DbMcusAds:53 - JSON generation date=Thu Oct 02 05:36:05 EDT 2025 (1759397765645)
2025-10-28 14:18:51,957 [FATAL] Updater:351 - Updater called before beeing initialized
2025-10-28 14:18:51,997 [WARN] DetailPanel:346 - Failed to get advertising image, set to default
2025-10-28 14:18:52,094 [FATAL] Updater:351 - Updater called before beeing initialized
2025-10-28 14:18:52,098 [FATAL] Updater:351 - Updater called before beeing initialized
2025-10-28 14:18:52,098 [FATAL] Updater:351 - Updater called before beeing initialized
2025-10-28 14:18:52,098 [WARN] DetailPanel:346 - Failed to get advertising image, set to default
2025-10-28 14:18:52,100 [FATAL] Updater:351 - Updater called before beeing initialized
2025-10-28 14:18:52,149 [ERROR] Updater:1198 - MainUpdater not yet initialized. External WinMGr cannot be set.
2025-10-28 14:18:52,152 [INFO] Updater:1134 - Updater Version found : 6.15.0
2025-10-28 14:18:52,182 [INFO] ApplicationProperties:184 - Using Application install path: /opt/st/stm32cubeide_1.19.0/plugins/com.st.stm32cube.common.mx_6.15.0.202507011659
2025-10-28 14:18:52,200 [ERROR] LogOutputStream:75 - [STDERR_REDIRECT] Oct 28, 2025 2:18:52 PM java.util.prefs.FileSystemPreferences$2 run
2025-10-28 14:18:52,201 [ERROR] LogOutputStream:75 - [STDERR_REDIRECT] WARNING: Could not create system preferences directory. System preferences are unusable.
2025-10-28 14:18:52,201 [ERROR] LogOutputStream:75 - [STDERR_REDIRECT] 
2025-10-28 14:18:53,110 [INFO] MainUpdater:2872 - connection check result : 10
2025-10-28 14:18:53,112 [INFO] MainUpdater:289 - Updater Check For Update Now.
2025-10-28 14:18:53,112 [INFO] MicroXplorer:498 - Change Database Version : DB.6.0.150
2025-10-28 14:18:53,133 [INFO] McuFinderGlobals:63 - Set McuFinder mode to 2 (CubeIDE integrated)
2025-10-28 14:18:53,134 [INFO] UserAuth:171 - activating auth plugin
2025-10-28 14:18:53,137 [INFO] UserAuth:487 - Internet connection configuration mode: 1
2025-10-28 14:18:53,180 [INFO] JxBrowserEngine:152 - Initiate JxBrowser Engine with user profile folder
2025-10-28 14:18:53,332 [INFO] CheckServerUpdateThread:120 - End of CheckServer Thread
2025-10-28 14:18:53,660 [WARN] PackLoader:240 - Cannot read IP mode file for STMicroelectronics.FP-SNS-MOTENVWB1.1.4.0
2025-10-28 14:18:53,674 [WARN] PackLoader:240 - Cannot read IP mode file for STMicroelectronics.FP-ATR-ASTRA1.2.0.2
2025-10-28 14:18:53,686 [WARN] PackLoader:240 - Cannot read IP mode file for STMicroelectronics.X-CUBE-SMBUS.2.1.0
2025-10-28 14:18:53,735 [WARN] PackLoader:240 - Cannot read IP mode file for STMicroelectronics.X-CUBE-AZRTOS-F7.1.1.0
2025-10-28 14:18:53,753 [WARN] PackLoader:240 - Cannot read IP mode file for Cesanta.I-CUBE-Mongoose.7.19.0
2025-10-28 14:18:53,777 [WARN] PackLoader:240 - Cannot read IP mode file for WES.I-CUBE-Cesium.1.4.0
2025-10-28 14:18:53,927 [WARN] PackLoader:240 - Cannot read IP mode file for Infineon.AIROC-Wi-Fi-Bluetooth-STM32.1.7.1
2025-10-28 14:18:54,033 [WARN] PackLoader:240 - Cannot read IP mode file for STMicroelectronics.X-CUBE-AZRTOS-H7.3.4.0
2025-10-28 14:18:54,088 [WARN] PackLoader:240 - Cannot read IP mode file for STMicroelectronics.X-CUBE-DISPLAY.3.0.0
2025-10-28 14:18:54,124 [WARN] PackLoader:240 - Cannot read IP mode file for STMicroelectronics.X-CUBE-NFC10.1.0.0
2025-10-28 14:18:54,144 [WARN] PackLoader:240 - Cannot read IP mode file for STMicroelectronics.X-CUBE-ST60.1.1.0
2025-10-28 14:18:54,161 [WARN] PackLoader:240 - Cannot read IP mode file for emotas.I-CUBE-CANOPEN.1.3.0
2025-10-28 14:18:54,171 [WARN] PackLoader:240 - Cannot read IP mode file for STMicroelectronics.FP-SNS-SMARTAG2.1.2.0
2025-10-28 14:18:54,189 [WARN] PackLoader:240 - Cannot read IP mode file for STMicroelectronics.FP-SNS-FLIGHT1.5.1.0
2025-10-28 14:18:54,216 [INFO] LogOutputStream:77 - [STDOUT_REDIRECT] 1 : Invalid condition id : UX_CORESTACK_Condition cause : null
2025-10-28 14:18:54,217 [INFO] LogOutputStream:77 - [STDOUT_REDIRECT] 1 : Invalid condition id : UX_CORESTACK_Condition cause : null
2025-10-28 14:18:54,217 [INFO] LogOutputStream:77 - [STDOUT_REDIRECT] 1 : Invalid condition id : UX_CORESTACK_Condition cause : null
2025-10-28 14:18:54,217 [INFO] LogOutputStream:77 - [STDOUT_REDIRECT] 1 : Invalid condition id : UX_CORESTACK_Condition cause : null
2025-10-28 14:18:54,218 [INFO] LogOutputStream:77 - [STDOUT_REDIRECT] 1 : Invalid condition id : UX_CORESTACK_Condition cause : null
2025-10-28 14:18:54,227 [WARN] PackLoader:240 - Cannot read IP mode file for STMicroelectronics.X-CUBE-AZRTOS-WL.2.0.0
2025-10-28 14:18:54,244 [WARN] PackLoader:240 - Cannot read IP mode file for STMicroelectronics.FP-SNS-MOTENV1.5.0.0
2025-10-28 14:18:54,263 [WARN] PackLoader:240 - Cannot read IP mode file for STMicroelectronics.X-CUBE-BLE2.3.3.0
2025-10-28 14:18:54,282 [WARN] PackLoader:240 - Cannot read IP mode file for STMicroelectronics.X-CUBE-NFC9.1.0.0
2025-10-28 14:18:54,306 [WARN] PackLoader:240 - Cannot read IP mode file for wolfSSL.I-CUBE-wolfSSL.5.8.2
2025-10-28 14:18:54,326 [WARN] PackLoader:240 - Cannot read IP mode file for STMicroelectronics.X-CUBE-BLE1.7.1.0
2025-10-28 14:18:54,334 [WARN] PackLoader:240 - Cannot read IP mode file for wolfSSL.I-CUBE-wolfMQTT.1.19.2
2025-10-28 14:18:54,348 [WARN] PackLoader:240 - Cannot read IP mode file for STMicroelectronics.X-CUBE-EEPRMA1.5.2.0
2025-10-28 14:18:54,368 [WARN] PackLoader:240 - Cannot read IP mode file for STMicroelectronics.X-CUBE-ST67W61.1.1.0
2025-10-28 14:18:54,416 [WARN] PackLoader:240 - Cannot read IP mode file for STMicroelectronics.X-CUBE-AZRTOS-G0.1.1.0
2025-10-28 14:18:54,438 [WARN] PackLoader:240 - Cannot read IP mode file for STMicroelectronics.X-CUBE-SAFEA1.1.2.2
2025-10-28 14:18:54,457 [WARN] PackLoader:240 - Cannot read IP mode file for STMicroelectronics.X-CUBE-NFC4.3.0.0
2025-10-28 14:18:54,477 [WARN] PackLoader:240 - Cannot read IP mode file for EmbeddedOffice.I-CUBE-FS-RTOS.1.0.1
2025-10-28 14:18:54,490 [WARN] PackLoader:240 - Cannot read IP mode file for STMicroelectronics.X-CUBE-WB05N.2.0.0
2025-10-28 14:18:54,501 [WARN] PackLoader:240 - Cannot read IP mode file for wolfSSL.I-CUBE-wolfTPM.3.8.0
2025-10-28 14:18:54,523 [WARN] PackLoader:240 - Cannot read IP mode file for STMicroelectronics.X-CUBE-TCPP.4.2.0
2025-10-28 14:18:54,534 [WARN] PackLoader:240 - Cannot read IP mode file for RealThread.X-CUBE-RT-Thread_Nano.4.1.1
2025-10-28 14:18:54,554 [WARN] PackLoader:240 - Cannot read IP mode file for STMicroelectronics.FP-ATR-SIGFOX1.3.2.0
2025-10-28 14:18:54,563 [WARN] PackLoader:240 - Cannot read IP mode file for ITTIA_DB.I-CUBE-ITTIADB.8.9.0
2025-10-28 14:18:54,668 [WARN] PackLoader:240 - Cannot read IP mode file for SEGGER.I-CUBE-embOS.1.3.1
2025-10-28 14:18:54,789 [WARN] PackLoader:240 - Cannot read IP mode file for STMicroelectronics.X-CUBE-ALGOBUILD.1.4.0
2025-10-28 14:18:55,136 [WARN] PackLoader:240 - Cannot read IP mode file for STMicroelectronics.X-CUBE-MEMS1.11.3.0
2025-10-28 14:18:55,418 [WARN] PackLoader:240 - Cannot read IP mode file for STMicroelectronics.X-CUBE-PM33A1.1.0.0
2025-10-28 14:18:55,456 [WARN] PackLoader:240 - Cannot read IP mode file for STMicroelectronics.X-CUBE-AZRTOS-F4.1.1.0
2025-10-28 14:18:55,474 [WARN] PackLoader:240 - Cannot read IP mode file for STMicroelectronics.X-CUBE-ISPU.2.1.0
2025-10-28 14:18:55,503 [WARN] PackLoader:240 - Cannot read IP mode file for STMicroelectronics.X-CUBE-IPS.3.2.0
2025-10-28 14:18:55,523 [WARN] PackLoader:240 - Cannot read IP mode file for STMicroelectronics.X-CUBE-NFC12.1.0.0
2025-10-28 14:18:55,539 [INFO] WebApp:169 - Instantiating new browser for Auth
2025-10-28 14:18:55,557 [WARN] PackLoader:240 - Cannot read IP mode file for STMicroelectronics.X-CUBE-AZRTOS-L5.2.0.0
2025-10-28 14:18:55,573 [WARN] PackLoader:240 - Cannot read IP mode file for STMicroelectronics.X-CUBE-NFC6.3.1.0
2025-10-28 14:18:55,587 [WARN] PackLoader:240 - Cannot read IP mode file for STMicroelectronics.X-CUBE-FREERTOS.1.3.1
2025-10-28 14:18:55,597 [WARN] PackLoader:240 - Cannot read IP mode file for STMicroelectronics.X-CUBE-TOUCHGFX.4.26.0
2025-10-28 14:18:55,609 [WARN] PackLoader:240 - Cannot read IP mode file for STMicroelectronics.X-CUBE-DPower.1.3.0
2025-10-28 14:18:55,637 [WARN] ConditionMgr:438 - getConditionDescription Invalid condition id : LAN8742 Phy interface Condition cause : null
2025-10-28 14:18:55,639 [WARN] PackLoader:240 - Cannot read IP mode file for STMicroelectronics.X-CUBE-AZRTOS-L4.2.0.0
2025-10-28 14:18:55,642 [WARN] ConditionMgr:1044 - genDependencies : Invalid condition id : LAN8742 Phy interface Condition cause : null
2025-10-28 14:18:55,643 [WARN] ConditionMgr:1044 - genDependencies : Invalid condition id : LAN8742 Phy interface Condition cause : null
2025-10-28 14:18:55,644 [WARN] ConditionMgr:1044 - genDependencies : Invalid condition id : LAN8742 Phy interface Condition cause : null
2025-10-28 14:18:55,658 [WARN] PackLoader:240 - Cannot read IP mode file for STMicroelectronics.X-CUBE-SFXS2LP1.4.0.0
2025-10-28 14:18:55,676 [WARN] PackLoader:240 - Cannot read IP mode file for STMicroelectronics.X-CUBE-BLEMGR.4.1.0
2025-10-28 14:18:55,703 [WARN] ConditionMgr:438 - getConditionDescription Invalid condition id : UX DEVICE CLASS RTOS Condition cause : null
2025-10-28 14:18:55,703 [WARN] ConditionMgr:438 - getConditionDescription Invalid condition id : UX DEVICE CLASS RTOS Condition cause : null
2025-10-28 14:18:55,706 [WARN] PackLoader:240 - Cannot read IP mode file for STMicroelectronics.X-CUBE-AZRTOS-WB.2.0.0
2025-10-28 14:18:55,707 [WARN] ConditionMgr:1044 - genDependencies : Invalid condition id : UX DEVICE CLASS RTOS Condition cause : null
2025-10-28 14:18:55,707 [WARN] ConditionMgr:1044 - genDependencies : Invalid condition id : UX DEVICE CLASS RTOS Condition cause : null
2025-10-28 14:18:55,708 [WARN] ConditionMgr:1044 - genDependencies : Invalid condition id : UX DEVICE CLASS RTOS Condition cause : null
2025-10-28 14:18:55,708 [WARN] ConditionMgr:1044 - genDependencies : Invalid condition id : UX DEVICE CLASS RTOS Condition cause : null
2025-10-28 14:18:55,708 [WARN] ConditionMgr:1044 - genDependencies : Invalid condition id : UX DEVICE CLASS RTOS Condition cause : null
2025-10-28 14:18:55,718 [WARN] PackLoader:240 - Cannot read IP mode file for STMicroelectronics.X-CUBE-GNSS1.7.0.1
2025-10-28 14:18:55,725 [WARN] ConditionMgr:438 - getConditionDescription Invalid condition id : Cortex-A Device cause : null
2025-10-28 14:18:55,746 [WARN] ConditionMgr:1044 - genDependencies : Invalid condition id : Cortex-A Device cause : null
2025-10-28 14:18:55,747 [WARN] ConditionMgr:1044 - genDependencies : Invalid condition id : Cortex-A Device cause : null
2025-10-28 14:18:55,747 [WARN] ConditionMgr:1044 - genDependencies : Invalid condition id : Cortex-A Device cause : null
2025-10-28 14:18:55,761 [WARN] PackLoader:240 - Cannot read IP mode file for STMicroelectronics.X-CUBE-SUBG2.5.0.0
2025-10-28 14:18:55,861 [WARN] PackLoader:240 - Cannot read IP mode file for STMicroelectronics.X-CUBE-AZRTOS-H7RS.1.1.0
2025-10-28 14:18:55,910 [WARN] PackLoader:240 - Cannot read IP mode file for STMicroelectronics.X-CUBE-AZRTOS-G4.2.0.0
2025-10-28 14:18:55,925 [WARN] PackLoader:240 - Cannot read IP mode file for wolfSSL.I-CUBE-wolfSSH.1.4.20
2025-10-28 14:18:55,933 [WARN] PackLoader:240 - Cannot read IP mode file for STMicroelectronics.X-CUBE-NFC7.2.0.0
2025-10-28 14:18:55,944 [WARN] PackLoader:240 - Cannot read IP mode file for STMicroelectronics.X-CUBE-ALS.1.0.2
2025-10-28 14:18:55,956 [WARN] PackLoader:240 - Cannot read IP mode file for STMicroelectronics.X-CUBE-STSE01.1.0.0
2025-10-28 14:18:55,982 [WARN] PackLoader:240 - Cannot read IP mode file for STMicroelectronics.X-CUBE-TOF1.3.4.3
2025-10-28 14:18:56,008 [INFO] ThirdParty:978 - Integrity check success = true
2025-10-28 14:18:56,009 [INFO] IntegrityCheckThread:100 - exiting critical section [integrity check]
2025-10-28 14:18:56,009 [INFO] IntegrityCheckThread:103 - End integrity checks thread
2025-10-28 14:18:56,926 [INFO] WebApp:463 - Apply proxy settings
2025-10-28 14:18:56,927 [INFO] WebApp:548 - Chromium requires no authentication
2025-10-28 14:18:56,939 [INFO] WebApp:491 - Direct internet connection detected
2025-10-28 14:18:56,982 [INFO] WebApp:900 - Register for checkConnection events
2025-10-28 14:18:56,982 [INFO] WebApp:463 - Apply proxy settings
2025-10-28 14:18:56,982 [INFO] WebApp:548 - Chromium requires no authentication
2025-10-28 14:18:56,983 [INFO] WebApp:491 - Direct internet connection detected
2025-10-28 14:18:57,200 [INFO] WebApp:225 - Starting web application
2025-10-28 14:18:57,200 [INFO] WebApp:593 - Web application path used /opt/st/stm32cubeide_1.19.0/plugins/com.st.stm32cube.common.mx_6.15.0.202507011659/db/plugins/mcufinder/reactClient1/index.html
2025-10-28 14:18:57,748 [INFO] WebApp:191 - Connection restablished
2025-10-28 14:19:22,787 [ERROR] LogOutputStream:75 - [STDERR_REDIRECT] Oct 28, 2025 2:19:22 PM java.util.prefs.FileSystemPreferences checkLockFile0ErrorCode
2025-10-28 14:19:22,788 [ERROR] LogOutputStream:75 - [STDERR_REDIRECT] WARNING: Could not lock System prefs. Unix error code 2.
2025-10-28 14:19:22,789 [ERROR] LogOutputStream:75 - [STDERR_REDIRECT] 
2025-10-28 14:19:22,791 [ERROR] LogOutputStream:75 - [STDERR_REDIRECT] Oct 28, 2025 2:19:22 PM java.util.prefs.FileSystemPreferences syncWorld
2025-10-28 14:19:22,792 [ERROR] LogOutputStream:75 - [STDERR_REDIRECT] WARNING: Couldn't flush system prefs: java.util.prefs.BackingStoreException: Couldn't get file lock.
2025-10-28 14:19:22,793 [ERROR] LogOutputStream:75 - [STDERR_REDIRECT] 
2025-10-28 14:19:52,788 [ERROR] LogOutputStream:75 - [STDERR_REDIRECT] Oct 28, 2025 2:19:52 PM java.util.prefs.FileSystemPreferences checkLockFile0ErrorCode
2025-10-28 14:19:52,789 [ERROR] LogOutputStream:75 - [STDERR_REDIRECT] WARNING: Could not lock System prefs. Unix error code 2.
2025-10-28 14:19:52,789 [ERROR] LogOutputStream:75 - [STDERR_REDIRECT] 
2025-10-28 14:19:52,790 [ERROR] LogOutputStream:75 - [STDERR_REDIRECT] Oct 28, 2025 2:19:52 PM java.util.prefs.FileSystemPreferences syncWorld
2025-10-28 14:19:52,791 [ERROR] LogOutputStream:75 - [STDERR_REDIRECT] WARNING: Couldn't flush system prefs: java.util.prefs.BackingStoreException: Couldn't get file lock.
2025-10-28 14:19:52,791 [ERROR] LogOutputStream:75 - [STDERR_REDIRECT] 
2025-10-28 14:20:22,784 [ERROR] LogOutputStream:75 - [STDERR_REDIRECT] Oct 28, 2025 2:20:22 PM java.util.prefs.FileSystemPreferences checkLockFile0ErrorCode
2025-10-28 14:20:22,784 [ERROR] LogOutputStream:75 - [STDERR_REDIRECT] WARNING: Could not lock System prefs. Unix error code 2.
2025-10-28 14:20:22,784 [ERROR] LogOutputStream:75 - [STDERR_REDIRECT] 
2025-10-28 14:20:22,785 [ERROR] LogOutputStream:75 - [STDERR_REDIRECT] Oct 28, 2025 2:20:22 PM java.util.prefs.FileSystemPreferences syncWorld
2025-10-28 14:20:22,785 [ERROR] LogOutputStream:75 - [STDERR_REDIRECT] WARNING: Couldn't flush system prefs: java.util.prefs.BackingStoreException: Couldn't get file lock.
2025-10-28 14:20:22,785 [ERROR] LogOutputStream:75 - [STDERR_REDIRECT] 
2025-10-28 14:20:52,784 [ERROR] LogOutputStream:75 - [STDERR_REDIRECT] Oct 28, 2025 2:20:52 PM java.util.prefs.FileSystemPreferences checkLockFile0ErrorCode
2025-10-28 14:20:52,784 [ERROR] LogOutputStream:75 - [STDERR_REDIRECT] WARNING: Could not lock System prefs. Unix error code 2.
2025-10-28 14:20:52,785 [ERROR] LogOutputStream:75 - [STDERR_REDIRECT] 
2025-10-28 14:20:52,786 [ERROR] LogOutputStream:75 - [STDERR_REDIRECT] Oct 28, 2025 2:20:52 PM java.util.prefs.FileSystemPreferences syncWorld
2025-10-28 14:20:52,786 [ERROR] LogOutputStream:75 - [STDERR_REDIRECT] WARNING: Couldn't flush system prefs: java.util.prefs.BackingStoreException: Couldn't get file lock.
2025-10-28 14:20:52,786 [ERROR] LogOutputStream:75 - [STDERR_REDIRECT] 
2025-10-28 14:21:22,784 [ERROR] LogOutputStream:75 - [STDERR_REDIRECT] Oct 28, 2025 2:21:22 PM java.util.prefs.FileSystemPreferences checkLockFile0ErrorCode
2025-10-28 14:21:22,785 [ERROR] LogOutputStream:75 - [STDERR_REDIRECT] WARNING: Could not lock System prefs. Unix error code 2.
2025-10-28 14:21:22,785 [ERROR] LogOutputStream:75 - [STDERR_REDIRECT] 
2025-10-28 14:21:22,786 [ERROR] LogOutputStream:75 - [STDERR_REDIRECT] Oct 28, 2025 2:21:22 PM java.util.prefs.FileSystemPreferences syncWorld
2025-10-28 14:21:22,786 [ERROR] LogOutputStream:75 - [STDERR_REDIRECT] WARNING: Couldn't flush system prefs: java.util.prefs.BackingStoreException: Couldn't get file lock.
2025-10-28 14:21:22,786 [ERROR] LogOutputStream:75 - [STDERR_REDIRECT] 
2025-10-28 14:21:52,784 [ERROR] LogOutputStream:75 - [STDERR_REDIRECT] Oct 28, 2025 2:21:52 PM java.util.prefs.FileSystemPreferences checkLockFile0ErrorCode
2025-10-28 14:21:52,785 [ERROR] LogOutputStream:75 - [STDERR_REDIRECT] WARNING: Could not lock System prefs. Unix error code 2.
2025-10-28 14:21:52,785 [ERROR] LogOutputStream:75 - [STDERR_REDIRECT] 
2025-10-28 14:21:52,786 [ERROR] LogOutputStream:75 - [STDERR_REDIRECT] Oct 28, 2025 2:21:52 PM java.util.prefs.FileSystemPreferences syncWorld
2025-10-28 14:21:52,786 [ERROR] LogOutputStream:75 - [STDERR_REDIRECT] WARNING: Couldn't flush system prefs: java.util.prefs.BackingStoreException: Couldn't get file lock.
2025-10-28 14:21:52,787 [ERROR] LogOutputStream:75 - [STDERR_REDIRECT] 
2025-10-28 14:22:22,784 [ERROR] LogOutputStream:75 - [STDERR_REDIRECT] Oct 28, 2025 2:22:22 PM java.util.prefs.FileSystemPreferences checkLockFile0ErrorCode
2025-10-28 14:22:22,785 [ERROR] LogOutputStream:75 - [STDERR_REDIRECT] WARNING: Could not lock System prefs. Unix error code 2.
2025-10-28 14:22:22,785 [ERROR] LogOutputStream:75 - [STDERR_REDIRECT] 
2025-10-28 14:22:22,786 [ERROR] LogOutputStream:75 - [STDERR_REDIRECT] Oct 28, 2025 2:22:22 PM java.util.prefs.FileSystemPreferences syncWorld
2025-10-28 14:22:22,787 [ERROR] LogOutputStream:75 - [STDERR_REDIRECT] WARNING: Couldn't flush system prefs: java.util.prefs.BackingStoreException: Couldn't get file lock.
2025-10-28 14:22:22,787 [ERROR] LogOutputStream:75 - [STDERR_REDIRECT] 
2025-10-28 14:22:52,784 [ERROR] LogOutputStream:75 - [STDERR_REDIRECT] Oct 28, 2025 2:22:52 PM java.util.prefs.FileSystemPreferences checkLockFile0ErrorCode
2025-10-28 14:22:52,785 [ERROR] LogOutputStream:75 - [STDERR_REDIRECT] WARNING: Could not lock System prefs. Unix error code 2.
2025-10-28 14:22:52,785 [ERROR] LogOutputStream:75 - [STDERR_REDIRECT] 
2025-10-28 14:22:52,786 [ERROR] LogOutputStream:75 - [STDERR_REDIRECT] Oct 28, 2025 2:22:52 PM java.util.prefs.FileSystemPreferences syncWorld
2025-10-28 14:22:52,786 [ERROR] LogOutputStream:75 - [STDERR_REDIRECT] WARNING: Couldn't flush system prefs: java.util.prefs.BackingStoreException: Couldn't get file lock.
2025-10-28 14:22:52,787 [ERROR] LogOutputStream:75 - [STDERR_REDIRECT] 
2025-10-28 14:23:22,785 [ERROR] LogOutputStream:75 - [STDERR_REDIRECT] Oct 28, 2025 2:23:22 PM java.util.prefs.FileSystemPreferences checkLockFile0ErrorCode
2025-10-28 14:23:22,786 [ERROR] LogOutputStream:75 - [STDERR_REDIRECT] WARNING: Could not lock System prefs. Unix error code 2.
2025-10-28 14:23:22,787 [ERROR] LogOutputStream:75 - [STDERR_REDIRECT] 
2025-10-28 14:23:22,787 [ERROR] LogOutputStream:75 - [STDERR_REDIRECT] Oct 28, 2025 2:23:22 PM java.util.prefs.FileSystemPreferences syncWorld
2025-10-28 14:23:22,788 [ERROR] LogOutputStream:75 - [STDERR_REDIRECT] WARNING: Couldn't flush system prefs: java.util.prefs.BackingStoreException: Couldn't get file lock.
2025-10-28 14:23:22,788 [ERROR] LogOutputStream:75 - [STDERR_REDIRECT] 
2025-10-28 14:23:52,784 [ERROR] LogOutputStream:75 - [STDERR_REDIRECT] Oct 28, 2025 2:23:52 PM java.util.prefs.FileSystemPreferences checkLockFile0ErrorCode
2025-10-28 14:23:52,786 [ERROR] LogOutputStream:75 - [STDERR_REDIRECT] WARNING: Could not lock System prefs. Unix error code 2.
2025-10-28 14:23:52,786 [ERROR] LogOutputStream:75 - [STDERR_REDIRECT] 
2025-10-28 14:23:52,787 [ERROR] LogOutputStream:75 - [STDERR_REDIRECT] Oct 28, 2025 2:23:52 PM java.util.prefs.FileSystemPreferences syncWorld
2025-10-28 14:23:52,787 [ERROR] LogOutputStream:75 - [STDERR_REDIRECT] WARNING: Couldn't flush system prefs: java.util.prefs.BackingStoreException: Couldn't get file lock.
2025-10-28 14:23:52,787 [ERROR] LogOutputStream:75 - [STDERR_REDIRECT] 
2025-10-28 14:24:22,785 [ERROR] LogOutputStream:75 - [STDERR_REDIRECT] Oct 28, 2025 2:24:22 PM java.util.prefs.FileSystemPreferences checkLockFile0ErrorCode
2025-10-28 14:24:22,786 [ERROR] LogOutputStream:75 - [STDERR_REDIRECT] WARNING: Could not lock System prefs. Unix error code 2.
2025-10-28 14:24:22,786 [ERROR] LogOutputStream:75 - [STDERR_REDIRECT] 
2025-10-28 14:24:22,786 [ERROR] LogOutputStream:75 - [STDERR_REDIRECT] Oct 28, 2025 2:24:22 PM java.util.prefs.FileSystemPreferences syncWorld
2025-10-28 14:24:22,787 [ERROR] LogOutputStream:75 - [STDERR_REDIRECT] WARNING: Couldn't flush system prefs: java.util.prefs.BackingStoreException: Couldn't get file lock.
2025-10-28 14:24:22,787 [ERROR] LogOutputStream:75 - [STDERR_REDIRECT] 
2025-10-28 14:24:52,786 [ERROR] LogOutputStream:75 - [STDERR_REDIRECT] Oct 28, 2025 2:24:52 PM java.util.prefs.FileSystemPreferences checkLockFile0ErrorCode
2025-10-28 14:24:52,786 [ERROR] LogOutputStream:75 - [STDERR_REDIRECT] WARNING: Could not lock System prefs. Unix error code 2.
2025-10-28 14:24:52,787 [ERROR] LogOutputStream:75 - [STDERR_REDIRECT] 
2025-10-28 14:24:52,788 [ERROR] LogOutputStream:75 - [STDERR_REDIRECT] Oct 28, 2025 2:24:52 PM java.util.prefs.FileSystemPreferences syncWorld
2025-10-28 14:24:52,788 [ERROR] LogOutputStream:75 - [STDERR_REDIRECT] WARNING: Couldn't flush system prefs: java.util.prefs.BackingStoreException: Couldn't get file lock.
2025-10-28 14:24:52,788 [ERROR] LogOutputStream:75 - [STDERR_REDIRECT] 
2025-10-28 14:25:22,786 [ERROR] LogOutputStream:75 - [STDERR_REDIRECT] Oct 28, 2025 2:25:22 PM java.util.prefs.FileSystemPreferences checkLockFile0ErrorCode
2025-10-28 14:25:22,787 [ERROR] LogOutputStream:75 - [STDERR_REDIRECT] WARNING: Could not lock System prefs. Unix error code 2.
2025-10-28 14:25:22,787 [ERROR] LogOutputStream:75 - [STDERR_REDIRECT] 
2025-10-28 14:25:22,788 [ERROR] LogOutputStream:75 - [STDERR_REDIRECT] Oct 28, 2025 2:25:22 PM java.util.prefs.FileSystemPreferences syncWorld
2025-10-28 14:25:22,788 [ERROR] LogOutputStream:75 - [STDERR_REDIRECT] WARNING: Couldn't flush system prefs: java.util.prefs.BackingStoreException: Couldn't get file lock.
2025-10-28 14:25:22,788 [ERROR] LogOutputStream:75 - [STDERR_REDIRECT] 
2025-10-28 14:25:52,787 [ERROR] LogOutputStream:75 - [STDERR_REDIRECT] Oct 28, 2025 2:25:52 PM java.util.prefs.FileSystemPreferences checkLockFile0ErrorCode
2025-10-28 14:25:52,788 [ERROR] LogOutputStream:75 - [STDERR_REDIRECT] WARNING: Could not lock System prefs. Unix error code 2.
2025-10-28 14:25:52,788 [ERROR] LogOutputStream:75 - [STDERR_REDIRECT] 
2025-10-28 14:25:52,789 [ERROR] LogOutputStream:75 - [STDERR_REDIRECT] Oct 28, 2025 2:25:52 PM java.util.prefs.FileSystemPreferences syncWorld
2025-10-28 14:25:52,789 [ERROR] LogOutputStream:75 - [STDERR_REDIRECT] WARNING: Couldn't flush system prefs: java.util.prefs.BackingStoreException: Couldn't get file lock.
2025-10-28 14:25:52,789 [ERROR] LogOutputStream:75 - [STDERR_REDIRECT] 
2025-10-28 14:26:22,787 [ERROR] LogOutputStream:75 - [STDERR_REDIRECT] Oct 28, 2025 2:26:22 PM java.util.prefs.FileSystemPreferences checkLockFile0ErrorCode
2025-10-28 14:26:22,787 [ERROR] LogOutputStream:75 - [STDERR_REDIRECT] WARNING: Could not lock System prefs. Unix error code 2.
2025-10-28 14:26:22,788 [ERROR] LogOutputStream:75 - [STDERR_REDIRECT] 
2025-10-28 14:26:22,789 [ERROR] LogOutputStream:75 - [STDERR_REDIRECT] Oct 28, 2025 2:26:22 PM java.util.prefs.FileSystemPreferences syncWorld
2025-10-28 14:26:22,789 [ERROR] LogOutputStream:75 - [STDERR_REDIRECT] WARNING: Couldn't flush system prefs: java.util.prefs.BackingStoreException: Couldn't get file lock.
2025-10-28 14:26:22,789 [ERROR] LogOutputStream:75 - [STDERR_REDIRECT] 
2025-10-28 14:26:52,787 [ERROR] LogOutputStream:75 - [STDERR_REDIRECT] Oct 28, 2025 2:26:52 PM java.util.prefs.FileSystemPreferences checkLockFile0ErrorCode
2025-10-28 14:26:52,788 [ERROR] LogOutputStream:75 - [STDERR_REDIRECT] WARNING: Could not lock System prefs. Unix error code 2.
2025-10-28 14:26:52,788 [ERROR] LogOutputStream:75 - [STDERR_REDIRECT] 
2025-10-28 14:26:52,789 [ERROR] LogOutputStream:75 - [STDERR_REDIRECT] Oct 28, 2025 2:26:52 PM java.util.prefs.FileSystemPreferences syncWorld
2025-10-28 14:26:52,790 [ERROR] LogOutputStream:75 - [STDERR_REDIRECT] WARNING: Couldn't flush system prefs: java.util.prefs.BackingStoreException: Couldn't get file lock.
2025-10-28 14:26:52,790 [ERROR] LogOutputStream:75 - [STDERR_REDIRECT] 
2025-10-28 14:27:22,819 [ERROR] LogOutputStream:75 - [STDERR_REDIRECT] Oct 28, 2025 2:27:22 PM java.util.prefs.FileSystemPreferences checkLockFile0ErrorCode
2025-10-28 14:27:22,819 [ERROR] LogOutputStream:75 - [STDERR_REDIRECT] WARNING: Could not lock System prefs. Unix error code 2.
2025-10-28 14:27:22,819 [ERROR] LogOutputStream:75 - [STDERR_REDIRECT] 
2025-10-28 14:27:22,820 [ERROR] LogOutputStream:75 - [STDERR_REDIRECT] Oct 28, 2025 2:27:22 PM java.util.prefs.FileSystemPreferences syncWorld
2025-10-28 14:27:22,820 [ERROR] LogOutputStream:75 - [STDERR_REDIRECT] WARNING: Couldn't flush system prefs: java.util.prefs.BackingStoreException: Couldn't get file lock.
2025-10-28 14:27:22,820 [ERROR] LogOutputStream:75 - [STDERR_REDIRECT] 
2025-10-28 14:27:52,787 [ERROR] LogOutputStream:75 - [STDERR_REDIRECT] Oct 28, 2025 2:27:52 PM java.util.prefs.FileSystemPreferences checkLockFile0ErrorCode
2025-10-28 14:27:52,787 [ERROR] LogOutputStream:75 - [STDERR_REDIRECT] WARNING: Could not lock System prefs. Unix error code 2.
2025-10-28 14:27:52,787 [ERROR] LogOutputStream:75 - [STDERR_REDIRECT] 
2025-10-28 14:27:52,788 [ERROR] LogOutputStream:75 - [STDERR_REDIRECT] Oct 28, 2025 2:27:52 PM java.util.prefs.FileSystemPreferences syncWorld
2025-10-28 14:27:52,788 [ERROR] LogOutputStream:75 - [STDERR_REDIRECT] WARNING: Couldn't flush system prefs: java.util.prefs.BackingStoreException: Couldn't get file lock.
2025-10-28 14:27:52,788 [ERROR] LogOutputStream:75 - [STDERR_REDIRECT] 
2025-10-28 14:28:22,788 [ERROR] LogOutputStream:75 - [STDERR_REDIRECT] Oct 28, 2025 2:28:22 PM java.util.prefs.FileSystemPreferences checkLockFile0ErrorCode
2025-10-28 14:28:22,788 [ERROR] LogOutputStream:75 - [STDERR_REDIRECT] WARNING: Could not lock System prefs. Unix error code 2.
2025-10-28 14:28:22,788 [ERROR] LogOutputStream:75 - [STDERR_REDIRECT] 
2025-10-28 14:28:22,789 [ERROR] LogOutputStream:75 - [STDERR_REDIRECT] Oct 28, 2025 2:28:22 PM java.util.prefs.FileSystemPreferences syncWorld
2025-10-28 14:28:22,789 [ERROR] LogOutputStream:75 - [STDERR_REDIRECT] WARNING: Couldn't flush system prefs: java.util.prefs.BackingStoreException: Couldn't get file lock.
2025-10-28 14:28:22,789 [ERROR] LogOutputStream:75 - [STDERR_REDIRECT] 
2025-10-28 14:28:52,788 [ERROR] LogOutputStream:75 - [STDERR_REDIRECT] Oct 28, 2025 2:28:52 PM java.util.prefs.FileSystemPreferences checkLockFile0ErrorCode
2025-10-28 14:28:52,788 [ERROR] LogOutputStream:75 - [STDERR_REDIRECT] WARNING: Could not lock System prefs. Unix error code 2.
2025-10-28 14:28:52,789 [ERROR] LogOutputStream:75 - [STDERR_REDIRECT] 
2025-10-28 14:28:52,789 [ERROR] LogOutputStream:75 - [STDERR_REDIRECT] Oct 28, 2025 2:28:52 PM java.util.prefs.FileSystemPreferences syncWorld
2025-10-28 14:28:52,789 [ERROR] LogOutputStream:75 - [STDERR_REDIRECT] WARNING: Couldn't flush system prefs: java.util.prefs.BackingStoreException: Couldn't get file lock.
2025-10-28 14:28:52,790 [ERROR] LogOutputStream:75 - [STDERR_REDIRECT] 
2025-10-28 14:29:22,787 [ERROR] LogOutputStream:75 - [STDERR_REDIRECT] Oct 28, 2025 2:29:22 PM java.util.prefs.FileSystemPreferences checkLockFile0ErrorCode
2025-10-28 14:29:22,788 [ERROR] LogOutputStream:75 - [STDERR_REDIRECT] WARNING: Could not lock System prefs. Unix error code 2.
2025-10-28 14:29:22,788 [ERROR] LogOutputStream:75 - [STDERR_REDIRECT] 
2025-10-28 14:29:22,789 [ERROR] LogOutputStream:75 - [STDERR_REDIRECT] Oct 28, 2025 2:29:22 PM java.util.prefs.FileSystemPreferences syncWorld
2025-10-28 14:29:22,789 [ERROR] LogOutputStream:75 - [STDERR_REDIRECT] WARNING: Couldn't flush system prefs: java.util.prefs.BackingStoreException: Couldn't get file lock.
2025-10-28 14:29:22,789 [ERROR] LogOutputStream:75 - [STDERR_REDIRECT] 
2025-10-28 14:29:52,788 [ERROR] LogOutputStream:75 - [STDERR_REDIRECT] Oct 28, 2025 2:29:52 PM java.util.prefs.FileSystemPreferences checkLockFile0ErrorCode
2025-10-28 14:29:52,789 [ERROR] LogOutputStream:75 - [STDERR_REDIRECT] WARNING: Could not lock System prefs. Unix error code 2.
2025-10-28 14:29:52,789 [ERROR] LogOutputStream:75 - [STDERR_REDIRECT] 
2025-10-28 14:29:52,790 [ERROR] LogOutputStream:75 - [STDERR_REDIRECT] Oct 28, 2025 2:29:52 PM java.util.prefs.FileSystemPreferences syncWorld
2025-10-28 14:29:52,790 [ERROR] LogOutputStream:75 - [STDERR_REDIRECT] WARNING: Couldn't flush system prefs: java.util.prefs.BackingStoreException: Couldn't get file lock.
2025-10-28 14:29:52,790 [ERROR] LogOutputStream:75 - [STDERR_REDIRECT] 
2025-10-28 14:30:22,787 [ERROR] LogOutputStream:75 - [STDERR_REDIRECT] Oct 28, 2025 2:30:22 PM java.util.prefs.FileSystemPreferences checkLockFile0ErrorCode
2025-10-28 14:30:22,787 [ERROR] LogOutputStream:75 - [STDERR_REDIRECT] WARNING: Could not lock System prefs. Unix error code 2.
2025-10-28 14:30:22,788 [ERROR] LogOutputStream:75 - [STDERR_REDIRECT] 
2025-10-28 14:30:22,788 [ERROR] LogOutputStream:75 - [STDERR_REDIRECT] Oct 28, 2025 2:30:22 PM java.util.prefs.FileSystemPreferences syncWorld
2025-10-28 14:30:22,788 [ERROR] LogOutputStream:75 - [STDERR_REDIRECT] WARNING: Couldn't flush system prefs: java.util.prefs.BackingStoreException: Couldn't get file lock.
2025-10-28 14:30:22,788 [ERROR] LogOutputStream:75 - [STDERR_REDIRECT] 
2025-10-28 14:30:52,787 [ERROR] LogOutputStream:75 - [STDERR_REDIRECT] Oct 28, 2025 2:30:52 PM java.util.prefs.FileSystemPreferences checkLockFile0ErrorCode
2025-10-28 14:30:52,787 [ERROR] LogOutputStream:75 - [STDERR_REDIRECT] WARNING: Could not lock System prefs. Unix error code 2.
2025-10-28 14:30:52,787 [ERROR] LogOutputStream:75 - [STDERR_REDIRECT] 
2025-10-28 14:30:52,788 [ERROR] LogOutputStream:75 - [STDERR_REDIRECT] Oct 28, 2025 2:30:52 PM java.util.prefs.FileSystemPreferences syncWorld
2025-10-28 14:30:52,788 [ERROR] LogOutputStream:75 - [STDERR_REDIRECT] WARNING: Couldn't flush system prefs: java.util.prefs.BackingStoreException: Couldn't get file lock.
2025-10-28 14:30:52,788 [ERROR] LogOutputStream:75 - [STDERR_REDIRECT] 
2025-10-28 14:31:22,788 [ERROR] LogOutputStream:75 - [STDERR_REDIRECT] Oct 28, 2025 2:31:22 PM java.util.prefs.FileSystemPreferences checkLockFile0ErrorCode
2025-10-28 14:31:22,788 [ERROR] LogOutputStream:75 - [STDERR_REDIRECT] WARNING: Could not lock System prefs. Unix error code 2.
2025-10-28 14:31:22,788 [ERROR] LogOutputStream:75 - [STDERR_REDIRECT] 
2025-10-28 14:31:22,789 [ERROR] LogOutputStream:75 - [STDERR_REDIRECT] Oct 28, 2025 2:31:22 PM java.util.prefs.FileSystemPreferences syncWorld
2025-10-28 14:31:22,789 [ERROR] LogOutputStream:75 - [STDERR_REDIRECT] WARNING: Couldn't flush system prefs: java.util.prefs.BackingStoreException: Couldn't get file lock.
2025-10-28 14:31:22,789 [ERROR] LogOutputStream:75 - [STDERR_REDIRECT] 
2025-10-28 14:31:52,789 [ERROR] LogOutputStream:75 - [STDERR_REDIRECT] Oct 28, 2025 2:31:52 PM java.util.prefs.FileSystemPreferences checkLockFile0ErrorCode
2025-10-28 14:31:52,789 [ERROR] LogOutputStream:75 - [STDERR_REDIRECT] WARNING: Could not lock System prefs. Unix error code 2.
2025-10-28 14:31:52,789 [ERROR] LogOutputStream:75 - [STDERR_REDIRECT] 
2025-10-28 14:31:52,790 [ERROR] LogOutputStream:75 - [STDERR_REDIRECT] Oct 28, 2025 2:31:52 PM java.util.prefs.FileSystemPreferences syncWorld
2025-10-28 14:31:52,790 [ERROR] LogOutputStream:75 - [STDERR_REDIRECT] WARNING: Couldn't flush system prefs: java.util.prefs.BackingStoreException: Couldn't get file lock.
2025-10-28 14:31:52,790 [ERROR] LogOutputStream:75 - [STDERR_REDIRECT] 
2025-10-28 14:32:22,788 [ERROR] LogOutputStream:75 - [STDERR_REDIRECT] Oct 28, 2025 2:32:22 PM java.util.prefs.FileSystemPreferences checkLockFile0ErrorCode
2025-10-28 14:32:22,788 [ERROR] LogOutputStream:75 - [STDERR_REDIRECT] WARNING: Could not lock System prefs. Unix error code 2.
2025-10-28 14:32:22,788 [ERROR] LogOutputStream:75 - [STDERR_REDIRECT] 
2025-10-28 14:32:22,789 [ERROR] LogOutputStream:75 - [STDERR_REDIRECT] Oct 28, 2025 2:32:22 PM java.util.prefs.FileSystemPreferences syncWorld
2025-10-28 14:32:22,789 [ERROR] LogOutputStream:75 - [STDERR_REDIRECT] WARNING: Couldn't flush system prefs: java.util.prefs.BackingStoreException: Couldn't get file lock.
2025-10-28 14:32:22,789 [ERROR] LogOutputStream:75 - [STDERR_REDIRECT] 
2025-10-28 14:32:52,788 [ERROR] LogOutputStream:75 - [STDERR_REDIRECT] Oct 28, 2025 2:32:52 PM java.util.prefs.FileSystemPreferences checkLockFile0ErrorCode
2025-10-28 14:32:52,789 [ERROR] LogOutputStream:75 - [STDERR_REDIRECT] WARNING: Could not lock System prefs. Unix error code 2.
2025-10-28 14:32:52,789 [ERROR] LogOutputStream:75 - [STDERR_REDIRECT] 
2025-10-28 14:32:52,790 [ERROR] LogOutputStream:75 - [STDERR_REDIRECT] Oct 28, 2025 2:32:52 PM java.util.prefs.FileSystemPreferences syncWorld
2025-10-28 14:32:52,791 [ERROR] LogOutputStream:75 - [STDERR_REDIRECT] WARNING: Couldn't flush system prefs: java.util.prefs.BackingStoreException: Couldn't get file lock.
2025-10-28 14:32:52,791 [ERROR] LogOutputStream:75 - [STDERR_REDIRECT] 
2025-10-28 14:33:22,787 [ERROR] LogOutputStream:75 - [STDERR_REDIRECT] Oct 28, 2025 2:33:22 PM java.util.prefs.FileSystemPreferences checkLockFile0ErrorCode
2025-10-28 14:33:22,788 [ERROR] LogOutputStream:75 - [STDERR_REDIRECT] WARNING: Could not lock System prefs. Unix error code 2.
2025-10-28 14:33:22,788 [ERROR] LogOutputStream:75 - [STDERR_REDIRECT] 
2025-10-28 14:33:22,789 [ERROR] LogOutputStream:75 - [STDERR_REDIRECT] Oct 28, 2025 2:33:22 PM java.util.prefs.FileSystemPreferences syncWorld
2025-10-28 14:33:22,790 [ERROR] LogOutputStream:75 - [STDERR_REDIRECT] WARNING: Couldn't flush system prefs: java.util.prefs.BackingStoreException: Couldn't get file lock.
2025-10-28 14:33:22,790 [ERROR] LogOutputStream:75 - [STDERR_REDIRECT] 
2025-10-28 14:33:52,787 [ERROR] LogOutputStream:75 - [STDERR_REDIRECT] Oct 28, 2025 2:33:52 PM java.util.prefs.FileSystemPreferences checkLockFile0ErrorCode
2025-10-28 14:33:52,788 [ERROR] LogOutputStream:75 - [STDERR_REDIRECT] WARNING: Could not lock System prefs. Unix error code 2.
2025-10-28 14:33:52,788 [ERROR] LogOutputStream:75 - [STDERR_REDIRECT] 
2025-10-28 14:33:52,789 [ERROR] LogOutputStream:75 - [STDERR_REDIRECT] Oct 28, 2025 2:33:52 PM java.util.prefs.FileSystemPreferences syncWorld
2025-10-28 14:33:52,789 [ERROR] LogOutputStream:75 - [STDERR_REDIRECT] WARNING: Couldn't flush system prefs: java.util.prefs.BackingStoreException: Couldn't get file lock.
2025-10-28 14:33:52,789 [ERROR] LogOutputStream:75 - [STDERR_REDIRECT] 
2025-10-28 14:34:22,788 [ERROR] LogOutputStream:75 - [STDERR_REDIRECT] Oct 28, 2025 2:34:22 PM java.util.prefs.FileSystemPreferences checkLockFile0ErrorCode
2025-10-28 14:34:22,788 [ERROR] LogOutputStream:75 - [STDERR_REDIRECT] WARNING: Could not lock System prefs. Unix error code 2.
2025-10-28 14:34:22,788 [ERROR] LogOutputStream:75 - [STDERR_REDIRECT] 
2025-10-28 14:34:22,789 [ERROR] LogOutputStream:75 - [STDERR_REDIRECT] Oct 28, 2025 2:34:22 PM java.util.prefs.FileSystemPreferences syncWorld
2025-10-28 14:34:22,789 [ERROR] LogOutputStream:75 - [STDERR_REDIRECT] WARNING: Couldn't flush system prefs: java.util.prefs.BackingStoreException: Couldn't get file lock.
2025-10-28 14:34:22,789 [ERROR] LogOutputStream:75 - [STDERR_REDIRECT] 
2025-10-28 14:34:52,787 [ERROR] LogOutputStream:75 - [STDERR_REDIRECT] Oct 28, 2025 2:34:52 PM java.util.prefs.FileSystemPreferences checkLockFile0ErrorCode
2025-10-28 14:34:52,788 [ERROR] LogOutputStream:75 - [STDERR_REDIRECT] WARNING: Could not lock System prefs. Unix error code 2.
2025-10-28 14:34:52,788 [ERROR] LogOutputStream:75 - [STDERR_REDIRECT] 
2025-10-28 14:34:52,788 [ERROR] LogOutputStream:75 - [STDERR_REDIRECT] Oct 28, 2025 2:34:52 PM java.util.prefs.FileSystemPreferences syncWorld
2025-10-28 14:34:52,789 [ERROR] LogOutputStream:75 - [STDERR_REDIRECT] WARNING: Couldn't flush system prefs: java.util.prefs.BackingStoreException: Couldn't get file lock.
2025-10-28 14:34:52,789 [ERROR] LogOutputStream:75 - [STDERR_REDIRECT] 
2025-10-28 14:35:22,787 [ERROR] LogOutputStream:75 - [STDERR_REDIRECT] Oct 28, 2025 2:35:22 PM java.util.prefs.FileSystemPreferences checkLockFile0ErrorCode
2025-10-28 14:35:22,787 [ERROR] LogOutputStream:75 - [STDERR_REDIRECT] WARNING: Could not lock System prefs. Unix error code 2.
2025-10-28 14:35:22,787 [ERROR] LogOutputStream:75 - [STDERR_REDIRECT] 
2025-10-28 14:35:22,788 [ERROR] LogOutputStream:75 - [STDERR_REDIRECT] Oct 28, 2025 2:35:22 PM java.util.prefs.FileSystemPreferences syncWorld
2025-10-28 14:35:22,788 [ERROR] LogOutputStream:75 - [STDERR_REDIRECT] WARNING: Couldn't flush system prefs: java.util.prefs.BackingStoreException: Couldn't get file lock.
2025-10-28 14:35:22,788 [ERROR] LogOutputStream:75 - [STDERR_REDIRECT] 
2025-10-28 14:35:52,788 [ERROR] LogOutputStream:75 - [STDERR_REDIRECT] Oct 28, 2025 2:35:52 PM java.util.prefs.FileSystemPreferences checkLockFile0ErrorCode
2025-10-28 14:35:52,788 [ERROR] LogOutputStream:75 - [STDERR_REDIRECT] WARNING: Could not lock System prefs. Unix error code 2.
2025-10-28 14:35:52,788 [ERROR] LogOutputStream:75 - [STDERR_REDIRECT] 
2025-10-28 14:35:52,788 [ERROR] LogOutputStream:75 - [STDERR_REDIRECT] Oct 28, 2025 2:35:52 PM java.util.prefs.FileSystemPreferences syncWorld
2025-10-28 14:35:52,788 [ERROR] LogOutputStream:75 - [STDERR_REDIRECT] WARNING: Couldn't flush system prefs: java.util.prefs.BackingStoreException: Couldn't get file lock.
2025-10-28 14:35:52,789 [ERROR] LogOutputStream:75 - [STDERR_REDIRECT] 
2025-10-28 14:36:22,787 [ERROR] LogOutputStream:75 - [STDERR_REDIRECT] Oct 28, 2025 2:36:22 PM java.util.prefs.FileSystemPreferences checkLockFile0ErrorCode
2025-10-28 14:36:22,787 [ERROR] LogOutputStream:75 - [STDERR_REDIRECT] WARNING: Could not lock System prefs. Unix error code 2.
2025-10-28 14:36:22,788 [ERROR] LogOutputStream:75 - [STDERR_REDIRECT] 
2025-10-28 14:36:22,789 [ERROR] LogOutputStream:75 - [STDERR_REDIRECT] Oct 28, 2025 2:36:22 PM java.util.prefs.FileSystemPreferences syncWorld
2025-10-28 14:36:22,790 [ERROR] LogOutputStream:75 - [STDERR_REDIRECT] WARNING: Couldn't flush system prefs: java.util.prefs.BackingStoreException: Couldn't get file lock.
2025-10-28 14:36:22,790 [ERROR] LogOutputStream:75 - [STDERR_REDIRECT] 
2025-10-28 14:36:52,787 [ERROR] LogOutputStream:75 - [STDERR_REDIRECT] Oct 28, 2025 2:36:52 PM java.util.prefs.FileSystemPreferences checkLockFile0ErrorCode
2025-10-28 14:36:52,788 [ERROR] LogOutputStream:75 - [STDERR_REDIRECT] WARNING: Could not lock System prefs. Unix error code 2.
2025-10-28 14:36:52,788 [ERROR] LogOutputStream:75 - [STDERR_REDIRECT] 
2025-10-28 14:36:52,789 [ERROR] LogOutputStream:75 - [STDERR_REDIRECT] Oct 28, 2025 2:36:52 PM java.util.prefs.FileSystemPreferences syncWorld
2025-10-28 14:36:52,789 [ERROR] LogOutputStream:75 - [STDERR_REDIRECT] WARNING: Couldn't flush system prefs: java.util.prefs.BackingStoreException: Couldn't get file lock.
2025-10-28 14:36:52,789 [ERROR] LogOutputStream:75 - [STDERR_REDIRECT] 
2025-10-28 14:37:22,788 [ERROR] LogOutputStream:75 - [STDERR_REDIRECT] Oct 28, 2025 2:37:22 PM java.util.prefs.FileSystemPreferences checkLockFile0ErrorCode
2025-10-28 14:37:22,788 [ERROR] LogOutputStream:75 - [STDERR_REDIRECT] WARNING: Could not lock System prefs. Unix error code 2.
2025-10-28 14:37:22,788 [ERROR] LogOutputStream:75 - [STDERR_REDIRECT] 
2025-10-28 14:37:22,789 [ERROR] LogOutputStream:75 - [STDERR_REDIRECT] Oct 28, 2025 2:37:22 PM java.util.prefs.FileSystemPreferences syncWorld
2025-10-28 14:37:22,789 [ERROR] LogOutputStream:75 - [STDERR_REDIRECT] WARNING: Couldn't flush system prefs: java.util.prefs.BackingStoreException: Couldn't get file lock.
2025-10-28 14:37:22,789 [ERROR] LogOutputStream:75 - [STDERR_REDIRECT] 
2025-10-28 14:37:52,788 [ERROR] LogOutputStream:75 - [STDERR_REDIRECT] Oct 28, 2025 2:37:52 PM java.util.prefs.FileSystemPreferences checkLockFile0ErrorCode
2025-10-28 14:37:52,788 [ERROR] LogOutputStream:75 - [STDERR_REDIRECT] WARNING: Could not lock System prefs. Unix error code 2.
2025-10-28 14:37:52,788 [ERROR] LogOutputStream:75 - [STDERR_REDIRECT] 
2025-10-28 14:37:52,789 [ERROR] LogOutputStream:75 - [STDERR_REDIRECT] Oct 28, 2025 2:37:52 PM java.util.prefs.FileSystemPreferences syncWorld
2025-10-28 14:37:52,789 [ERROR] LogOutputStream:75 - [STDERR_REDIRECT] WARNING: Couldn't flush system prefs: java.util.prefs.BackingStoreException: Couldn't get file lock.
2025-10-28 14:37:52,789 [ERROR] LogOutputStream:75 - [STDERR_REDIRECT] 
2025-10-28 14:38:22,788 [ERROR] LogOutputStream:75 - [STDERR_REDIRECT] Oct 28, 2025 2:38:22 PM java.util.prefs.FileSystemPreferences checkLockFile0ErrorCode
2025-10-28 14:38:22,789 [ERROR] LogOutputStream:75 - [STDERR_REDIRECT] WARNING: Could not lock System prefs. Unix error code 2.
2025-10-28 14:38:22,789 [ERROR] LogOutputStream:75 - [STDERR_REDIRECT] 
2025-10-28 14:38:22,789 [ERROR] LogOutputStream:75 - [STDERR_REDIRECT] Oct 28, 2025 2:38:22 PM java.util.prefs.FileSystemPreferences syncWorld
2025-10-28 14:38:22,790 [ERROR] LogOutputStream:75 - [STDERR_REDIRECT] WARNING: Couldn't flush system prefs: java.util.prefs.BackingStoreException: Couldn't get file lock.
2025-10-28 14:38:22,790 [ERROR] LogOutputStream:75 - [STDERR_REDIRECT] 
2025-10-28 14:38:52,787 [ERROR] LogOutputStream:75 - [STDERR_REDIRECT] Oct 28, 2025 2:38:52 PM java.util.prefs.FileSystemPreferences checkLockFile0ErrorCode
2025-10-28 14:38:52,788 [ERROR] LogOutputStream:75 - [STDERR_REDIRECT] WARNING: Could not lock System prefs. Unix error code 2.
2025-10-28 14:38:52,788 [ERROR] LogOutputStream:75 - [STDERR_REDIRECT] 
2025-10-28 14:38:52,789 [ERROR] LogOutputStream:75 - [STDERR_REDIRECT] Oct 28, 2025 2:38:52 PM java.util.prefs.FileSystemPreferences syncWorld
2025-10-28 14:38:52,789 [ERROR] LogOutputStream:75 - [STDERR_REDIRECT] WARNING: Couldn't flush system prefs: java.util.prefs.BackingStoreException: Couldn't get file lock.
2025-10-28 14:38:52,789 [ERROR] LogOutputStream:75 - [STDERR_REDIRECT] 
2025-10-28 14:39:22,789 [ERROR] LogOutputStream:75 - [STDERR_REDIRECT] Oct 28, 2025 2:39:22 PM java.util.prefs.FileSystemPreferences checkLockFile0ErrorCode
2025-10-28 14:39:22,789 [ERROR] LogOutputStream:75 - [STDERR_REDIRECT] WARNING: Could not lock System prefs. Unix error code 2.
2025-10-28 14:39:22,790 [ERROR] LogOutputStream:75 - [STDERR_REDIRECT] 
2025-10-28 14:39:22,791 [ERROR] LogOutputStream:75 - [STDERR_REDIRECT] Oct 28, 2025 2:39:22 PM java.util.prefs.FileSystemPreferences syncWorld
2025-10-28 14:39:22,791 [ERROR] LogOutputStream:75 - [STDERR_REDIRECT] WARNING: Couldn't flush system prefs: java.util.prefs.BackingStoreException: Couldn't get file lock.
2025-10-28 14:39:22,791 [ERROR] LogOutputStream:75 - [STDERR_REDIRECT] 
2025-10-28 14:39:52,790 [ERROR] LogOutputStream:75 - [STDERR_REDIRECT] Oct 28, 2025 2:39:52 PM java.util.prefs.FileSystemPreferences checkLockFile0ErrorCode
2025-10-28 14:39:52,790 [ERROR] LogOutputStream:75 - [STDERR_REDIRECT] WARNING: Could not lock System prefs. Unix error code 2.
2025-10-28 14:39:52,790 [ERROR] LogOutputStream:75 - [STDERR_REDIRECT] 
2025-10-28 14:39:52,791 [ERROR] LogOutputStream:75 - [STDERR_REDIRECT] Oct 28, 2025 2:39:52 PM java.util.prefs.FileSystemPreferences syncWorld
2025-10-28 14:39:52,791 [ERROR] LogOutputStream:75 - [STDERR_REDIRECT] WARNING: Couldn't flush system prefs: java.util.prefs.BackingStoreException: Couldn't get file lock.
2025-10-28 14:39:52,791 [ERROR] LogOutputStream:75 - [STDERR_REDIRECT] 
2025-10-28 14:40:22,790 [ERROR] LogOutputStream:75 - [STDERR_REDIRECT] Oct 28, 2025 2:40:22 PM java.util.prefs.FileSystemPreferences checkLockFile0ErrorCode
2025-10-28 14:40:22,790 [ERROR] LogOutputStream:75 - [STDERR_REDIRECT] WARNING: Could not lock System prefs. Unix error code 2.
2025-10-28 14:40:22,790 [ERROR] LogOutputStream:75 - [STDERR_REDIRECT] 
2025-10-28 14:40:22,791 [ERROR] LogOutputStream:75 - [STDERR_REDIRECT] Oct 28, 2025 2:40:22 PM java.util.prefs.FileSystemPreferences syncWorld
2025-10-28 14:40:22,791 [ERROR] LogOutputStream:75 - [STDERR_REDIRECT] WARNING: Couldn't flush system prefs: java.util.prefs.BackingStoreException: Couldn't get file lock.
2025-10-28 14:40:22,791 [ERROR] LogOutputStream:75 - [STDERR_REDIRECT] 
2025-10-28 14:40:52,790 [ERROR] LogOutputStream:75 - [STDERR_REDIRECT] Oct 28, 2025 2:40:52 PM java.util.prefs.FileSystemPreferences checkLockFile0ErrorCode
2025-10-28 14:40:52,791 [ERROR] LogOutputStream:75 - [STDERR_REDIRECT] WARNING: Could not lock System prefs. Unix error code 2.
2025-10-28 14:40:52,791 [ERROR] LogOutputStream:75 - [STDERR_REDIRECT] 
2025-10-28 14:40:52,792 [ERROR] LogOutputStream:75 - [STDERR_REDIRECT] Oct 28, 2025 2:40:52 PM java.util.prefs.FileSystemPreferences syncWorld
2025-10-28 14:40:52,792 [ERROR] LogOutputStream:75 - [STDERR_REDIRECT] WARNING: Couldn't flush system prefs: java.util.prefs.BackingStoreException: Couldn't get file lock.
2025-10-28 14:40:52,792 [ERROR] LogOutputStream:75 - [STDERR_REDIRECT] 
2025-10-28 14:41:22,791 [ERROR] LogOutputStream:75 - [STDERR_REDIRECT] Oct 28, 2025 2:41:22 PM java.util.prefs.FileSystemPreferences checkLockFile0ErrorCode
2025-10-28 14:41:22,791 [ERROR] LogOutputStream:75 - [STDERR_REDIRECT] WARNING: Could not lock System prefs. Unix error code 2.
2025-10-28 14:41:22,791 [ERROR] LogOutputStream:75 - [STDERR_REDIRECT] 
2025-10-28 14:41:22,792 [ERROR] LogOutputStream:75 - [STDERR_REDIRECT] Oct 28, 2025 2:41:22 PM java.util.prefs.FileSystemPreferences syncWorld
2025-10-28 14:41:22,792 [ERROR] LogOutputStream:75 - [STDERR_REDIRECT] WARNING: Couldn't flush system prefs: java.util.prefs.BackingStoreException: Couldn't get file lock.
2025-10-28 14:41:22,792 [ERROR] LogOutputStream:75 - [STDERR_REDIRECT] 
2025-10-28 14:41:52,790 [ERROR] LogOutputStream:75 - [STDERR_REDIRECT] Oct 28, 2025 2:41:52 PM java.util.prefs.FileSystemPreferences checkLockFile0ErrorCode
2025-10-28 14:41:52,791 [ERROR] LogOutputStream:75 - [STDERR_REDIRECT] WARNING: Could not lock System prefs. Unix error code 2.
2025-10-28 14:41:52,791 [ERROR] LogOutputStream:75 - [STDERR_REDIRECT] 
2025-10-28 14:41:52,792 [ERROR] LogOutputStream:75 - [STDERR_REDIRECT] Oct 28, 2025 2:41:52 PM java.util.prefs.FileSystemPreferences syncWorld
2025-10-28 14:41:52,792 [ERROR] LogOutputStream:75 - [STDERR_REDIRECT] WARNING: Couldn't flush system prefs: java.util.prefs.BackingStoreException: Couldn't get file lock.
2025-10-28 14:41:52,793 [ERROR] LogOutputStream:75 - [STDERR_REDIRECT] 
2025-10-28 14:42:22,791 [ERROR] LogOutputStream:75 - [STDERR_REDIRECT] Oct 28, 2025 2:42:22 PM java.util.prefs.FileSystemPreferences checkLockFile0ErrorCode
2025-10-28 14:42:22,791 [ERROR] LogOutputStream:75 - [STDERR_REDIRECT] WARNING: Could not lock System prefs. Unix error code 2.
2025-10-28 14:42:22,791 [ERROR] LogOutputStream:75 - [STDERR_REDIRECT] 
2025-10-28 14:42:22,792 [ERROR] LogOutputStream:75 - [STDERR_REDIRECT] Oct 28, 2025 2:42:22 PM java.util.prefs.FileSystemPreferences syncWorld
2025-10-28 14:42:22,792 [ERROR] LogOutputStream:75 - [STDERR_REDIRECT] WARNING: Couldn't flush system prefs: java.util.prefs.BackingStoreException: Couldn't get file lock.
2025-10-28 14:42:22,792 [ERROR] LogOutputStream:75 - [STDERR_REDIRECT] 
2025-10-28 14:42:52,791 [ERROR] LogOutputStream:75 - [STDERR_REDIRECT] Oct 28, 2025 2:42:52 PM java.util.prefs.FileSystemPreferences checkLockFile0ErrorCode
2025-10-28 14:42:52,792 [ERROR] LogOutputStream:75 - [STDERR_REDIRECT] WARNING: Could not lock System prefs. Unix error code 2.
2025-10-28 14:42:52,792 [ERROR] LogOutputStream:75 - [STDERR_REDIRECT] 
2025-10-28 14:42:52,793 [ERROR] LogOutputStream:75 - [STDERR_REDIRECT] Oct 28, 2025 2:42:52 PM java.util.prefs.FileSystemPreferences syncWorld
2025-10-28 14:42:52,794 [ERROR] LogOutputStream:75 - [STDERR_REDIRECT] WARNING: Couldn't flush system prefs: java.util.prefs.BackingStoreException: Couldn't get file lock.
2025-10-28 14:42:52,794 [ERROR] LogOutputStream:75 - [STDERR_REDIRECT] 
2025-10-28 14:43:22,791 [ERROR] LogOutputStream:75 - [STDERR_REDIRECT] Oct 28, 2025 2:43:22 PM java.util.prefs.FileSystemPreferences checkLockFile0ErrorCode
2025-10-28 14:43:22,791 [ERROR] LogOutputStream:75 - [STDERR_REDIRECT] WARNING: Could not lock System prefs. Unix error code 2.
2025-10-28 14:43:22,791 [ERROR] LogOutputStream:75 - [STDERR_REDIRECT] 
2025-10-28 14:43:22,792 [ERROR] LogOutputStream:75 - [STDERR_REDIRECT] Oct 28, 2025 2:43:22 PM java.util.prefs.FileSystemPreferences syncWorld
2025-10-28 14:43:22,792 [ERROR] LogOutputStream:75 - [STDERR_REDIRECT] WARNING: Couldn't flush system prefs: java.util.prefs.BackingStoreException: Couldn't get file lock.
2025-10-28 14:43:22,792 [ERROR] LogOutputStream:75 - [STDERR_REDIRECT] 
2025-10-28 14:43:52,791 [ERROR] LogOutputStream:75 - [STDERR_REDIRECT] Oct 28, 2025 2:43:52 PM java.util.prefs.FileSystemPreferences checkLockFile0ErrorCode
2025-10-28 14:43:52,792 [ERROR] LogOutputStream:75 - [STDERR_REDIRECT] WARNING: Could not lock System prefs. Unix error code 2.
2025-10-28 14:43:52,792 [ERROR] LogOutputStream:75 - [STDERR_REDIRECT] 
2025-10-28 14:43:52,792 [ERROR] LogOutputStream:75 - [STDERR_REDIRECT] Oct 28, 2025 2:43:52 PM java.util.prefs.FileSystemPreferences syncWorld
2025-10-28 14:43:52,793 [ERROR] LogOutputStream:75 - [STDERR_REDIRECT] WARNING: Couldn't flush system prefs: java.util.prefs.BackingStoreException: Couldn't get file lock.
2025-10-28 14:43:52,793 [ERROR] LogOutputStream:75 - [STDERR_REDIRECT] 
2025-10-28 14:44:22,790 [ERROR] LogOutputStream:75 - [STDERR_REDIRECT] Oct 28, 2025 2:44:22 PM java.util.prefs.FileSystemPreferences checkLockFile0ErrorCode
2025-10-28 14:44:22,791 [ERROR] LogOutputStream:75 - [STDERR_REDIRECT] WARNING: Could not lock System prefs. Unix error code 2.
2025-10-28 14:44:22,791 [ERROR] LogOutputStream:75 - [STDERR_REDIRECT] 
2025-10-28 14:44:22,791 [ERROR] LogOutputStream:75 - [STDERR_REDIRECT] Oct 28, 2025 2:44:22 PM java.util.prefs.FileSystemPreferences syncWorld
2025-10-28 14:44:22,791 [ERROR] LogOutputStream:75 - [STDERR_REDIRECT] WARNING: Couldn't flush system prefs: java.util.prefs.BackingStoreException: Couldn't get file lock.
2025-10-28 14:44:22,791 [ERROR] LogOutputStream:75 - [STDERR_REDIRECT] 
2025-10-28 14:44:52,790 [ERROR] LogOutputStream:75 - [STDERR_REDIRECT] Oct 28, 2025 2:44:52 PM java.util.prefs.FileSystemPreferences checkLockFile0ErrorCode
2025-10-28 14:44:52,791 [ERROR] LogOutputStream:75 - [STDERR_REDIRECT] WARNING: Could not lock System prefs. Unix error code 2.
2025-10-28 14:44:52,791 [ERROR] LogOutputStream:75 - [STDERR_REDIRECT] 
2025-10-28 14:44:52,791 [ERROR] LogOutputStream:75 - [STDERR_REDIRECT] Oct 28, 2025 2:44:52 PM java.util.prefs.FileSystemPreferences syncWorld
2025-10-28 14:44:52,792 [ERROR] LogOutputStream:75 - [STDERR_REDIRECT] WARNING: Couldn't flush system prefs: java.util.prefs.BackingStoreException: Couldn't get file lock.
2025-10-28 14:44:52,792 [ERROR] LogOutputStream:75 - [STDERR_REDIRECT] 
2025-10-28 14:45:22,791 [ERROR] LogOutputStream:75 - [STDERR_REDIRECT] Oct 28, 2025 2:45:22 PM java.util.prefs.FileSystemPreferences checkLockFile0ErrorCode
2025-10-28 14:45:22,791 [ERROR] LogOutputStream:75 - [STDERR_REDIRECT] WARNING: Could not lock System prefs. Unix error code 2.
2025-10-28 14:45:22,791 [ERROR] LogOutputStream:75 - [STDERR_REDIRECT] 
2025-10-28 14:45:22,791 [ERROR] LogOutputStream:75 - [STDERR_REDIRECT] Oct 28, 2025 2:45:22 PM java.util.prefs.FileSystemPreferences syncWorld
2025-10-28 14:45:22,792 [ERROR] LogOutputStream:75 - [STDERR_REDIRECT] WARNING: Couldn't flush system prefs: java.util.prefs.BackingStoreException: Couldn't get file lock.
2025-10-28 14:45:22,792 [ERROR] LogOutputStream:75 - [STDERR_REDIRECT] 
2025-10-28 14:45:52,791 [ERROR] LogOutputStream:75 - [STDERR_REDIRECT] Oct 28, 2025 2:45:52 PM java.util.prefs.FileSystemPreferences checkLockFile0ErrorCode
2025-10-28 14:45:52,792 [ERROR] LogOutputStream:75 - [STDERR_REDIRECT] WARNING: Could not lock System prefs. Unix error code 2.
2025-10-28 14:45:52,792 [ERROR] LogOutputStream:75 - [STDERR_REDIRECT] 
2025-10-28 14:45:52,792 [ERROR] LogOutputStream:75 - [STDERR_REDIRECT] Oct 28, 2025 2:45:52 PM java.util.prefs.FileSystemPreferences syncWorld
2025-10-28 14:45:52,792 [ERROR] LogOutputStream:75 - [STDERR_REDIRECT] WARNING: Couldn't flush system prefs: java.util.prefs.BackingStoreException: Couldn't get file lock.
2025-10-28 14:45:52,792 [ERROR] LogOutputStream:75 - [STDERR_REDIRECT] 
2025-10-28 14:46:22,791 [ERROR] LogOutputStream:75 - [STDERR_REDIRECT] Oct 28, 2025 2:46:22 PM java.util.prefs.FileSystemPreferences checkLockFile0ErrorCode
2025-10-28 14:46:22,791 [ERROR] LogOutputStream:75 - [STDERR_REDIRECT] WARNING: Could not lock System prefs. Unix error code 2.
2025-10-28 14:46:22,791 [ERROR] LogOutputStream:75 - [STDERR_REDIRECT] 
2025-10-28 14:46:22,791 [ERROR] LogOutputStream:75 - [STDERR_REDIRECT] Oct 28, 2025 2:46:22 PM java.util.prefs.FileSystemPreferences syncWorld
2025-10-28 14:46:22,792 [ERROR] LogOutputStream:75 - [STDERR_REDIRECT] WARNING: Couldn't flush system prefs: java.util.prefs.BackingStoreException: Couldn't get file lock.
2025-10-28 14:46:22,792 [ERROR] LogOutputStream:75 - [STDERR_REDIRECT] 
2025-10-28 14:46:52,791 [ERROR] LogOutputStream:75 - [STDERR_REDIRECT] Oct 28, 2025 2:46:52 PM java.util.prefs.FileSystemPreferences checkLockFile0ErrorCode
2025-10-28 14:46:52,792 [ERROR] LogOutputStream:75 - [STDERR_REDIRECT] WARNING: Could not lock System prefs. Unix error code 2.
2025-10-28 14:46:52,792 [ERROR] LogOutputStream:75 - [STDERR_REDIRECT] 
2025-10-28 14:46:52,792 [ERROR] LogOutputStream:75 - [STDERR_REDIRECT] Oct 28, 2025 2:46:52 PM java.util.prefs.FileSystemPreferences syncWorld
2025-10-28 14:46:52,793 [ERROR] LogOutputStream:75 - [STDERR_REDIRECT] WARNING: Couldn't flush system prefs: java.util.prefs.BackingStoreException: Couldn't get file lock.
2025-10-28 14:46:52,793 [ERROR] LogOutputStream:75 - [STDERR_REDIRECT] 
2025-10-28 14:47:22,828 [ERROR] LogOutputStream:75 - [STDERR_REDIRECT] Oct 28, 2025 2:47:22 PM java.util.prefs.FileSystemPreferences checkLockFile0ErrorCode
2025-10-28 14:47:22,828 [ERROR] LogOutputStream:75 - [STDERR_REDIRECT] WARNING: Could not lock System prefs. Unix error code 2.
2025-10-28 14:47:22,828 [ERROR] LogOutputStream:75 - [STDERR_REDIRECT] 
2025-10-28 14:47:22,829 [ERROR] LogOutputStream:75 - [STDERR_REDIRECT] Oct 28, 2025 2:47:22 PM java.util.prefs.FileSystemPreferences syncWorld
2025-10-28 14:47:22,829 [ERROR] LogOutputStream:75 - [STDERR_REDIRECT] WARNING: Couldn't flush system prefs: java.util.prefs.BackingStoreException: Couldn't get file lock.
2025-10-28 14:47:22,829 [ERROR] LogOutputStream:75 - [STDERR_REDIRECT] 
2025-10-28 14:47:52,790 [ERROR] LogOutputStream:75 - [STDERR_REDIRECT] Oct 28, 2025 2:47:52 PM java.util.prefs.FileSystemPreferences checkLockFile0ErrorCode
2025-10-28 14:47:52,790 [ERROR] LogOutputStream:75 - [STDERR_REDIRECT] WARNING: Could not lock System prefs. Unix error code 2.
2025-10-28 14:47:52,790 [ERROR] LogOutputStream:75 - [STDERR_REDIRECT] 
2025-10-28 14:47:52,791 [ERROR] LogOutputStream:75 - [STDERR_REDIRECT] Oct 28, 2025 2:47:52 PM java.util.prefs.FileSystemPreferences syncWorld
2025-10-28 14:47:52,791 [ERROR] LogOutputStream:75 - [STDERR_REDIRECT] WARNING: Couldn't flush system prefs: java.util.prefs.BackingStoreException: Couldn't get file lock.
2025-10-28 14:47:52,791 [ERROR] LogOutputStream:75 - [STDERR_REDIRECT] 
2025-10-28 14:48:22,792 [ERROR] LogOutputStream:75 - [STDERR_REDIRECT] Oct 28, 2025 2:48:22 PM java.util.prefs.FileSystemPreferences checkLockFile0ErrorCode
2025-10-28 14:48:22,792 [ERROR] LogOutputStream:75 - [STDERR_REDIRECT] WARNING: Could not lock System prefs. Unix error code 2.
2025-10-28 14:48:22,792 [ERROR] LogOutputStream:75 - [STDERR_REDIRECT] 
2025-10-28 14:48:22,793 [ERROR] LogOutputStream:75 - [STDERR_REDIRECT] Oct 28, 2025 2:48:22 PM java.util.prefs.FileSystemPreferences syncWorld
2025-10-28 14:48:22,793 [ERROR] LogOutputStream:75 - [STDERR_REDIRECT] WARNING: Couldn't flush system prefs: java.util.prefs.BackingStoreException: Couldn't get file lock.
2025-10-28 14:48:22,793 [ERROR] LogOutputStream:75 - [STDERR_REDIRECT] 
2025-10-28 14:48:52,791 [ERROR] LogOutputStream:75 - [STDERR_REDIRECT] Oct 28, 2025 2:48:52 PM java.util.prefs.FileSystemPreferences checkLockFile0ErrorCode
2025-10-28 14:48:52,792 [ERROR] LogOutputStream:75 - [STDERR_REDIRECT] WARNING: Could not lock System prefs. Unix error code 2.
2025-10-28 14:48:52,792 [ERROR] LogOutputStream:75 - [STDERR_REDIRECT] 
2025-10-28 14:48:52,792 [ERROR] LogOutputStream:75 - [STDERR_REDIRECT] Oct 28, 2025 2:48:52 PM java.util.prefs.FileSystemPreferences syncWorld
2025-10-28 14:48:52,792 [ERROR] LogOutputStream:75 - [STDERR_REDIRECT] WARNING: Couldn't flush system prefs: java.util.prefs.BackingStoreException: Couldn't get file lock.
2025-10-28 14:48:52,793 [ERROR] LogOutputStream:75 - [STDERR_REDIRECT] 
2025-10-28 14:49:22,790 [ERROR] LogOutputStream:75 - [STDERR_REDIRECT] Oct 28, 2025 2:49:22 PM java.util.prefs.FileSystemPreferences checkLockFile0ErrorCode
2025-10-28 14:49:22,790 [ERROR] LogOutputStream:75 - [STDERR_REDIRECT] WARNING: Could not lock System prefs. Unix error code 2.
2025-10-28 14:49:22,790 [ERROR] LogOutputStream:75 - [STDERR_REDIRECT] 
2025-10-28 14:49:22,791 [ERROR] LogOutputStream:75 - [STDERR_REDIRECT] Oct 28, 2025 2:49:22 PM java.util.prefs.FileSystemPreferences syncWorld
2025-10-28 14:49:22,791 [ERROR] LogOutputStream:75 - [STDERR_REDIRECT] WARNING: Couldn't flush system prefs: java.util.prefs.BackingStoreException: Couldn't get file lock.
2025-10-28 14:49:22,791 [ERROR] LogOutputStream:75 - [STDERR_REDIRECT] 
2025-10-28 14:49:52,791 [ERROR] LogOutputStream:75 - [STDERR_REDIRECT] Oct 28, 2025 2:49:52 PM java.util.prefs.FileSystemPreferences checkLockFile0ErrorCode
2025-10-28 14:49:52,792 [ERROR] LogOutputStream:75 - [STDERR_REDIRECT] WARNING: Could not lock System prefs. Unix error code 2.
2025-10-28 14:49:52,792 [ERROR] LogOutputStream:75 - [STDERR_REDIRECT] 
2025-10-28 14:49:52,792 [ERROR] LogOutputStream:75 - [STDERR_REDIRECT] Oct 28, 2025 2:49:52 PM java.util.prefs.FileSystemPreferences syncWorld
2025-10-28 14:49:52,793 [ERROR] LogOutputStream:75 - [STDERR_REDIRECT] WARNING: Couldn't flush system prefs: java.util.prefs.BackingStoreException: Couldn't get file lock.
2025-10-28 14:49:52,793 [ERROR] LogOutputStream:75 - [STDERR_REDIRECT] 
2025-10-28 14:50:22,791 [ERROR] LogOutputStream:75 - [STDERR_REDIRECT] Oct 28, 2025 2:50:22 PM java.util.prefs.FileSystemPreferences checkLockFile0ErrorCode
2025-10-28 14:50:22,791 [ERROR] LogOutputStream:75 - [STDERR_REDIRECT] WARNING: Could not lock System prefs. Unix error code 2.
2025-10-28 14:50:22,791 [ERROR] LogOutputStream:75 - [STDERR_REDIRECT] 
2025-10-28 14:50:22,792 [ERROR] LogOutputStream:75 - [STDERR_REDIRECT] Oct 28, 2025 2:50:22 PM java.util.prefs.FileSystemPreferences syncWorld
2025-10-28 14:50:22,792 [ERROR] LogOutputStream:75 - [STDERR_REDIRECT] WARNING: Couldn't flush system prefs: java.util.prefs.BackingStoreException: Couldn't get file lock.
2025-10-28 14:50:22,792 [ERROR] LogOutputStream:75 - [STDERR_REDIRECT] 
2025-10-28 14:50:52,791 [ERROR] LogOutputStream:75 - [STDERR_REDIRECT] Oct 28, 2025 2:50:52 PM java.util.prefs.FileSystemPreferences checkLockFile0ErrorCode
2025-10-28 14:50:52,791 [ERROR] LogOutputStream:75 - [STDERR_REDIRECT] WARNING: Could not lock System prefs. Unix error code 2.
2025-10-28 14:50:52,791 [ERROR] LogOutputStream:75 - [STDERR_REDIRECT] 
2025-10-28 14:50:52,791 [ERROR] LogOutputStream:75 - [STDERR_REDIRECT] Oct 28, 2025 2:50:52 PM java.util.prefs.FileSystemPreferences syncWorld
2025-10-28 14:50:52,792 [ERROR] LogOutputStream:75 - [STDERR_REDIRECT] WARNING: Couldn't flush system prefs: java.util.prefs.BackingStoreException: Couldn't get file lock.
2025-10-28 14:50:52,792 [ERROR] LogOutputStream:75 - [STDERR_REDIRECT] 
2025-10-28 14:51:22,791 [ERROR] LogOutputStream:75 - [STDERR_REDIRECT] Oct 28, 2025 2:51:22 PM java.util.prefs.FileSystemPreferences checkLockFile0ErrorCode
2025-10-28 14:51:22,791 [ERROR] LogOutputStream:75 - [STDERR_REDIRECT] WARNING: Could not lock System prefs. Unix error code 2.
2025-10-28 14:51:22,791 [ERROR] LogOutputStream:75 - [STDERR_REDIRECT] 
2025-10-28 14:51:22,791 [ERROR] LogOutputStream:75 - [STDERR_REDIRECT] Oct 28, 2025 2:51:22 PM java.util.prefs.FileSystemPreferences syncWorld
2025-10-28 14:51:22,792 [ERROR] LogOutputStream:75 - [STDERR_REDIRECT] WARNING: Couldn't flush system prefs: java.util.prefs.BackingStoreException: Couldn't get file lock.
2025-10-28 14:51:22,792 [ERROR] LogOutputStream:75 - [STDERR_REDIRECT] 
2025-10-28 14:51:52,791 [ERROR] LogOutputStream:75 - [STDERR_REDIRECT] Oct 28, 2025 2:51:52 PM java.util.prefs.FileSystemPreferences checkLockFile0ErrorCode
2025-10-28 14:51:52,791 [ERROR] LogOutputStream:75 - [STDERR_REDIRECT] WARNING: Could not lock System prefs. Unix error code 2.
2025-10-28 14:51:52,791 [ERROR] LogOutputStream:75 - [STDERR_REDIRECT] 
2025-10-28 14:51:52,792 [ERROR] LogOutputStream:75 - [STDERR_REDIRECT] Oct 28, 2025 2:51:52 PM java.util.prefs.FileSystemPreferences syncWorld
2025-10-28 14:51:52,792 [ERROR] LogOutputStream:75 - [STDERR_REDIRECT] WARNING: Couldn't flush system prefs: java.util.prefs.BackingStoreException: Couldn't get file lock.
2025-10-28 14:51:52,792 [ERROR] LogOutputStream:75 - [STDERR_REDIRECT] 
2025-10-28 14:52:22,791 [ERROR] LogOutputStream:75 - [STDERR_REDIRECT] Oct 28, 2025 2:52:22 PM java.util.prefs.FileSystemPreferences checkLockFile0ErrorCode
2025-10-28 14:52:22,791 [ERROR] LogOutputStream:75 - [STDERR_REDIRECT] WARNING: Could not lock System prefs. Unix error code 2.
2025-10-28 14:52:22,791 [ERROR] LogOutputStream:75 - [STDERR_REDIRECT] 
2025-10-28 14:52:22,792 [ERROR] LogOutputStream:75 - [STDERR_REDIRECT] Oct 28, 2025 2:52:22 PM java.util.prefs.FileSystemPreferences syncWorld
2025-10-28 14:52:22,792 [ERROR] LogOutputStream:75 - [STDERR_REDIRECT] WARNING: Couldn't flush system prefs: java.util.prefs.BackingStoreException: Couldn't get file lock.
2025-10-28 14:52:22,792 [ERROR] LogOutputStream:75 - [STDERR_REDIRECT] 
2025-10-28 14:52:52,790 [ERROR] LogOutputStream:75 - [STDERR_REDIRECT] Oct 28, 2025 2:52:52 PM java.util.prefs.FileSystemPreferences checkLockFile0ErrorCode
2025-10-28 14:52:52,790 [ERROR] LogOutputStream:75 - [STDERR_REDIRECT] WARNING: Could not lock System prefs. Unix error code 2.
2025-10-28 14:52:52,790 [ERROR] LogOutputStream:75 - [STDERR_REDIRECT] 
2025-10-28 14:52:52,791 [ERROR] LogOutputStream:75 - [STDERR_REDIRECT] Oct 28, 2025 2:52:52 PM java.util.prefs.FileSystemPreferences syncWorld
2025-10-28 14:52:52,791 [ERROR] LogOutputStream:75 - [STDERR_REDIRECT] WARNING: Couldn't flush system prefs: java.util.prefs.BackingStoreException: Couldn't get file lock.
2025-10-28 14:52:52,791 [ERROR] LogOutputStream:75 - [STDERR_REDIRECT] 
2025-10-28 14:53:22,791 [ERROR] LogOutputStream:75 - [STDERR_REDIRECT] Oct 28, 2025 2:53:22 PM java.util.prefs.FileSystemPreferences checkLockFile0ErrorCode
2025-10-28 14:53:22,792 [ERROR] LogOutputStream:75 - [STDERR_REDIRECT] WARNING: Could not lock System prefs. Unix error code 2.
2025-10-28 14:53:22,792 [ERROR] LogOutputStream:75 - [STDERR_REDIRECT] 
2025-10-28 14:53:22,792 [ERROR] LogOutputStream:75 - [STDERR_REDIRECT] Oct 28, 2025 2:53:22 PM java.util.prefs.FileSystemPreferences syncWorld
2025-10-28 14:53:22,792 [ERROR] LogOutputStream:75 - [STDERR_REDIRECT] WARNING: Couldn't flush system prefs: java.util.prefs.BackingStoreException: Couldn't get file lock.
2025-10-28 14:53:22,792 [ERROR] LogOutputStream:75 - [STDERR_REDIRECT] 
2025-10-28 14:53:52,790 [ERROR] LogOutputStream:75 - [STDERR_REDIRECT] Oct 28, 2025 2:53:52 PM java.util.prefs.FileSystemPreferences checkLockFile0ErrorCode
2025-10-28 14:53:52,790 [ERROR] LogOutputStream:75 - [STDERR_REDIRECT] WARNING: Could not lock System prefs. Unix error code 2.
2025-10-28 14:53:52,790 [ERROR] LogOutputStream:75 - [STDERR_REDIRECT] 
2025-10-28 14:53:52,791 [ERROR] LogOutputStream:75 - [STDERR_REDIRECT] Oct 28, 2025 2:53:52 PM java.util.prefs.FileSystemPreferences syncWorld
2025-10-28 14:53:52,791 [ERROR] LogOutputStream:75 - [STDERR_REDIRECT] WARNING: Couldn't flush system prefs: java.util.prefs.BackingStoreException: Couldn't get file lock.
2025-10-28 14:53:52,791 [ERROR] LogOutputStream:75 - [STDERR_REDIRECT] 
2025-10-28 14:54:22,790 [ERROR] LogOutputStream:75 - [STDERR_REDIRECT] Oct 28, 2025 2:54:22 PM java.util.prefs.FileSystemPreferences checkLockFile0ErrorCode
2025-10-28 14:54:22,791 [ERROR] LogOutputStream:75 - [STDERR_REDIRECT] WARNING: Could not lock System prefs. Unix error code 2.
2025-10-28 14:54:22,791 [ERROR] LogOutputStream:75 - [STDERR_REDIRECT] 
2025-10-28 14:54:22,792 [ERROR] LogOutputStream:75 - [STDERR_REDIRECT] Oct 28, 2025 2:54:22 PM java.util.prefs.FileSystemPreferences syncWorld
2025-10-28 14:54:22,792 [ERROR] LogOutputStream:75 - [STDERR_REDIRECT] WARNING: Couldn't flush system prefs: java.util.prefs.BackingStoreException: Couldn't get file lock.
2025-10-28 14:54:22,792 [ERROR] LogOutputStream:75 - [STDERR_REDIRECT] 
2025-10-28 14:54:52,791 [ERROR] LogOutputStream:75 - [STDERR_REDIRECT] Oct 28, 2025 2:54:52 PM java.util.prefs.FileSystemPreferences checkLockFile0ErrorCode
2025-10-28 14:54:52,791 [ERROR] LogOutputStream:75 - [STDERR_REDIRECT] WARNING: Could not lock System prefs. Unix error code 2.
2025-10-28 14:54:52,792 [ERROR] LogOutputStream:75 - [STDERR_REDIRECT] 
2025-10-28 14:54:52,792 [ERROR] LogOutputStream:75 - [STDERR_REDIRECT] Oct 28, 2025 2:54:52 PM java.util.prefs.FileSystemPreferences syncWorld
2025-10-28 14:54:52,792 [ERROR] LogOutputStream:75 - [STDERR_REDIRECT] WARNING: Couldn't flush system prefs: java.util.prefs.BackingStoreException: Couldn't get file lock.
2025-10-28 14:54:52,792 [ERROR] LogOutputStream:75 - [STDERR_REDIRECT] 
2025-10-28 14:55:22,792 [ERROR] LogOutputStream:75 - [STDERR_REDIRECT] Oct 28, 2025 2:55:22 PM java.util.prefs.FileSystemPreferences checkLockFile0ErrorCode
2025-10-28 14:55:22,792 [ERROR] LogOutputStream:75 - [STDERR_REDIRECT] WARNING: Could not lock System prefs. Unix error code 2.
2025-10-28 14:55:22,792 [ERROR] LogOutputStream:75 - [STDERR_REDIRECT] 
2025-10-28 14:55:22,792 [ERROR] LogOutputStream:75 - [STDERR_REDIRECT] Oct 28, 2025 2:55:22 PM java.util.prefs.FileSystemPreferences syncWorld
2025-10-28 14:55:22,792 [ERROR] LogOutputStream:75 - [STDERR_REDIRECT] WARNING: Couldn't flush system prefs: java.util.prefs.BackingStoreException: Couldn't get file lock.
2025-10-28 14:55:22,793 [ERROR] LogOutputStream:75 - [STDERR_REDIRECT] 
2025-10-28 14:55:52,791 [ERROR] LogOutputStream:75 - [STDERR_REDIRECT] Oct 28, 2025 2:55:52 PM java.util.prefs.FileSystemPreferences checkLockFile0ErrorCode
2025-10-28 14:55:52,792 [ERROR] LogOutputStream:75 - [STDERR_REDIRECT] WARNING: Could not lock System prefs. Unix error code 2.
2025-10-28 14:55:52,792 [ERROR] LogOutputStream:75 - [STDERR_REDIRECT] 
2025-10-28 14:55:52,792 [ERROR] LogOutputStream:75 - [STDERR_REDIRECT] Oct 28, 2025 2:55:52 PM java.util.prefs.FileSystemPreferences syncWorld
2025-10-28 14:55:52,793 [ERROR] LogOutputStream:75 - [STDERR_REDIRECT] WARNING: Couldn't flush system prefs: java.util.prefs.BackingStoreException: Couldn't get file lock.
2025-10-28 14:55:52,793 [ERROR] LogOutputStream:75 - [STDERR_REDIRECT] 
2025-10-28 14:56:22,792 [ERROR] LogOutputStream:75 - [STDERR_REDIRECT] Oct 28, 2025 2:56:22 PM java.util.prefs.FileSystemPreferences checkLockFile0ErrorCode
2025-10-28 14:56:22,792 [ERROR] LogOutputStream:75 - [STDERR_REDIRECT] WARNING: Could not lock System prefs. Unix error code 2.
2025-10-28 14:56:22,792 [ERROR] LogOutputStream:75 - [STDERR_REDIRECT] 
2025-10-28 14:56:22,793 [ERROR] LogOutputStream:75 - [STDERR_REDIRECT] Oct 28, 2025 2:56:22 PM java.util.prefs.FileSystemPreferences syncWorld
2025-10-28 14:56:22,793 [ERROR] LogOutputStream:75 - [STDERR_REDIRECT] WARNING: Couldn't flush system prefs: java.util.prefs.BackingStoreException: Couldn't get file lock.
2025-10-28 14:56:22,793 [ERROR] LogOutputStream:75 - [STDERR_REDIRECT] 
2025-10-28 14:56:36,169 [ERROR] LogOutputStream:75 - [STDERR_REDIRECT] 
2025-10-28 14:56:36,171 [ERROR] LogOutputStream:75 - [STDERR_REDIRECT] 
