2025-10-23 00:00:08,671 [ERROR] LogOutputStream:75 - [STDERR_REDIRECT] Oct 23, 2025 12:00:08 AM java.util.prefs.FileSystemPreferences checkLockFile0ErrorCode
2025-10-23 00:00:08,681 [ERROR] LogOutputStream:75 - [STDERR_REDIRECT] WARNING: Could not lock System prefs. Unix error code 2.
2025-10-23 00:00:08,682 [ERROR] LogOutputStream:75 - [STDERR_REDIRECT] 
2025-10-23 00:00:08,683 [ERROR] LogOutputStream:75 - [STDERR_REDIRECT] Oct 23, 2025 12:00:08 AM java.util.prefs.FileSystemPreferences syncWorld
2025-10-23 00:00:08,683 [ERROR] LogOutputStream:75 - [STDERR_REDIRECT] WARNING: Couldn't flush system prefs: java.util.prefs.BackingStoreException: Couldn't get file lock.
2025-10-23 00:00:08,683 [ERROR] LogOutputStream:75 - [STDERR_REDIRECT] 
2025-10-23 00:00:38,671 [ERROR] LogOutputStream:75 - [STDERR_REDIRECT] Oct 23, 2025 12:00:38 AM java.util.prefs.FileSystemPreferences checkLockFile0ErrorCode
2025-10-23 00:00:38,672 [ERROR] LogOutputStream:75 - [STDERR_REDIRECT] WARNING: Could not lock System prefs. Unix error code 2.
2025-10-23 00:00:38,672 [ERROR] LogOutputStream:75 - [STDERR_REDIRECT] 
2025-10-23 00:00:38,672 [ERROR] LogOutputStream:75 - [STDERR_REDIRECT] Oct 23, 2025 12:00:38 AM java.util.prefs.FileSystemPreferences syncWorld
2025-10-23 00:00:38,673 [ERROR] LogOutputStream:75 - [STDERR_REDIRECT] WARNING: Couldn't flush system prefs: java.util.prefs.BackingStoreException: Couldn't get file lock.
2025-10-23 00:00:38,673 [ERROR] LogOutputStream:75 - [STDERR_REDIRECT] 
2025-10-23 00:01:08,671 [ERROR] LogOutputStream:75 - [STDERR_REDIRECT] Oct 23, 2025 12:01:08 AM java.util.prefs.FileSystemPreferences checkLockFile0ErrorCode
2025-10-23 00:01:08,682 [ERROR] LogOutputStream:75 - [STDERR_REDIRECT] WARNING: Could not lock System prefs. Unix error code 2.
2025-10-23 00:01:08,682 [ERROR] LogOutputStream:75 - [STDERR_REDIRECT] 
2025-10-23 00:01:08,683 [ERROR] LogOutputStream:75 - [STDERR_REDIRECT] Oct 23, 2025 12:01:08 AM java.util.prefs.FileSystemPreferences syncWorld
2025-10-23 00:01:08,683 [ERROR] LogOutputStream:75 - [STDERR_REDIRECT] WARNING: Couldn't flush system prefs: java.util.prefs.BackingStoreException: Couldn't get file lock.
2025-10-23 00:01:08,684 [ERROR] LogOutputStream:75 - [STDERR_REDIRECT] 
2025-10-23 00:01:38,671 [ERROR] LogOutputStream:75 - [STDERR_REDIRECT] Oct 23, 2025 12:01:38 AM java.util.prefs.FileSystemPreferences checkLockFile0ErrorCode
2025-10-23 00:01:38,672 [ERROR] LogOutputStream:75 - [STDERR_REDIRECT] WARNING: Could not lock System prefs. Unix error code 2.
2025-10-23 00:01:38,672 [ERROR] LogOutputStream:75 - [STDERR_REDIRECT] 
2025-10-23 00:01:38,673 [ERROR] LogOutputStream:75 - [STDERR_REDIRECT] Oct 23, 2025 12:01:38 AM java.util.prefs.FileSystemPreferences syncWorld
2025-10-23 00:01:38,673 [ERROR] LogOutputStream:75 - [STDERR_REDIRECT] WARNING: Couldn't flush system prefs: java.util.prefs.BackingStoreException: Couldn't get file lock.
2025-10-23 00:01:38,673 [ERROR] LogOutputStream:75 - [STDERR_REDIRECT] 
2025-10-23 00:02:08,671 [ERROR] LogOutputStream:75 - [STDERR_REDIRECT] Oct 23, 2025 12:02:08 AM java.util.prefs.FileSystemPreferences checkLockFile0ErrorCode
2025-10-23 00:02:08,671 [ERROR] LogOutputStream:75 - [STDERR_REDIRECT] WARNING: Could not lock System prefs. Unix error code 2.
2025-10-23 00:02:08,671 [ERROR] LogOutputStream:75 - [STDERR_REDIRECT] 
2025-10-23 00:02:08,672 [ERROR] LogOutputStream:75 - [STDERR_REDIRECT] Oct 23, 2025 12:02:08 AM java.util.prefs.FileSystemPreferences syncWorld
2025-10-23 00:02:08,672 [ERROR] LogOutputStream:75 - [STDERR_REDIRECT] WARNING: Couldn't flush system prefs: java.util.prefs.BackingStoreException: Couldn't get file lock.
2025-10-23 00:02:08,672 [ERROR] LogOutputStream:75 - [STDERR_REDIRECT] 
2025-10-23 00:02:38,674 [ERROR] LogOutputStream:75 - [STDERR_REDIRECT] Oct 23, 2025 12:02:38 AM java.util.prefs.FileSystemPreferences checkLockFile0ErrorCode
2025-10-23 00:02:38,675 [ERROR] LogOutputStream:75 - [STDERR_REDIRECT] WARNING: Could not lock System prefs. Unix error code 2.
2025-10-23 00:02:38,675 [ERROR] LogOutputStream:75 - [STDERR_REDIRECT] 
2025-10-23 00:02:38,675 [ERROR] LogOutputStream:75 - [STDERR_REDIRECT] Oct 23, 2025 12:02:38 AM java.util.prefs.FileSystemPreferences syncWorld
2025-10-23 00:02:38,676 [ERROR] LogOutputStream:75 - [STDERR_REDIRECT] WARNING: Couldn't flush system prefs: java.util.prefs.BackingStoreException: Couldn't get file lock.
2025-10-23 00:02:38,676 [ERROR] LogOutputStream:75 - [STDERR_REDIRECT] 
2025-10-23 00:03:08,684 [ERROR] LogOutputStream:75 - [STDERR_REDIRECT] Oct 23, 2025 12:03:08 AM java.util.prefs.FileSystemPreferences checkLockFile0ErrorCode
2025-10-23 00:03:08,685 [ERROR] LogOutputStream:75 - [STDERR_REDIRECT] WARNING: Could not lock System prefs. Unix error code 2.
2025-10-23 00:03:08,685 [ERROR] LogOutputStream:75 - [STDERR_REDIRECT] 
2025-10-23 00:03:08,686 [ERROR] LogOutputStream:75 - [STDERR_REDIRECT] Oct 23, 2025 12:03:08 AM java.util.prefs.FileSystemPreferences syncWorld
2025-10-23 00:03:08,687 [ERROR] LogOutputStream:75 - [STDERR_REDIRECT] WARNING: Couldn't flush system prefs: java.util.prefs.BackingStoreException: Couldn't get file lock.
2025-10-23 00:03:08,687 [ERROR] LogOutputStream:75 - [STDERR_REDIRECT] 
2025-10-23 00:03:38,688 [ERROR] LogOutputStream:75 - [STDERR_REDIRECT] Oct 23, 2025 12:03:38 AM java.util.prefs.FileSystemPreferences checkLockFile0ErrorCode
2025-10-23 00:03:38,689 [ERROR] LogOutputStream:75 - [STDERR_REDIRECT] WARNING: Could not lock System prefs. Unix error code 2.
2025-10-23 00:03:38,689 [ERROR] LogOutputStream:75 - [STDERR_REDIRECT] 
2025-10-23 00:03:38,690 [ERROR] LogOutputStream:75 - [STDERR_REDIRECT] Oct 23, 2025 12:03:38 AM java.util.prefs.FileSystemPreferences syncWorld
2025-10-23 00:03:38,690 [ERROR] LogOutputStream:75 - [STDERR_REDIRECT] WARNING: Couldn't flush system prefs: java.util.prefs.BackingStoreException: Couldn't get file lock.
2025-10-23 00:03:38,691 [ERROR] LogOutputStream:75 - [STDERR_REDIRECT] 
2025-10-23 00:04:08,691 [ERROR] LogOutputStream:75 - [STDERR_REDIRECT] Oct 23, 2025 12:04:08 AM java.util.prefs.FileSystemPreferences checkLockFile0ErrorCode
2025-10-23 00:04:08,692 [ERROR] LogOutputStream:75 - [STDERR_REDIRECT] WARNING: Could not lock System prefs. Unix error code 2.
2025-10-23 00:04:08,692 [ERROR] LogOutputStream:75 - [STDERR_REDIRECT] 
2025-10-23 00:04:08,698 [ERROR] LogOutputStream:75 - [STDERR_REDIRECT] Oct 23, 2025 12:04:08 AM java.util.prefs.FileSystemPreferences syncWorld
2025-10-23 00:04:08,700 [ERROR] LogOutputStream:75 - [STDERR_REDIRECT] WARNING: Couldn't flush system prefs: java.util.prefs.BackingStoreException: Couldn't get file lock.
2025-10-23 00:04:08,700 [ERROR] LogOutputStream:75 - [STDERR_REDIRECT] 
2025-10-23 00:04:38,694 [ERROR] LogOutputStream:75 - [STDERR_REDIRECT] Oct 23, 2025 12:04:38 AM java.util.prefs.FileSystemPreferences checkLockFile0ErrorCode
2025-10-23 00:04:38,694 [ERROR] LogOutputStream:75 - [STDERR_REDIRECT] WARNING: Could not lock System prefs. Unix error code 2.
2025-10-23 00:04:38,695 [ERROR] LogOutputStream:75 - [STDERR_REDIRECT] 
2025-10-23 00:04:38,696 [ERROR] LogOutputStream:75 - [STDERR_REDIRECT] Oct 23, 2025 12:04:38 AM java.util.prefs.FileSystemPreferences syncWorld
2025-10-23 00:04:38,696 [ERROR] LogOutputStream:75 - [STDERR_REDIRECT] WARNING: Couldn't flush system prefs: java.util.prefs.BackingStoreException: Couldn't get file lock.
2025-10-23 00:04:38,697 [ERROR] LogOutputStream:75 - [STDERR_REDIRECT] 
2025-10-23 00:05:08,680 [ERROR] LogOutputStream:75 - [STDERR_REDIRECT] Oct 23, 2025 12:05:08 AM java.util.prefs.FileSystemPreferences checkLockFile0ErrorCode
2025-10-23 00:05:08,681 [ERROR] LogOutputStream:75 - [STDERR_REDIRECT] WARNING: Could not lock System prefs. Unix error code 2.
2025-10-23 00:05:08,681 [ERROR] LogOutputStream:75 - [STDERR_REDIRECT] 
2025-10-23 00:05:08,681 [ERROR] LogOutputStream:75 - [STDERR_REDIRECT] Oct 23, 2025 12:05:08 AM java.util.prefs.FileSystemPreferences syncWorld
2025-10-23 00:05:08,682 [ERROR] LogOutputStream:75 - [STDERR_REDIRECT] WARNING: Couldn't flush system prefs: java.util.prefs.BackingStoreException: Couldn't get file lock.
2025-10-23 00:05:08,682 [ERROR] LogOutputStream:75 - [STDERR_REDIRECT] 
2025-10-23 00:05:38,700 [ERROR] LogOutputStream:75 - [STDERR_REDIRECT] Oct 23, 2025 12:05:38 AM java.util.prefs.FileSystemPreferences checkLockFile0ErrorCode
2025-10-23 00:05:38,700 [ERROR] LogOutputStream:75 - [STDERR_REDIRECT] WARNING: Could not lock System prefs. Unix error code 2.
2025-10-23 00:05:38,701 [ERROR] LogOutputStream:75 - [STDERR_REDIRECT] 
2025-10-23 00:05:38,713 [ERROR] LogOutputStream:75 - [STDERR_REDIRECT] Oct 23, 2025 12:05:38 AM java.util.prefs.FileSystemPreferences syncWorld
2025-10-23 00:05:38,713 [ERROR] LogOutputStream:75 - [STDERR_REDIRECT] WARNING: Couldn't flush system prefs: java.util.prefs.BackingStoreException: Couldn't get file lock.
2025-10-23 00:05:38,713 [ERROR] LogOutputStream:75 - [STDERR_REDIRECT] 
2025-10-23 00:06:08,681 [ERROR] LogOutputStream:75 - [STDERR_REDIRECT] Oct 23, 2025 12:06:08 AM java.util.prefs.FileSystemPreferences checkLockFile0ErrorCode
2025-10-23 00:06:08,682 [ERROR] LogOutputStream:75 - [STDERR_REDIRECT] WARNING: Could not lock System prefs. Unix error code 2.
2025-10-23 00:06:08,682 [ERROR] LogOutputStream:75 - [STDERR_REDIRECT] 
2025-10-23 00:06:08,683 [ERROR] LogOutputStream:75 - [STDERR_REDIRECT] Oct 23, 2025 12:06:08 AM java.util.prefs.FileSystemPreferences syncWorld
2025-10-23 00:06:08,683 [ERROR] LogOutputStream:75 - [STDERR_REDIRECT] WARNING: Couldn't flush system prefs: java.util.prefs.BackingStoreException: Couldn't get file lock.
2025-10-23 00:06:08,683 [ERROR] LogOutputStream:75 - [STDERR_REDIRECT] 
2025-10-23 00:06:38,681 [ERROR] LogOutputStream:75 - [STDERR_REDIRECT] Oct 23, 2025 12:06:38 AM java.util.prefs.FileSystemPreferences checkLockFile0ErrorCode
2025-10-23 00:06:38,681 [ERROR] LogOutputStream:75 - [STDERR_REDIRECT] WARNING: Could not lock System prefs. Unix error code 2.
2025-10-23 00:06:38,682 [ERROR] LogOutputStream:75 - [STDERR_REDIRECT] 
2025-10-23 00:06:38,683 [ERROR] LogOutputStream:75 - [STDERR_REDIRECT] Oct 23, 2025 12:06:38 AM java.util.prefs.FileSystemPreferences syncWorld
2025-10-23 00:06:38,683 [ERROR] LogOutputStream:75 - [STDERR_REDIRECT] WARNING: Couldn't flush system prefs: java.util.prefs.BackingStoreException: Couldn't get file lock.
2025-10-23 00:06:38,684 [ERROR] LogOutputStream:75 - [STDERR_REDIRECT] 
2025-10-23 00:07:08,682 [ERROR] LogOutputStream:75 - [STDERR_REDIRECT] Oct 23, 2025 12:07:08 AM java.util.prefs.FileSystemPreferences checkLockFile0ErrorCode
2025-10-23 00:07:08,683 [ERROR] LogOutputStream:75 - [STDERR_REDIRECT] WARNING: Could not lock System prefs. Unix error code 2.
2025-10-23 00:07:08,683 [ERROR] LogOutputStream:75 - [STDERR_REDIRECT] 
2025-10-23 00:07:08,684 [ERROR] LogOutputStream:75 - [STDERR_REDIRECT] Oct 23, 2025 12:07:08 AM java.util.prefs.FileSystemPreferences syncWorld
2025-10-23 00:07:08,684 [ERROR] LogOutputStream:75 - [STDERR_REDIRECT] WARNING: Couldn't flush system prefs: java.util.prefs.BackingStoreException: Couldn't get file lock.
2025-10-23 00:07:08,684 [ERROR] LogOutputStream:75 - [STDERR_REDIRECT] 
2025-10-23 00:07:38,681 [ERROR] LogOutputStream:75 - [STDERR_REDIRECT] Oct 23, 2025 12:07:38 AM java.util.prefs.FileSystemPreferences checkLockFile0ErrorCode
2025-10-23 00:07:38,681 [ERROR] LogOutputStream:75 - [STDERR_REDIRECT] WARNING: Could not lock System prefs. Unix error code 2.
2025-10-23 00:07:38,682 [ERROR] LogOutputStream:75 - [STDERR_REDIRECT] 
2025-10-23 00:07:38,682 [ERROR] LogOutputStream:75 - [STDERR_REDIRECT] Oct 23, 2025 12:07:38 AM java.util.prefs.FileSystemPreferences syncWorld
2025-10-23 00:07:38,682 [ERROR] LogOutputStream:75 - [STDERR_REDIRECT] WARNING: Couldn't flush system prefs: java.util.prefs.BackingStoreException: Couldn't get file lock.
2025-10-23 00:07:38,682 [ERROR] LogOutputStream:75 - [STDERR_REDIRECT] 
2025-10-23 00:08:08,682 [ERROR] LogOutputStream:75 - [STDERR_REDIRECT] Oct 23, 2025 12:08:08 AM java.util.prefs.FileSystemPreferences checkLockFile0ErrorCode
2025-10-23 00:08:08,682 [ERROR] LogOutputStream:75 - [STDERR_REDIRECT] WARNING: Could not lock System prefs. Unix error code 2.
2025-10-23 00:08:08,682 [ERROR] LogOutputStream:75 - [STDERR_REDIRECT] 
2025-10-23 00:08:08,683 [ERROR] LogOutputStream:75 - [STDERR_REDIRECT] Oct 23, 2025 12:08:08 AM java.util.prefs.FileSystemPreferences syncWorld
2025-10-23 00:08:08,683 [ERROR] LogOutputStream:75 - [STDERR_REDIRECT] WARNING: Couldn't flush system prefs: java.util.prefs.BackingStoreException: Couldn't get file lock.
2025-10-23 00:08:08,683 [ERROR] LogOutputStream:75 - [STDERR_REDIRECT] 
2025-10-23 00:08:38,683 [ERROR] LogOutputStream:75 - [STDERR_REDIRECT] Oct 23, 2025 12:08:38 AM java.util.prefs.FileSystemPreferences checkLockFile0ErrorCode
2025-10-23 00:08:38,684 [ERROR] LogOutputStream:75 - [STDERR_REDIRECT] WARNING: Could not lock System prefs. Unix error code 2.
2025-10-23 00:08:38,684 [ERROR] LogOutputStream:75 - [STDERR_REDIRECT] 
2025-10-23 00:08:38,684 [ERROR] LogOutputStream:75 - [STDERR_REDIRECT] Oct 23, 2025 12:08:38 AM java.util.prefs.FileSystemPreferences syncWorld
2025-10-23 00:08:38,684 [ERROR] LogOutputStream:75 - [STDERR_REDIRECT] WARNING: Couldn't flush system prefs: java.util.prefs.BackingStoreException: Couldn't get file lock.
2025-10-23 00:08:38,685 [ERROR] LogOutputStream:75 - [STDERR_REDIRECT] 
2025-10-23 00:09:08,689 [ERROR] LogOutputStream:75 - [STDERR_REDIRECT] Oct 23, 2025 12:09:08 AM java.util.prefs.FileSystemPreferences checkLockFile0ErrorCode
2025-10-23 00:09:08,690 [ERROR] LogOutputStream:75 - [STDERR_REDIRECT] WARNING: Could not lock System prefs. Unix error code 2.
2025-10-23 00:09:08,690 [ERROR] LogOutputStream:75 - [STDERR_REDIRECT] 
2025-10-23 00:09:08,694 [ERROR] LogOutputStream:75 - [STDERR_REDIRECT] Oct 23, 2025 12:09:08 AM java.util.prefs.FileSystemPreferences syncWorld
2025-10-23 00:09:08,695 [ERROR] LogOutputStream:75 - [STDERR_REDIRECT] WARNING: Couldn't flush system prefs: java.util.prefs.BackingStoreException: Couldn't get file lock.
2025-10-23 00:09:08,695 [ERROR] LogOutputStream:75 - [STDERR_REDIRECT] 
2025-10-23 00:09:38,767 [ERROR] LogOutputStream:75 - [STDERR_REDIRECT] Oct 23, 2025 12:09:38 AM java.util.prefs.FileSystemPreferences checkLockFile0ErrorCode
2025-10-23 00:09:38,767 [ERROR] LogOutputStream:75 - [STDERR_REDIRECT] WARNING: Could not lock System prefs. Unix error code 2.
2025-10-23 00:09:38,767 [ERROR] LogOutputStream:75 - [STDERR_REDIRECT] 
2025-10-23 00:09:38,768 [ERROR] LogOutputStream:75 - [STDERR_REDIRECT] Oct 23, 2025 12:09:38 AM java.util.prefs.FileSystemPreferences syncWorld
2025-10-23 00:09:38,768 [ERROR] LogOutputStream:75 - [STDERR_REDIRECT] WARNING: Couldn't flush system prefs: java.util.prefs.BackingStoreException: Couldn't get file lock.
2025-10-23 00:09:38,768 [ERROR] LogOutputStream:75 - [STDERR_REDIRECT] 
2025-10-23 00:10:08,681 [ERROR] LogOutputStream:75 - [STDERR_REDIRECT] Oct 23, 2025 12:10:08 AM java.util.prefs.FileSystemPreferences checkLockFile0ErrorCode
2025-10-23 00:10:08,682 [ERROR] LogOutputStream:75 - [STDERR_REDIRECT] WARNING: Could not lock System prefs. Unix error code 2.
2025-10-23 00:10:08,682 [ERROR] LogOutputStream:75 - [STDERR_REDIRECT] 
2025-10-23 00:10:08,682 [ERROR] LogOutputStream:75 - [STDERR_REDIRECT] Oct 23, 2025 12:10:08 AM java.util.prefs.FileSystemPreferences syncWorld
2025-10-23 00:10:08,683 [ERROR] LogOutputStream:75 - [STDERR_REDIRECT] WARNING: Couldn't flush system prefs: java.util.prefs.BackingStoreException: Couldn't get file lock.
2025-10-23 00:10:08,683 [ERROR] LogOutputStream:75 - [STDERR_REDIRECT] 
2025-10-23 00:10:38,682 [ERROR] LogOutputStream:75 - [STDERR_REDIRECT] Oct 23, 2025 12:10:38 AM java.util.prefs.FileSystemPreferences checkLockFile0ErrorCode
2025-10-23 00:10:38,683 [ERROR] LogOutputStream:75 - [STDERR_REDIRECT] WARNING: Could not lock System prefs. Unix error code 2.
2025-10-23 00:10:38,683 [ERROR] LogOutputStream:75 - [STDERR_REDIRECT] 
2025-10-23 00:10:38,683 [ERROR] LogOutputStream:75 - [STDERR_REDIRECT] Oct 23, 2025 12:10:38 AM java.util.prefs.FileSystemPreferences syncWorld
2025-10-23 00:10:38,683 [ERROR] LogOutputStream:75 - [STDERR_REDIRECT] WARNING: Couldn't flush system prefs: java.util.prefs.BackingStoreException: Couldn't get file lock.
2025-10-23 00:10:38,683 [ERROR] LogOutputStream:75 - [STDERR_REDIRECT] 
2025-10-23 00:11:08,683 [ERROR] LogOutputStream:75 - [STDERR_REDIRECT] Oct 23, 2025 12:11:08 AM java.util.prefs.FileSystemPreferences checkLockFile0ErrorCode
2025-10-23 00:11:08,694 [ERROR] LogOutputStream:75 - [STDERR_REDIRECT] WARNING: Could not lock System prefs. Unix error code 2.
2025-10-23 00:11:08,694 [ERROR] LogOutputStream:75 - [STDERR_REDIRECT] 
2025-10-23 00:11:08,695 [ERROR] LogOutputStream:75 - [STDERR_REDIRECT] Oct 23, 2025 12:11:08 AM java.util.prefs.FileSystemPreferences syncWorld
2025-10-23 00:11:08,695 [ERROR] LogOutputStream:75 - [STDERR_REDIRECT] WARNING: Couldn't flush system prefs: java.util.prefs.BackingStoreException: Couldn't get file lock.
2025-10-23 00:11:08,695 [ERROR] LogOutputStream:75 - [STDERR_REDIRECT] 
2025-10-23 00:11:38,683 [ERROR] LogOutputStream:75 - [STDERR_REDIRECT] Oct 23, 2025 12:11:38 AM java.util.prefs.FileSystemPreferences checkLockFile0ErrorCode
2025-10-23 00:11:38,684 [ERROR] LogOutputStream:75 - [STDERR_REDIRECT] WARNING: Could not lock System prefs. Unix error code 2.
2025-10-23 00:11:38,684 [ERROR] LogOutputStream:75 - [STDERR_REDIRECT] 
2025-10-23 00:11:38,684 [ERROR] LogOutputStream:75 - [STDERR_REDIRECT] Oct 23, 2025 12:11:38 AM java.util.prefs.FileSystemPreferences syncWorld
2025-10-23 00:11:38,684 [ERROR] LogOutputStream:75 - [STDERR_REDIRECT] WARNING: Couldn't flush system prefs: java.util.prefs.BackingStoreException: Couldn't get file lock.
2025-10-23 00:11:38,684 [ERROR] LogOutputStream:75 - [STDERR_REDIRECT] 
2025-10-23 00:12:08,684 [ERROR] LogOutputStream:75 - [STDERR_REDIRECT] Oct 23, 2025 12:12:08 AM java.util.prefs.FileSystemPreferences checkLockFile0ErrorCode
2025-10-23 00:12:08,684 [ERROR] LogOutputStream:75 - [STDERR_REDIRECT] WARNING: Could not lock System prefs. Unix error code 2.
2025-10-23 00:12:08,684 [ERROR] LogOutputStream:75 - [STDERR_REDIRECT] 
2025-10-23 00:12:08,685 [ERROR] LogOutputStream:75 - [STDERR_REDIRECT] Oct 23, 2025 12:12:08 AM java.util.prefs.FileSystemPreferences syncWorld
2025-10-23 00:12:08,685 [ERROR] LogOutputStream:75 - [STDERR_REDIRECT] WARNING: Couldn't flush system prefs: java.util.prefs.BackingStoreException: Couldn't get file lock.
2025-10-23 00:12:08,685 [ERROR] LogOutputStream:75 - [STDERR_REDIRECT] 
2025-10-23 00:12:38,684 [ERROR] LogOutputStream:75 - [STDERR_REDIRECT] Oct 23, 2025 12:12:38 AM java.util.prefs.FileSystemPreferences checkLockFile0ErrorCode
2025-10-23 00:12:38,685 [ERROR] LogOutputStream:75 - [STDERR_REDIRECT] WARNING: Could not lock System prefs. Unix error code 2.
2025-10-23 00:12:38,685 [ERROR] LogOutputStream:75 - [STDERR_REDIRECT] 
2025-10-23 00:12:38,685 [ERROR] LogOutputStream:75 - [STDERR_REDIRECT] Oct 23, 2025 12:12:38 AM java.util.prefs.FileSystemPreferences syncWorld
2025-10-23 00:12:38,685 [ERROR] LogOutputStream:75 - [STDERR_REDIRECT] WARNING: Couldn't flush system prefs: java.util.prefs.BackingStoreException: Couldn't get file lock.
2025-10-23 00:12:38,685 [ERROR] LogOutputStream:75 - [STDERR_REDIRECT] 
2025-10-23 00:13:08,684 [ERROR] LogOutputStream:75 - [STDERR_REDIRECT] Oct 23, 2025 12:13:08 AM java.util.prefs.FileSystemPreferences checkLockFile0ErrorCode
2025-10-23 00:13:08,684 [ERROR] LogOutputStream:75 - [STDERR_REDIRECT] WARNING: Could not lock System prefs. Unix error code 2.
2025-10-23 00:13:08,684 [ERROR] LogOutputStream:75 - [STDERR_REDIRECT] 
2025-10-23 00:13:08,684 [ERROR] LogOutputStream:75 - [STDERR_REDIRECT] Oct 23, 2025 12:13:08 AM java.util.prefs.FileSystemPreferences syncWorld
2025-10-23 00:13:08,684 [ERROR] LogOutputStream:75 - [STDERR_REDIRECT] WARNING: Couldn't flush system prefs: java.util.prefs.BackingStoreException: Couldn't get file lock.
2025-10-23 00:13:08,685 [ERROR] LogOutputStream:75 - [STDERR_REDIRECT] 
2025-10-23 00:13:38,683 [ERROR] LogOutputStream:75 - [STDERR_REDIRECT] Oct 23, 2025 12:13:38 AM java.util.prefs.FileSystemPreferences checkLockFile0ErrorCode
2025-10-23 00:13:38,683 [ERROR] LogOutputStream:75 - [STDERR_REDIRECT] WARNING: Could not lock System prefs. Unix error code 2.
2025-10-23 00:13:38,684 [ERROR] LogOutputStream:75 - [STDERR_REDIRECT] 
2025-10-23 00:13:38,684 [ERROR] LogOutputStream:75 - [STDERR_REDIRECT] Oct 23, 2025 12:13:38 AM java.util.prefs.FileSystemPreferences syncWorld
2025-10-23 00:13:38,685 [ERROR] LogOutputStream:75 - [STDERR_REDIRECT] WARNING: Couldn't flush system prefs: java.util.prefs.BackingStoreException: Couldn't get file lock.
2025-10-23 00:13:38,685 [ERROR] LogOutputStream:75 - [STDERR_REDIRECT] 
2025-10-23 00:14:08,683 [ERROR] LogOutputStream:75 - [STDERR_REDIRECT] Oct 23, 2025 12:14:08 AM java.util.prefs.FileSystemPreferences checkLockFile0ErrorCode
2025-10-23 00:14:08,684 [ERROR] LogOutputStream:75 - [STDERR_REDIRECT] WARNING: Could not lock System prefs. Unix error code 2.
2025-10-23 00:14:08,684 [ERROR] LogOutputStream:75 - [STDERR_REDIRECT] 
2025-10-23 00:14:08,684 [ERROR] LogOutputStream:75 - [STDERR_REDIRECT] Oct 23, 2025 12:14:08 AM java.util.prefs.FileSystemPreferences syncWorld
2025-10-23 00:14:08,684 [ERROR] LogOutputStream:75 - [STDERR_REDIRECT] WARNING: Couldn't flush system prefs: java.util.prefs.BackingStoreException: Couldn't get file lock.
2025-10-23 00:14:08,684 [ERROR] LogOutputStream:75 - [STDERR_REDIRECT] 
2025-10-23 00:14:38,696 [ERROR] LogOutputStream:75 - [STDERR_REDIRECT] Oct 23, 2025 12:14:38 AM java.util.prefs.FileSystemPreferences checkLockFile0ErrorCode
2025-10-23 00:14:38,697 [ERROR] LogOutputStream:75 - [STDERR_REDIRECT] WARNING: Could not lock System prefs. Unix error code 2.
2025-10-23 00:14:38,697 [ERROR] LogOutputStream:75 - [STDERR_REDIRECT] 
2025-10-23 00:14:38,697 [ERROR] LogOutputStream:75 - [STDERR_REDIRECT] Oct 23, 2025 12:14:38 AM java.util.prefs.FileSystemPreferences syncWorld
2025-10-23 00:14:38,697 [ERROR] LogOutputStream:75 - [STDERR_REDIRECT] WARNING: Couldn't flush system prefs: java.util.prefs.BackingStoreException: Couldn't get file lock.
2025-10-23 00:14:38,697 [ERROR] LogOutputStream:75 - [STDERR_REDIRECT] 
2025-10-23 00:15:08,696 [ERROR] LogOutputStream:75 - [STDERR_REDIRECT] Oct 23, 2025 12:15:08 AM java.util.prefs.FileSystemPreferences checkLockFile0ErrorCode
2025-10-23 00:15:08,696 [ERROR] LogOutputStream:75 - [STDERR_REDIRECT] WARNING: Could not lock System prefs. Unix error code 2.
2025-10-23 00:15:08,696 [ERROR] LogOutputStream:75 - [STDERR_REDIRECT] 
2025-10-23 00:15:08,697 [ERROR] LogOutputStream:75 - [STDERR_REDIRECT] Oct 23, 2025 12:15:08 AM java.util.prefs.FileSystemPreferences syncWorld
2025-10-23 00:15:08,697 [ERROR] LogOutputStream:75 - [STDERR_REDIRECT] WARNING: Couldn't flush system prefs: java.util.prefs.BackingStoreException: Couldn't get file lock.
2025-10-23 00:15:08,697 [ERROR] LogOutputStream:75 - [STDERR_REDIRECT] 
2025-10-23 00:15:38,697 [ERROR] LogOutputStream:75 - [STDERR_REDIRECT] Oct 23, 2025 12:15:38 AM java.util.prefs.FileSystemPreferences checkLockFile0ErrorCode
2025-10-23 00:15:38,698 [ERROR] LogOutputStream:75 - [STDERR_REDIRECT] WARNING: Could not lock System prefs. Unix error code 2.
2025-10-23 00:15:38,698 [ERROR] LogOutputStream:75 - [STDERR_REDIRECT] 
2025-10-23 00:15:38,699 [ERROR] LogOutputStream:75 - [STDERR_REDIRECT] Oct 23, 2025 12:15:38 AM java.util.prefs.FileSystemPreferences syncWorld
2025-10-23 00:15:38,699 [ERROR] LogOutputStream:75 - [STDERR_REDIRECT] WARNING: Couldn't flush system prefs: java.util.prefs.BackingStoreException: Couldn't get file lock.
2025-10-23 00:15:38,699 [ERROR] LogOutputStream:75 - [STDERR_REDIRECT] 
2025-10-23 00:16:08,684 [ERROR] LogOutputStream:75 - [STDERR_REDIRECT] Oct 23, 2025 12:16:08 AM java.util.prefs.FileSystemPreferences checkLockFile0ErrorCode
2025-10-23 00:16:08,684 [ERROR] LogOutputStream:75 - [STDERR_REDIRECT] WARNING: Could not lock System prefs. Unix error code 2.
2025-10-23 00:16:08,684 [ERROR] LogOutputStream:75 - [STDERR_REDIRECT] 
2025-10-23 00:16:08,685 [ERROR] LogOutputStream:75 - [STDERR_REDIRECT] Oct 23, 2025 12:16:08 AM java.util.prefs.FileSystemPreferences syncWorld
2025-10-23 00:16:08,685 [ERROR] LogOutputStream:75 - [STDERR_REDIRECT] WARNING: Couldn't flush system prefs: java.util.prefs.BackingStoreException: Couldn't get file lock.
2025-10-23 00:16:08,685 [ERROR] LogOutputStream:75 - [STDERR_REDIRECT] 
2025-10-23 00:16:38,719 [ERROR] LogOutputStream:75 - [STDERR_REDIRECT] Oct 23, 2025 12:16:38 AM java.util.prefs.FileSystemPreferences checkLockFile0ErrorCode
2025-10-23 00:16:38,720 [ERROR] LogOutputStream:75 - [STDERR_REDIRECT] WARNING: Could not lock System prefs. Unix error code 2.
2025-10-23 00:16:38,720 [ERROR] LogOutputStream:75 - [STDERR_REDIRECT] 
2025-10-23 00:16:38,721 [ERROR] LogOutputStream:75 - [STDERR_REDIRECT] Oct 23, 2025 12:16:38 AM java.util.prefs.FileSystemPreferences syncWorld
2025-10-23 00:16:38,722 [ERROR] LogOutputStream:75 - [STDERR_REDIRECT] WARNING: Couldn't flush system prefs: java.util.prefs.BackingStoreException: Couldn't get file lock.
2025-10-23 00:16:38,723 [ERROR] LogOutputStream:75 - [STDERR_REDIRECT] 
2025-10-23 00:17:08,684 [ERROR] LogOutputStream:75 - [STDERR_REDIRECT] Oct 23, 2025 12:17:08 AM java.util.prefs.FileSystemPreferences checkLockFile0ErrorCode
2025-10-23 00:17:08,685 [ERROR] LogOutputStream:75 - [STDERR_REDIRECT] WARNING: Could not lock System prefs. Unix error code 2.
2025-10-23 00:17:08,685 [ERROR] LogOutputStream:75 - [STDERR_REDIRECT] 
2025-10-23 00:17:08,685 [ERROR] LogOutputStream:75 - [STDERR_REDIRECT] Oct 23, 2025 12:17:08 AM java.util.prefs.FileSystemPreferences syncWorld
2025-10-23 00:17:08,686 [ERROR] LogOutputStream:75 - [STDERR_REDIRECT] WARNING: Couldn't flush system prefs: java.util.prefs.BackingStoreException: Couldn't get file lock.
2025-10-23 00:17:08,686 [ERROR] LogOutputStream:75 - [STDERR_REDIRECT] 
2025-10-23 00:17:38,685 [ERROR] LogOutputStream:75 - [STDERR_REDIRECT] Oct 23, 2025 12:17:38 AM java.util.prefs.FileSystemPreferences checkLockFile0ErrorCode
2025-10-23 00:17:38,686 [ERROR] LogOutputStream:75 - [STDERR_REDIRECT] WARNING: Could not lock System prefs. Unix error code 2.
2025-10-23 00:17:38,686 [ERROR] LogOutputStream:75 - [STDERR_REDIRECT] 
2025-10-23 00:17:38,686 [ERROR] LogOutputStream:75 - [STDERR_REDIRECT] Oct 23, 2025 12:17:38 AM java.util.prefs.FileSystemPreferences syncWorld
2025-10-23 00:17:38,687 [ERROR] LogOutputStream:75 - [STDERR_REDIRECT] WARNING: Couldn't flush system prefs: java.util.prefs.BackingStoreException: Couldn't get file lock.
2025-10-23 00:17:38,687 [ERROR] LogOutputStream:75 - [STDERR_REDIRECT] 
2025-10-23 00:18:08,687 [ERROR] LogOutputStream:75 - [STDERR_REDIRECT] Oct 23, 2025 12:18:08 AM java.util.prefs.FileSystemPreferences checkLockFile0ErrorCode
2025-10-23 00:18:08,688 [ERROR] LogOutputStream:75 - [STDERR_REDIRECT] WARNING: Could not lock System prefs. Unix error code 2.
2025-10-23 00:18:08,688 [ERROR] LogOutputStream:75 - [STDERR_REDIRECT] 
2025-10-23 00:18:08,689 [ERROR] LogOutputStream:75 - [STDERR_REDIRECT] Oct 23, 2025 12:18:08 AM java.util.prefs.FileSystemPreferences syncWorld
2025-10-23 00:18:08,689 [ERROR] LogOutputStream:75 - [STDERR_REDIRECT] WARNING: Couldn't flush system prefs: java.util.prefs.BackingStoreException: Couldn't get file lock.
2025-10-23 00:18:08,689 [ERROR] LogOutputStream:75 - [STDERR_REDIRECT] 
2025-10-23 00:18:38,686 [ERROR] LogOutputStream:75 - [STDERR_REDIRECT] Oct 23, 2025 12:18:38 AM java.util.prefs.FileSystemPreferences checkLockFile0ErrorCode
2025-10-23 00:18:38,687 [ERROR] LogOutputStream:75 - [STDERR_REDIRECT] WARNING: Could not lock System prefs. Unix error code 2.
2025-10-23 00:18:38,687 [ERROR] LogOutputStream:75 - [STDERR_REDIRECT] 
2025-10-23 00:18:38,688 [ERROR] LogOutputStream:75 - [STDERR_REDIRECT] Oct 23, 2025 12:18:38 AM java.util.prefs.FileSystemPreferences syncWorld
2025-10-23 00:18:38,688 [ERROR] LogOutputStream:75 - [STDERR_REDIRECT] WARNING: Couldn't flush system prefs: java.util.prefs.BackingStoreException: Couldn't get file lock.
2025-10-23 00:18:38,688 [ERROR] LogOutputStream:75 - [STDERR_REDIRECT] 
2025-10-23 00:19:08,689 [ERROR] LogOutputStream:75 - [STDERR_REDIRECT] Oct 23, 2025 12:19:08 AM java.util.prefs.FileSystemPreferences checkLockFile0ErrorCode
2025-10-23 00:19:08,690 [ERROR] LogOutputStream:75 - [STDERR_REDIRECT] WARNING: Could not lock System prefs. Unix error code 2.
2025-10-23 00:19:08,690 [ERROR] LogOutputStream:75 - [STDERR_REDIRECT] 
2025-10-23 00:19:08,691 [ERROR] LogOutputStream:75 - [STDERR_REDIRECT] Oct 23, 2025 12:19:08 AM java.util.prefs.FileSystemPreferences syncWorld
2025-10-23 00:19:08,692 [ERROR] LogOutputStream:75 - [STDERR_REDIRECT] WARNING: Couldn't flush system prefs: java.util.prefs.BackingStoreException: Couldn't get file lock.
2025-10-23 00:19:08,692 [ERROR] LogOutputStream:75 - [STDERR_REDIRECT] 
2025-10-23 00:19:38,687 [ERROR] LogOutputStream:75 - [STDERR_REDIRECT] Oct 23, 2025 12:19:38 AM java.util.prefs.FileSystemPreferences checkLockFile0ErrorCode
2025-10-23 00:19:38,698 [ERROR] LogOutputStream:75 - [STDERR_REDIRECT] WARNING: Could not lock System prefs. Unix error code 2.
2025-10-23 00:19:38,699 [ERROR] LogOutputStream:75 - [STDERR_REDIRECT] 
2025-10-23 00:19:38,699 [ERROR] LogOutputStream:75 - [STDERR_REDIRECT] Oct 23, 2025 12:19:38 AM java.util.prefs.FileSystemPreferences syncWorld
2025-10-23 00:19:38,699 [ERROR] LogOutputStream:75 - [STDERR_REDIRECT] WARNING: Couldn't flush system prefs: java.util.prefs.BackingStoreException: Couldn't get file lock.
2025-10-23 00:19:38,699 [ERROR] LogOutputStream:75 - [STDERR_REDIRECT] 
2025-10-23 00:20:08,686 [ERROR] LogOutputStream:75 - [STDERR_REDIRECT] Oct 23, 2025 12:20:08 AM java.util.prefs.FileSystemPreferences checkLockFile0ErrorCode
2025-10-23 00:20:08,686 [ERROR] LogOutputStream:75 - [STDERR_REDIRECT] WARNING: Could not lock System prefs. Unix error code 2.
2025-10-23 00:20:08,686 [ERROR] LogOutputStream:75 - [STDERR_REDIRECT] 
2025-10-23 00:20:08,687 [ERROR] LogOutputStream:75 - [STDERR_REDIRECT] Oct 23, 2025 12:20:08 AM java.util.prefs.FileSystemPreferences syncWorld
2025-10-23 00:20:08,687 [ERROR] LogOutputStream:75 - [STDERR_REDIRECT] WARNING: Couldn't flush system prefs: java.util.prefs.BackingStoreException: Couldn't get file lock.
2025-10-23 00:20:08,687 [ERROR] LogOutputStream:75 - [STDERR_REDIRECT] 
2025-10-23 00:20:38,686 [ERROR] LogOutputStream:75 - [STDERR_REDIRECT] Oct 23, 2025 12:20:38 AM java.util.prefs.FileSystemPreferences checkLockFile0ErrorCode
2025-10-23 00:20:38,697 [ERROR] LogOutputStream:75 - [STDERR_REDIRECT] WARNING: Could not lock System prefs. Unix error code 2.
2025-10-23 00:20:38,697 [ERROR] LogOutputStream:75 - [STDERR_REDIRECT] 
2025-10-23 00:20:38,698 [ERROR] LogOutputStream:75 - [STDERR_REDIRECT] Oct 23, 2025 12:20:38 AM java.util.prefs.FileSystemPreferences syncWorld
2025-10-23 00:20:38,698 [ERROR] LogOutputStream:75 - [STDERR_REDIRECT] WARNING: Couldn't flush system prefs: java.util.prefs.BackingStoreException: Couldn't get file lock.
2025-10-23 00:20:38,698 [ERROR] LogOutputStream:75 - [STDERR_REDIRECT] 
2025-10-23 00:21:08,686 [ERROR] LogOutputStream:75 - [STDERR_REDIRECT] Oct 23, 2025 12:21:08 AM java.util.prefs.FileSystemPreferences checkLockFile0ErrorCode
2025-10-23 00:21:08,687 [ERROR] LogOutputStream:75 - [STDERR_REDIRECT] WARNING: Could not lock System prefs. Unix error code 2.
2025-10-23 00:21:08,687 [ERROR] LogOutputStream:75 - [STDERR_REDIRECT] 
2025-10-23 00:21:08,687 [ERROR] LogOutputStream:75 - [STDERR_REDIRECT] Oct 23, 2025 12:21:08 AM java.util.prefs.FileSystemPreferences syncWorld
2025-10-23 00:21:08,687 [ERROR] LogOutputStream:75 - [STDERR_REDIRECT] WARNING: Couldn't flush system prefs: java.util.prefs.BackingStoreException: Couldn't get file lock.
2025-10-23 00:21:08,687 [ERROR] LogOutputStream:75 - [STDERR_REDIRECT] 
2025-10-23 00:21:38,686 [ERROR] LogOutputStream:75 - [STDERR_REDIRECT] Oct 23, 2025 12:21:38 AM java.util.prefs.FileSystemPreferences checkLockFile0ErrorCode
2025-10-23 00:21:38,687 [ERROR] LogOutputStream:75 - [STDERR_REDIRECT] WARNING: Could not lock System prefs. Unix error code 2.
2025-10-23 00:21:38,687 [ERROR] LogOutputStream:75 - [STDERR_REDIRECT] 
2025-10-23 00:21:38,687 [ERROR] LogOutputStream:75 - [STDERR_REDIRECT] Oct 23, 2025 12:21:38 AM java.util.prefs.FileSystemPreferences syncWorld
2025-10-23 00:21:38,688 [ERROR] LogOutputStream:75 - [STDERR_REDIRECT] WARNING: Couldn't flush system prefs: java.util.prefs.BackingStoreException: Couldn't get file lock.
2025-10-23 00:21:38,688 [ERROR] LogOutputStream:75 - [STDERR_REDIRECT] 
2025-10-23 00:22:08,688 [ERROR] LogOutputStream:75 - [STDERR_REDIRECT] Oct 23, 2025 12:22:08 AM java.util.prefs.FileSystemPreferences checkLockFile0ErrorCode
2025-10-23 00:22:08,688 [ERROR] LogOutputStream:75 - [STDERR_REDIRECT] WARNING: Could not lock System prefs. Unix error code 2.
2025-10-23 00:22:08,688 [ERROR] LogOutputStream:75 - [STDERR_REDIRECT] 
2025-10-23 00:22:08,689 [ERROR] LogOutputStream:75 - [STDERR_REDIRECT] Oct 23, 2025 12:22:08 AM java.util.prefs.FileSystemPreferences syncWorld
2025-10-23 00:22:08,689 [ERROR] LogOutputStream:75 - [STDERR_REDIRECT] WARNING: Couldn't flush system prefs: java.util.prefs.BackingStoreException: Couldn't get file lock.
2025-10-23 00:22:08,689 [ERROR] LogOutputStream:75 - [STDERR_REDIRECT] 
2025-10-23 00:22:38,688 [ERROR] LogOutputStream:75 - [STDERR_REDIRECT] Oct 23, 2025 12:22:38 AM java.util.prefs.FileSystemPreferences checkLockFile0ErrorCode
2025-10-23 00:22:38,688 [ERROR] LogOutputStream:75 - [STDERR_REDIRECT] WARNING: Could not lock System prefs. Unix error code 2.
2025-10-23 00:22:38,688 [ERROR] LogOutputStream:75 - [STDERR_REDIRECT] 
2025-10-23 00:22:38,689 [ERROR] LogOutputStream:75 - [STDERR_REDIRECT] Oct 23, 2025 12:22:38 AM java.util.prefs.FileSystemPreferences syncWorld
2025-10-23 00:22:38,689 [ERROR] LogOutputStream:75 - [STDERR_REDIRECT] WARNING: Couldn't flush system prefs: java.util.prefs.BackingStoreException: Couldn't get file lock.
2025-10-23 00:22:38,689 [ERROR] LogOutputStream:75 - [STDERR_REDIRECT] 
2025-10-23 00:23:08,687 [ERROR] LogOutputStream:75 - [STDERR_REDIRECT] Oct 23, 2025 12:23:08 AM java.util.prefs.FileSystemPreferences checkLockFile0ErrorCode
2025-10-23 00:23:08,688 [ERROR] LogOutputStream:75 - [STDERR_REDIRECT] WARNING: Could not lock System prefs. Unix error code 2.
2025-10-23 00:23:08,688 [ERROR] LogOutputStream:75 - [STDERR_REDIRECT] 
2025-10-23 00:23:08,688 [ERROR] LogOutputStream:75 - [STDERR_REDIRECT] Oct 23, 2025 12:23:08 AM java.util.prefs.FileSystemPreferences syncWorld
2025-10-23 00:23:08,688 [ERROR] LogOutputStream:75 - [STDERR_REDIRECT] WARNING: Couldn't flush system prefs: java.util.prefs.BackingStoreException: Couldn't get file lock.
2025-10-23 00:23:08,688 [ERROR] LogOutputStream:75 - [STDERR_REDIRECT] 
2025-10-23 00:23:38,687 [ERROR] LogOutputStream:75 - [STDERR_REDIRECT] Oct 23, 2025 12:23:38 AM java.util.prefs.FileSystemPreferences checkLockFile0ErrorCode
2025-10-23 00:23:38,689 [ERROR] LogOutputStream:75 - [STDERR_REDIRECT] WARNING: Could not lock System prefs. Unix error code 2.
2025-10-23 00:23:38,689 [ERROR] LogOutputStream:75 - [STDERR_REDIRECT] 
2025-10-23 00:23:38,689 [ERROR] LogOutputStream:75 - [STDERR_REDIRECT] Oct 23, 2025 12:23:38 AM java.util.prefs.FileSystemPreferences syncWorld
2025-10-23 00:23:38,689 [ERROR] LogOutputStream:75 - [STDERR_REDIRECT] WARNING: Couldn't flush system prefs: java.util.prefs.BackingStoreException: Couldn't get file lock.
2025-10-23 00:23:38,690 [ERROR] LogOutputStream:75 - [STDERR_REDIRECT] 
2025-10-23 00:24:08,687 [ERROR] LogOutputStream:75 - [STDERR_REDIRECT] Oct 23, 2025 12:24:08 AM java.util.prefs.FileSystemPreferences checkLockFile0ErrorCode
2025-10-23 00:24:08,687 [ERROR] LogOutputStream:75 - [STDERR_REDIRECT] WARNING: Could not lock System prefs. Unix error code 2.
2025-10-23 00:24:08,687 [ERROR] LogOutputStream:75 - [STDERR_REDIRECT] 
2025-10-23 00:24:08,688 [ERROR] LogOutputStream:75 - [STDERR_REDIRECT] Oct 23, 2025 12:24:08 AM java.util.prefs.FileSystemPreferences syncWorld
2025-10-23 00:24:08,688 [ERROR] LogOutputStream:75 - [STDERR_REDIRECT] WARNING: Couldn't flush system prefs: java.util.prefs.BackingStoreException: Couldn't get file lock.
2025-10-23 00:24:08,688 [ERROR] LogOutputStream:75 - [STDERR_REDIRECT] 
2025-10-23 00:24:38,687 [ERROR] LogOutputStream:75 - [STDERR_REDIRECT] Oct 23, 2025 12:24:38 AM java.util.prefs.FileSystemPreferences checkLockFile0ErrorCode
2025-10-23 00:24:38,688 [ERROR] LogOutputStream:75 - [STDERR_REDIRECT] WARNING: Could not lock System prefs. Unix error code 2.
2025-10-23 00:24:38,689 [ERROR] LogOutputStream:75 - [STDERR_REDIRECT] 
2025-10-23 00:24:38,690 [ERROR] LogOutputStream:75 - [STDERR_REDIRECT] Oct 23, 2025 12:24:38 AM java.util.prefs.FileSystemPreferences syncWorld
2025-10-23 00:24:38,690 [ERROR] LogOutputStream:75 - [STDERR_REDIRECT] WARNING: Couldn't flush system prefs: java.util.prefs.BackingStoreException: Couldn't get file lock.
2025-10-23 00:24:38,690 [ERROR] LogOutputStream:75 - [STDERR_REDIRECT] 
2025-10-23 00:25:08,709 [ERROR] LogOutputStream:75 - [STDERR_REDIRECT] Oct 23, 2025 12:25:08 AM java.util.prefs.FileSystemPreferences checkLockFile0ErrorCode
2025-10-23 00:25:08,710 [ERROR] LogOutputStream:75 - [STDERR_REDIRECT] WARNING: Could not lock System prefs. Unix error code 2.
2025-10-23 00:25:08,710 [ERROR] LogOutputStream:75 - [STDERR_REDIRECT] 
2025-10-23 00:25:08,711 [ERROR] LogOutputStream:75 - [STDERR_REDIRECT] Oct 23, 2025 12:25:08 AM java.util.prefs.FileSystemPreferences syncWorld
2025-10-23 00:25:08,711 [ERROR] LogOutputStream:75 - [STDERR_REDIRECT] WARNING: Couldn't flush system prefs: java.util.prefs.BackingStoreException: Couldn't get file lock.
2025-10-23 00:25:08,711 [ERROR] LogOutputStream:75 - [STDERR_REDIRECT] 
2025-10-23 00:25:38,728 [ERROR] LogOutputStream:75 - [STDERR_REDIRECT] Oct 23, 2025 12:25:38 AM java.util.prefs.FileSystemPreferences checkLockFile0ErrorCode
2025-10-23 00:25:38,728 [ERROR] LogOutputStream:75 - [STDERR_REDIRECT] WARNING: Could not lock System prefs. Unix error code 2.
2025-10-23 00:25:38,729 [ERROR] LogOutputStream:75 - [STDERR_REDIRECT] 
2025-10-23 00:25:38,729 [ERROR] LogOutputStream:75 - [STDERR_REDIRECT] Oct 23, 2025 12:25:38 AM java.util.prefs.FileSystemPreferences syncWorld
2025-10-23 00:25:38,729 [ERROR] LogOutputStream:75 - [STDERR_REDIRECT] WARNING: Couldn't flush system prefs: java.util.prefs.BackingStoreException: Couldn't get file lock.
2025-10-23 00:25:38,730 [ERROR] LogOutputStream:75 - [STDERR_REDIRECT] 
2025-10-23 00:26:08,686 [ERROR] LogOutputStream:75 - [STDERR_REDIRECT] Oct 23, 2025 12:26:08 AM java.util.prefs.FileSystemPreferences checkLockFile0ErrorCode
2025-10-23 00:26:08,687 [ERROR] LogOutputStream:75 - [STDERR_REDIRECT] WARNING: Could not lock System prefs. Unix error code 2.
2025-10-23 00:26:08,687 [ERROR] LogOutputStream:75 - [STDERR_REDIRECT] 
2025-10-23 00:26:08,687 [ERROR] LogOutputStream:75 - [STDERR_REDIRECT] Oct 23, 2025 12:26:08 AM java.util.prefs.FileSystemPreferences syncWorld
2025-10-23 00:26:08,687 [ERROR] LogOutputStream:75 - [STDERR_REDIRECT] WARNING: Couldn't flush system prefs: java.util.prefs.BackingStoreException: Couldn't get file lock.
2025-10-23 00:26:08,687 [ERROR] LogOutputStream:75 - [STDERR_REDIRECT] 
2025-10-23 00:26:38,688 [ERROR] LogOutputStream:75 - [STDERR_REDIRECT] Oct 23, 2025 12:26:38 AM java.util.prefs.FileSystemPreferences checkLockFile0ErrorCode
2025-10-23 00:26:38,688 [ERROR] LogOutputStream:75 - [STDERR_REDIRECT] WARNING: Could not lock System prefs. Unix error code 2.
2025-10-23 00:26:38,688 [ERROR] LogOutputStream:75 - [STDERR_REDIRECT] 
2025-10-23 00:26:38,688 [ERROR] LogOutputStream:75 - [STDERR_REDIRECT] Oct 23, 2025 12:26:38 AM java.util.prefs.FileSystemPreferences syncWorld
2025-10-23 00:26:38,689 [ERROR] LogOutputStream:75 - [STDERR_REDIRECT] WARNING: Couldn't flush system prefs: java.util.prefs.BackingStoreException: Couldn't get file lock.
2025-10-23 00:26:38,689 [ERROR] LogOutputStream:75 - [STDERR_REDIRECT] 
2025-10-23 00:27:06,952 [ERROR] LogOutputStream:75 - [STDERR_REDIRECT] 
2025-10-23 00:27:06,953 [ERROR] LogOutputStream:75 - [STDERR_REDIRECT] 
