2025-11-19 13:22:06,997 [INFO] Activator:176 - 


2025-11-19 13:22:07,001 [INFO] Activator:177 - !SESSION log4j initialized
2025-11-19 13:22:11,512 [ERROR] LogOutputStream:75 - [STDERR_REDIRECT] Nov 19, 2025 1:22:11 PM java.util.prefs.FileSystemPreferences$6 run
2025-11-19 13:22:11,513 [ERROR] LogOutputStream:75 - [STDERR_REDIRECT] WARNING: Invalid preferences format in /home/kevin/.java/.userPrefs/com/st/library/analyticscore/prefs.xml
2025-11-19 13:22:11,514 [ERROR] LogOutputStream:75 - [STDERR_REDIRECT] 
2025-11-19 13:22:12,251 [INFO] LogOutputStream:77 - [STDOUT_REDIRECT] 
2025-11-19 13:22:13,096 [INFO] ApplicationProperties:184 - Using Application install path: /opt/st/stm32cubeide_1.19.0/plugins/com.st.stm32cube.common.mx_6.15.0.202507011659
2025-11-19 13:22:13,115 [INFO] DbMcusXml:78 - Set database path to: /opt/st/stm32cubeide_1.19.0/plugins/com.st.stm32cube.common.mx_6.15.0.202507011659//db//mcu/
2025-11-19 13:22:13,116 [INFO] ApiDb:274 - Set plugin database path to: /opt/st/stm32cubeide_1.19.0/plugins/com.st.stm32cube.common.mx_6.15.0.202507011659//db//plugins/boardmanager/
2025-11-19 13:22:13,117 [WARN] ApiDb:259 - Overriding images path with different value:  => /opt/st/stm32cubeide_1.19.0/plugins/com.st.stm32cube.common.mx_6.15.0.202507011659//db//plugins/mcufinder/images/
2025-11-19 13:22:13,128 [INFO] ApiDb:250 - Set database path to: /home/kevin/.stmcufinder/plugins/mcufinder//mcu/
2025-11-19 13:22:13,129 [INFO] DbMcusAds:125 - Set database path to: /home/kevin/.stmcufinder/plugins/mcufinder//mcu/
2025-11-19 13:22:13,131 [INFO] CrossReferenceDbSqlite:203 - Set database path to: /home/kevin/.stmcufinder/plugins/mcufinder//mcu/cs/
2025-11-19 13:22:13,244 [INFO] RulesReader:64 - Compatibility file has been processed (317 Rules)
2025-11-19 13:22:13,322 [INFO] DbMcusXml:78 - Set database path to: /opt/st/stm32cubeide_1.19.0/plugins/com.st.stm32cube.common.mx_6.15.0.202507011659//db//mcu/
2025-11-19 13:22:13,322 [INFO] ApiDb:274 - Set plugin database path to: /opt/st/stm32cubeide_1.19.0/plugins/com.st.stm32cube.common.mx_6.15.0.202507011659//db//plugins/boardmanager/
2025-11-19 13:22:13,322 [INFO] ApiDb:261 - Set plugin images path to: /opt/st/stm32cubeide_1.19.0/plugins/com.st.stm32cube.common.mx_6.15.0.202507011659//db//plugins/mcufinder/images/
2025-11-19 13:22:13,323 [WARN] DbFile:41 - Overriding database path with different value: /home/kevin/.stmcufinder/plugins/mcufinder/ => /home/kevin/.stmcufinder/plugins/mcufinder
2025-11-19 13:22:13,323 [INFO] ApiDb:250 - Set database path to: /home/kevin/.stmcufinder/plugins/mcufinder//mcu/
2025-11-19 13:22:13,323 [WARN] DbFile:41 - Overriding database path with different value: /home/kevin/.stmcufinder/plugins/mcufinder/ => /home/kevin/.stmcufinder/plugins/mcufinder
2025-11-19 13:22:13,323 [INFO] DbMcusAds:125 - Set database path to: /home/kevin/.stmcufinder/plugins/mcufinder//mcu/
2025-11-19 13:22:13,323 [WARN] DbFile:41 - Overriding database path with different value: /home/kevin/.stmcufinder/plugins/mcufinder/ => /home/kevin/.stmcufinder/plugins/mcufinder
2025-11-19 13:22:13,323 [WARN] DbFile:41 - Overriding database path with different value: /home/kevin/.stmcufinder/plugins/mcufinder/ => /home/kevin/.stmcufinder/plugins/mcufinder
2025-11-19 13:22:13,323 [INFO] CrossReferenceDbSqlite:203 - Set database path to: /home/kevin/.stmcufinder/plugins/mcufinder//mcu/cs/
2025-11-19 13:22:13,408 [INFO] MainPanel:274 - HeapMemory: 268435456
2025-11-19 13:22:13,643 [INFO] DbMcusXml:78 - Set database path to: /opt/st/stm32cubeide_1.19.0/plugins/com.st.stm32cube.common.mx_6.15.0.202507011659//db//mcu/
2025-11-19 13:22:13,644 [INFO] ApiDb:274 - Set plugin database path to: /opt/st/stm32cubeide_1.19.0/plugins/com.st.stm32cube.common.mx_6.15.0.202507011659//db//plugins/boardmanager/
2025-11-19 13:22:13,644 [INFO] ApiDb:261 - Set plugin images path to: /opt/st/stm32cubeide_1.19.0/plugins/com.st.stm32cube.common.mx_6.15.0.202507011659//db//plugins/mcufinder/images/
2025-11-19 13:22:13,644 [WARN] DbFile:41 - Overriding database path with different value: /home/kevin/.stmcufinder/plugins/mcufinder/ => /home/kevin/.stmcufinder/plugins/mcufinder
2025-11-19 13:22:13,644 [INFO] ApiDb:250 - Set database path to: /home/kevin/.stmcufinder/plugins/mcufinder//mcu/
2025-11-19 13:22:13,644 [WARN] DbFile:41 - Overriding database path with different value: /home/kevin/.stmcufinder/plugins/mcufinder/ => /home/kevin/.stmcufinder/plugins/mcufinder
2025-11-19 13:22:13,644 [INFO] DbMcusAds:125 - Set database path to: /home/kevin/.stmcufinder/plugins/mcufinder//mcu/
2025-11-19 13:22:13,645 [WARN] DbFile:41 - Overriding database path with different value: /home/kevin/.stmcufinder/plugins/mcufinder/ => /home/kevin/.stmcufinder/plugins/mcufinder
2025-11-19 13:22:13,645 [WARN] DbFile:41 - Overriding database path with different value: /home/kevin/.stmcufinder/plugins/mcufinder/ => /home/kevin/.stmcufinder/plugins/mcufinder
2025-11-19 13:22:13,645 [INFO] CrossReferenceDbSqlite:203 - Set database path to: /home/kevin/.stmcufinder/plugins/mcufinder//mcu/cs/
2025-11-19 13:22:13,662 [INFO] ApplicationProperties:184 - Using Application install path: /opt/st/stm32cubeide_1.19.0/plugins/com.st.stm32cube.common.mx_6.15.0.202507011659
2025-11-19 13:22:13,665 [INFO] PluginManage:196 - Search for loadable plugins [exclusion list=, ]
2025-11-19 13:22:13,666 [INFO] PluginManage:310 - Check plugin analytics
2025-11-19 13:22:13,888 [INFO] AnalyticsPlugin:253 - Accepted Software Licenses: 
2025-11-19 13:22:13,888 [INFO] AnalyticsPlugin:255 - Accepted CMSIS Pack Licenses: 
2025-11-19 13:22:13,889 [INFO] AnalyticsPlugin:257 - Accepted Firmware Licenses: 
2025-11-19 13:22:13,892 [INFO] PluginManage:359 - Loaded plugin analytics (category:tool,tabindex:-1)
2025-11-19 13:22:13,893 [INFO] PluginManage:310 - Check plugin cadmodel
2025-11-19 13:22:13,902 [INFO] CADModel:105 - Init CAD model plugin
2025-11-19 13:22:13,903 [INFO] PluginManage:359 - Loaded plugin cadmodel (category:power,tabindex:5)
2025-11-19 13:22:13,904 [INFO] PluginManage:310 - Check plugin clock
2025-11-19 13:22:13,924 [INFO] PluginManage:359 - Loaded plugin clock (category:base,tabindex:2)
2025-11-19 13:22:13,924 [INFO] PluginManage:310 - Check plugin ddr
2025-11-19 13:22:13,931 [INFO] PluginManage:359 - Loaded plugin ddr (category:tool,tabindex:6)
2025-11-19 13:22:13,932 [INFO] PluginManage:310 - Check plugin filemanager
2025-11-19 13:22:14,119 [INFO] PluginManage:359 - Loaded plugin filemanager (category:base,tabindex:10)
2025-11-19 13:22:14,120 [INFO] PluginManage:310 - Check plugin ipmanager
2025-11-19 13:22:14,127 [INFO] PluginManage:359 - Loaded plugin ipmanager (category:base,tabindex:5)
2025-11-19 13:22:14,128 [INFO] PluginManage:310 - Check plugin lpbam
2025-11-19 13:22:14,143 [INFO] PluginManage:359 - Loaded plugin lpbam (category:base,tabindex:0)
2025-11-19 13:22:14,144 [INFO] PluginManage:310 - Check plugin memorymap
2025-11-19 13:22:14,159 [INFO] PluginManage:359 - Loaded plugin memorymap (category:base,tabindex:4)
2025-11-19 13:22:14,159 [INFO] PluginManage:310 - Check plugin pinoutandconfiguration
2025-11-19 13:22:14,172 [INFO] PluginManage:359 - Loaded plugin pinoutandconfiguration (category:base,tabindex:1)
2025-11-19 13:22:14,172 [INFO] PluginManage:310 - Check plugin pinoutconfig
2025-11-19 13:22:14,279 [WARN] SupportedApi:132 - Cannot load RTOS API schema: s4s-elt-must-match.1: The content of 'definitions' must match (annotation?, (simpleType | complexType)?, (unique | key | keyref)*)). A problem was found starting at: attribute.
2025-11-19 13:22:14,443 [INFO] PluginManage:359 - Loaded plugin pinoutconfig (category:base,tabindex:0)
2025-11-19 13:22:14,444 [INFO] PluginManage:310 - Check plugin power
2025-11-19 13:22:14,455 [INFO] PluginManage:359 - Loaded plugin power (category:power,tabindex:4)
2025-11-19 13:22:14,456 [INFO] PluginManage:310 - Check plugin projectmanager
2025-11-19 13:22:14,476 [INFO] PluginManage:359 - Loaded plugin projectmanager (category:projectmanager,tabindex:4)
2025-11-19 13:22:14,476 [INFO] PluginManage:310 - Check plugin rif
2025-11-19 13:22:14,488 [INFO] PluginManage:359 - Loaded plugin rif (category:base,tabindex:3)
2025-11-19 13:22:14,489 [INFO] PluginManage:310 - Check plugin thirdparty
2025-11-19 13:22:14,652 [WARN] IntegrityCheckThread:84 - waiting for thirdparty lock release [integrity check]
2025-11-19 13:22:14,652 [INFO] PluginManage:359 - Loaded plugin thirdparty (category:base,tabindex:-1)
2025-11-19 13:22:14,652 [INFO] IntegrityCheckThread:86 - entering critical section [integrity check]
2025-11-19 13:22:14,652 [INFO] PluginManage:310 - Check plugin tools
2025-11-19 13:22:14,653 [INFO] ThirdPartyUpdaterWithRetryManager:70 - Updater plugin not ready yet. [1/15]
2025-11-19 13:22:14,657 [INFO] PluginManage:359 - Loaded plugin tools (category:base,tabindex:7)
2025-11-19 13:22:14,657 [INFO] PluginManage:310 - Check plugin tutovideos
2025-11-19 13:22:14,904 [INFO] PluginManage:359 - Loaded plugin tutovideos (category:base,tabindex:-1)
2025-11-19 13:22:14,904 [INFO] PluginManage:310 - Check plugin updater
2025-11-19 13:22:14,931 [INFO] PluginManage:359 - Loaded plugin updater (category:base,tabindex:12)
2025-11-19 13:22:14,932 [INFO] PluginManage:310 - Check plugin userauth
2025-11-19 13:22:14,939 [INFO] UserAuth:118 - Init User Auth plugin
2025-11-19 13:22:14,941 [INFO] PluginManage:359 - Loaded plugin userauth (category:base,tabindex:14)
2025-11-19 13:22:14,941 [INFO] PluginManage:283 - PluginManage : Loaded plugins [18]
2025-11-19 13:22:15,193 [INFO] PinOutPanel:1589 - setPackage(No Configuration,No Configuration)
2025-11-19 13:22:15,286 [INFO] CADModel:165 - CPN selected for project level
2025-11-19 13:22:15,287 [INFO] CADModel:114 - Register for checkConnection events
2025-11-19 13:22:15,310 [INFO] IPUIPlugin:80 - create IPUIPlugin
2025-11-19 13:22:15,310 [INFO] PluginManager:220 - loadIPPluginJar : add adc
2025-11-19 13:22:15,314 [INFO] IPUIPlugin:80 - create IPUIPlugin
2025-11-19 13:22:15,314 [INFO] PluginManager:220 - loadIPPluginJar : add aes
2025-11-19 13:22:15,318 [INFO] IPUIPlugin:80 - create IPUIPlugin
2025-11-19 13:22:15,319 [INFO] PluginManager:220 - loadIPPluginJar : add can
2025-11-19 13:22:15,322 [INFO] IPUIPlugin:80 - create IPUIPlugin
2025-11-19 13:22:15,322 [INFO] PluginManager:220 - loadIPPluginJar : add comp
2025-11-19 13:22:15,325 [INFO] IPUIPlugin:80 - create IPUIPlugin
2025-11-19 13:22:15,326 [INFO] PluginManager:220 - loadIPPluginJar : add cryp
2025-11-19 13:22:15,330 [INFO] IPUIPlugin:80 - create IPUIPlugin
2025-11-19 13:22:15,331 [INFO] PluginManager:220 - loadIPPluginJar : add ddr_ctrl_phy
2025-11-19 13:22:15,334 [INFO] IPUIPlugin:80 - create IPUIPlugin
2025-11-19 13:22:15,335 [INFO] PluginManager:220 - loadIPPluginJar : add dfsdm
2025-11-19 13:22:15,342 [INFO] IPUIPlugin:80 - create IPUIPlugin
2025-11-19 13:22:15,342 [INFO] PluginManager:220 - loadIPPluginJar : add dma
2025-11-19 13:22:15,347 [INFO] IPUIPlugin:80 - create IPUIPlugin
2025-11-19 13:22:15,347 [INFO] PluginManager:220 - loadIPPluginJar : add dma3
2025-11-19 13:22:15,351 [INFO] IPUIPlugin:80 - create IPUIPlugin
2025-11-19 13:22:15,352 [INFO] PluginManager:220 - loadIPPluginJar : add extmemmanager
2025-11-19 13:22:15,354 [INFO] IPUIPlugin:80 - create IPUIPlugin
2025-11-19 13:22:15,355 [INFO] PluginManager:220 - loadIPPluginJar : add fatfs
2025-11-19 13:22:15,359 [INFO] IPUIPlugin:80 - create IPUIPlugin
2025-11-19 13:22:15,359 [INFO] PluginManager:220 - loadIPPluginJar : add fmc
2025-11-19 13:22:15,367 [INFO] IPUIPlugin:80 - create IPUIPlugin
2025-11-19 13:22:15,367 [INFO] PluginManager:220 - loadIPPluginJar : add freertos
2025-11-19 13:22:15,369 [INFO] IPUIPlugin:80 - create IPUIPlugin
2025-11-19 13:22:15,370 [INFO] PluginManager:220 - loadIPPluginJar : add genericplugin
2025-11-19 13:22:15,373 [INFO] IPUIPlugin:80 - create IPUIPlugin
2025-11-19 13:22:15,373 [INFO] PluginManager:220 - loadIPPluginJar : add gfxmmu
2025-11-19 13:22:15,381 [INFO] IPUIPlugin:80 - create IPUIPlugin
2025-11-19 13:22:15,381 [INFO] PluginManager:220 - loadIPPluginJar : add gic
2025-11-19 13:22:15,388 [INFO] IPUIPlugin:80 - create IPUIPlugin
2025-11-19 13:22:15,389 [INFO] PluginManager:220 - loadIPPluginJar : add gpio
2025-11-19 13:22:15,392 [INFO] IPUIPlugin:80 - create IPUIPlugin
2025-11-19 13:22:15,392 [INFO] PluginManager:220 - loadIPPluginJar : add gtzc
2025-11-19 13:22:15,394 [INFO] IPUIPlugin:80 - create IPUIPlugin
2025-11-19 13:22:15,394 [INFO] PluginManager:220 - loadIPPluginJar : add hash
2025-11-19 13:22:15,399 [INFO] IPUIPlugin:80 - create IPUIPlugin
2025-11-19 13:22:15,399 [INFO] PluginManager:220 - loadIPPluginJar : add i2c
2025-11-19 13:22:15,402 [INFO] IPUIPlugin:80 - create IPUIPlugin
2025-11-19 13:22:15,402 [INFO] PluginManager:220 - loadIPPluginJar : add i2s
2025-11-19 13:22:15,405 [INFO] IPUIPlugin:80 - create IPUIPlugin
2025-11-19 13:22:15,406 [INFO] PluginManager:220 - loadIPPluginJar : add i3c
2025-11-19 13:22:15,410 [INFO] IPUIPlugin:80 - create IPUIPlugin
2025-11-19 13:22:15,410 [INFO] PluginManager:220 - loadIPPluginJar : add ipddr
2025-11-19 13:22:15,419 [INFO] IPUIPlugin:80 - create IPUIPlugin
2025-11-19 13:22:15,419 [INFO] PluginManager:220 - loadIPPluginJar : add linkedlist
2025-11-19 13:22:15,422 [INFO] IPUIPlugin:80 - create IPUIPlugin
2025-11-19 13:22:15,423 [INFO] PluginManager:220 - loadIPPluginJar : add lorawan
2025-11-19 13:22:15,424 [INFO] IPUIPlugin:80 - create IPUIPlugin
2025-11-19 13:22:15,424 [INFO] PluginManager:220 - loadIPPluginJar : add ltdc
2025-11-19 13:22:15,433 [INFO] IPUIPlugin:80 - create IPUIPlugin
2025-11-19 13:22:15,433 [INFO] PluginManager:220 - loadIPPluginJar : add mdma
2025-11-19 13:22:15,439 [INFO] IPUIPlugin:80 - create IPUIPlugin
2025-11-19 13:22:15,439 [INFO] PluginManager:220 - loadIPPluginJar : add nvic
2025-11-19 13:22:15,442 [INFO] IPUIPlugin:80 - create IPUIPlugin
2025-11-19 13:22:15,442 [INFO] PluginManager:220 - loadIPPluginJar : add opamp
2025-11-19 13:22:15,445 [INFO] IPUIPlugin:80 - create IPUIPlugin
2025-11-19 13:22:15,446 [INFO] PluginManager:220 - loadIPPluginJar : add openamp
2025-11-19 13:22:15,450 [INFO] IPUIPlugin:80 - create IPUIPlugin
2025-11-19 13:22:15,451 [INFO] PluginManager:220 - loadIPPluginJar : add pdm2pcm
2025-11-19 13:22:15,458 [INFO] IPUIPlugin:80 - create IPUIPlugin
2025-11-19 13:22:15,462 [INFO] PluginManager:220 - loadIPPluginJar : add plateformsettings
2025-11-19 13:22:15,465 [INFO] IPUIPlugin:80 - create IPUIPlugin
2025-11-19 13:22:15,465 [INFO] PluginManager:220 - loadIPPluginJar : add quadspi
2025-11-19 13:22:15,467 [INFO] IPUIPlugin:80 - create IPUIPlugin
2025-11-19 13:22:15,468 [INFO] PluginManager:220 - loadIPPluginJar : add radio
2025-11-19 13:22:15,473 [INFO] IPUIPlugin:80 - create IPUIPlugin
2025-11-19 13:22:15,473 [INFO] PluginManager:220 - loadIPPluginJar : add resmgrutility
2025-11-19 13:22:15,476 [INFO] IPUIPlugin:80 - create IPUIPlugin
2025-11-19 13:22:15,477 [INFO] PluginManager:220 - loadIPPluginJar : add sai
2025-11-19 13:22:15,480 [INFO] IPUIPlugin:80 - create IPUIPlugin
2025-11-19 13:22:15,480 [INFO] PluginManager:220 - loadIPPluginJar : add spi
2025-11-19 13:22:15,489 [INFO] IPUIPlugin:80 - create IPUIPlugin
2025-11-19 13:22:15,489 [INFO] PluginManager:220 - loadIPPluginJar : add stm32_wpan
2025-11-19 13:22:15,491 [INFO] IPUIPlugin:80 - create IPUIPlugin
2025-11-19 13:22:15,492 [INFO] PluginManager:220 - loadIPPluginJar : add tim
2025-11-19 13:22:15,497 [INFO] IPUIPlugin:80 - create IPUIPlugin
2025-11-19 13:22:15,497 [INFO] PluginManager:220 - loadIPPluginJar : add touchsensing
2025-11-19 13:22:15,500 [INFO] IPUIPlugin:80 - create IPUIPlugin
2025-11-19 13:22:15,500 [INFO] PluginManager:220 - loadIPPluginJar : add tracer_emb
2025-11-19 13:22:15,503 [INFO] IPUIPlugin:80 - create IPUIPlugin
2025-11-19 13:22:15,503 [INFO] PluginManager:220 - loadIPPluginJar : add ts
2025-11-19 13:22:15,505 [INFO] IPUIPlugin:80 - create IPUIPlugin
2025-11-19 13:22:15,505 [INFO] PluginManager:220 - loadIPPluginJar : add tsc
2025-11-19 13:22:15,508 [INFO] IPUIPlugin:80 - create IPUIPlugin
2025-11-19 13:22:15,508 [INFO] PluginManager:220 - loadIPPluginJar : add ucpd
2025-11-19 13:22:15,512 [INFO] IPUIPlugin:80 - create IPUIPlugin
2025-11-19 13:22:15,513 [INFO] PluginManager:220 - loadIPPluginJar : add usart
2025-11-19 13:22:15,517 [INFO] IPUIPlugin:80 - create IPUIPlugin
2025-11-19 13:22:15,518 [INFO] PluginManager:220 - loadIPPluginJar : add usbx
2025-11-19 13:22:15,633 [FATAL] Updater:351 - Updater called before beeing initialized
2025-11-19 13:22:15,660 [INFO] RulesReader:64 - Compatibility file has been processed (317 Rules)
2025-11-19 13:22:15,674 [INFO] RulesReader:64 - Compatibility file has been processed (317 Rules)
2025-11-19 13:22:15,687 [INFO] CADModel:165 - CPN selected for project level
2025-11-19 13:22:15,687 [INFO] CADModel:114 - Register for checkConnection events
2025-11-19 13:22:15,687 [FATAL] Updater:351 - Updater called before beeing initialized
2025-11-19 13:22:15,687 [ERROR] CADModel:125 - Updater not yet initialized, retry later 
2025-11-19 13:22:15,824 [FATAL] Updater:351 - Updater called before beeing initialized
2025-11-19 13:22:15,825 [INFO] CADModel:165 - CPN selected for project level
2025-11-19 13:22:15,826 [INFO] CADModel:114 - Register for checkConnection events
2025-11-19 13:22:15,826 [FATAL] Updater:351 - Updater called before beeing initialized
2025-11-19 13:22:15,826 [ERROR] CADModel:125 - Updater not yet initialized, retry later 
2025-11-19 13:22:15,830 [FATAL] Updater:351 - Updater called before beeing initialized
2025-11-19 13:22:15,922 [FATAL] Updater:351 - Updater called before beeing initialized
2025-11-19 13:22:15,927 [INFO] DbMcusAds:53 - JSON generation date=Mon Nov 10 05:43:01 EST 2025 (1762771381223)
2025-11-19 13:22:15,927 [FATAL] Updater:351 - Updater called before beeing initialized
2025-11-19 13:22:15,956 [WARN] DetailPanel:346 - Failed to get advertising image, set to default
2025-11-19 13:22:16,018 [FATAL] Updater:351 - Updater called before beeing initialized
2025-11-19 13:22:16,020 [FATAL] Updater:351 - Updater called before beeing initialized
2025-11-19 13:22:16,020 [FATAL] Updater:351 - Updater called before beeing initialized
2025-11-19 13:22:16,020 [WARN] DetailPanel:346 - Failed to get advertising image, set to default
2025-11-19 13:22:16,021 [FATAL] Updater:351 - Updater called before beeing initialized
2025-11-19 13:22:16,057 [ERROR] Updater:1198 - MainUpdater not yet initialized. External WinMGr cannot be set.
2025-11-19 13:22:16,059 [INFO] Updater:1134 - Updater Version found : 6.15.0
2025-11-19 13:22:16,078 [INFO] ApplicationProperties:184 - Using Application install path: /opt/st/stm32cubeide_1.19.0/plugins/com.st.stm32cube.common.mx_6.15.0.202507011659
2025-11-19 13:22:16,091 [ERROR] LogOutputStream:75 - [STDERR_REDIRECT] Nov 19, 2025 1:22:16 PM java.util.prefs.FileSystemPreferences$2 run
2025-11-19 13:22:16,092 [ERROR] LogOutputStream:75 - [STDERR_REDIRECT] WARNING: Could not create system preferences directory. System preferences are unusable.
2025-11-19 13:22:16,092 [ERROR] LogOutputStream:75 - [STDERR_REDIRECT] 
2025-11-19 13:22:17,353 [INFO] MainUpdater:2872 - connection check result : 10
2025-11-19 13:22:17,354 [INFO] MainUpdater:289 - Updater Check For Update Now.
2025-11-19 13:22:17,354 [INFO] MicroXplorer:498 - Change Database Version : DB.6.0.150
2025-11-19 13:22:17,371 [INFO] McuFinderGlobals:63 - Set McuFinder mode to 2 (CubeIDE integrated)
2025-11-19 13:22:17,372 [INFO] UserAuth:487 - Internet connection configuration mode: 1
2025-11-19 13:22:17,405 [INFO] JxBrowserEngine:152 - Initiate JxBrowser Engine with user profile folder
2025-11-19 13:22:17,617 [INFO] CheckServerUpdateThread:120 - End of CheckServer Thread
2025-11-19 13:22:17,934 [WARN] PackLoader:240 - Cannot read IP mode file for STMicroelectronics.FP-SNS-MOTENVWB1.1.4.0
2025-11-19 13:22:17,951 [WARN] PackLoader:240 - Cannot read IP mode file for STMicroelectronics.FP-ATR-ASTRA1.2.0.2
2025-11-19 13:22:17,963 [WARN] PackLoader:240 - Cannot read IP mode file for STMicroelectronics.X-CUBE-SMBUS.2.1.0
2025-11-19 13:22:18,023 [WARN] PackLoader:240 - Cannot read IP mode file for STMicroelectronics.X-CUBE-AZRTOS-F7.1.1.0
2025-11-19 13:22:18,036 [WARN] PackLoader:240 - Cannot read IP mode file for Cesanta.I-CUBE-Mongoose.7.19.0
2025-11-19 13:22:18,042 [WARN] PackLoader:240 - Cannot read IP mode file for STMicroelectronics.FP-SNS-MOTENV1.5.1.0
2025-11-19 13:22:18,061 [WARN] PackLoader:240 - Cannot read IP mode file for WES.I-CUBE-Cesium.1.4.0
2025-11-19 13:22:18,112 [WARN] PackLoader:240 - Cannot read IP mode file for Infineon.AIROC-Wi-Fi-Bluetooth-STM32.1.7.1
2025-11-19 13:22:18,203 [WARN] PackLoader:240 - Cannot read IP mode file for STMicroelectronics.X-CUBE-AZRTOS-H7.3.4.0
2025-11-19 13:22:18,236 [WARN] PackLoader:240 - Cannot read IP mode file for STMicroelectronics.X-CUBE-DISPLAY.3.0.0
2025-11-19 13:22:18,284 [WARN] PackLoader:240 - Cannot read IP mode file for STMicroelectronics.X-CUBE-NFC10.1.0.0
2025-11-19 13:22:18,313 [WARN] PackLoader:240 - Cannot read IP mode file for STMicroelectronics.X-CUBE-ST60.1.1.0
2025-11-19 13:22:18,338 [WARN] PackLoader:240 - Cannot read IP mode file for emotas.I-CUBE-CANOPEN.1.3.0
2025-11-19 13:22:18,353 [WARN] PackLoader:240 - Cannot read IP mode file for STMicroelectronics.X-CUBE-GNSS1.7.1.0
2025-11-19 13:22:18,377 [WARN] PackLoader:240 - Cannot read IP mode file for STMicroelectronics.FP-SNS-SMARTAG2.1.2.0
2025-11-19 13:22:18,398 [WARN] PackLoader:240 - Cannot read IP mode file for STMicroelectronics.FP-SNS-FLIGHT1.5.1.0
2025-11-19 13:22:18,446 [INFO] LogOutputStream:77 - [STDOUT_REDIRECT] 1 : Invalid condition id : UX_CORESTACK_Condition cause : null
2025-11-19 13:22:18,448 [INFO] LogOutputStream:77 - [STDOUT_REDIRECT] 1 : Invalid condition id : UX_CORESTACK_Condition cause : null
2025-11-19 13:22:18,451 [INFO] LogOutputStream:77 - [STDOUT_REDIRECT] 1 : Invalid condition id : UX_CORESTACK_Condition cause : null
2025-11-19 13:22:18,452 [INFO] LogOutputStream:77 - [STDOUT_REDIRECT] 1 : Invalid condition id : UX_CORESTACK_Condition cause : null
2025-11-19 13:22:18,453 [INFO] LogOutputStream:77 - [STDOUT_REDIRECT] 1 : Invalid condition id : UX_CORESTACK_Condition cause : null
2025-11-19 13:22:18,462 [WARN] PackLoader:240 - Cannot read IP mode file for STMicroelectronics.X-CUBE-AZRTOS-WL.2.0.0
2025-11-19 13:22:18,476 [WARN] PackLoader:240 - Cannot read IP mode file for STMicroelectronics.FP-SNS-MOTENV1.5.0.0
2025-11-19 13:22:18,495 [WARN] PackLoader:240 - Cannot read IP mode file for STMicroelectronics.X-CUBE-BLE2.3.3.0
2025-11-19 13:22:18,564 [WARN] PackLoader:240 - Cannot read IP mode file for STMicroelectronics.X-CUBE-NFC9.1.0.0
2025-11-19 13:22:18,582 [WARN] PackLoader:240 - Cannot read IP mode file for wolfSSL.I-CUBE-wolfSSL.5.8.2
2025-11-19 13:22:18,601 [WARN] PackLoader:240 - Cannot read IP mode file for STMicroelectronics.X-CUBE-BLE1.7.1.0
2025-11-19 13:22:18,612 [WARN] PackLoader:240 - Cannot read IP mode file for wolfSSL.I-CUBE-wolfMQTT.1.19.2
2025-11-19 13:22:18,633 [WARN] PackLoader:240 - Cannot read IP mode file for STMicroelectronics.X-CUBE-EEPRMA1.5.2.0
2025-11-19 13:22:18,665 [WARN] PackLoader:240 - Cannot read IP mode file for STMicroelectronics.X-CUBE-ST67W61.1.1.0
2025-11-19 13:22:18,769 [WARN] PackLoader:240 - Cannot read IP mode file for STMicroelectronics.X-CUBE-AZRTOS-G0.1.1.0
2025-11-19 13:22:18,804 [WARN] PackLoader:240 - Cannot read IP mode file for STMicroelectronics.X-CUBE-SAFEA1.1.2.2
2025-11-19 13:22:18,822 [WARN] PackLoader:240 - Cannot read IP mode file for STMicroelectronics.X-CUBE-NFC4.3.0.0
2025-11-19 13:22:18,851 [WARN] PackLoader:240 - Cannot read IP mode file for EmbeddedOffice.I-CUBE-FS-RTOS.1.0.1
2025-11-19 13:22:18,868 [WARN] PackLoader:240 - Cannot read IP mode file for STMicroelectronics.X-CUBE-WB05N.2.0.0
2025-11-19 13:22:18,876 [WARN] PackLoader:240 - Cannot read IP mode file for wolfSSL.I-CUBE-wolfTPM.3.8.0
2025-11-19 13:22:18,942 [WARN] PackLoader:240 - Cannot read IP mode file for STMicroelectronics.X-CUBE-TCPP.4.2.0
2025-11-19 13:22:18,962 [WARN] PackLoader:240 - Cannot read IP mode file for RealThread.X-CUBE-RT-Thread_Nano.4.1.1
2025-11-19 13:22:18,973 [WARN] PackLoader:240 - Cannot read IP mode file for STMicroelectronics.FP-ATR-SIGFOX1.3.2.0
2025-11-19 13:22:18,987 [WARN] PackLoader:240 - Cannot read IP mode file for ITTIA_DB.I-CUBE-ITTIADB.8.9.0
2025-11-19 13:22:19,064 [WARN] PackLoader:240 - Cannot read IP mode file for SEGGER.I-CUBE-embOS.1.3.1
2025-11-19 13:22:19,155 [WARN] PackLoader:240 - Cannot read IP mode file for STMicroelectronics.X-CUBE-ALGOBUILD.1.4.0
2025-11-19 13:22:19,296 [WARN] PackLoader:240 - Cannot read IP mode file for STMicroelectronics.X-CUBE-MEMS1.11.3.0
2025-11-19 13:22:19,758 [WARN] PackLoader:240 - Cannot read IP mode file for STMicroelectronics.X-CUBE-PM33A1.1.0.0
2025-11-19 13:22:19,797 [WARN] PackLoader:240 - Cannot read IP mode file for STMicroelectronics.X-CUBE-AZRTOS-F4.1.1.0
2025-11-19 13:22:19,812 [WARN] PackLoader:240 - Cannot read IP mode file for STMicroelectronics.X-CUBE-ISPU.2.1.0
2025-11-19 13:22:19,855 [WARN] PackLoader:240 - Cannot read IP mode file for STMicroelectronics.X-CUBE-IPS.3.2.0
2025-11-19 13:22:19,885 [WARN] PackLoader:240 - Cannot read IP mode file for STMicroelectronics.X-CUBE-NFC12.1.0.0
2025-11-19 13:22:19,943 [WARN] PackLoader:240 - Cannot read IP mode file for STMicroelectronics.X-CUBE-AZRTOS-L5.2.0.0
2025-11-19 13:22:19,973 [WARN] PackLoader:240 - Cannot read IP mode file for STMicroelectronics.X-CUBE-NFC6.3.1.0
2025-11-19 13:22:19,989 [WARN] PackLoader:240 - Cannot read IP mode file for STMicroelectronics.X-CUBE-FREERTOS.1.3.1
2025-11-19 13:22:20,000 [WARN] PackLoader:240 - Cannot read IP mode file for STMicroelectronics.X-CUBE-TOUCHGFX.4.26.0
2025-11-19 13:22:20,008 [WARN] PackLoader:240 - Cannot read IP mode file for STMicroelectronics.X-CUBE-DPower.1.3.0
2025-11-19 13:22:20,022 [INFO] WebApp:169 - Instantiating new browser for Auth
2025-11-19 13:22:20,060 [WARN] ConditionMgr:438 - getConditionDescription Invalid condition id : LAN8742 Phy interface Condition cause : null
2025-11-19 13:22:20,061 [WARN] PackLoader:240 - Cannot read IP mode file for STMicroelectronics.X-CUBE-AZRTOS-L4.2.0.0
2025-11-19 13:22:20,065 [WARN] ConditionMgr:1044 - genDependencies : Invalid condition id : LAN8742 Phy interface Condition cause : null
2025-11-19 13:22:20,066 [WARN] ConditionMgr:1044 - genDependencies : Invalid condition id : LAN8742 Phy interface Condition cause : null
2025-11-19 13:22:20,067 [WARN] ConditionMgr:1044 - genDependencies : Invalid condition id : LAN8742 Phy interface Condition cause : null
2025-11-19 13:22:20,086 [WARN] PackLoader:240 - Cannot read IP mode file for STMicroelectronics.X-CUBE-SFXS2LP1.4.0.0
2025-11-19 13:22:20,118 [WARN] PackLoader:240 - Cannot read IP mode file for STMicroelectronics.X-CUBE-BLEMGR.4.1.0
2025-11-19 13:22:20,155 [WARN] ConditionMgr:438 - getConditionDescription Invalid condition id : UX DEVICE CLASS RTOS Condition cause : null
2025-11-19 13:22:20,156 [WARN] ConditionMgr:438 - getConditionDescription Invalid condition id : UX DEVICE CLASS RTOS Condition cause : null
2025-11-19 13:22:20,162 [WARN] PackLoader:240 - Cannot read IP mode file for STMicroelectronics.X-CUBE-AZRTOS-WB.2.0.0
2025-11-19 13:22:20,164 [WARN] ConditionMgr:1044 - genDependencies : Invalid condition id : UX DEVICE CLASS RTOS Condition cause : null
2025-11-19 13:22:20,165 [WARN] ConditionMgr:1044 - genDependencies : Invalid condition id : UX DEVICE CLASS RTOS Condition cause : null
2025-11-19 13:22:20,167 [WARN] ConditionMgr:1044 - genDependencies : Invalid condition id : UX DEVICE CLASS RTOS Condition cause : null
2025-11-19 13:22:20,168 [WARN] ConditionMgr:1044 - genDependencies : Invalid condition id : UX DEVICE CLASS RTOS Condition cause : null
2025-11-19 13:22:20,169 [WARN] ConditionMgr:1044 - genDependencies : Invalid condition id : UX DEVICE CLASS RTOS Condition cause : null
2025-11-19 13:22:20,184 [WARN] PackLoader:240 - Cannot read IP mode file for STMicroelectronics.X-CUBE-GNSS1.7.0.1
2025-11-19 13:22:20,201 [WARN] ConditionMgr:438 - getConditionDescription Invalid condition id : Cortex-A Device cause : null
2025-11-19 13:22:20,218 [WARN] ConditionMgr:1044 - genDependencies : Invalid condition id : Cortex-A Device cause : null
2025-11-19 13:22:20,219 [WARN] ConditionMgr:1044 - genDependencies : Invalid condition id : Cortex-A Device cause : null
2025-11-19 13:22:20,220 [WARN] ConditionMgr:1044 - genDependencies : Invalid condition id : Cortex-A Device cause : null
2025-11-19 13:22:20,245 [WARN] PackLoader:240 - Cannot read IP mode file for STMicroelectronics.X-CUBE-SUBG2.5.0.0
2025-11-19 13:22:20,305 [WARN] PackLoader:240 - Cannot read IP mode file for STMicroelectronics.X-CUBE-AZRTOS-H7RS.1.1.0
2025-11-19 13:22:20,341 [WARN] PackLoader:240 - Cannot read IP mode file for STMicroelectronics.X-CUBE-AZRTOS-G4.2.0.0
2025-11-19 13:22:20,349 [WARN] PackLoader:240 - Cannot read IP mode file for wolfSSL.I-CUBE-wolfSSH.1.4.20
2025-11-19 13:22:20,357 [WARN] PackLoader:240 - Cannot read IP mode file for STMicroelectronics.X-CUBE-NFC7.2.0.0
2025-11-19 13:22:20,365 [WARN] PackLoader:240 - Cannot read IP mode file for STMicroelectronics.X-CUBE-ALS.1.0.2
2025-11-19 13:22:20,381 [WARN] PackLoader:240 - Cannot read IP mode file for STMicroelectronics.X-CUBE-STSE01.1.0.0
2025-11-19 13:22:20,405 [WARN] PackLoader:240 - Cannot read IP mode file for STMicroelectronics.X-CUBE-TOF1.3.4.3
2025-11-19 13:22:20,440 [INFO] ThirdParty:978 - Integrity check success = true
2025-11-19 13:22:20,440 [INFO] IntegrityCheckThread:100 - exiting critical section [integrity check]
2025-11-19 13:22:20,440 [INFO] IntegrityCheckThread:103 - End integrity checks thread
2025-11-19 13:22:22,008 [INFO] WebApp:463 - Apply proxy settings
2025-11-19 13:22:22,009 [INFO] WebApp:548 - Chromium requires no authentication
2025-11-19 13:22:22,022 [INFO] WebApp:491 - Direct internet connection detected
2025-11-19 13:22:22,094 [INFO] WebApp:900 - Register for checkConnection events
2025-11-19 13:22:22,099 [INFO] WebApp:463 - Apply proxy settings
2025-11-19 13:22:22,100 [INFO] WebApp:548 - Chromium requires no authentication
2025-11-19 13:22:22,101 [INFO] WebApp:491 - Direct internet connection detected
2025-11-19 13:22:22,424 [INFO] WebApp:225 - Starting web application
2025-11-19 13:22:22,425 [INFO] WebApp:593 - Web application path used /opt/st/stm32cubeide_1.19.0/plugins/com.st.stm32cube.common.mx_6.15.0.202507011659/db/plugins/mcufinder/reactClient1/index.html
2025-11-19 13:22:22,626 [INFO] UserAuth:487 - Internet connection configuration mode: 1
2025-11-19 13:22:23,610 [INFO] WebApp:191 - Connection restablished
2025-11-19 13:22:41,566 [ERROR] LogOutputStream:75 - [STDERR_REDIRECT] Nov 19, 2025 1:22:41 PM java.util.prefs.FileSystemPreferences$6 run
2025-11-19 13:22:41,569 [ERROR] LogOutputStream:75 - [STDERR_REDIRECT] WARNING: Invalid preferences format in /home/kevin/.java/.userPrefs/com/st/library/analyticscore/prefs.xml
2025-11-19 13:22:41,570 [ERROR] LogOutputStream:75 - [STDERR_REDIRECT] 
2025-11-19 13:22:43,168 [ERROR] LogOutputStream:75 - [STDERR_REDIRECT] Nov 19, 2025 1:22:43 PM java.util.prefs.FileSystemPreferences checkLockFile0ErrorCode
2025-11-19 13:22:43,168 [ERROR] LogOutputStream:75 - [STDERR_REDIRECT] WARNING: Could not lock System prefs. Unix error code 2.
2025-11-19 13:22:43,168 [ERROR] LogOutputStream:75 - [STDERR_REDIRECT] 
2025-11-19 13:22:43,169 [ERROR] LogOutputStream:75 - [STDERR_REDIRECT] Nov 19, 2025 1:22:43 PM java.util.prefs.FileSystemPreferences syncWorld
2025-11-19 13:22:43,169 [ERROR] LogOutputStream:75 - [STDERR_REDIRECT] WARNING: Couldn't flush system prefs: java.util.prefs.BackingStoreException: Couldn't get file lock.
2025-11-19 13:22:43,169 [ERROR] LogOutputStream:75 - [STDERR_REDIRECT] 
2025-11-19 13:23:12,413 [ERROR] LogOutputStream:75 - [STDERR_REDIRECT] Nov 19, 2025 1:23:12 PM java.util.prefs.FileSystemPreferences$6 run
2025-11-19 13:23:12,418 [ERROR] LogOutputStream:75 - [STDERR_REDIRECT] WARNING: Invalid preferences format in /home/kevin/.java/.userPrefs/com/st/library/analyticscore/prefs.xml
2025-11-19 13:23:12,419 [ERROR] LogOutputStream:75 - [STDERR_REDIRECT] 
2025-11-19 13:23:14,071 [ERROR] LogOutputStream:75 - [STDERR_REDIRECT] Nov 19, 2025 1:23:14 PM java.util.prefs.FileSystemPreferences checkLockFile0ErrorCode
2025-11-19 13:23:14,074 [ERROR] LogOutputStream:75 - [STDERR_REDIRECT] WARNING: Could not lock System prefs. Unix error code 2.
2025-11-19 13:23:14,076 [ERROR] LogOutputStream:75 - [STDERR_REDIRECT] 
2025-11-19 13:23:14,079 [ERROR] LogOutputStream:75 - [STDERR_REDIRECT] Nov 19, 2025 1:23:14 PM java.util.prefs.FileSystemPreferences syncWorld
2025-11-19 13:23:14,082 [ERROR] LogOutputStream:75 - [STDERR_REDIRECT] WARNING: Couldn't flush system prefs: java.util.prefs.BackingStoreException: Couldn't get file lock.
2025-11-19 13:23:14,083 [ERROR] LogOutputStream:75 - [STDERR_REDIRECT] 
2025-11-19 13:23:41,797 [ERROR] LogOutputStream:75 - [STDERR_REDIRECT] Nov 19, 2025 1:23:41 PM java.util.prefs.FileSystemPreferences$6 run
2025-11-19 13:23:41,801 [ERROR] LogOutputStream:75 - [STDERR_REDIRECT] WARNING: Prefs file removed in background /home/kevin/.java/.userPrefs/com/st/library/analyticscore/prefs.xml
2025-11-19 13:23:41,803 [ERROR] LogOutputStream:75 - [STDERR_REDIRECT] 
2025-11-19 13:23:43,482 [ERROR] LogOutputStream:75 - [STDERR_REDIRECT] Nov 19, 2025 1:23:43 PM java.util.prefs.FileSystemPreferences checkLockFile0ErrorCode
2025-11-19 13:23:43,512 [ERROR] LogOutputStream:75 - [STDERR_REDIRECT] WARNING: Could not lock System prefs. Unix error code 2.
2025-11-19 13:23:43,512 [ERROR] LogOutputStream:75 - [STDERR_REDIRECT] 
2025-11-19 13:23:43,512 [ERROR] LogOutputStream:75 - [STDERR_REDIRECT] Nov 19, 2025 1:23:43 PM java.util.prefs.FileSystemPreferences syncWorld
2025-11-19 13:23:43,512 [ERROR] LogOutputStream:75 - [STDERR_REDIRECT] WARNING: Couldn't flush system prefs: java.util.prefs.BackingStoreException: Couldn't get file lock.
2025-11-19 13:23:43,512 [ERROR] LogOutputStream:75 - [STDERR_REDIRECT] 
2025-11-19 13:24:14,322 [ERROR] LogOutputStream:75 - [STDERR_REDIRECT] Nov 19, 2025 1:24:13 PM java.util.prefs.FileSystemPreferences checkLockFile0ErrorCode
2025-11-19 13:24:14,335 [ERROR] LogOutputStream:75 - [STDERR_REDIRECT] WARNING: Could not lock System prefs. Unix error code 2.
2025-11-19 13:24:14,336 [ERROR] LogOutputStream:75 - [STDERR_REDIRECT] 
2025-11-19 13:24:14,359 [ERROR] LogOutputStream:75 - [STDERR_REDIRECT] Nov 19, 2025 1:24:14 PM java.util.prefs.FileSystemPreferences syncWorld
2025-11-19 13:24:14,359 [ERROR] LogOutputStream:75 - [STDERR_REDIRECT] WARNING: Couldn't flush system prefs: java.util.prefs.BackingStoreException: Couldn't get file lock.
2025-11-19 13:24:14,375 [ERROR] LogOutputStream:75 - [STDERR_REDIRECT] 
2025-11-19 13:24:36,470 [ERROR] LogOutputStream:75 - [STDERR_REDIRECT] 
2025-11-19 13:24:36,503 [ERROR] LogOutputStream:75 - [STDERR_REDIRECT] 
