2025-10-27 16:31:25,350 [INFO] Activator:176 - 


2025-10-27 16:31:25,354 [INFO] Activator:177 - !SESSION log4j initialized
2025-10-27 16:31:28,225 [INFO] LogOutputStream:77 - [STDOUT_REDIRECT] 
2025-10-27 16:31:30,482 [INFO] ApplicationProperties:184 - Using Application install path: /opt/st/stm32cubeide_1.19.0/plugins/com.st.stm32cube.common.mx_6.15.0.202507011659
2025-10-27 16:31:30,496 [INFO] DbMcusXml:78 - Set database path to: /opt/st/stm32cubeide_1.19.0/plugins/com.st.stm32cube.common.mx_6.15.0.202507011659//db//mcu/
2025-10-27 16:31:30,496 [INFO] ApiDb:274 - Set plugin database path to: /opt/st/stm32cubeide_1.19.0/plugins/com.st.stm32cube.common.mx_6.15.0.202507011659//db//plugins/boardmanager/
2025-10-27 16:31:30,496 [WARN] ApiDb:259 - Overriding images path with different value:  => /opt/st/stm32cubeide_1.19.0/plugins/com.st.stm32cube.common.mx_6.15.0.202507011659//db//plugins/mcufinder/images/
2025-10-27 16:31:30,499 [INFO] ApiDb:250 - Set database path to: /home/kevin/.stmcufinder/plugins/mcufinder//mcu/
2025-10-27 16:31:30,501 [INFO] DbMcusAds:125 - Set database path to: /home/kevin/.stmcufinder/plugins/mcufinder//mcu/
2025-10-27 16:31:30,504 [INFO] CrossReferenceDbSqlite:203 - Set database path to: /home/kevin/.stmcufinder/plugins/mcufinder//mcu/cs/
2025-10-27 16:31:30,599 [INFO] RulesReader:64 - Compatibility file has been processed (317 Rules)
2025-10-27 16:31:30,657 [INFO] DbMcusXml:78 - Set database path to: /opt/st/stm32cubeide_1.19.0/plugins/com.st.stm32cube.common.mx_6.15.0.202507011659//db//mcu/
2025-10-27 16:31:30,657 [INFO] ApiDb:274 - Set plugin database path to: /opt/st/stm32cubeide_1.19.0/plugins/com.st.stm32cube.common.mx_6.15.0.202507011659//db//plugins/boardmanager/
2025-10-27 16:31:30,658 [INFO] ApiDb:261 - Set plugin images path to: /opt/st/stm32cubeide_1.19.0/plugins/com.st.stm32cube.common.mx_6.15.0.202507011659//db//plugins/mcufinder/images/
2025-10-27 16:31:30,658 [WARN] DbFile:41 - Overriding database path with different value: /home/kevin/.stmcufinder/plugins/mcufinder/ => /home/kevin/.stmcufinder/plugins/mcufinder
2025-10-27 16:31:30,658 [INFO] ApiDb:250 - Set database path to: /home/kevin/.stmcufinder/plugins/mcufinder//mcu/
2025-10-27 16:31:30,658 [WARN] DbFile:41 - Overriding database path with different value: /home/kevin/.stmcufinder/plugins/mcufinder/ => /home/kevin/.stmcufinder/plugins/mcufinder
2025-10-27 16:31:30,658 [INFO] DbMcusAds:125 - Set database path to: /home/kevin/.stmcufinder/plugins/mcufinder//mcu/
2025-10-27 16:31:30,658 [WARN] DbFile:41 - Overriding database path with different value: /home/kevin/.stmcufinder/plugins/mcufinder/ => /home/kevin/.stmcufinder/plugins/mcufinder
2025-10-27 16:31:30,658 [WARN] DbFile:41 - Overriding database path with different value: /home/kevin/.stmcufinder/plugins/mcufinder/ => /home/kevin/.stmcufinder/plugins/mcufinder
2025-10-27 16:31:30,658 [INFO] CrossReferenceDbSqlite:203 - Set database path to: /home/kevin/.stmcufinder/plugins/mcufinder//mcu/cs/
2025-10-27 16:31:30,721 [INFO] MainPanel:274 - HeapMemory: 268435456
2025-10-27 16:31:30,860 [INFO] DbMcusXml:78 - Set database path to: /opt/st/stm32cubeide_1.19.0/plugins/com.st.stm32cube.common.mx_6.15.0.202507011659//db//mcu/
2025-10-27 16:31:30,860 [INFO] ApiDb:274 - Set plugin database path to: /opt/st/stm32cubeide_1.19.0/plugins/com.st.stm32cube.common.mx_6.15.0.202507011659//db//plugins/boardmanager/
2025-10-27 16:31:30,861 [INFO] ApiDb:261 - Set plugin images path to: /opt/st/stm32cubeide_1.19.0/plugins/com.st.stm32cube.common.mx_6.15.0.202507011659//db//plugins/mcufinder/images/
2025-10-27 16:31:30,861 [WARN] DbFile:41 - Overriding database path with different value: /home/kevin/.stmcufinder/plugins/mcufinder/ => /home/kevin/.stmcufinder/plugins/mcufinder
2025-10-27 16:31:30,861 [INFO] ApiDb:250 - Set database path to: /home/kevin/.stmcufinder/plugins/mcufinder//mcu/
2025-10-27 16:31:30,861 [WARN] DbFile:41 - Overriding database path with different value: /home/kevin/.stmcufinder/plugins/mcufinder/ => /home/kevin/.stmcufinder/plugins/mcufinder
2025-10-27 16:31:30,861 [INFO] DbMcusAds:125 - Set database path to: /home/kevin/.stmcufinder/plugins/mcufinder//mcu/
2025-10-27 16:31:30,861 [WARN] DbFile:41 - Overriding database path with different value: /home/kevin/.stmcufinder/plugins/mcufinder/ => /home/kevin/.stmcufinder/plugins/mcufinder
2025-10-27 16:31:30,861 [WARN] DbFile:41 - Overriding database path with different value: /home/kevin/.stmcufinder/plugins/mcufinder/ => /home/kevin/.stmcufinder/plugins/mcufinder
2025-10-27 16:31:30,862 [INFO] CrossReferenceDbSqlite:203 - Set database path to: /home/kevin/.stmcufinder/plugins/mcufinder//mcu/cs/
2025-10-27 16:31:30,878 [INFO] ApplicationProperties:184 - Using Application install path: /opt/st/stm32cubeide_1.19.0/plugins/com.st.stm32cube.common.mx_6.15.0.202507011659
2025-10-27 16:31:30,880 [INFO] PluginManage:196 - Search for loadable plugins [exclusion list=, ]
2025-10-27 16:31:30,883 [INFO] PluginManage:310 - Check plugin analytics
2025-10-27 16:31:31,046 [INFO] AnalyticsPlugin:253 - Accepted Software Licenses: 
2025-10-27 16:31:31,047 [INFO] AnalyticsPlugin:255 - Accepted CMSIS Pack Licenses: 
2025-10-27 16:31:31,047 [INFO] AnalyticsPlugin:257 - Accepted Firmware Licenses: 
2025-10-27 16:31:31,051 [INFO] PluginManage:359 - Loaded plugin analytics (category:tool,tabindex:-1)
2025-10-27 16:31:31,052 [INFO] PluginManage:310 - Check plugin cadmodel
2025-10-27 16:31:31,056 [INFO] CADModel:105 - Init CAD model plugin
2025-10-27 16:31:31,056 [INFO] PluginManage:359 - Loaded plugin cadmodel (category:power,tabindex:5)
2025-10-27 16:31:31,057 [INFO] PluginManage:310 - Check plugin clock
2025-10-27 16:31:31,065 [INFO] PluginManage:359 - Loaded plugin clock (category:base,tabindex:2)
2025-10-27 16:31:31,065 [INFO] PluginManage:310 - Check plugin ddr
2025-10-27 16:31:31,067 [INFO] PluginManage:359 - Loaded plugin ddr (category:tool,tabindex:6)
2025-10-27 16:31:31,068 [INFO] PluginManage:310 - Check plugin filemanager
2025-10-27 16:31:31,327 [INFO] PluginManage:359 - Loaded plugin filemanager (category:base,tabindex:10)
2025-10-27 16:31:31,327 [INFO] PluginManage:310 - Check plugin ipmanager
2025-10-27 16:31:31,332 [INFO] PluginManage:359 - Loaded plugin ipmanager (category:base,tabindex:5)
2025-10-27 16:31:31,332 [INFO] PluginManage:310 - Check plugin lpbam
2025-10-27 16:31:31,340 [INFO] PluginManage:359 - Loaded plugin lpbam (category:base,tabindex:0)
2025-10-27 16:31:31,340 [INFO] PluginManage:310 - Check plugin memorymap
2025-10-27 16:31:31,375 [INFO] PluginManage:359 - Loaded plugin memorymap (category:base,tabindex:4)
2025-10-27 16:31:31,376 [INFO] PluginManage:310 - Check plugin pinoutandconfiguration
2025-10-27 16:31:31,384 [INFO] PluginManage:359 - Loaded plugin pinoutandconfiguration (category:base,tabindex:1)
2025-10-27 16:31:31,384 [INFO] PluginManage:310 - Check plugin pinoutconfig
2025-10-27 16:31:31,502 [WARN] SupportedApi:132 - Cannot load RTOS API schema: s4s-elt-must-match.1: The content of 'definitions' must match (annotation?, (simpleType | complexType)?, (unique | key | keyref)*)). A problem was found starting at: attribute.
2025-10-27 16:31:31,630 [INFO] PluginManage:359 - Loaded plugin pinoutconfig (category:base,tabindex:0)
2025-10-27 16:31:31,630 [INFO] PluginManage:310 - Check plugin power
2025-10-27 16:31:31,637 [INFO] PluginManage:359 - Loaded plugin power (category:power,tabindex:4)
2025-10-27 16:31:31,637 [INFO] PluginManage:310 - Check plugin projectmanager
2025-10-27 16:31:31,652 [INFO] PluginManage:359 - Loaded plugin projectmanager (category:projectmanager,tabindex:4)
2025-10-27 16:31:31,652 [INFO] PluginManage:310 - Check plugin rif
2025-10-27 16:31:31,658 [INFO] PluginManage:359 - Loaded plugin rif (category:base,tabindex:3)
2025-10-27 16:31:31,659 [INFO] PluginManage:310 - Check plugin thirdparty
2025-10-27 16:31:31,795 [INFO] PluginManage:359 - Loaded plugin thirdparty (category:base,tabindex:-1)
2025-10-27 16:31:31,795 [WARN] IntegrityCheckThread:84 - waiting for thirdparty lock release [integrity check]
2025-10-27 16:31:31,796 [INFO] IntegrityCheckThread:86 - entering critical section [integrity check]
2025-10-27 16:31:31,796 [INFO] PluginManage:310 - Check plugin tools
2025-10-27 16:31:31,797 [INFO] ThirdPartyUpdaterWithRetryManager:70 - Updater plugin not ready yet. [1/15]
2025-10-27 16:31:31,799 [INFO] PluginManage:359 - Loaded plugin tools (category:base,tabindex:7)
2025-10-27 16:31:31,800 [INFO] PluginManage:310 - Check plugin tutovideos
2025-10-27 16:31:31,980 [INFO] PluginManage:359 - Loaded plugin tutovideos (category:base,tabindex:-1)
2025-10-27 16:31:31,980 [INFO] PluginManage:310 - Check plugin updater
2025-10-27 16:31:32,006 [INFO] PluginManage:359 - Loaded plugin updater (category:base,tabindex:12)
2025-10-27 16:31:32,007 [INFO] PluginManage:310 - Check plugin userauth
2025-10-27 16:31:32,012 [INFO] UserAuth:118 - Init User Auth plugin
2025-10-27 16:31:32,014 [INFO] PluginManage:359 - Loaded plugin userauth (category:base,tabindex:14)
2025-10-27 16:31:32,015 [INFO] PluginManage:283 - PluginManage : Loaded plugins [18]
2025-10-27 16:31:32,194 [INFO] PinOutPanel:1589 - setPackage(No Configuration,No Configuration)
2025-10-27 16:31:32,255 [INFO] CADModel:165 - CPN selected for project level
2025-10-27 16:31:32,256 [INFO] CADModel:114 - Register for checkConnection events
2025-10-27 16:31:32,274 [INFO] IPUIPlugin:80 - create IPUIPlugin
2025-10-27 16:31:32,275 [INFO] PluginManager:220 - loadIPPluginJar : add adc
2025-10-27 16:31:32,278 [INFO] IPUIPlugin:80 - create IPUIPlugin
2025-10-27 16:31:32,278 [INFO] PluginManager:220 - loadIPPluginJar : add aes
2025-10-27 16:31:32,282 [INFO] IPUIPlugin:80 - create IPUIPlugin
2025-10-27 16:31:32,283 [INFO] PluginManager:220 - loadIPPluginJar : add can
2025-10-27 16:31:32,285 [INFO] IPUIPlugin:80 - create IPUIPlugin
2025-10-27 16:31:32,285 [INFO] PluginManager:220 - loadIPPluginJar : add comp
2025-10-27 16:31:32,287 [INFO] IPUIPlugin:80 - create IPUIPlugin
2025-10-27 16:31:32,288 [INFO] PluginManager:220 - loadIPPluginJar : add cryp
2025-10-27 16:31:32,290 [INFO] IPUIPlugin:80 - create IPUIPlugin
2025-10-27 16:31:32,291 [INFO] PluginManager:220 - loadIPPluginJar : add ddr_ctrl_phy
2025-10-27 16:31:32,294 [INFO] IPUIPlugin:80 - create IPUIPlugin
2025-10-27 16:31:32,294 [INFO] PluginManager:220 - loadIPPluginJar : add dfsdm
2025-10-27 16:31:32,301 [INFO] IPUIPlugin:80 - create IPUIPlugin
2025-10-27 16:31:32,302 [INFO] PluginManager:220 - loadIPPluginJar : add dma
2025-10-27 16:31:32,304 [INFO] IPUIPlugin:80 - create IPUIPlugin
2025-10-27 16:31:32,304 [INFO] PluginManager:220 - loadIPPluginJar : add dma3
2025-10-27 16:31:32,307 [INFO] IPUIPlugin:80 - create IPUIPlugin
2025-10-27 16:31:32,307 [INFO] PluginManager:220 - loadIPPluginJar : add extmemmanager
2025-10-27 16:31:32,309 [INFO] IPUIPlugin:80 - create IPUIPlugin
2025-10-27 16:31:32,309 [INFO] PluginManager:220 - loadIPPluginJar : add fatfs
2025-10-27 16:31:32,315 [INFO] IPUIPlugin:80 - create IPUIPlugin
2025-10-27 16:31:32,316 [INFO] PluginManager:220 - loadIPPluginJar : add fmc
2025-10-27 16:31:32,321 [INFO] IPUIPlugin:80 - create IPUIPlugin
2025-10-27 16:31:32,321 [INFO] PluginManager:220 - loadIPPluginJar : add freertos
2025-10-27 16:31:32,323 [INFO] IPUIPlugin:80 - create IPUIPlugin
2025-10-27 16:31:32,324 [INFO] PluginManager:220 - loadIPPluginJar : add genericplugin
2025-10-27 16:31:32,326 [INFO] IPUIPlugin:80 - create IPUIPlugin
2025-10-27 16:31:32,327 [INFO] PluginManager:220 - loadIPPluginJar : add gfxmmu
2025-10-27 16:31:32,335 [INFO] IPUIPlugin:80 - create IPUIPlugin
2025-10-27 16:31:32,336 [INFO] PluginManager:220 - loadIPPluginJar : add gic
2025-10-27 16:31:32,340 [INFO] IPUIPlugin:80 - create IPUIPlugin
2025-10-27 16:31:32,340 [INFO] PluginManager:220 - loadIPPluginJar : add gpio
2025-10-27 16:31:32,343 [INFO] IPUIPlugin:80 - create IPUIPlugin
2025-10-27 16:31:32,344 [INFO] PluginManager:220 - loadIPPluginJar : add gtzc
2025-10-27 16:31:32,348 [INFO] IPUIPlugin:80 - create IPUIPlugin
2025-10-27 16:31:32,348 [INFO] PluginManager:220 - loadIPPluginJar : add hash
2025-10-27 16:31:32,351 [INFO] IPUIPlugin:80 - create IPUIPlugin
2025-10-27 16:31:32,351 [INFO] PluginManager:220 - loadIPPluginJar : add i2c
2025-10-27 16:31:32,354 [INFO] IPUIPlugin:80 - create IPUIPlugin
2025-10-27 16:31:32,354 [INFO] PluginManager:220 - loadIPPluginJar : add i2s
2025-10-27 16:31:32,357 [INFO] IPUIPlugin:80 - create IPUIPlugin
2025-10-27 16:31:32,357 [INFO] PluginManager:220 - loadIPPluginJar : add i3c
2025-10-27 16:31:32,361 [INFO] IPUIPlugin:80 - create IPUIPlugin
2025-10-27 16:31:32,362 [INFO] PluginManager:220 - loadIPPluginJar : add ipddr
2025-10-27 16:31:32,370 [INFO] IPUIPlugin:80 - create IPUIPlugin
2025-10-27 16:31:32,370 [INFO] PluginManager:220 - loadIPPluginJar : add linkedlist
2025-10-27 16:31:32,373 [INFO] IPUIPlugin:80 - create IPUIPlugin
2025-10-27 16:31:32,373 [INFO] PluginManager:220 - loadIPPluginJar : add lorawan
2025-10-27 16:31:32,375 [INFO] IPUIPlugin:80 - create IPUIPlugin
2025-10-27 16:31:32,375 [INFO] PluginManager:220 - loadIPPluginJar : add ltdc
2025-10-27 16:31:32,382 [INFO] IPUIPlugin:80 - create IPUIPlugin
2025-10-27 16:31:32,382 [INFO] PluginManager:220 - loadIPPluginJar : add mdma
2025-10-27 16:31:32,385 [INFO] IPUIPlugin:80 - create IPUIPlugin
2025-10-27 16:31:32,386 [INFO] PluginManager:220 - loadIPPluginJar : add nvic
2025-10-27 16:31:32,389 [INFO] IPUIPlugin:80 - create IPUIPlugin
2025-10-27 16:31:32,389 [INFO] PluginManager:220 - loadIPPluginJar : add opamp
2025-10-27 16:31:32,393 [INFO] IPUIPlugin:80 - create IPUIPlugin
2025-10-27 16:31:32,394 [INFO] PluginManager:220 - loadIPPluginJar : add openamp
2025-10-27 16:31:32,398 [INFO] IPUIPlugin:80 - create IPUIPlugin
2025-10-27 16:31:32,398 [INFO] PluginManager:220 - loadIPPluginJar : add pdm2pcm
2025-10-27 16:31:32,404 [INFO] IPUIPlugin:80 - create IPUIPlugin
2025-10-27 16:31:32,407 [INFO] PluginManager:220 - loadIPPluginJar : add plateformsettings
2025-10-27 16:31:32,410 [INFO] IPUIPlugin:80 - create IPUIPlugin
2025-10-27 16:31:32,410 [INFO] PluginManager:220 - loadIPPluginJar : add quadspi
2025-10-27 16:31:32,413 [INFO] IPUIPlugin:80 - create IPUIPlugin
2025-10-27 16:31:32,414 [INFO] PluginManager:220 - loadIPPluginJar : add radio
2025-10-27 16:31:32,419 [INFO] IPUIPlugin:80 - create IPUIPlugin
2025-10-27 16:31:32,420 [INFO] PluginManager:220 - loadIPPluginJar : add resmgrutility
2025-10-27 16:31:32,424 [INFO] IPUIPlugin:80 - create IPUIPlugin
2025-10-27 16:31:32,424 [INFO] PluginManager:220 - loadIPPluginJar : add sai
2025-10-27 16:31:32,429 [INFO] IPUIPlugin:80 - create IPUIPlugin
2025-10-27 16:31:32,430 [INFO] PluginManager:220 - loadIPPluginJar : add spi
2025-10-27 16:31:32,437 [INFO] IPUIPlugin:80 - create IPUIPlugin
2025-10-27 16:31:32,437 [INFO] PluginManager:220 - loadIPPluginJar : add stm32_wpan
2025-10-27 16:31:32,439 [INFO] IPUIPlugin:80 - create IPUIPlugin
2025-10-27 16:31:32,439 [INFO] PluginManager:220 - loadIPPluginJar : add tim
2025-10-27 16:31:32,445 [INFO] IPUIPlugin:80 - create IPUIPlugin
2025-10-27 16:31:32,446 [INFO] PluginManager:220 - loadIPPluginJar : add touchsensing
2025-10-27 16:31:32,448 [INFO] IPUIPlugin:80 - create IPUIPlugin
2025-10-27 16:31:32,449 [INFO] PluginManager:220 - loadIPPluginJar : add tracer_emb
2025-10-27 16:31:32,451 [INFO] IPUIPlugin:80 - create IPUIPlugin
2025-10-27 16:31:32,451 [INFO] PluginManager:220 - loadIPPluginJar : add ts
2025-10-27 16:31:32,453 [INFO] IPUIPlugin:80 - create IPUIPlugin
2025-10-27 16:31:32,453 [INFO] PluginManager:220 - loadIPPluginJar : add tsc
2025-10-27 16:31:32,455 [INFO] IPUIPlugin:80 - create IPUIPlugin
2025-10-27 16:31:32,456 [INFO] PluginManager:220 - loadIPPluginJar : add ucpd
2025-10-27 16:31:32,459 [INFO] IPUIPlugin:80 - create IPUIPlugin
2025-10-27 16:31:32,459 [INFO] PluginManager:220 - loadIPPluginJar : add usart
2025-10-27 16:31:32,463 [INFO] IPUIPlugin:80 - create IPUIPlugin
2025-10-27 16:31:32,463 [INFO] PluginManager:220 - loadIPPluginJar : add usbx
2025-10-27 16:31:32,578 [FATAL] Updater:351 - Updater called before beeing initialized
2025-10-27 16:31:32,610 [INFO] RulesReader:64 - Compatibility file has been processed (317 Rules)
2025-10-27 16:31:32,622 [INFO] RulesReader:64 - Compatibility file has been processed (317 Rules)
2025-10-27 16:31:32,633 [INFO] CADModel:165 - CPN selected for project level
2025-10-27 16:31:32,634 [INFO] CADModel:114 - Register for checkConnection events
2025-10-27 16:31:32,634 [FATAL] Updater:351 - Updater called before beeing initialized
2025-10-27 16:31:32,634 [ERROR] CADModel:125 - Updater not yet initialized, retry later 
2025-10-27 16:31:32,744 [FATAL] Updater:351 - Updater called before beeing initialized
2025-10-27 16:31:32,747 [INFO] CADModel:165 - CPN selected for project level
2025-10-27 16:31:32,747 [INFO] CADModel:114 - Register for checkConnection events
2025-10-27 16:31:32,747 [FATAL] Updater:351 - Updater called before beeing initialized
2025-10-27 16:31:32,747 [ERROR] CADModel:125 - Updater not yet initialized, retry later 
2025-10-27 16:31:32,751 [FATAL] Updater:351 - Updater called before beeing initialized
2025-10-27 16:31:32,860 [FATAL] Updater:351 - Updater called before beeing initialized
2025-10-27 16:31:32,865 [INFO] DbMcusAds:53 - JSON generation date=Thu Oct 02 05:36:05 EDT 2025 (1759397765645)
2025-10-27 16:31:32,866 [FATAL] Updater:351 - Updater called before beeing initialized
2025-10-27 16:31:32,895 [WARN] DetailPanel:346 - Failed to get advertising image, set to default
2025-10-27 16:31:32,957 [FATAL] Updater:351 - Updater called before beeing initialized
2025-10-27 16:31:32,961 [FATAL] Updater:351 - Updater called before beeing initialized
2025-10-27 16:31:32,962 [FATAL] Updater:351 - Updater called before beeing initialized
2025-10-27 16:31:32,962 [WARN] DetailPanel:346 - Failed to get advertising image, set to default
2025-10-27 16:31:32,964 [FATAL] Updater:351 - Updater called before beeing initialized
2025-10-27 16:31:33,006 [ERROR] Updater:1198 - MainUpdater not yet initialized. External WinMGr cannot be set.
2025-10-27 16:31:33,008 [INFO] Updater:1134 - Updater Version found : 6.15.0
2025-10-27 16:31:33,021 [INFO] ApplicationProperties:184 - Using Application install path: /opt/st/stm32cubeide_1.19.0/plugins/com.st.stm32cube.common.mx_6.15.0.202507011659
2025-10-27 16:31:33,047 [ERROR] LogOutputStream:75 - [STDERR_REDIRECT] Oct 27, 2025 4:31:33 PM java.util.prefs.FileSystemPreferences$2 run
2025-10-27 16:31:33,048 [ERROR] LogOutputStream:75 - [STDERR_REDIRECT] WARNING: Could not create system preferences directory. System preferences are unusable.
2025-10-27 16:31:33,048 [ERROR] LogOutputStream:75 - [STDERR_REDIRECT] 
2025-10-27 16:31:33,790 [INFO] MainUpdater:2872 - connection check result : 10
2025-10-27 16:31:33,791 [INFO] MainUpdater:289 - Updater Check For Update Now.
2025-10-27 16:31:33,791 [INFO] MicroXplorer:498 - Change Database Version : DB.6.0.150
2025-10-27 16:31:33,795 [INFO] McuFinderGlobals:63 - Set McuFinder mode to 2 (CubeIDE integrated)
2025-10-27 16:31:33,796 [INFO] UserAuth:171 - activating auth plugin
2025-10-27 16:31:33,799 [INFO] UserAuth:487 - Internet connection configuration mode: 1
2025-10-27 16:31:33,815 [INFO] JxBrowserEngine:152 - Initiate JxBrowser Engine with user profile folder
2025-10-27 16:31:33,995 [INFO] CheckServerUpdateThread:120 - End of CheckServer Thread
2025-10-27 16:31:34,457 [INFO] WebApp:169 - Instantiating new browser for Auth
2025-10-27 16:31:34,948 [WARN] PackLoader:240 - Cannot read IP mode file for STMicroelectronics.FP-SNS-MOTENVWB1.1.4.0
2025-10-27 16:31:34,959 [WARN] PackLoader:240 - Cannot read IP mode file for STMicroelectronics.FP-ATR-ASTRA1.2.0.2
2025-10-27 16:31:34,970 [WARN] PackLoader:240 - Cannot read IP mode file for STMicroelectronics.X-CUBE-SMBUS.2.1.0
2025-10-27 16:31:35,010 [WARN] PackLoader:240 - Cannot read IP mode file for STMicroelectronics.X-CUBE-AZRTOS-F7.1.1.0
2025-10-27 16:31:35,025 [WARN] PackLoader:240 - Cannot read IP mode file for Cesanta.I-CUBE-Mongoose.7.19.0
2025-10-27 16:31:35,041 [WARN] PackLoader:240 - Cannot read IP mode file for WES.I-CUBE-Cesium.1.4.0
2025-10-27 16:31:35,080 [WARN] PackLoader:240 - Cannot read IP mode file for Infineon.AIROC-Wi-Fi-Bluetooth-STM32.1.7.1
2025-10-27 16:31:35,129 [WARN] PackLoader:240 - Cannot read IP mode file for STMicroelectronics.X-CUBE-AZRTOS-H7.3.4.0
2025-10-27 16:31:35,150 [WARN] PackLoader:240 - Cannot read IP mode file for STMicroelectronics.X-CUBE-DISPLAY.3.0.0
2025-10-27 16:31:35,167 [WARN] PackLoader:240 - Cannot read IP mode file for STMicroelectronics.X-CUBE-NFC10.1.0.0
2025-10-27 16:31:35,205 [WARN] PackLoader:240 - Cannot read IP mode file for STMicroelectronics.X-CUBE-ST60.1.1.0
2025-10-27 16:31:35,212 [WARN] PackLoader:240 - Cannot read IP mode file for emotas.I-CUBE-CANOPEN.1.3.0
2025-10-27 16:31:35,218 [WARN] PackLoader:240 - Cannot read IP mode file for STMicroelectronics.FP-SNS-SMARTAG2.1.2.0
2025-10-27 16:31:35,224 [WARN] PackLoader:240 - Cannot read IP mode file for STMicroelectronics.FP-SNS-FLIGHT1.5.1.0
2025-10-27 16:31:35,239 [INFO] LogOutputStream:77 - [STDOUT_REDIRECT] 1 : Invalid condition id : UX_CORESTACK_Condition cause : null
2025-10-27 16:31:35,241 [INFO] LogOutputStream:77 - [STDOUT_REDIRECT] 1 : Invalid condition id : UX_CORESTACK_Condition cause : null
2025-10-27 16:31:35,242 [INFO] LogOutputStream:77 - [STDOUT_REDIRECT] 1 : Invalid condition id : UX_CORESTACK_Condition cause : null
2025-10-27 16:31:35,243 [INFO] LogOutputStream:77 - [STDOUT_REDIRECT] 1 : Invalid condition id : UX_CORESTACK_Condition cause : null
2025-10-27 16:31:35,244 [INFO] LogOutputStream:77 - [STDOUT_REDIRECT] 1 : Invalid condition id : UX_CORESTACK_Condition cause : null
2025-10-27 16:31:35,249 [WARN] PackLoader:240 - Cannot read IP mode file for STMicroelectronics.X-CUBE-AZRTOS-WL.2.0.0
2025-10-27 16:31:35,257 [WARN] PackLoader:240 - Cannot read IP mode file for STMicroelectronics.FP-SNS-MOTENV1.5.0.0
2025-10-27 16:31:35,266 [WARN] PackLoader:240 - Cannot read IP mode file for STMicroelectronics.X-CUBE-BLE2.3.3.0
2025-10-27 16:31:35,272 [WARN] PackLoader:240 - Cannot read IP mode file for STMicroelectronics.X-CUBE-NFC9.1.0.0
2025-10-27 16:31:35,281 [WARN] PackLoader:240 - Cannot read IP mode file for wolfSSL.I-CUBE-wolfSSL.5.8.2
2025-10-27 16:31:35,289 [WARN] PackLoader:240 - Cannot read IP mode file for STMicroelectronics.X-CUBE-BLE1.7.1.0
2025-10-27 16:31:35,294 [INFO] WebApp:463 - Apply proxy settings
2025-10-27 16:31:35,294 [WARN] PackLoader:240 - Cannot read IP mode file for wolfSSL.I-CUBE-wolfMQTT.1.19.2
2025-10-27 16:31:35,295 [INFO] WebApp:548 - Chromium requires no authentication
2025-10-27 16:31:35,300 [WARN] PackLoader:240 - Cannot read IP mode file for STMicroelectronics.X-CUBE-EEPRMA1.5.2.0
2025-10-27 16:31:35,309 [INFO] WebApp:491 - Direct internet connection detected
2025-10-27 16:31:35,311 [WARN] PackLoader:240 - Cannot read IP mode file for STMicroelectronics.X-CUBE-ST67W61.1.1.0
2025-10-27 16:31:35,332 [WARN] PackLoader:240 - Cannot read IP mode file for STMicroelectronics.X-CUBE-AZRTOS-G0.1.1.0
2025-10-27 16:31:35,341 [WARN] PackLoader:240 - Cannot read IP mode file for STMicroelectronics.X-CUBE-SAFEA1.1.2.2
2025-10-27 16:31:35,341 [INFO] WebApp:900 - Register for checkConnection events
2025-10-27 16:31:35,342 [INFO] WebApp:463 - Apply proxy settings
2025-10-27 16:31:35,342 [INFO] WebApp:548 - Chromium requires no authentication
2025-10-27 16:31:35,343 [INFO] WebApp:491 - Direct internet connection detected
2025-10-27 16:31:35,349 [WARN] PackLoader:240 - Cannot read IP mode file for STMicroelectronics.X-CUBE-NFC4.3.0.0
2025-10-27 16:31:35,361 [WARN] PackLoader:240 - Cannot read IP mode file for EmbeddedOffice.I-CUBE-FS-RTOS.1.0.1
2025-10-27 16:31:35,367 [WARN] PackLoader:240 - Cannot read IP mode file for STMicroelectronics.X-CUBE-WB05N.2.0.0
2025-10-27 16:31:35,372 [WARN] PackLoader:240 - Cannot read IP mode file for wolfSSL.I-CUBE-wolfTPM.3.8.0
2025-10-27 16:31:35,379 [WARN] PackLoader:240 - Cannot read IP mode file for STMicroelectronics.X-CUBE-TCPP.4.2.0
2025-10-27 16:31:35,385 [WARN] PackLoader:240 - Cannot read IP mode file for RealThread.X-CUBE-RT-Thread_Nano.4.1.1
2025-10-27 16:31:35,389 [WARN] PackLoader:240 - Cannot read IP mode file for STMicroelectronics.FP-ATR-SIGFOX1.3.2.0
2025-10-27 16:31:35,396 [WARN] PackLoader:240 - Cannot read IP mode file for ITTIA_DB.I-CUBE-ITTIADB.8.9.0
2025-10-27 16:31:35,429 [WARN] PackLoader:240 - Cannot read IP mode file for SEGGER.I-CUBE-embOS.1.3.1
2025-10-27 16:31:35,483 [WARN] PackLoader:240 - Cannot read IP mode file for STMicroelectronics.X-CUBE-ALGOBUILD.1.4.0
2025-10-27 16:31:35,578 [WARN] PackLoader:240 - Cannot read IP mode file for STMicroelectronics.X-CUBE-MEMS1.11.3.0
2025-10-27 16:31:35,613 [INFO] WebApp:225 - Starting web application
2025-10-27 16:31:35,615 [INFO] WebApp:593 - Web application path used /opt/st/stm32cubeide_1.19.0/plugins/com.st.stm32cube.common.mx_6.15.0.202507011659/db/plugins/mcufinder/reactClient1/index.html
2025-10-27 16:31:35,825 [WARN] PackLoader:240 - Cannot read IP mode file for STMicroelectronics.X-CUBE-PM33A1.1.0.0
2025-10-27 16:31:35,847 [WARN] PackLoader:240 - Cannot read IP mode file for STMicroelectronics.X-CUBE-AZRTOS-F4.1.1.0
2025-10-27 16:31:35,858 [WARN] PackLoader:240 - Cannot read IP mode file for STMicroelectronics.X-CUBE-ISPU.2.1.0
2025-10-27 16:31:35,875 [WARN] PackLoader:240 - Cannot read IP mode file for STMicroelectronics.X-CUBE-IPS.3.2.0
2025-10-27 16:31:35,894 [WARN] PackLoader:240 - Cannot read IP mode file for STMicroelectronics.X-CUBE-NFC12.1.0.0
2025-10-27 16:31:35,918 [WARN] PackLoader:240 - Cannot read IP mode file for STMicroelectronics.X-CUBE-AZRTOS-L5.2.0.0
2025-10-27 16:31:35,932 [WARN] PackLoader:240 - Cannot read IP mode file for STMicroelectronics.X-CUBE-NFC6.3.1.0
2025-10-27 16:31:35,946 [WARN] PackLoader:240 - Cannot read IP mode file for STMicroelectronics.X-CUBE-FREERTOS.1.3.1
2025-10-27 16:31:35,954 [WARN] PackLoader:240 - Cannot read IP mode file for STMicroelectronics.X-CUBE-TOUCHGFX.4.26.0
2025-10-27 16:31:35,960 [WARN] PackLoader:240 - Cannot read IP mode file for STMicroelectronics.X-CUBE-DPower.1.3.0
2025-10-27 16:31:35,982 [WARN] ConditionMgr:438 - getConditionDescription Invalid condition id : LAN8742 Phy interface Condition cause : null
2025-10-27 16:31:35,983 [WARN] PackLoader:240 - Cannot read IP mode file for STMicroelectronics.X-CUBE-AZRTOS-L4.2.0.0
2025-10-27 16:31:35,988 [WARN] ConditionMgr:1044 - genDependencies : Invalid condition id : LAN8742 Phy interface Condition cause : null
2025-10-27 16:31:35,989 [WARN] ConditionMgr:1044 - genDependencies : Invalid condition id : LAN8742 Phy interface Condition cause : null
2025-10-27 16:31:35,990 [WARN] ConditionMgr:1044 - genDependencies : Invalid condition id : LAN8742 Phy interface Condition cause : null
2025-10-27 16:31:35,997 [WARN] PackLoader:240 - Cannot read IP mode file for STMicroelectronics.X-CUBE-SFXS2LP1.4.0.0
2025-10-27 16:31:36,005 [WARN] PackLoader:240 - Cannot read IP mode file for STMicroelectronics.X-CUBE-BLEMGR.4.1.0
2025-10-27 16:31:36,019 [WARN] ConditionMgr:438 - getConditionDescription Invalid condition id : UX DEVICE CLASS RTOS Condition cause : null
2025-10-27 16:31:36,020 [WARN] ConditionMgr:438 - getConditionDescription Invalid condition id : UX DEVICE CLASS RTOS Condition cause : null
2025-10-27 16:31:36,022 [WARN] PackLoader:240 - Cannot read IP mode file for STMicroelectronics.X-CUBE-AZRTOS-WB.2.0.0
2025-10-27 16:31:36,023 [WARN] ConditionMgr:1044 - genDependencies : Invalid condition id : UX DEVICE CLASS RTOS Condition cause : null
2025-10-27 16:31:36,023 [WARN] ConditionMgr:1044 - genDependencies : Invalid condition id : UX DEVICE CLASS RTOS Condition cause : null
2025-10-27 16:31:36,023 [WARN] ConditionMgr:1044 - genDependencies : Invalid condition id : UX DEVICE CLASS RTOS Condition cause : null
2025-10-27 16:31:36,023 [WARN] ConditionMgr:1044 - genDependencies : Invalid condition id : UX DEVICE CLASS RTOS Condition cause : null
2025-10-27 16:31:36,024 [WARN] ConditionMgr:1044 - genDependencies : Invalid condition id : UX DEVICE CLASS RTOS Condition cause : null
2025-10-27 16:31:36,028 [WARN] PackLoader:240 - Cannot read IP mode file for STMicroelectronics.X-CUBE-GNSS1.7.0.1
2025-10-27 16:31:36,032 [WARN] ConditionMgr:438 - getConditionDescription Invalid condition id : Cortex-A Device cause : null
2025-10-27 16:31:36,045 [WARN] ConditionMgr:1044 - genDependencies : Invalid condition id : Cortex-A Device cause : null
2025-10-27 16:31:36,045 [WARN] ConditionMgr:1044 - genDependencies : Invalid condition id : Cortex-A Device cause : null
2025-10-27 16:31:36,045 [WARN] ConditionMgr:1044 - genDependencies : Invalid condition id : Cortex-A Device cause : null
2025-10-27 16:31:36,052 [WARN] PackLoader:240 - Cannot read IP mode file for STMicroelectronics.X-CUBE-SUBG2.5.0.0
2025-10-27 16:31:36,071 [WARN] PackLoader:240 - Cannot read IP mode file for STMicroelectronics.X-CUBE-AZRTOS-H7RS.1.1.0
2025-10-27 16:31:36,085 [WARN] PackLoader:240 - Cannot read IP mode file for STMicroelectronics.X-CUBE-AZRTOS-G4.2.0.0
2025-10-27 16:31:36,090 [WARN] PackLoader:240 - Cannot read IP mode file for wolfSSL.I-CUBE-wolfSSH.1.4.20
2025-10-27 16:31:36,108 [WARN] PackLoader:240 - Cannot read IP mode file for STMicroelectronics.X-CUBE-NFC7.2.0.0
2025-10-27 16:31:36,113 [WARN] PackLoader:240 - Cannot read IP mode file for STMicroelectronics.X-CUBE-ALS.1.0.2
2025-10-27 16:31:36,123 [WARN] PackLoader:240 - Cannot read IP mode file for STMicroelectronics.X-CUBE-STSE01.1.0.0
2025-10-27 16:31:36,138 [WARN] PackLoader:240 - Cannot read IP mode file for STMicroelectronics.X-CUBE-TOF1.3.4.3
2025-10-27 16:31:36,160 [INFO] ThirdParty:978 - Integrity check success = true
2025-10-27 16:31:36,162 [INFO] IntegrityCheckThread:100 - exiting critical section [integrity check]
2025-10-27 16:31:36,162 [INFO] IntegrityCheckThread:103 - End integrity checks thread
2025-10-27 16:31:36,293 [INFO] WebApp:191 - Connection restablished
2025-10-27 16:31:56,439 [ERROR] LogOutputStream:75 - [STDERR_REDIRECT] Oct 27, 2025 4:31:56 PM java.util.prefs.FileSystemPreferences checkLockFile0ErrorCode
2025-10-27 16:31:56,440 [ERROR] LogOutputStream:75 - [STDERR_REDIRECT] WARNING: Could not lock System prefs. Unix error code 2.
2025-10-27 16:31:56,440 [ERROR] LogOutputStream:75 - [STDERR_REDIRECT] 
2025-10-27 16:31:56,441 [ERROR] LogOutputStream:75 - [STDERR_REDIRECT] Oct 27, 2025 4:31:56 PM java.util.prefs.FileSystemPreferences syncWorld
2025-10-27 16:31:56,442 [ERROR] LogOutputStream:75 - [STDERR_REDIRECT] WARNING: Couldn't flush system prefs: java.util.prefs.BackingStoreException: Couldn't get file lock.
2025-10-27 16:31:56,442 [ERROR] LogOutputStream:75 - [STDERR_REDIRECT] 
2025-10-27 16:32:10,807 [ERROR] LogOutputStream:75 - [STDERR_REDIRECT] 
2025-10-27 16:32:10,875 [ERROR] LogOutputStream:75 - [STDERR_REDIRECT] 
